Copyright 1986-2020 Xilinx, Inc. All Rights Reserved.
-----------------------------------------------------------------------------------------------------------------------------------------------------------------
| Tool Version : Vivado v.2020.1 (win64) Build 2902540 Wed May 27 19:54:49 MDT 2020
| Date         : Mon Jun 22 15:57:02 2026
| Host         : 20190748 running 64-bit major release  (build 9200)
| Command      : report_methodology -file piezo_top_methodology_drc_routed.rpt -pb piezo_top_methodology_drc_routed.pb -rpx piezo_top_methodology_drc_routed.rpx
| Design       : piezo_top
| Device       : xc7z010clg400-1
| Speed File   : -1
| Design State : Fully Routed
-----------------------------------------------------------------------------------------------------------------------------------------------------------------

Report Methodology

Table of Contents
-----------------
1. REPORT SUMMARY
2. REPORT DETAILS

1. REPORT SUMMARY
-----------------
            Netlist: netlist
          Floorplan: design_1
      Design limits: <entire design considered>
             Max violations: <unlimited>
             Violations found: 118
+-----------+------------------+-------------------------------------------------------------------+------------+
| Rule      | Severity         | Description                                                       | Violations |
+-----------+------------------+-------------------------------------------------------------------+------------+
| TIMING-6  | Critical Warning | No common primary clock between related clocks                    | 1          |
| TIMING-7  | Critical Warning | No common node between related clocks                             | 1          |
| TIMING-17 | Critical Warning | Non-clocked sequential cell                                       | 1          |
| TIMING-9  | Warning          | Unknown CDC Logic                                                 | 1          |
| TIMING-16 | Warning          | Large setup violation                                             | 49         |
| TIMING-18 | Warning          | Missing input or output delay                                     | 24         |
| TIMING-28 | Warning          | Auto-derived clock referenced by a timing constraint              | 3          |
| TIMING-47 | Warning          | False path or asynchronous clock group between synchronous clocks | 2          |
| XDCC-5    | Warning          | User Non-Timing constraint/property overwritten                   | 4          |
| XDCH-2    | Warning          | Same min and max delay values on IO port                          | 32         |
+-----------+------------------+-------------------------------------------------------------------+------------+

2. REPORT DETAILS
-----------------
TIMING-6#1 Critical Warning
No common primary clock between related clocks  
The clocks pll_adc_clk and clk_fpga_0 are related (timed together) but they have no common primary clock. The design could fail in hardware. To find a timing path between these clocks, run the following command: report_timing -from [get_clocks pll_adc_clk] -to [get_clocks clk_fpga_0]
Related violations: <none>

TIMING-7#1 Critical Warning
No common node between related clocks  
The clocks pll_adc_clk and clk_fpga_0 are related (timed together) but they have no common node. The design could fail in hardware. To find a timing path between these clocks, run the following command: report_timing -from [get_clocks pll_adc_clk] -to [get_clocks clk_fpga_0]
Related violations: <none>

TIMING-17#1 Critical Warning
Non-clocked sequential cell  
The clock pin i_hk/i_DNA/CLK is not reached by a timing clock
Related violations: <none>

TIMING-9#1 Warning
Unknown CDC Logic  
One or more asynchronous Clock Domain Crossing has been detected between 2 clock domains through a set_false_path or a set_clock_groups or set_max_delay -datapath_only constraint but no double-registers logic synchronizer has been found on the side of the capture clock. It is recommended to run report_cdc for a complete and detailed CDC coverage. Please consider using XPM_CDC to avoid Critical severities
Related violations: <none>

TIMING-16#1 Warning
Large setup violation  
There is a large setup violation of -2.624 ns between generator_ramp/min_val_reg_reg[3]/C (clocked by pll_adc_clk) and generator_ramp/i_ramp_logic/state_reg[1]/D (clocked by pll_adc_clk). Large setup violations at the end of those stages might be difficult to fix during the post-placement implementation flow and could be the result of non-optimal XDC constraints or non-optimal design architecture
Related violations: <none>

TIMING-16#2 Warning
Large setup violation  
There is a large setup violation of -2.646 ns between generator_ramp/min_val_reg_reg[3]/C (clocked by pll_adc_clk) and generator_ramp/i_ramp_logic/acc_reg[5]/D (clocked by pll_adc_clk). Large setup violations at the end of those stages might be difficult to fix during the post-placement implementation flow and could be the result of non-optimal XDC constraints or non-optimal design architecture
Related violations: <none>

TIMING-16#3 Warning
Large setup violation  
There is a large setup violation of -2.647 ns between generator_ramp/min_val_reg_reg[3]/C (clocked by pll_adc_clk) and generator_ramp/i_ramp_logic/acc_reg[6]/D (clocked by pll_adc_clk). Large setup violations at the end of those stages might be difficult to fix during the post-placement implementation flow and could be the result of non-optimal XDC constraints or non-optimal design architecture
Related violations: <none>

TIMING-16#4 Warning
Large setup violation  
There is a large setup violation of -2.653 ns between generator_ramp/min_val_reg_reg[3]/C (clocked by pll_adc_clk) and generator_ramp/i_ramp_logic/acc_reg[1]/D (clocked by pll_adc_clk). Large setup violations at the end of those stages might be difficult to fix during the post-placement implementation flow and could be the result of non-optimal XDC constraints or non-optimal design architecture
Related violations: <none>

TIMING-16#5 Warning
Large setup violation  
There is a large setup violation of -2.657 ns between generator_ramp/min_val_reg_reg[3]/C (clocked by pll_adc_clk) and generator_ramp/i_ramp_logic/acc_reg[7]/D (clocked by pll_adc_clk). Large setup violations at the end of those stages might be difficult to fix during the post-placement implementation flow and could be the result of non-optimal XDC constraints or non-optimal design architecture
Related violations: <none>

TIMING-16#6 Warning
Large setup violation  
There is a large setup violation of -2.673 ns between generator_ramp/min_val_reg_reg[3]/C (clocked by pll_adc_clk) and generator_ramp/i_ramp_logic/acc_reg[2]/D (clocked by pll_adc_clk). Large setup violations at the end of those stages might be difficult to fix during the post-placement implementation flow and could be the result of non-optimal XDC constraints or non-optimal design architecture
Related violations: <none>

TIMING-16#7 Warning
Large setup violation  
There is a large setup violation of -2.677 ns between generator_ramp/min_val_reg_reg[3]/C (clocked by pll_adc_clk) and generator_ramp/i_ramp_logic/acc_reg[4]/D (clocked by pll_adc_clk). Large setup violations at the end of those stages might be difficult to fix during the post-placement implementation flow and could be the result of non-optimal XDC constraints or non-optimal design architecture
Related violations: <none>

TIMING-16#8 Warning
Large setup violation  
There is a large setup violation of -2.685 ns between generator_ramp/min_val_reg_reg[3]/C (clocked by pll_adc_clk) and generator_ramp/i_ramp_logic/acc_reg[11]/D (clocked by pll_adc_clk). Large setup violations at the end of those stages might be difficult to fix during the post-placement implementation flow and could be the result of non-optimal XDC constraints or non-optimal design architecture
Related violations: <none>

TIMING-16#9 Warning
Large setup violation  
There is a large setup violation of -2.686 ns between generator_ramp/min_val_reg_reg[3]/C (clocked by pll_adc_clk) and generator_ramp/i_ramp_logic/acc_reg[18]/D (clocked by pll_adc_clk). Large setup violations at the end of those stages might be difficult to fix during the post-placement implementation flow and could be the result of non-optimal XDC constraints or non-optimal design architecture
Related violations: <none>

TIMING-16#10 Warning
Large setup violation  
There is a large setup violation of -2.692 ns between generator_ramp/min_val_reg_reg[3]/C (clocked by pll_adc_clk) and generator_ramp/i_ramp_logic/acc_reg[10]/D (clocked by pll_adc_clk). Large setup violations at the end of those stages might be difficult to fix during the post-placement implementation flow and could be the result of non-optimal XDC constraints or non-optimal design architecture
Related violations: <none>

TIMING-16#11 Warning
Large setup violation  
There is a large setup violation of -2.696 ns between generator_ramp/min_val_reg_reg[3]/C (clocked by pll_adc_clk) and generator_ramp/i_ramp_logic/acc_reg[8]/D (clocked by pll_adc_clk). Large setup violations at the end of those stages might be difficult to fix during the post-placement implementation flow and could be the result of non-optimal XDC constraints or non-optimal design architecture
Related violations: <none>

TIMING-16#12 Warning
Large setup violation  
There is a large setup violation of -2.833 ns between generator_ramp/min_val_reg_reg[3]/C (clocked by pll_adc_clk) and generator_ramp/i_ramp_logic/acc_reg[31]/D (clocked by pll_adc_clk). Large setup violations at the end of those stages might be difficult to fix during the post-placement implementation flow and could be the result of non-optimal XDC constraints or non-optimal design architecture
Related violations: <none>

TIMING-16#13 Warning
Large setup violation  
There is a large setup violation of -2.837 ns between generator_ramp/min_val_reg_reg[3]/C (clocked by pll_adc_clk) and generator_ramp/i_ramp_logic/acc_reg[3]/D (clocked by pll_adc_clk). Large setup violations at the end of those stages might be difficult to fix during the post-placement implementation flow and could be the result of non-optimal XDC constraints or non-optimal design architecture
Related violations: <none>

TIMING-16#14 Warning
Large setup violation  
There is a large setup violation of -2.840 ns between generator_ramp/min_val_reg_reg[3]/C (clocked by pll_adc_clk) and generator_ramp/i_ramp_logic/acc_reg[27]/D (clocked by pll_adc_clk). Large setup violations at the end of those stages might be difficult to fix during the post-placement implementation flow and could be the result of non-optimal XDC constraints or non-optimal design architecture
Related violations: <none>

TIMING-16#15 Warning
Large setup violation  
There is a large setup violation of -2.850 ns between generator_ramp/min_val_reg_reg[3]/C (clocked by pll_adc_clk) and generator_ramp/i_ramp_logic/acc_reg[24]/D (clocked by pll_adc_clk). Large setup violations at the end of those stages might be difficult to fix during the post-placement implementation flow and could be the result of non-optimal XDC constraints or non-optimal design architecture
Related violations: <none>

TIMING-16#16 Warning
Large setup violation  
There is a large setup violation of -2.875 ns between generator_ramp/min_val_reg_reg[3]/C (clocked by pll_adc_clk) and generator_ramp/i_ramp_logic/acc_reg[14]/D (clocked by pll_adc_clk). Large setup violations at the end of those stages might be difficult to fix during the post-placement implementation flow and could be the result of non-optimal XDC constraints or non-optimal design architecture
Related violations: <none>

TIMING-16#17 Warning
Large setup violation  
There is a large setup violation of -2.877 ns between generator_ramp/min_val_reg_reg[3]/C (clocked by pll_adc_clk) and generator_ramp/i_ramp_logic/acc_reg[28]/D (clocked by pll_adc_clk). Large setup violations at the end of those stages might be difficult to fix during the post-placement implementation flow and could be the result of non-optimal XDC constraints or non-optimal design architecture
Related violations: <none>

TIMING-16#18 Warning
Large setup violation  
There is a large setup violation of -2.880 ns between generator_ramp/min_val_reg_reg[3]/C (clocked by pll_adc_clk) and generator_ramp/i_ramp_logic/acc_reg[13]/D (clocked by pll_adc_clk). Large setup violations at the end of those stages might be difficult to fix during the post-placement implementation flow and could be the result of non-optimal XDC constraints or non-optimal design architecture
Related violations: <none>

TIMING-16#19 Warning
Large setup violation  
There is a large setup violation of -2.881 ns between generator_ramp/min_val_reg_reg[3]/C (clocked by pll_adc_clk) and generator_ramp/i_ramp_logic/acc_reg[17]/D (clocked by pll_adc_clk). Large setup violations at the end of those stages might be difficult to fix during the post-placement implementation flow and could be the result of non-optimal XDC constraints or non-optimal design architecture
Related violations: <none>

TIMING-16#20 Warning
Large setup violation  
There is a large setup violation of -2.881 ns between generator_ramp/min_val_reg_reg[3]/C (clocked by pll_adc_clk) and generator_ramp/i_ramp_logic/acc_reg[29]/D (clocked by pll_adc_clk). Large setup violations at the end of those stages might be difficult to fix during the post-placement implementation flow and could be the result of non-optimal XDC constraints or non-optimal design architecture
Related violations: <none>

TIMING-16#21 Warning
Large setup violation  
There is a large setup violation of -2.882 ns between generator_ramp/min_val_reg_reg[3]/C (clocked by pll_adc_clk) and generator_ramp/i_ramp_logic/acc_reg[20]/D (clocked by pll_adc_clk). Large setup violations at the end of those stages might be difficult to fix during the post-placement implementation flow and could be the result of non-optimal XDC constraints or non-optimal design architecture
Related violations: <none>

TIMING-16#22 Warning
Large setup violation  
There is a large setup violation of -2.888 ns between generator_ramp/min_val_reg_reg[3]/C (clocked by pll_adc_clk) and generator_ramp/i_ramp_logic/acc_reg[12]/D (clocked by pll_adc_clk). Large setup violations at the end of those stages might be difficult to fix during the post-placement implementation flow and could be the result of non-optimal XDC constraints or non-optimal design architecture
Related violations: <none>

TIMING-16#23 Warning
Large setup violation  
There is a large setup violation of -2.892 ns between generator_ramp/min_val_reg_reg[3]/C (clocked by pll_adc_clk) and generator_ramp/i_ramp_logic/acc_reg[0]/D (clocked by pll_adc_clk). Large setup violations at the end of those stages might be difficult to fix during the post-placement implementation flow and could be the result of non-optimal XDC constraints or non-optimal design architecture
Related violations: <none>

TIMING-16#24 Warning
Large setup violation  
There is a large setup violation of -2.933 ns between generator_ramp/min_val_reg_reg[3]/C (clocked by pll_adc_clk) and generator_ramp/i_ramp_logic/acc_reg[19]/D (clocked by pll_adc_clk). Large setup violations at the end of those stages might be difficult to fix during the post-placement implementation flow and could be the result of non-optimal XDC constraints or non-optimal design architecture
Related violations: <none>

TIMING-16#25 Warning
Large setup violation  
There is a large setup violation of -2.933 ns between generator_ramp/min_val_reg_reg[3]/C (clocked by pll_adc_clk) and generator_ramp/i_ramp_logic/acc_reg[9]/D (clocked by pll_adc_clk). Large setup violations at the end of those stages might be difficult to fix during the post-placement implementation flow and could be the result of non-optimal XDC constraints or non-optimal design architecture
Related violations: <none>

TIMING-16#26 Warning
Large setup violation  
There is a large setup violation of -2.942 ns between generator_ramp/min_val_reg_reg[3]/C (clocked by pll_adc_clk) and generator_ramp/i_ramp_logic/acc_reg[23]/D (clocked by pll_adc_clk). Large setup violations at the end of those stages might be difficult to fix during the post-placement implementation flow and could be the result of non-optimal XDC constraints or non-optimal design architecture
Related violations: <none>

TIMING-16#27 Warning
Large setup violation  
There is a large setup violation of -2.943 ns between generator_ramp/min_val_reg_reg[3]/C (clocked by pll_adc_clk) and generator_ramp/i_ramp_logic/acc_reg[21]/D (clocked by pll_adc_clk). Large setup violations at the end of those stages might be difficult to fix during the post-placement implementation flow and could be the result of non-optimal XDC constraints or non-optimal design architecture
Related violations: <none>

TIMING-16#28 Warning
Large setup violation  
There is a large setup violation of -2.949 ns between generator_ramp/min_val_reg_reg[3]/C (clocked by pll_adc_clk) and generator_ramp/i_ramp_logic/acc_reg[16]/D (clocked by pll_adc_clk). Large setup violations at the end of those stages might be difficult to fix during the post-placement implementation flow and could be the result of non-optimal XDC constraints or non-optimal design architecture
Related violations: <none>

TIMING-16#29 Warning
Large setup violation  
There is a large setup violation of -2.977 ns between generator_ramp/min_val_reg_reg[3]/C (clocked by pll_adc_clk) and generator_ramp/i_ramp_logic/acc_reg[15]/D (clocked by pll_adc_clk). Large setup violations at the end of those stages might be difficult to fix during the post-placement implementation flow and could be the result of non-optimal XDC constraints or non-optimal design architecture
Related violations: <none>

TIMING-16#30 Warning
Large setup violation  
There is a large setup violation of -2.984 ns between generator_ramp/min_val_reg_reg[3]/C (clocked by pll_adc_clk) and generator_ramp/i_ramp_logic/acc_reg[26]/D (clocked by pll_adc_clk). Large setup violations at the end of those stages might be difficult to fix during the post-placement implementation flow and could be the result of non-optimal XDC constraints or non-optimal design architecture
Related violations: <none>

TIMING-16#31 Warning
Large setup violation  
There is a large setup violation of -2.988 ns between generator_ramp/min_val_reg_reg[3]/C (clocked by pll_adc_clk) and generator_ramp/i_ramp_logic/acc_reg[25]/D (clocked by pll_adc_clk). Large setup violations at the end of those stages might be difficult to fix during the post-placement implementation flow and could be the result of non-optimal XDC constraints or non-optimal design architecture
Related violations: <none>

TIMING-16#32 Warning
Large setup violation  
There is a large setup violation of -3.036 ns between generator_ramp/min_val_reg_reg[3]/C (clocked by pll_adc_clk) and generator_ramp/i_ramp_logic/acc_reg[30]/D (clocked by pll_adc_clk). Large setup violations at the end of those stages might be difficult to fix during the post-placement implementation flow and could be the result of non-optimal XDC constraints or non-optimal design architecture
Related violations: <none>

TIMING-16#33 Warning
Large setup violation  
There is a large setup violation of -3.041 ns between generator_ramp/min_val_reg_reg[3]/C (clocked by pll_adc_clk) and generator_ramp/i_ramp_logic/acc_reg[22]/D (clocked by pll_adc_clk). Large setup violations at the end of those stages might be difficult to fix during the post-placement implementation flow and could be the result of non-optimal XDC constraints or non-optimal design architecture
Related violations: <none>

TIMING-16#34 Warning
Large setup violation  
There is a large setup violation of -3.084 ns between generator_ramp/min_val_reg_reg[3]/C (clocked by pll_adc_clk) and generator_ramp/i_ramp_logic/state_reg[0]/D (clocked by pll_adc_clk). Large setup violations at the end of those stages might be difficult to fix during the post-placement implementation flow and could be the result of non-optimal XDC constraints or non-optimal design architecture
Related violations: <none>

TIMING-16#35 Warning
Large setup violation  
There is a large setup violation of -3.261 ns between generator_ramp/min_val_reg_reg[3]/C (clocked by pll_adc_clk) and generator_ramp/i_ramp_logic/dac_dat_o_reg[0]/CE (clocked by pll_adc_clk). Large setup violations at the end of those stages might be difficult to fix during the post-placement implementation flow and could be the result of non-optimal XDC constraints or non-optimal design architecture
Related violations: <none>

TIMING-16#36 Warning
Large setup violation  
There is a large setup violation of -3.261 ns between generator_ramp/min_val_reg_reg[3]/C (clocked by pll_adc_clk) and generator_ramp/i_ramp_logic/dac_dat_o_reg[10]/CE (clocked by pll_adc_clk). Large setup violations at the end of those stages might be difficult to fix during the post-placement implementation flow and could be the result of non-optimal XDC constraints or non-optimal design architecture
Related violations: <none>

TIMING-16#37 Warning
Large setup violation  
There is a large setup violation of -3.261 ns between generator_ramp/min_val_reg_reg[3]/C (clocked by pll_adc_clk) and generator_ramp/i_ramp_logic/dac_dat_o_reg[12]/CE (clocked by pll_adc_clk). Large setup violations at the end of those stages might be difficult to fix during the post-placement implementation flow and could be the result of non-optimal XDC constraints or non-optimal design architecture
Related violations: <none>

TIMING-16#38 Warning
Large setup violation  
There is a large setup violation of -3.261 ns between generator_ramp/min_val_reg_reg[3]/C (clocked by pll_adc_clk) and generator_ramp/i_ramp_logic/dac_dat_o_reg[13]/CE (clocked by pll_adc_clk). Large setup violations at the end of those stages might be difficult to fix during the post-placement implementation flow and could be the result of non-optimal XDC constraints or non-optimal design architecture
Related violations: <none>

TIMING-16#39 Warning
Large setup violation  
There is a large setup violation of -3.261 ns between generator_ramp/min_val_reg_reg[3]/C (clocked by pll_adc_clk) and generator_ramp/i_ramp_logic/dac_dat_o_reg[2]/CE (clocked by pll_adc_clk). Large setup violations at the end of those stages might be difficult to fix during the post-placement implementation flow and could be the result of non-optimal XDC constraints or non-optimal design architecture
Related violations: <none>

TIMING-16#40 Warning
Large setup violation  
There is a large setup violation of -3.261 ns between generator_ramp/min_val_reg_reg[3]/C (clocked by pll_adc_clk) and generator_ramp/i_ramp_logic/dac_dat_o_reg[4]/CE (clocked by pll_adc_clk). Large setup violations at the end of those stages might be difficult to fix during the post-placement implementation flow and could be the result of non-optimal XDC constraints or non-optimal design architecture
Related violations: <none>

TIMING-16#41 Warning
Large setup violation  
There is a large setup violation of -3.261 ns between generator_ramp/min_val_reg_reg[3]/C (clocked by pll_adc_clk) and generator_ramp/i_ramp_logic/dac_dat_o_reg[8]/CE (clocked by pll_adc_clk). Large setup violations at the end of those stages might be difficult to fix during the post-placement implementation flow and could be the result of non-optimal XDC constraints or non-optimal design architecture
Related violations: <none>

TIMING-16#42 Warning
Large setup violation  
There is a large setup violation of -3.261 ns between generator_ramp/min_val_reg_reg[3]/C (clocked by pll_adc_clk) and generator_ramp/i_ramp_logic/dac_dat_o_reg[9]/CE (clocked by pll_adc_clk). Large setup violations at the end of those stages might be difficult to fix during the post-placement implementation flow and could be the result of non-optimal XDC constraints or non-optimal design architecture
Related violations: <none>

TIMING-16#43 Warning
Large setup violation  
There is a large setup violation of -3.268 ns between generator_ramp/min_val_reg_reg[3]/C (clocked by pll_adc_clk) and generator_ramp/i_ramp_logic/dac_dat_o_reg[11]/CE (clocked by pll_adc_clk). Large setup violations at the end of those stages might be difficult to fix during the post-placement implementation flow and could be the result of non-optimal XDC constraints or non-optimal design architecture
Related violations: <none>

TIMING-16#44 Warning
Large setup violation  
There is a large setup violation of -3.268 ns between generator_ramp/min_val_reg_reg[3]/C (clocked by pll_adc_clk) and generator_ramp/i_ramp_logic/dac_dat_o_reg[1]/CE (clocked by pll_adc_clk). Large setup violations at the end of those stages might be difficult to fix during the post-placement implementation flow and could be the result of non-optimal XDC constraints or non-optimal design architecture
Related violations: <none>

TIMING-16#45 Warning
Large setup violation  
There is a large setup violation of -3.268 ns between generator_ramp/min_val_reg_reg[3]/C (clocked by pll_adc_clk) and generator_ramp/i_ramp_logic/dac_dat_o_reg[3]/CE (clocked by pll_adc_clk). Large setup violations at the end of those stages might be difficult to fix during the post-placement implementation flow and could be the result of non-optimal XDC constraints or non-optimal design architecture
Related violations: <none>

TIMING-16#46 Warning
Large setup violation  
There is a large setup violation of -3.268 ns between generator_ramp/min_val_reg_reg[3]/C (clocked by pll_adc_clk) and generator_ramp/i_ramp_logic/dac_dat_o_reg[5]/CE (clocked by pll_adc_clk). Large setup violations at the end of those stages might be difficult to fix during the post-placement implementation flow and could be the result of non-optimal XDC constraints or non-optimal design architecture
Related violations: <none>

TIMING-16#47 Warning
Large setup violation  
There is a large setup violation of -3.268 ns between generator_ramp/min_val_reg_reg[3]/C (clocked by pll_adc_clk) and generator_ramp/i_ramp_logic/dac_dat_o_reg[6]/CE (clocked by pll_adc_clk). Large setup violations at the end of those stages might be difficult to fix during the post-placement implementation flow and could be the result of non-optimal XDC constraints or non-optimal design architecture
Related violations: <none>

TIMING-16#48 Warning
Large setup violation  
There is a large setup violation of -3.268 ns between generator_ramp/min_val_reg_reg[3]/C (clocked by pll_adc_clk) and generator_ramp/i_ramp_logic/dac_dat_o_reg[7]/CE (clocked by pll_adc_clk). Large setup violations at the end of those stages might be difficult to fix during the post-placement implementation flow and could be the result of non-optimal XDC constraints or non-optimal design architecture
Related violations: <none>

TIMING-16#49 Warning
Large setup violation  
There is a large setup violation of -3.295 ns between generator_ramp/min_val_reg_reg[3]/C (clocked by pll_adc_clk) and generator_ramp/i_ramp_logic/trigger_out_reg/D (clocked by pll_adc_clk). Large setup violations at the end of those stages might be difficult to fix during the post-placement implementation flow and could be the result of non-optimal XDC constraints or non-optimal design architecture
Related violations: <none>

TIMING-18#1 Warning
Missing input or output delay  
An output delay is missing on dac_dat_o[0] relative to clock(s) adc_clk
Related violations: <none>

TIMING-18#2 Warning
Missing input or output delay  
An output delay is missing on dac_dat_o[10] relative to clock(s) adc_clk
Related violations: <none>

TIMING-18#3 Warning
Missing input or output delay  
An output delay is missing on dac_dat_o[11] relative to clock(s) adc_clk
Related violations: <none>

TIMING-18#4 Warning
Missing input or output delay  
An output delay is missing on dac_dat_o[12] relative to clock(s) adc_clk
Related violations: <none>

TIMING-18#5 Warning
Missing input or output delay  
An output delay is missing on dac_dat_o[13] relative to clock(s) adc_clk
Related violations: <none>

TIMING-18#6 Warning
Missing input or output delay  
An output delay is missing on dac_dat_o[1] relative to clock(s) adc_clk
Related violations: <none>

TIMING-18#7 Warning
Missing input or output delay  
An output delay is missing on dac_dat_o[2] relative to clock(s) adc_clk
Related violations: <none>

TIMING-18#8 Warning
Missing input or output delay  
An output delay is missing on dac_dat_o[3] relative to clock(s) adc_clk
Related violations: <none>

TIMING-18#9 Warning
Missing input or output delay  
An output delay is missing on dac_dat_o[4] relative to clock(s) adc_clk
Related violations: <none>

TIMING-18#10 Warning
Missing input or output delay  
An output delay is missing on dac_dat_o[5] relative to clock(s) adc_clk
Related violations: <none>

TIMING-18#11 Warning
Missing input or output delay  
An output delay is missing on dac_dat_o[6] relative to clock(s) adc_clk
Related violations: <none>

TIMING-18#12 Warning
Missing input or output delay  
An output delay is missing on dac_dat_o[7] relative to clock(s) adc_clk
Related violations: <none>

TIMING-18#13 Warning
Missing input or output delay  
An output delay is missing on dac_dat_o[8] relative to clock(s) adc_clk
Related violations: <none>

TIMING-18#14 Warning
Missing input or output delay  
An output delay is missing on dac_dat_o[9] relative to clock(s) adc_clk
Related violations: <none>

TIMING-18#15 Warning
Missing input or output delay  
An output delay is missing on dac_rst_o relative to clock(s) adc_clk
Related violations: <none>

TIMING-18#16 Warning
Missing input or output delay  
An output delay is missing on dac_sel_o relative to clock(s) adc_clk
Related violations: <none>

TIMING-18#17 Warning
Missing input or output delay  
An output delay is missing on led_o[0] relative to clock(s) adc_clk
Related violations: <none>

TIMING-18#18 Warning
Missing input or output delay  
An output delay is missing on led_o[1] relative to clock(s) adc_clk
Related violations: <none>

TIMING-18#19 Warning
Missing input or output delay  
An output delay is missing on led_o[2] relative to clock(s) adc_clk
Related violations: <none>

TIMING-18#20 Warning
Missing input or output delay  
An output delay is missing on led_o[3] relative to clock(s) adc_clk
Related violations: <none>

TIMING-18#21 Warning
Missing input or output delay  
An output delay is missing on led_o[4] relative to clock(s) adc_clk
Related violations: <none>

TIMING-18#22 Warning
Missing input or output delay  
An output delay is missing on led_o[5] relative to clock(s) adc_clk
Related violations: <none>

TIMING-18#23 Warning
Missing input or output delay  
An output delay is missing on led_o[6] relative to clock(s) adc_clk
Related violations: <none>

TIMING-18#24 Warning
Missing input or output delay  
An output delay is missing on led_o[7] relative to clock(s) adc_clk
Related violations: <none>

TIMING-28#1 Warning
Auto-derived clock referenced by a timing constraint  
The auto-derived clock pll_adc_clk is referenced by name inside timing constraint (see constraint position 15 in the Timing Constraint window in Vivado IDE). It is recommended to reference an auto-derived clock by the pin name attached to the clock: get_clocks -of_objects [get_pins pll/pll/CLKOUT0]
Related violations: <none>

TIMING-28#2 Warning
Auto-derived clock referenced by a timing constraint  
The auto-derived clock pll_adc_clk is referenced by name inside timing constraint (see constraint position 16 in the Timing Constraint window in Vivado IDE). It is recommended to reference an auto-derived clock by the pin name attached to the clock: get_clocks -of_objects [get_pins pll/pll/CLKOUT0]
Related violations: <none>

TIMING-28#3 Warning
Auto-derived clock referenced by a timing constraint  
The auto-derived clock pll_dac_clk_2x is referenced by name inside timing constraint (see constraint position 15 in the Timing Constraint window in Vivado IDE). It is recommended to reference an auto-derived clock by the pin name attached to the clock: get_clocks -of_objects [get_pins pll/pll/CLKOUT2]
Related violations: <none>

TIMING-47#1 Warning
False path or asynchronous clock group between synchronous clocks  
A False Path timing constraint is set between synchronous clocks adc_clk and pll_adc_clk (see constraint position 16 in the Timing Constraint window in Vivado IDE). Masking entire synchronous clock domains via set_false_path or set_clock_groups may result in failure in hardware.
Related violations: <none>

TIMING-47#2 Warning
False path or asynchronous clock group between synchronous clocks  
A False Path timing constraint is set between synchronous clocks pll_adc_clk and pll_dac_clk_2x (see constraint position 15 in the Timing Constraint window in Vivado IDE). Masking entire synchronous clock domains via set_false_path or set_clock_groups may result in failure in hardware.
Related violations: <none>

XDCC-5#1 Warning
User Non-Timing constraint/property overwritten  
A new XDC property IOSTANDARD on dac_pwm_o[0] overrides a previous user property.
New Source: D:/Xilinx/RedPitaya/prj/v0.94/Red-Pitaya-Projects/slow_piezo_pid/slow_piezo_pid.srcs/constrs_1/imports/RedPitaya/sdc/red_pitaya.xdc (Line: 111)
Previous Source: D:/Xilinx/RedPitaya/prj/v0.94/Red-Pitaya-Projects/slow_piezo_pid/slow_piezo_pid.srcs/constrs_1/imports/RedPitaya/sdc/red_pitaya.xdc (Line: 100)
Related violations: <none>

XDCC-5#2 Warning
User Non-Timing constraint/property overwritten  
A new XDC property IOSTANDARD on dac_pwm_o[1] overrides a previous user property.
New Source: D:/Xilinx/RedPitaya/prj/v0.94/Red-Pitaya-Projects/slow_piezo_pid/slow_piezo_pid.srcs/constrs_1/imports/RedPitaya/sdc/red_pitaya.xdc (Line: 111)
Previous Source: D:/Xilinx/RedPitaya/prj/v0.94/Red-Pitaya-Projects/slow_piezo_pid/slow_piezo_pid.srcs/constrs_1/imports/RedPitaya/sdc/red_pitaya.xdc (Line: 100)
Related violations: <none>

XDCC-5#3 Warning
User Non-Timing constraint/property overwritten  
A new XDC property IOSTANDARD on dac_pwm_o[2] overrides a previous user property.
New Source: D:/Xilinx/RedPitaya/prj/v0.94/Red-Pitaya-Projects/slow_piezo_pid/slow_piezo_pid.srcs/constrs_1/imports/RedPitaya/sdc/red_pitaya.xdc (Line: 111)
Previous Source: D:/Xilinx/RedPitaya/prj/v0.94/Red-Pitaya-Projects/slow_piezo_pid/slow_piezo_pid.srcs/constrs_1/imports/RedPitaya/sdc/red_pitaya.xdc (Line: 100)
Related violations: <none>

XDCC-5#4 Warning
User Non-Timing constraint/property overwritten  
A new XDC property IOSTANDARD on dac_pwm_o[3] overrides a previous user property.
New Source: D:/Xilinx/RedPitaya/prj/v0.94/Red-Pitaya-Projects/slow_piezo_pid/slow_piezo_pid.srcs/constrs_1/imports/RedPitaya/sdc/red_pitaya.xdc (Line: 111)
Previous Source: D:/Xilinx/RedPitaya/prj/v0.94/Red-Pitaya-Projects/slow_piezo_pid/slow_piezo_pid.srcs/constrs_1/imports/RedPitaya/sdc/red_pitaya.xdc (Line: 100)
Related violations: <none>

XDCH-2#1 Warning
Same min and max delay values on IO port  
The same input delay of 3.400 ns has been defined on port 'adc_dat_i[0][0]' relative to clock adc_clk for both max and min. Make sure this reflects the design intent.
set_input_delay -clock adc_clk 3.400 [get_ports {adc_dat_i[*][*]}]
D:/Xilinx/RedPitaya/prj/v0.94/Red-Pitaya-Projects/slow_piezo_pid/slow_piezo_pid.srcs/constrs_1/imports/RedPitaya/sdc/red_pitaya.xdc (Line: 201)
Related violations: <none>

XDCH-2#2 Warning
Same min and max delay values on IO port  
The same input delay of 3.400 ns has been defined on port 'adc_dat_i[0][10]' relative to clock adc_clk for both max and min. Make sure this reflects the design intent.
set_input_delay -clock adc_clk 3.400 [get_ports {adc_dat_i[*][*]}]
D:/Xilinx/RedPitaya/prj/v0.94/Red-Pitaya-Projects/slow_piezo_pid/slow_piezo_pid.srcs/constrs_1/imports/RedPitaya/sdc/red_pitaya.xdc (Line: 201)
Related violations: <none>

XDCH-2#3 Warning
Same min and max delay values on IO port  
The same input delay of 3.400 ns has been defined on port 'adc_dat_i[0][11]' relative to clock adc_clk for both max and min. Make sure this reflects the design intent.
set_input_delay -clock adc_clk 3.400 [get_ports {adc_dat_i[*][*]}]
D:/Xilinx/RedPitaya/prj/v0.94/Red-Pitaya-Projects/slow_piezo_pid/slow_piezo_pid.srcs/constrs_1/imports/RedPitaya/sdc/red_pitaya.xdc (Line: 201)
Related violations: <none>

XDCH-2#4 Warning
Same min and max delay values on IO port  
The same input delay of 3.400 ns has been defined on port 'adc_dat_i[0][12]' relative to clock adc_clk for both max and min. Make sure this reflects the design intent.
set_input_delay -clock adc_clk 3.400 [get_ports {adc_dat_i[*][*]}]
D:/Xilinx/RedPitaya/prj/v0.94/Red-Pitaya-Projects/slow_piezo_pid/slow_piezo_pid.srcs/constrs_1/imports/RedPitaya/sdc/red_pitaya.xdc (Line: 201)
Related violations: <none>

XDCH-2#5 Warning
Same min and max delay values on IO port  
The same input delay of 3.400 ns has been defined on port 'adc_dat_i[0][13]' relative to clock adc_clk for both max and min. Make sure this reflects the design intent.
set_input_delay -clock adc_clk 3.400 [get_ports {adc_dat_i[*][*]}]
D:/Xilinx/RedPitaya/prj/v0.94/Red-Pitaya-Projects/slow_piezo_pid/slow_piezo_pid.srcs/constrs_1/imports/RedPitaya/sdc/red_pitaya.xdc (Line: 201)
Related violations: <none>

XDCH-2#6 Warning
Same min and max delay values on IO port  
The same input delay of 3.400 ns has been defined on port 'adc_dat_i[0][14]' relative to clock adc_clk for both max and min. Make sure this reflects the design intent.
set_input_delay -clock adc_clk 3.400 [get_ports {adc_dat_i[*][*]}]
D:/Xilinx/RedPitaya/prj/v0.94/Red-Pitaya-Projects/slow_piezo_pid/slow_piezo_pid.srcs/constrs_1/imports/RedPitaya/sdc/red_pitaya.xdc (Line: 201)
Related violations: <none>

XDCH-2#7 Warning
Same min and max delay values on IO port  
The same input delay of 3.400 ns has been defined on port 'adc_dat_i[0][15]' relative to clock adc_clk for both max and min. Make sure this reflects the design intent.
set_input_delay -clock adc_clk 3.400 [get_ports {adc_dat_i[*][*]}]
D:/Xilinx/RedPitaya/prj/v0.94/Red-Pitaya-Projects/slow_piezo_pid/slow_piezo_pid.srcs/constrs_1/imports/RedPitaya/sdc/red_pitaya.xdc (Line: 201)
Related violations: <none>

XDCH-2#8 Warning
Same min and max delay values on IO port  
The same input delay of 3.400 ns has been defined on port 'adc_dat_i[0][1]' relative to clock adc_clk for both max and min. Make sure this reflects the design intent.
set_input_delay -clock adc_clk 3.400 [get_ports {adc_dat_i[*][*]}]
D:/Xilinx/RedPitaya/prj/v0.94/Red-Pitaya-Projects/slow_piezo_pid/slow_piezo_pid.srcs/constrs_1/imports/RedPitaya/sdc/red_pitaya.xdc (Line: 201)
Related violations: <none>

XDCH-2#9 Warning
Same min and max delay values on IO port  
The same input delay of 3.400 ns has been defined on port 'adc_dat_i[0][2]' relative to clock adc_clk for both max and min. Make sure this reflects the design intent.
set_input_delay -clock adc_clk 3.400 [get_ports {adc_dat_i[*][*]}]
D:/Xilinx/RedPitaya/prj/v0.94/Red-Pitaya-Projects/slow_piezo_pid/slow_piezo_pid.srcs/constrs_1/imports/RedPitaya/sdc/red_pitaya.xdc (Line: 201)
Related violations: <none>

XDCH-2#10 Warning
Same min and max delay values on IO port  
The same input delay of 3.400 ns has been defined on port 'adc_dat_i[0][3]' relative to clock adc_clk for both max and min. Make sure this reflects the design intent.
set_input_delay -clock adc_clk 3.400 [get_ports {adc_dat_i[*][*]}]
D:/Xilinx/RedPitaya/prj/v0.94/Red-Pitaya-Projects/slow_piezo_pid/slow_piezo_pid.srcs/constrs_1/imports/RedPitaya/sdc/red_pitaya.xdc (Line: 201)
Related violations: <none>

XDCH-2#11 Warning
Same min and max delay values on IO port  
The same input delay of 3.400 ns has been defined on port 'adc_dat_i[0][4]' relative to clock adc_clk for both max and min. Make sure this reflects the design intent.
set_input_delay -clock adc_clk 3.400 [get_ports {adc_dat_i[*][*]}]
D:/Xilinx/RedPitaya/prj/v0.94/Red-Pitaya-Projects/slow_piezo_pid/slow_piezo_pid.srcs/constrs_1/imports/RedPitaya/sdc/red_pitaya.xdc (Line: 201)
Related violations: <none>

XDCH-2#12 Warning
Same min and max delay values on IO port  
The same input delay of 3.400 ns has been defined on port 'adc_dat_i[0][5]' relative to clock adc_clk for both max and min. Make sure this reflects the design intent.
set_input_delay -clock adc_clk 3.400 [get_ports {adc_dat_i[*][*]}]
D:/Xilinx/RedPitaya/prj/v0.94/Red-Pitaya-Projects/slow_piezo_pid/slow_piezo_pid.srcs/constrs_1/imports/RedPitaya/sdc/red_pitaya.xdc (Line: 201)
Related violations: <none>

XDCH-2#13 Warning
Same min and max delay values on IO port  
The same input delay of 3.400 ns has been defined on port 'adc_dat_i[0][6]' relative to clock adc_clk for both max and min. Make sure this reflects the design intent.
set_input_delay -clock adc_clk 3.400 [get_ports {adc_dat_i[*][*]}]
D:/Xilinx/RedPitaya/prj/v0.94/Red-Pitaya-Projects/slow_piezo_pid/slow_piezo_pid.srcs/constrs_1/imports/RedPitaya/sdc/red_pitaya.xdc (Line: 201)
Related violations: <none>

XDCH-2#14 Warning
Same min and max delay values on IO port  
The same input delay of 3.400 ns has been defined on port 'adc_dat_i[0][7]' relative to clock adc_clk for both max and min. Make sure this reflects the design intent.
set_input_delay -clock adc_clk 3.400 [get_ports {adc_dat_i[*][*]}]
D:/Xilinx/RedPitaya/prj/v0.94/Red-Pitaya-Projects/slow_piezo_pid/slow_piezo_pid.srcs/constrs_1/imports/RedPitaya/sdc/red_pitaya.xdc (Line: 201)
Related violations: <none>

XDCH-2#15 Warning
Same min and max delay values on IO port  
The same input delay of 3.400 ns has been defined on port 'adc_dat_i[0][8]' relative to clock adc_clk for both max and min. Make sure this reflects the design intent.
set_input_delay -clock adc_clk 3.400 [get_ports {adc_dat_i[*][*]}]
D:/Xilinx/RedPitaya/prj/v0.94/Red-Pitaya-Projects/slow_piezo_pid/slow_piezo_pid.srcs/constrs_1/imports/RedPitaya/sdc/red_pitaya.xdc (Line: 201)
Related violations: <none>

XDCH-2#16 Warning
Same min and max delay values on IO port  
The same input delay of 3.400 ns has been defined on port 'adc_dat_i[0][9]' relative to clock adc_clk for both max and min. Make sure this reflects the design intent.
set_input_delay -clock adc_clk 3.400 [get_ports {adc_dat_i[*][*]}]
D:/Xilinx/RedPitaya/prj/v0.94/Red-Pitaya-Projects/slow_piezo_pid/slow_piezo_pid.srcs/constrs_1/imports/RedPitaya/sdc/red_pitaya.xdc (Line: 201)
Related violations: <none>

XDCH-2#17 Warning
Same min and max delay values on IO port  
The same input delay of 3.400 ns has been defined on port 'adc_dat_i[1][0]' relative to clock adc_clk for both max and min. Make sure this reflects the design intent.
set_input_delay -clock adc_clk 3.400 [get_ports {adc_dat_i[*][*]}]
D:/Xilinx/RedPitaya/prj/v0.94/Red-Pitaya-Projects/slow_piezo_pid/slow_piezo_pid.srcs/constrs_1/imports/RedPitaya/sdc/red_pitaya.xdc (Line: 201)
Related violations: <none>

XDCH-2#18 Warning
Same min and max delay values on IO port  
The same input delay of 3.400 ns has been defined on port 'adc_dat_i[1][10]' relative to clock adc_clk for both max and min. Make sure this reflects the design intent.
set_input_delay -clock adc_clk 3.400 [get_ports {adc_dat_i[*][*]}]
D:/Xilinx/RedPitaya/prj/v0.94/Red-Pitaya-Projects/slow_piezo_pid/slow_piezo_pid.srcs/constrs_1/imports/RedPitaya/sdc/red_pitaya.xdc (Line: 201)
Related violations: <none>

XDCH-2#19 Warning
Same min and max delay values on IO port  
The same input delay of 3.400 ns has been defined on port 'adc_dat_i[1][11]' relative to clock adc_clk for both max and min. Make sure this reflects the design intent.
set_input_delay -clock adc_clk 3.400 [get_ports {adc_dat_i[*][*]}]
D:/Xilinx/RedPitaya/prj/v0.94/Red-Pitaya-Projects/slow_piezo_pid/slow_piezo_pid.srcs/constrs_1/imports/RedPitaya/sdc/red_pitaya.xdc (Line: 201)
Related violations: <none>

XDCH-2#20 Warning
Same min and max delay values on IO port  
The same input delay of 3.400 ns has been defined on port 'adc_dat_i[1][12]' relative to clock adc_clk for both max and min. Make sure this reflects the design intent.
set_input_delay -clock adc_clk 3.400 [get_ports {adc_dat_i[*][*]}]
D:/Xilinx/RedPitaya/prj/v0.94/Red-Pitaya-Projects/slow_piezo_pid/slow_piezo_pid.srcs/constrs_1/imports/RedPitaya/sdc/red_pitaya.xdc (Line: 201)
Related violations: <none>

XDCH-2#21 Warning
Same min and max delay values on IO port  
The same input delay of 3.400 ns has been defined on port 'adc_dat_i[1][13]' relative to clock adc_clk for both max and min. Make sure this reflects the design intent.
set_input_delay -clock adc_clk 3.400 [get_ports {adc_dat_i[*][*]}]
D:/Xilinx/RedPitaya/prj/v0.94/Red-Pitaya-Projects/slow_piezo_pid/slow_piezo_pid.srcs/constrs_1/imports/RedPitaya/sdc/red_pitaya.xdc (Line: 201)
Related violations: <none>

XDCH-2#22 Warning
Same min and max delay values on IO port  
The same input delay of 3.400 ns has been defined on port 'adc_dat_i[1][14]' relative to clock adc_clk for both max and min. Make sure this reflects the design intent.
set_input_delay -clock adc_clk 3.400 [get_ports {adc_dat_i[*][*]}]
D:/Xilinx/RedPitaya/prj/v0.94/Red-Pitaya-Projects/slow_piezo_pid/slow_piezo_pid.srcs/constrs_1/imports/RedPitaya/sdc/red_pitaya.xdc (Line: 201)
Related violations: <none>

XDCH-2#23 Warning
Same min and max delay values on IO port  
The same input delay of 3.400 ns has been defined on port 'adc_dat_i[1][15]' relative to clock adc_clk for both max and min. Make sure this reflects the design intent.
set_input_delay -clock adc_clk 3.400 [get_ports {adc_dat_i[*][*]}]
D:/Xilinx/RedPitaya/prj/v0.94/Red-Pitaya-Projects/slow_piezo_pid/slow_piezo_pid.srcs/constrs_1/imports/RedPitaya/sdc/red_pitaya.xdc (Line: 201)
Related violations: <none>

XDCH-2#24 Warning
Same min and max delay values on IO port  
The same input delay of 3.400 ns has been defined on port 'adc_dat_i[1][1]' relative to clock adc_clk for both max and min. Make sure this reflects the design intent.
set_input_delay -clock adc_clk 3.400 [get_ports {adc_dat_i[*][*]}]
D:/Xilinx/RedPitaya/prj/v0.94/Red-Pitaya-Projects/slow_piezo_pid/slow_piezo_pid.srcs/constrs_1/imports/RedPitaya/sdc/red_pitaya.xdc (Line: 201)
Related violations: <none>

XDCH-2#25 Warning
Same min and max delay values on IO port  
The same input delay of 3.400 ns has been defined on port 'adc_dat_i[1][2]' relative to clock adc_clk for both max and min. Make sure this reflects the design intent.
set_input_delay -clock adc_clk 3.400 [get_ports {adc_dat_i[*][*]}]
D:/Xilinx/RedPitaya/prj/v0.94/Red-Pitaya-Projects/slow_piezo_pid/slow_piezo_pid.srcs/constrs_1/imports/RedPitaya/sdc/red_pitaya.xdc (Line: 201)
Related violations: <none>

XDCH-2#26 Warning
Same min and max delay values on IO port  
The same input delay of 3.400 ns has been defined on port 'adc_dat_i[1][3]' relative to clock adc_clk for both max and min. Make sure this reflects the design intent.
set_input_delay -clock adc_clk 3.400 [get_ports {adc_dat_i[*][*]}]
D:/Xilinx/RedPitaya/prj/v0.94/Red-Pitaya-Projects/slow_piezo_pid/slow_piezo_pid.srcs/constrs_1/imports/RedPitaya/sdc/red_pitaya.xdc (Line: 201)
Related violations: <none>

XDCH-2#27 Warning
Same min and max delay values on IO port  
The same input delay of 3.400 ns has been defined on port 'adc_dat_i[1][4]' relative to clock adc_clk for both max and min. Make sure this reflects the design intent.
set_input_delay -clock adc_clk 3.400 [get_ports {adc_dat_i[*][*]}]
D:/Xilinx/RedPitaya/prj/v0.94/Red-Pitaya-Projects/slow_piezo_pid/slow_piezo_pid.srcs/constrs_1/imports/RedPitaya/sdc/red_pitaya.xdc (Line: 201)
Related violations: <none>

XDCH-2#28 Warning
Same min and max delay values on IO port  
The same input delay of 3.400 ns has been defined on port 'adc_dat_i[1][5]' relative to clock adc_clk for both max and min. Make sure this reflects the design intent.
set_input_delay -clock adc_clk 3.400 [get_ports {adc_dat_i[*][*]}]
D:/Xilinx/RedPitaya/prj/v0.94/Red-Pitaya-Projects/slow_piezo_pid/slow_piezo_pid.srcs/constrs_1/imports/RedPitaya/sdc/red_pitaya.xdc (Line: 201)
Related violations: <none>

XDCH-2#29 Warning
Same min and max delay values on IO port  
The same input delay of 3.400 ns has been defined on port 'adc_dat_i[1][6]' relative to clock adc_clk for both max and min. Make sure this reflects the design intent.
set_input_delay -clock adc_clk 3.400 [get_ports {adc_dat_i[*][*]}]
D:/Xilinx/RedPitaya/prj/v0.94/Red-Pitaya-Projects/slow_piezo_pid/slow_piezo_pid.srcs/constrs_1/imports/RedPitaya/sdc/red_pitaya.xdc (Line: 201)
Related violations: <none>

XDCH-2#30 Warning
Same min and max delay values on IO port  
The same input delay of 3.400 ns has been defined on port 'adc_dat_i[1][7]' relative to clock adc_clk for both max and min. Make sure this reflects the design intent.
set_input_delay -clock adc_clk 3.400 [get_ports {adc_dat_i[*][*]}]
D:/Xilinx/RedPitaya/prj/v0.94/Red-Pitaya-Projects/slow_piezo_pid/slow_piezo_pid.srcs/constrs_1/imports/RedPitaya/sdc/red_pitaya.xdc (Line: 201)
Related violations: <none>

XDCH-2#31 Warning
Same min and max delay values on IO port  
The same input delay of 3.400 ns has been defined on port 'adc_dat_i[1][8]' relative to clock adc_clk for both max and min. Make sure this reflects the design intent.
set_input_delay -clock adc_clk 3.400 [get_ports {adc_dat_i[*][*]}]
D:/Xilinx/RedPitaya/prj/v0.94/Red-Pitaya-Projects/slow_piezo_pid/slow_piezo_pid.srcs/constrs_1/imports/RedPitaya/sdc/red_pitaya.xdc (Line: 201)
Related violations: <none>

XDCH-2#32 Warning
Same min and max delay values on IO port  
The same input delay of 3.400 ns has been defined on port 'adc_dat_i[1][9]' relative to clock adc_clk for both max and min. Make sure this reflects the design intent.
set_input_delay -clock adc_clk 3.400 [get_ports {adc_dat_i[*][*]}]
D:/Xilinx/RedPitaya/prj/v0.94/Red-Pitaya-Projects/slow_piezo_pid/slow_piezo_pid.srcs/constrs_1/imports/RedPitaya/sdc/red_pitaya.xdc (Line: 201)
Related violations: <none>


