
*** Running vivado
    with args -log piezo_top.vdi -applog -m64 -product Vivado -messageDb vivado.pb -mode batch -source piezo_top.tcl -notrace



****** Vivado v2020.1 (64-bit)
  **** SW Build 2902540 on Wed May 27 19:54:49 MDT 2020
  **** IP Build 2902112 on Wed May 27 22:43:36 MDT 2020
    ** Copyright 1986-2020 Xilinx, Inc. All Rights Reserved.

source piezo_top.tcl -notrace
INFO: [IP_Flow 19-234] Refreshing IP repositories
INFO: [IP_Flow 19-1704] No user IP repositories specified
INFO: [IP_Flow 19-2313] Loaded Vivado IP repository 'D:/Xilinx/Vivado/2020.1/data/ip'.
Command: link_design -top piezo_top -part xc7z010clg400-1
Design is defaulting to srcset: sources_1
Design is defaulting to constrset: constrs_1
INFO: [Device 21-403] Loading part xc7z010clg400-1
INFO: [Project 1-454] Reading design checkpoint 'd:/Xilinx/RedPitaya/prj/v0.94/Red-Pitaya-Projects/slow_piezo_pid/slow_piezo_pid.srcs/sources_1/bd/system/ip/system_axi_protocol_converter_0_0/system_axi_protocol_converter_0_0.dcp' for cell 'ps/system_i/axi_protocol_converter_0'
INFO: [Project 1-454] Reading design checkpoint 'd:/Xilinx/RedPitaya/prj/v0.94/Red-Pitaya-Projects/slow_piezo_pid/slow_piezo_pid.srcs/sources_1/bd/system/ip/system_axi_register_slice_0_0/system_axi_register_slice_0_0.dcp' for cell 'ps/system_i/axi_register_slice_0'
INFO: [Project 1-454] Reading design checkpoint 'd:/Xilinx/RedPitaya/prj/v0.94/Red-Pitaya-Projects/slow_piezo_pid/slow_piezo_pid.srcs/sources_1/bd/system/ip/system_proc_sys_reset_0/system_proc_sys_reset_0.dcp' for cell 'ps/system_i/proc_sys_reset'
INFO: [Project 1-454] Reading design checkpoint 'd:/Xilinx/RedPitaya/prj/v0.94/Red-Pitaya-Projects/slow_piezo_pid/slow_piezo_pid.srcs/sources_1/bd/system/ip/system_processing_system7_0/system_processing_system7_0.dcp' for cell 'ps/system_i/processing_system7'
INFO: [Project 1-454] Reading design checkpoint 'd:/Xilinx/RedPitaya/prj/v0.94/Red-Pitaya-Projects/slow_piezo_pid/slow_piezo_pid.srcs/sources_1/bd/system/ip/system_xadc_0/system_xadc_0.dcp' for cell 'ps/system_i/xadc'
Netlist sorting complete. Time (s): cpu = 00:00:01 ; elapsed = 00:00:00.177 . Memory (MB): peak = 1012.855 ; gain = 0.000
INFO: [Netlist 29-17] Analyzing 195 Unisim elements for replacement
INFO: [Netlist 29-28] Unisim Transformation completed in 0 CPU seconds
INFO: [Project 1-479] Netlist was created with Vivado 2020.1
INFO: [Project 1-570] Preparing netlist for logic optimization
Parsing XDC File [d:/Xilinx/RedPitaya/prj/v0.94/Red-Pitaya-Projects/slow_piezo_pid/slow_piezo_pid.srcs/sources_1/bd/system/ip/system_proc_sys_reset_0/system_proc_sys_reset_0_board.xdc] for cell 'ps/system_i/proc_sys_reset/U0'
Finished Parsing XDC File [d:/Xilinx/RedPitaya/prj/v0.94/Red-Pitaya-Projects/slow_piezo_pid/slow_piezo_pid.srcs/sources_1/bd/system/ip/system_proc_sys_reset_0/system_proc_sys_reset_0_board.xdc] for cell 'ps/system_i/proc_sys_reset/U0'
Parsing XDC File [d:/Xilinx/RedPitaya/prj/v0.94/Red-Pitaya-Projects/slow_piezo_pid/slow_piezo_pid.srcs/sources_1/bd/system/ip/system_proc_sys_reset_0/system_proc_sys_reset_0.xdc] for cell 'ps/system_i/proc_sys_reset/U0'
Finished Parsing XDC File [d:/Xilinx/RedPitaya/prj/v0.94/Red-Pitaya-Projects/slow_piezo_pid/slow_piezo_pid.srcs/sources_1/bd/system/ip/system_proc_sys_reset_0/system_proc_sys_reset_0.xdc] for cell 'ps/system_i/proc_sys_reset/U0'
Parsing XDC File [d:/Xilinx/RedPitaya/prj/v0.94/Red-Pitaya-Projects/slow_piezo_pid/slow_piezo_pid.srcs/sources_1/bd/system/ip/system_processing_system7_0/system_processing_system7_0.xdc] for cell 'ps/system_i/processing_system7/inst'
Finished Parsing XDC File [d:/Xilinx/RedPitaya/prj/v0.94/Red-Pitaya-Projects/slow_piezo_pid/slow_piezo_pid.srcs/sources_1/bd/system/ip/system_processing_system7_0/system_processing_system7_0.xdc] for cell 'ps/system_i/processing_system7/inst'
Parsing XDC File [d:/Xilinx/RedPitaya/prj/v0.94/Red-Pitaya-Projects/slow_piezo_pid/slow_piezo_pid.srcs/sources_1/bd/system/ip/system_xadc_0/system_xadc_0.xdc] for cell 'ps/system_i/xadc/inst'
Finished Parsing XDC File [d:/Xilinx/RedPitaya/prj/v0.94/Red-Pitaya-Projects/slow_piezo_pid/slow_piezo_pid.srcs/sources_1/bd/system/ip/system_xadc_0/system_xadc_0.xdc] for cell 'ps/system_i/xadc/inst'
Parsing XDC File [D:/Xilinx/RedPitaya/prj/v0.94/Red-Pitaya-Projects/slow_piezo_pid/slow_piezo_pid.srcs/constrs_1/imports/RedPitaya/sdc/red_pitaya.xdc]
WARNING: [Vivado 12-584] No ports matched 'dac_clk_1x'. [D:/Xilinx/RedPitaya/prj/v0.94/Red-Pitaya-Projects/slow_piezo_pid/slow_piezo_pid.srcs/constrs_1/imports/RedPitaya/sdc/red_pitaya.xdc:206]
CRITICAL WARNING: [Vivado 12-4739] create_clock:No valid object(s) found for '-objects [get_ports dac_clk_1x]'. [D:/Xilinx/RedPitaya/prj/v0.94/Red-Pitaya-Projects/slow_piezo_pid/slow_piezo_pid.srcs/constrs_1/imports/RedPitaya/sdc/red_pitaya.xdc:206]
Resolution: Check if the specified object(s) exists in the current design. If it does, ensure that the correct design hierarchy was specified for the object. If you are working with clocks, make sure create_clock was used to create the clock object before it is referenced.
WARNING: [Vivado 12-584] No ports matched 'dac_clk_2x'. [D:/Xilinx/RedPitaya/prj/v0.94/Red-Pitaya-Projects/slow_piezo_pid/slow_piezo_pid.srcs/constrs_1/imports/RedPitaya/sdc/red_pitaya.xdc:207]
CRITICAL WARNING: [Vivado 12-4739] create_clock:No valid object(s) found for '-objects [get_ports dac_clk_2x]'. [D:/Xilinx/RedPitaya/prj/v0.94/Red-Pitaya-Projects/slow_piezo_pid/slow_piezo_pid.srcs/constrs_1/imports/RedPitaya/sdc/red_pitaya.xdc:207]
Resolution: Check if the specified object(s) exists in the current design. If it does, ensure that the correct design hierarchy was specified for the object. If you are working with clocks, make sure create_clock was used to create the clock object before it is referenced.
WARNING: [Vivado 12-584] No ports matched 'dac_clk_2p'. [D:/Xilinx/RedPitaya/prj/v0.94/Red-Pitaya-Projects/slow_piezo_pid/slow_piezo_pid.srcs/constrs_1/imports/RedPitaya/sdc/red_pitaya.xdc:208]
CRITICAL WARNING: [Vivado 12-4739] create_clock:No valid object(s) found for '-objects [get_ports dac_clk_2p]'. [D:/Xilinx/RedPitaya/prj/v0.94/Red-Pitaya-Projects/slow_piezo_pid/slow_piezo_pid.srcs/constrs_1/imports/RedPitaya/sdc/red_pitaya.xdc:208]
Resolution: Check if the specified object(s) exists in the current design. If it does, ensure that the correct design hierarchy was specified for the object. If you are working with clocks, make sure create_clock was used to create the clock object before it is referenced.
INFO: [Timing 38-35] Done setting XDC timing constraints. [D:/Xilinx/RedPitaya/prj/v0.94/Red-Pitaya-Projects/slow_piezo_pid/slow_piezo_pid.srcs/constrs_1/imports/RedPitaya/sdc/red_pitaya.xdc:211]
INFO: [Timing 38-2] Deriving generated clocks [D:/Xilinx/RedPitaya/prj/v0.94/Red-Pitaya-Projects/slow_piezo_pid/slow_piezo_pid.srcs/constrs_1/imports/RedPitaya/sdc/red_pitaya.xdc:211]
WARNING: [Vivado 12-627] No clocks matched 'dac_clk_2x'. [D:/Xilinx/RedPitaya/prj/v0.94/Red-Pitaya-Projects/slow_piezo_pid/slow_piezo_pid.srcs/constrs_1/imports/RedPitaya/sdc/red_pitaya.xdc:211]
INFO: [Vivado 12-626] No clocks found. Please use 'create_clock' or 'create_generated_clock' command to create clocks. [D:/Xilinx/RedPitaya/prj/v0.94/Red-Pitaya-Projects/slow_piezo_pid/slow_piezo_pid.srcs/constrs_1/imports/RedPitaya/sdc/red_pitaya.xdc:211]
get_clocks: Time (s): cpu = 00:00:08 ; elapsed = 00:00:09 . Memory (MB): peak = 1294.848 ; gain = 281.992
CRITICAL WARNING: [Vivado 12-4739] set_false_path:No valid object(s) found for '-to [get_clocks dac_clk_2x]'. [D:/Xilinx/RedPitaya/prj/v0.94/Red-Pitaya-Projects/slow_piezo_pid/slow_piezo_pid.srcs/constrs_1/imports/RedPitaya/sdc/red_pitaya.xdc:211]
Resolution: Check if the specified object(s) exists in the current design. If it does, ensure that the correct design hierarchy was specified for the object. If you are working with clocks, make sure create_clock was used to create the clock object before it is referenced.
WARNING: [Vivado 12-627] No clocks matched 'dac_clk_2p'. [D:/Xilinx/RedPitaya/prj/v0.94/Red-Pitaya-Projects/slow_piezo_pid/slow_piezo_pid.srcs/constrs_1/imports/RedPitaya/sdc/red_pitaya.xdc:212]
INFO: [Vivado 12-626] No clocks found. Please use 'create_clock' or 'create_generated_clock' command to create clocks. [D:/Xilinx/RedPitaya/prj/v0.94/Red-Pitaya-Projects/slow_piezo_pid/slow_piezo_pid.srcs/constrs_1/imports/RedPitaya/sdc/red_pitaya.xdc:212]
CRITICAL WARNING: [Vivado 12-4739] set_false_path:No valid object(s) found for '-to [get_clocks dac_clk_2p]'. [D:/Xilinx/RedPitaya/prj/v0.94/Red-Pitaya-Projects/slow_piezo_pid/slow_piezo_pid.srcs/constrs_1/imports/RedPitaya/sdc/red_pitaya.xdc:212]
Resolution: Check if the specified object(s) exists in the current design. If it does, ensure that the correct design hierarchy was specified for the object. If you are working with clocks, make sure create_clock was used to create the clock object before it is referenced.
WARNING: [Vivado 12-627] No clocks matched 'par_clk'. [D:/Xilinx/RedPitaya/prj/v0.94/Red-Pitaya-Projects/slow_piezo_pid/slow_piezo_pid.srcs/constrs_1/imports/RedPitaya/sdc/red_pitaya.xdc:216]
INFO: [Vivado 12-626] No clocks found. Please use 'create_clock' or 'create_generated_clock' command to create clocks. [D:/Xilinx/RedPitaya/prj/v0.94/Red-Pitaya-Projects/slow_piezo_pid/slow_piezo_pid.srcs/constrs_1/imports/RedPitaya/sdc/red_pitaya.xdc:216]
CRITICAL WARNING: [Vivado 12-4739] set_false_path:No valid object(s) found for '-from [get_clocks par_clk]'. [D:/Xilinx/RedPitaya/prj/v0.94/Red-Pitaya-Projects/slow_piezo_pid/slow_piezo_pid.srcs/constrs_1/imports/RedPitaya/sdc/red_pitaya.xdc:216]
Resolution: Check if the specified object(s) exists in the current design. If it does, ensure that the correct design hierarchy was specified for the object. If you are working with clocks, make sure create_clock was used to create the clock object before it is referenced.
WARNING: [Vivado 12-627] No clocks matched 'dac_clk_1x'. [D:/Xilinx/RedPitaya/prj/v0.94/Red-Pitaya-Projects/slow_piezo_pid/slow_piezo_pid.srcs/constrs_1/imports/RedPitaya/sdc/red_pitaya.xdc:218]
INFO: [Vivado 12-626] No clocks found. Please use 'create_clock' or 'create_generated_clock' command to create clocks. [D:/Xilinx/RedPitaya/prj/v0.94/Red-Pitaya-Projects/slow_piezo_pid/slow_piezo_pid.srcs/constrs_1/imports/RedPitaya/sdc/red_pitaya.xdc:218]
CRITICAL WARNING: [Vivado 12-4739] set_false_path:No valid object(s) found for '-to [get_clocks dac_clk_1x]'. [D:/Xilinx/RedPitaya/prj/v0.94/Red-Pitaya-Projects/slow_piezo_pid/slow_piezo_pid.srcs/constrs_1/imports/RedPitaya/sdc/red_pitaya.xdc:218]
Resolution: Check if the specified object(s) exists in the current design. If it does, ensure that the correct design hierarchy was specified for the object. If you are working with clocks, make sure create_clock was used to create the clock object before it is referenced.
WARNING: [Vivado 12-627] No clocks matched 'dac_clk_2x'. [D:/Xilinx/RedPitaya/prj/v0.94/Red-Pitaya-Projects/slow_piezo_pid/slow_piezo_pid.srcs/constrs_1/imports/RedPitaya/sdc/red_pitaya.xdc:219]
INFO: [Vivado 12-626] No clocks found. Please use 'create_clock' or 'create_generated_clock' command to create clocks. [D:/Xilinx/RedPitaya/prj/v0.94/Red-Pitaya-Projects/slow_piezo_pid/slow_piezo_pid.srcs/constrs_1/imports/RedPitaya/sdc/red_pitaya.xdc:219]
CRITICAL WARNING: [Vivado 12-4739] set_false_path:No valid object(s) found for '-to [get_clocks dac_clk_2x]'. [D:/Xilinx/RedPitaya/prj/v0.94/Red-Pitaya-Projects/slow_piezo_pid/slow_piezo_pid.srcs/constrs_1/imports/RedPitaya/sdc/red_pitaya.xdc:219]
Resolution: Check if the specified object(s) exists in the current design. If it does, ensure that the correct design hierarchy was specified for the object. If you are working with clocks, make sure create_clock was used to create the clock object before it is referenced.
WARNING: [Vivado 12-627] No clocks matched 'dac_clk_2p'. [D:/Xilinx/RedPitaya/prj/v0.94/Red-Pitaya-Projects/slow_piezo_pid/slow_piezo_pid.srcs/constrs_1/imports/RedPitaya/sdc/red_pitaya.xdc:220]
INFO: [Vivado 12-626] No clocks found. Please use 'create_clock' or 'create_generated_clock' command to create clocks. [D:/Xilinx/RedPitaya/prj/v0.94/Red-Pitaya-Projects/slow_piezo_pid/slow_piezo_pid.srcs/constrs_1/imports/RedPitaya/sdc/red_pitaya.xdc:220]
CRITICAL WARNING: [Vivado 12-4739] set_false_path:No valid object(s) found for '-to [get_clocks dac_clk_2p]'. [D:/Xilinx/RedPitaya/prj/v0.94/Red-Pitaya-Projects/slow_piezo_pid/slow_piezo_pid.srcs/constrs_1/imports/RedPitaya/sdc/red_pitaya.xdc:220]
Resolution: Check if the specified object(s) exists in the current design. If it does, ensure that the correct design hierarchy was specified for the object. If you are working with clocks, make sure create_clock was used to create the clock object before it is referenced.
WARNING: [Vivado 12-627] No clocks matched 'ser_clk'. [D:/Xilinx/RedPitaya/prj/v0.94/Red-Pitaya-Projects/slow_piezo_pid/slow_piezo_pid.srcs/constrs_1/imports/RedPitaya/sdc/red_pitaya.xdc:221]
INFO: [Vivado 12-626] No clocks found. Please use 'create_clock' or 'create_generated_clock' command to create clocks. [D:/Xilinx/RedPitaya/prj/v0.94/Red-Pitaya-Projects/slow_piezo_pid/slow_piezo_pid.srcs/constrs_1/imports/RedPitaya/sdc/red_pitaya.xdc:221]
CRITICAL WARNING: [Vivado 12-4739] set_false_path:No valid object(s) found for '-to [get_clocks ser_clk]'. [D:/Xilinx/RedPitaya/prj/v0.94/Red-Pitaya-Projects/slow_piezo_pid/slow_piezo_pid.srcs/constrs_1/imports/RedPitaya/sdc/red_pitaya.xdc:221]
Resolution: Check if the specified object(s) exists in the current design. If it does, ensure that the correct design hierarchy was specified for the object. If you are working with clocks, make sure create_clock was used to create the clock object before it is referenced.
WARNING: [Vivado 12-627] No clocks matched 'pdm_clk'. [D:/Xilinx/RedPitaya/prj/v0.94/Red-Pitaya-Projects/slow_piezo_pid/slow_piezo_pid.srcs/constrs_1/imports/RedPitaya/sdc/red_pitaya.xdc:222]
INFO: [Vivado 12-626] No clocks found. Please use 'create_clock' or 'create_generated_clock' command to create clocks. [D:/Xilinx/RedPitaya/prj/v0.94/Red-Pitaya-Projects/slow_piezo_pid/slow_piezo_pid.srcs/constrs_1/imports/RedPitaya/sdc/red_pitaya.xdc:222]
CRITICAL WARNING: [Vivado 12-4739] set_false_path:No valid object(s) found for '-to [get_clocks pdm_clk]'. [D:/Xilinx/RedPitaya/prj/v0.94/Red-Pitaya-Projects/slow_piezo_pid/slow_piezo_pid.srcs/constrs_1/imports/RedPitaya/sdc/red_pitaya.xdc:222]
Resolution: Check if the specified object(s) exists in the current design. If it does, ensure that the correct design hierarchy was specified for the object. If you are working with clocks, make sure create_clock was used to create the clock object before it is referenced.
WARNING: [Vivado 12-627] No clocks matched 'dac_clk_2x'. [D:/Xilinx/RedPitaya/prj/v0.94/Red-Pitaya-Projects/slow_piezo_pid/slow_piezo_pid.srcs/constrs_1/imports/RedPitaya/sdc/red_pitaya.xdc:223]
INFO: [Vivado 12-626] No clocks found. Please use 'create_clock' or 'create_generated_clock' command to create clocks. [D:/Xilinx/RedPitaya/prj/v0.94/Red-Pitaya-Projects/slow_piezo_pid/slow_piezo_pid.srcs/constrs_1/imports/RedPitaya/sdc/red_pitaya.xdc:223]
CRITICAL WARNING: [Vivado 12-4739] set_false_path:No valid object(s) found for '-to [get_clocks dac_clk_2x]'. [D:/Xilinx/RedPitaya/prj/v0.94/Red-Pitaya-Projects/slow_piezo_pid/slow_piezo_pid.srcs/constrs_1/imports/RedPitaya/sdc/red_pitaya.xdc:223]
Resolution: Check if the specified object(s) exists in the current design. If it does, ensure that the correct design hierarchy was specified for the object. If you are working with clocks, make sure create_clock was used to create the clock object before it is referenced.
WARNING: [Vivado 12-627] No clocks matched 'dac_clk_2p'. [D:/Xilinx/RedPitaya/prj/v0.94/Red-Pitaya-Projects/slow_piezo_pid/slow_piezo_pid.srcs/constrs_1/imports/RedPitaya/sdc/red_pitaya.xdc:224]
INFO: [Vivado 12-626] No clocks found. Please use 'create_clock' or 'create_generated_clock' command to create clocks. [D:/Xilinx/RedPitaya/prj/v0.94/Red-Pitaya-Projects/slow_piezo_pid/slow_piezo_pid.srcs/constrs_1/imports/RedPitaya/sdc/red_pitaya.xdc:224]
CRITICAL WARNING: [Vivado 12-4739] set_false_path:No valid object(s) found for '-to [get_clocks dac_clk_2p]'. [D:/Xilinx/RedPitaya/prj/v0.94/Red-Pitaya-Projects/slow_piezo_pid/slow_piezo_pid.srcs/constrs_1/imports/RedPitaya/sdc/red_pitaya.xdc:224]
Resolution: Check if the specified object(s) exists in the current design. If it does, ensure that the correct design hierarchy was specified for the object. If you are working with clocks, make sure create_clock was used to create the clock object before it is referenced.
WARNING: [Vivado 12-627] No clocks matched 'par_clk'. [D:/Xilinx/RedPitaya/prj/v0.94/Red-Pitaya-Projects/slow_piezo_pid/slow_piezo_pid.srcs/constrs_1/imports/RedPitaya/sdc/red_pitaya.xdc:225]
INFO: [Vivado 12-626] No clocks found. Please use 'create_clock' or 'create_generated_clock' command to create clocks. [D:/Xilinx/RedPitaya/prj/v0.94/Red-Pitaya-Projects/slow_piezo_pid/slow_piezo_pid.srcs/constrs_1/imports/RedPitaya/sdc/red_pitaya.xdc:225]
CRITICAL WARNING: [Vivado 12-4739] set_false_path:No valid object(s) found for '-to [get_clocks par_clk]'. [D:/Xilinx/RedPitaya/prj/v0.94/Red-Pitaya-Projects/slow_piezo_pid/slow_piezo_pid.srcs/constrs_1/imports/RedPitaya/sdc/red_pitaya.xdc:225]
Resolution: Check if the specified object(s) exists in the current design. If it does, ensure that the correct design hierarchy was specified for the object. If you are working with clocks, make sure create_clock was used to create the clock object before it is referenced.
Finished Parsing XDC File [D:/Xilinx/RedPitaya/prj/v0.94/Red-Pitaya-Projects/slow_piezo_pid/slow_piezo_pid.srcs/constrs_1/imports/RedPitaya/sdc/red_pitaya.xdc]
Parsing XDC File [D:/Xilinx/RedPitaya/prj/v0.94/Red-Pitaya-Projects/slow_piezo_pid/slow_piezo_pid.srcs/constrs_1/imports/RedPitaya/prj/v0.94/sdc/red_pitaya.xdc]
WARNING: [Vivado 12-584] No ports matched 'exp_p_io[8]'. [D:/Xilinx/RedPitaya/prj/v0.94/Red-Pitaya-Projects/slow_piezo_pid/slow_piezo_pid.srcs/constrs_1/imports/RedPitaya/prj/v0.94/sdc/red_pitaya.xdc:18]
CRITICAL WARNING: [Common 17-55] 'set_property' expects at least one object. [D:/Xilinx/RedPitaya/prj/v0.94/Red-Pitaya-Projects/slow_piezo_pid/slow_piezo_pid.srcs/constrs_1/imports/RedPitaya/prj/v0.94/sdc/red_pitaya.xdc:18]
Resolution: If [get_<value>] was used to populate the object, check to make sure this command returns at least one valid object.
WARNING: [Vivado 12-584] No ports matched 'exp_n_io[8]'. [D:/Xilinx/RedPitaya/prj/v0.94/Red-Pitaya-Projects/slow_piezo_pid/slow_piezo_pid.srcs/constrs_1/imports/RedPitaya/prj/v0.94/sdc/red_pitaya.xdc:19]
CRITICAL WARNING: [Common 17-55] 'set_property' expects at least one object. [D:/Xilinx/RedPitaya/prj/v0.94/Red-Pitaya-Projects/slow_piezo_pid/slow_piezo_pid.srcs/constrs_1/imports/RedPitaya/prj/v0.94/sdc/red_pitaya.xdc:19]
Resolution: If [get_<value>] was used to populate the object, check to make sure this command returns at least one valid object.
WARNING: [Vivado 12-584] No ports matched 'exp_p_io[9]'. [D:/Xilinx/RedPitaya/prj/v0.94/Red-Pitaya-Projects/slow_piezo_pid/slow_piezo_pid.srcs/constrs_1/imports/RedPitaya/prj/v0.94/sdc/red_pitaya.xdc:20]
CRITICAL WARNING: [Common 17-55] 'set_property' expects at least one object. [D:/Xilinx/RedPitaya/prj/v0.94/Red-Pitaya-Projects/slow_piezo_pid/slow_piezo_pid.srcs/constrs_1/imports/RedPitaya/prj/v0.94/sdc/red_pitaya.xdc:20]
Resolution: If [get_<value>] was used to populate the object, check to make sure this command returns at least one valid object.
WARNING: [Vivado 12-584] No ports matched 'exp_n_io[9]'. [D:/Xilinx/RedPitaya/prj/v0.94/Red-Pitaya-Projects/slow_piezo_pid/slow_piezo_pid.srcs/constrs_1/imports/RedPitaya/prj/v0.94/sdc/red_pitaya.xdc:21]
CRITICAL WARNING: [Common 17-55] 'set_property' expects at least one object. [D:/Xilinx/RedPitaya/prj/v0.94/Red-Pitaya-Projects/slow_piezo_pid/slow_piezo_pid.srcs/constrs_1/imports/RedPitaya/prj/v0.94/sdc/red_pitaya.xdc:21]
Resolution: If [get_<value>] was used to populate the object, check to make sure this command returns at least one valid object.
WARNING: [Vivado 12-584] No ports matched 'exp_p_io[10]'. [D:/Xilinx/RedPitaya/prj/v0.94/Red-Pitaya-Projects/slow_piezo_pid/slow_piezo_pid.srcs/constrs_1/imports/RedPitaya/prj/v0.94/sdc/red_pitaya.xdc:22]
CRITICAL WARNING: [Common 17-55] 'set_property' expects at least one object. [D:/Xilinx/RedPitaya/prj/v0.94/Red-Pitaya-Projects/slow_piezo_pid/slow_piezo_pid.srcs/constrs_1/imports/RedPitaya/prj/v0.94/sdc/red_pitaya.xdc:22]
Resolution: If [get_<value>] was used to populate the object, check to make sure this command returns at least one valid object.
WARNING: [Vivado 12-584] No ports matched 'exp_n_io[10]'. [D:/Xilinx/RedPitaya/prj/v0.94/Red-Pitaya-Projects/slow_piezo_pid/slow_piezo_pid.srcs/constrs_1/imports/RedPitaya/prj/v0.94/sdc/red_pitaya.xdc:23]
CRITICAL WARNING: [Common 17-55] 'set_property' expects at least one object. [D:/Xilinx/RedPitaya/prj/v0.94/Red-Pitaya-Projects/slow_piezo_pid/slow_piezo_pid.srcs/constrs_1/imports/RedPitaya/prj/v0.94/sdc/red_pitaya.xdc:23]
Resolution: If [get_<value>] was used to populate the object, check to make sure this command returns at least one valid object.
WARNING: [Vivado 12-508] No pins matched 'spi_done_csff*/D'. [D:/Xilinx/RedPitaya/prj/v0.94/Red-Pitaya-Projects/slow_piezo_pid/slow_piezo_pid.srcs/constrs_1/imports/RedPitaya/prj/v0.94/sdc/red_pitaya.xdc:66]
CRITICAL WARNING: [Vivado 12-4739] set_false_path:No valid object(s) found for '-to [get_pins spi_done_csff*/D]'. [D:/Xilinx/RedPitaya/prj/v0.94/Red-Pitaya-Projects/slow_piezo_pid/slow_piezo_pid.srcs/constrs_1/imports/RedPitaya/prj/v0.94/sdc/red_pitaya.xdc:66]
Resolution: Check if the specified object(s) exists in the current design. If it does, ensure that the correct design hierarchy was specified for the object. If you are working with clocks, make sure create_clock was used to create the clock object before it is referenced.
WARNING: [Vivado 12-508] No pins matched 'sys_bus_interconnect/for_bus[*].inst_sys_bus_cdc/reg_rdata*[*]*/C'. [D:/Xilinx/RedPitaya/prj/v0.94/Red-Pitaya-Projects/slow_piezo_pid/slow_piezo_pid.srcs/constrs_1/imports/RedPitaya/prj/v0.94/sdc/red_pitaya.xdc:71]
CRITICAL WARNING: [Vivado 12-4739] set_false_path:No valid object(s) found for '-from [get_pins {sys_bus_interconnect/for_bus[*].inst_sys_bus_cdc/reg_rdata*[*]*/C}]'. [D:/Xilinx/RedPitaya/prj/v0.94/Red-Pitaya-Projects/slow_piezo_pid/slow_piezo_pid.srcs/constrs_1/imports/RedPitaya/prj/v0.94/sdc/red_pitaya.xdc:71]
Resolution: Check if the specified object(s) exists in the current design. If it does, ensure that the correct design hierarchy was specified for the object. If you are working with clocks, make sure create_clock was used to create the clock object before it is referenced.
WARNING: [Vivado 12-508] No pins matched 'i_adc366x/adc_dat_o*[*]/C'. [D:/Xilinx/RedPitaya/prj/v0.94/Red-Pitaya-Projects/slow_piezo_pid/slow_piezo_pid.srcs/constrs_1/imports/RedPitaya/prj/v0.94/sdc/red_pitaya.xdc:74]
CRITICAL WARNING: [Vivado 12-4739] set_false_path:No valid object(s) found for '-from [get_pins {i_adc366x/adc_dat_o*[*]/C}]'. [D:/Xilinx/RedPitaya/prj/v0.94/Red-Pitaya-Projects/slow_piezo_pid/slow_piezo_pid.srcs/constrs_1/imports/RedPitaya/prj/v0.94/sdc/red_pitaya.xdc:74]
Resolution: Check if the specified object(s) exists in the current design. If it does, ensure that the correct design hierarchy was specified for the object. If you are working with clocks, make sure create_clock was used to create the clock object before it is referenced.
Finished Parsing XDC File [D:/Xilinx/RedPitaya/prj/v0.94/Red-Pitaya-Projects/slow_piezo_pid/slow_piezo_pid.srcs/constrs_1/imports/RedPitaya/prj/v0.94/sdc/red_pitaya.xdc]
Parsing XDC File [d:/Xilinx/RedPitaya/prj/v0.94/Red-Pitaya-Projects/slow_piezo_pid/slow_piezo_pid.srcs/sources_1/bd/system/ip/system_axi_register_slice_0_0/system_axi_register_slice_0_0_clocks.xdc] for cell 'ps/system_i/axi_register_slice_0/inst'
WARNING: [Vivado 12-180] No cells matched '.*15.*_multi/.*/common.srl_fifo_0/asyncclear_.*'. [d:/Xilinx/RedPitaya/prj/v0.94/Red-Pitaya-Projects/slow_piezo_pid/slow_piezo_pid.srcs/sources_1/bd/system/ip/system_axi_register_slice_0_0/system_axi_register_slice_0_0_clocks.xdc:10]
WARNING: [Vivado 12-508] No pins matched 'get_pins -filter REF_PIN_NAME=~CLR -of_objects [get_cells -hierarchical -regexp .*15.*_multi/.*/common.srl_fifo_0/asyncclear_.*]'. [d:/Xilinx/RedPitaya/prj/v0.94/Red-Pitaya-Projects/slow_piezo_pid/slow_piezo_pid.srcs/sources_1/bd/system/ip/system_axi_register_slice_0_0/system_axi_register_slice_0_0_clocks.xdc:10]
WARNING: [Vivado_Tcl 4-921] Waiver ID 'CDC-7' -to list should not be empty. [d:/Xilinx/RedPitaya/prj/v0.94/Red-Pitaya-Projects/slow_piezo_pid/slow_piezo_pid.srcs/sources_1/bd/system/ip/system_axi_register_slice_0_0/system_axi_register_slice_0_0_clocks.xdc:10]
Finished Parsing XDC File [d:/Xilinx/RedPitaya/prj/v0.94/Red-Pitaya-Projects/slow_piezo_pid/slow_piezo_pid.srcs/sources_1/bd/system/ip/system_axi_register_slice_0_0/system_axi_register_slice_0_0_clocks.xdc] for cell 'ps/system_i/axi_register_slice_0/inst'
INFO: [Opt 31-138] Pushed 0 inverter(s) to 0 load pin(s).
Netlist sorting complete. Time (s): cpu = 00:00:00 ; elapsed = 00:00:00.002 . Memory (MB): peak = 1294.848 ; gain = 0.000
INFO: [Project 1-111] Unisim Transformation Summary:
  A total of 2 instances were transformed.
  OBUFDS => OBUFDS_DUAL_BUF (INV, OBUFDS(x2)): 2 instances

28 Infos, 26 Warnings, 23 Critical Warnings and 0 Errors encountered.
link_design completed successfully
link_design: Time (s): cpu = 00:00:19 ; elapsed = 00:00:24 . Memory (MB): peak = 1294.848 ; gain = 281.992
Command: opt_design
Attempting to get a license for feature 'Implementation' and/or device 'xc7z010'
INFO: [Common 17-349] Got license for feature 'Implementation' and/or device 'xc7z010'
Running DRC as a precondition to command opt_design

Starting DRC Task
INFO: [DRC 23-27] Running DRC with 2 threads
INFO: [Project 1-461] DRC finished with 0 Errors
INFO: [Project 1-462] Please refer to the DRC report (report_drc) for more information.

Time (s): cpu = 00:00:02 ; elapsed = 00:00:01 . Memory (MB): peak = 1294.848 ; gain = 0.000

Starting Cache Timing Information Task
INFO: [Timing 38-35] Done setting XDC timing constraints.
Ending Cache Timing Information Task | Checksum: 1715629e2

Time (s): cpu = 00:00:01 ; elapsed = 00:00:00.282 . Memory (MB): peak = 1315.875 ; gain = 21.027

Starting Logic Optimization Task

Phase 1 Retarget
INFO: [Opt 31-138] Pushed 13 inverter(s) to 13 load pin(s).
INFO: [Opt 31-49] Retargeted 0 cell(s).
Phase 1 Retarget | Checksum: 21771e050

Time (s): cpu = 00:00:00 ; elapsed = 00:00:00.366 . Memory (MB): peak = 1511.039 ; gain = 0.000
INFO: [Opt 31-389] Phase Retarget created 6 cells and removed 44 cells
INFO: [Opt 31-1021] In phase Retarget, 15 netlist objects are constrained preventing optimization. Please run opt_design with -debug_log to get more detail. 

Phase 2 Constant propagation
INFO: [Opt 31-138] Pushed 0 inverter(s) to 0 load pin(s).
Phase 2 Constant propagation | Checksum: 215f8e4a2

Time (s): cpu = 00:00:00 ; elapsed = 00:00:00.440 . Memory (MB): peak = 1511.039 ; gain = 0.000
INFO: [Opt 31-389] Phase Constant propagation created 0 cells and removed 100 cells

Phase 3 Sweep
Phase 3 Sweep | Checksum: 2057bb84c

Time (s): cpu = 00:00:01 ; elapsed = 00:00:01 . Memory (MB): peak = 1511.039 ; gain = 0.000
INFO: [Opt 31-389] Phase Sweep created 8 cells and removed 354 cells

Phase 4 BUFG optimization
Phase 4 BUFG optimization | Checksum: 1bdf1d766

Time (s): cpu = 00:00:01 ; elapsed = 00:00:01 . Memory (MB): peak = 1511.039 ; gain = 0.000
INFO: [Opt 31-662] Phase BUFG optimization created 0 cells of which 0 are BUFGs and removed 1 cells.

Phase 5 Shift Register Optimization
INFO: [Opt 31-1064] SRL Remap converted 0 SRLs to 0 registers and converted 0 registers of register chains to 0 SRLs
Phase 5 Shift Register Optimization | Checksum: 1bdf1d766

Time (s): cpu = 00:00:01 ; elapsed = 00:00:01 . Memory (MB): peak = 1511.039 ; gain = 0.000
INFO: [Opt 31-389] Phase Shift Register Optimization created 0 cells and removed 0 cells

Phase 6 Post Processing Netlist
Phase 6 Post Processing Netlist | Checksum: 1afc60825

Time (s): cpu = 00:00:01 ; elapsed = 00:00:01 . Memory (MB): peak = 1511.039 ; gain = 0.000
INFO: [Opt 31-389] Phase Post Processing Netlist created 0 cells and removed 0 cells
Opt_design Change Summary
=========================


-------------------------------------------------------------------------------------------------------------------------
|  Phase                        |  #Cells created  |  #Cells Removed  |  #Constrained objects preventing optimizations  |
-------------------------------------------------------------------------------------------------------------------------
|  Retarget                     |               6  |              44  |                                             15  |
|  Constant propagation         |               0  |             100  |                                              0  |
|  Sweep                        |               8  |             354  |                                              0  |
|  BUFG optimization            |               0  |               1  |                                              0  |
|  Shift Register Optimization  |               0  |               0  |                                              0  |
|  Post Processing Netlist      |               0  |               0  |                                              0  |
-------------------------------------------------------------------------------------------------------------------------



Starting Connectivity Check Task

Time (s): cpu = 00:00:00 ; elapsed = 00:00:00.034 . Memory (MB): peak = 1511.039 ; gain = 0.000
Ending Logic Optimization Task | Checksum: 1ec9f08a0

Time (s): cpu = 00:00:01 ; elapsed = 00:00:02 . Memory (MB): peak = 1511.039 ; gain = 0.000

Starting Power Optimization Task
INFO: [Pwropt 34-132] Skipping clock gating for clocks with a period < 2.00 ns.
Ending Power Optimization Task | Checksum: 1ec9f08a0

Time (s): cpu = 00:00:00 ; elapsed = 00:00:00.020 . Memory (MB): peak = 1511.039 ; gain = 0.000

Starting Final Cleanup Task
Ending Final Cleanup Task | Checksum: 1ec9f08a0

Time (s): cpu = 00:00:00 ; elapsed = 00:00:00 . Memory (MB): peak = 1511.039 ; gain = 0.000

Starting Netlist Obfuscation Task
Netlist sorting complete. Time (s): cpu = 00:00:00 ; elapsed = 00:00:00.002 . Memory (MB): peak = 1511.039 ; gain = 0.000
Ending Netlist Obfuscation Task | Checksum: 1ec9f08a0

Time (s): cpu = 00:00:00 ; elapsed = 00:00:00.002 . Memory (MB): peak = 1511.039 ; gain = 0.000
INFO: [Common 17-83] Releasing license: Implementation
46 Infos, 26 Warnings, 23 Critical Warnings and 0 Errors encountered.
opt_design completed successfully
opt_design: Time (s): cpu = 00:00:06 ; elapsed = 00:00:05 . Memory (MB): peak = 1511.039 ; gain = 216.191
INFO: [Timing 38-480] Writing timing data to binary archive.
Writing placer database...
Writing XDEF routing.
Writing XDEF routing logical nets.
Writing XDEF routing special nets.
Write XDEF Complete: Time (s): cpu = 00:00:00 ; elapsed = 00:00:00.157 . Memory (MB): peak = 1511.039 ; gain = 0.000
INFO: [Common 17-1381] The checkpoint 'D:/Xilinx/RedPitaya/prj/v0.94/Red-Pitaya-Projects/slow_piezo_pid/slow_piezo_pid.runs/impl_1/piezo_top_opt.dcp' has been generated.
INFO: [runtcl-4] Executing : report_drc -file piezo_top_drc_opted.rpt -pb piezo_top_drc_opted.pb -rpx piezo_top_drc_opted.rpx
Command: report_drc -file piezo_top_drc_opted.rpt -pb piezo_top_drc_opted.pb -rpx piezo_top_drc_opted.rpx
INFO: [IP_Flow 19-1839] IP Catalog is up to date.
INFO: [DRC 23-27] Running DRC with 2 threads
INFO: [Coretcl 2-168] The results of DRC are in file D:/Xilinx/RedPitaya/prj/v0.94/Red-Pitaya-Projects/slow_piezo_pid/slow_piezo_pid.runs/impl_1/piezo_top_drc_opted.rpt.
report_drc completed successfully
Command: place_design
Attempting to get a license for feature 'Implementation' and/or device 'xc7z010'
INFO: [Common 17-349] Got license for feature 'Implementation' and/or device 'xc7z010'
INFO: [DRC 23-27] Running DRC with 2 threads
INFO: [Vivado_Tcl 4-198] DRC finished with 0 Errors
INFO: [Vivado_Tcl 4-199] Please refer to the DRC report (report_drc) for more information.
Running DRC as a precondition to command place_design
INFO: [DRC 23-27] Running DRC with 2 threads
INFO: [Vivado_Tcl 4-198] DRC finished with 0 Errors
INFO: [Vivado_Tcl 4-199] Please refer to the DRC report (report_drc) for more information.

Starting Placer Task
INFO: [Place 30-611] Multithreading enabled for place_design using a maximum of 2 CPUs

Phase 1 Placer Initialization

Phase 1.1 Placer Initialization Netlist Sorting
Netlist sorting complete. Time (s): cpu = 00:00:00 ; elapsed = 00:00:00.003 . Memory (MB): peak = 1511.039 ; gain = 0.000
Phase 1.1 Placer Initialization Netlist Sorting | Checksum: 15b06cad4

Time (s): cpu = 00:00:00 ; elapsed = 00:00:00.038 . Memory (MB): peak = 1511.039 ; gain = 0.000
Netlist sorting complete. Time (s): cpu = 00:00:00 ; elapsed = 00:00:00.002 . Memory (MB): peak = 1511.039 ; gain = 0.000

Phase 1.2 IO Placement/ Clock Placement/ Build Placer Device
INFO: [Timing 38-35] Done setting XDC timing constraints.
Phase 1.2 IO Placement/ Clock Placement/ Build Placer Device | Checksum: 13c74553c

Time (s): cpu = 00:00:02 ; elapsed = 00:00:02 . Memory (MB): peak = 1511.039 ; gain = 0.000

Phase 1.3 Build Placer Netlist Model
Phase 1.3 Build Placer Netlist Model | Checksum: 1ce6dba91

Time (s): cpu = 00:00:03 ; elapsed = 00:00:02 . Memory (MB): peak = 1511.039 ; gain = 0.000

Phase 1.4 Constrain Clocks/Macros
Phase 1.4 Constrain Clocks/Macros | Checksum: 1ce6dba91

Time (s): cpu = 00:00:03 ; elapsed = 00:00:02 . Memory (MB): peak = 1511.039 ; gain = 0.000
Phase 1 Placer Initialization | Checksum: 1ce6dba91

Time (s): cpu = 00:00:03 ; elapsed = 00:00:03 . Memory (MB): peak = 1511.039 ; gain = 0.000

Phase 2 Global Placement

Phase 2.1 Floorplanning
Phase 2.1 Floorplanning | Checksum: 199d56ce4

Time (s): cpu = 00:00:04 ; elapsed = 00:00:03 . Memory (MB): peak = 1511.039 ; gain = 0.000

Phase 2.2 Global Placement Core

Phase 2.2.1 Physical Synthesis In Placer
INFO: [Physopt 32-1035] Found 2 LUTNM shape to break, 63 LUT instances to create LUTNM shape
INFO: [Physopt 32-1044] Break lutnm for timing: one critical 2, two critical 0, total 2, new lutff created 0
INFO: [Physopt 32-775] End 1 Pass. Optimized 30 nets or cells. Created 2 new cells, deleted 28 existing cells and moved 0 existing cell
INFO: [Physopt 32-65] No nets found for high-fanout optimization.
INFO: [Physopt 32-232] Optimized 0 net. Created 0 new instance.
INFO: [Physopt 32-775] End 1 Pass. Optimized 0 net or cell. Created 0 new cell, deleted 0 existing cell and moved 0 existing cell
INFO: [Physopt 32-456] No candidate cells for DSP register optimization found in the design.
INFO: [Physopt 32-775] End 2 Pass. Optimized 0 net or cell. Created 0 new cell, deleted 0 existing cell and moved 0 existing cell
INFO: [Physopt 32-1123] No candidate cells found for Shift Register to Pipeline optimization
INFO: [Physopt 32-775] End 1 Pass. Optimized 0 net or cell. Created 0 new cell, deleted 0 existing cell and moved 0 existing cell
INFO: [Physopt 32-677] No candidate cells for Shift Register optimization found in the design
INFO: [Physopt 32-775] End 1 Pass. Optimized 0 net or cell. Created 0 new cell, deleted 0 existing cell and moved 0 existing cell
INFO: [Physopt 32-526] No candidate cells for BRAM register optimization found in the design
INFO: [Physopt 32-775] End 1 Pass. Optimized 0 net or cell. Created 0 new cell, deleted 0 existing cell and moved 0 existing cell
INFO: [Physopt 32-846] No candidate cells for URAM register optimization found in the design
INFO: [Physopt 32-775] End 2 Pass. Optimized 0 net or cell. Created 0 new cell, deleted 0 existing cell and moved 0 existing cell
INFO: [Physopt 32-949] No candidate nets found for HD net replication
INFO: [Physopt 32-775] End 1 Pass. Optimized 0 net or cell. Created 0 new cell, deleted 0 existing cell and moved 0 existing cell
Netlist sorting complete. Time (s): cpu = 00:00:00 ; elapsed = 00:00:00.002 . Memory (MB): peak = 1511.039 ; gain = 0.000

Summary of Physical Synthesis Optimizations
============================================


-----------------------------------------------------------------------------------------------------------------------------------------------------------
|  Optimization                                     |  Added Cells  |  Removed Cells  |  Optimized Cells/Nets  |  Dont Touch  |  Iterations  |  Elapsed   |
-----------------------------------------------------------------------------------------------------------------------------------------------------------
|  LUT Combining                                    |            2  |             28  |                    30  |           0  |           1  |  00:00:00  |
|  Very High Fanout                                 |            0  |              0  |                     0  |           0  |           1  |  00:00:00  |
|  DSP Register                                     |            0  |              0  |                     0  |           0  |           1  |  00:00:00  |
|  Shift Register to Pipeline                       |            0  |              0  |                     0  |           0  |           1  |  00:00:00  |
|  Shift Register                                   |            0  |              0  |                     0  |           0  |           1  |  00:00:00  |
|  BRAM Register                                    |            0  |              0  |                     0  |           0  |           1  |  00:00:00  |
|  URAM Register                                    |            0  |              0  |                     0  |           0  |           1  |  00:00:00  |
|  Dynamic/Static Region Interface Net Replication  |            0  |              0  |                     0  |           0  |           1  |  00:00:00  |
|  Total                                            |            2  |             28  |                    30  |           0  |           8  |  00:00:00  |
-----------------------------------------------------------------------------------------------------------------------------------------------------------


Phase 2.2.1 Physical Synthesis In Placer | Checksum: b2ffc353

Time (s): cpu = 00:00:08 ; elapsed = 00:00:05 . Memory (MB): peak = 1511.039 ; gain = 0.000
Phase 2.2 Global Placement Core | Checksum: a2c12111

Time (s): cpu = 00:00:08 ; elapsed = 00:00:06 . Memory (MB): peak = 1511.039 ; gain = 0.000
Phase 2 Global Placement | Checksum: a2c12111

Time (s): cpu = 00:00:08 ; elapsed = 00:00:06 . Memory (MB): peak = 1511.039 ; gain = 0.000

Phase 3 Detail Placement

Phase 3.1 Commit Multi Column Macros
Phase 3.1 Commit Multi Column Macros | Checksum: 1472a8e0b

Time (s): cpu = 00:00:09 ; elapsed = 00:00:06 . Memory (MB): peak = 1511.039 ; gain = 0.000

Phase 3.2 Commit Most Macros & LUTRAMs
Phase 3.2 Commit Most Macros & LUTRAMs | Checksum: 16dcaf553

Time (s): cpu = 00:00:09 ; elapsed = 00:00:06 . Memory (MB): peak = 1511.039 ; gain = 0.000

Phase 3.3 Area Swap Optimization
Phase 3.3 Area Swap Optimization | Checksum: 19099e9b1

Time (s): cpu = 00:00:09 ; elapsed = 00:00:06 . Memory (MB): peak = 1511.039 ; gain = 0.000

Phase 3.4 Pipeline Register Optimization
Phase 3.4 Pipeline Register Optimization | Checksum: 1df648c62

Time (s): cpu = 00:00:09 ; elapsed = 00:00:06 . Memory (MB): peak = 1511.039 ; gain = 0.000

Phase 3.5 Fast Optimization
Phase 3.5 Fast Optimization | Checksum: 1e7f5f57b

Time (s): cpu = 00:00:11 ; elapsed = 00:00:08 . Memory (MB): peak = 1511.039 ; gain = 0.000

Phase 3.6 Small Shape Detail Placement
Phase 3.6 Small Shape Detail Placement | Checksum: 14d4d38c4

Time (s): cpu = 00:00:12 ; elapsed = 00:00:09 . Memory (MB): peak = 1511.039 ; gain = 0.000

Phase 3.7 Re-assign LUT pins
Phase 3.7 Re-assign LUT pins | Checksum: e7913de6

Time (s): cpu = 00:00:13 ; elapsed = 00:00:09 . Memory (MB): peak = 1511.039 ; gain = 0.000

Phase 3.8 Pipeline Register Optimization
Phase 3.8 Pipeline Register Optimization | Checksum: ebd4ffea

Time (s): cpu = 00:00:13 ; elapsed = 00:00:09 . Memory (MB): peak = 1511.039 ; gain = 0.000

Phase 3.9 Fast Optimization
Phase 3.9 Fast Optimization | Checksum: 14e825c03

Time (s): cpu = 00:00:15 ; elapsed = 00:00:11 . Memory (MB): peak = 1511.039 ; gain = 0.000
Phase 3 Detail Placement | Checksum: 14e825c03

Time (s): cpu = 00:00:15 ; elapsed = 00:00:11 . Memory (MB): peak = 1511.039 ; gain = 0.000

Phase 4 Post Placement Optimization and Clean-Up

Phase 4.1 Post Commit Optimization
INFO: [Timing 38-35] Done setting XDC timing constraints.

Phase 4.1.1 Post Placement Optimization
Post Placement Optimization Initialization | Checksum: 1caf47d5e

Phase 4.1.1.1 BUFG Insertion

Starting Physical Synthesis Task

Phase 1 Physical Synthesis Initialization
INFO: [Physopt 32-721] Multithreading enabled for phys_opt_design using a maximum of 2 CPUs
INFO: [Physopt 32-619] Estimated Timing Summary | WNS=-0.741 | TNS=-19.247 |
Phase 1 Physical Synthesis Initialization | Checksum: 172b40eda

Time (s): cpu = 00:00:01 ; elapsed = 00:00:00.191 . Memory (MB): peak = 1516.773 ; gain = 0.000
INFO: [Place 46-56] BUFG insertion identified 0 candidate nets. Inserted BUFG: 0, Replicated BUFG Driver: 0, Skipped due to Placement/Routing Conflicts: 0, Skipped due to Timing Degradation: 0, Skipped due to Illegal Netlist: 0.
Ending Physical Synthesis Task | Checksum: 1b668b756

Time (s): cpu = 00:00:01 ; elapsed = 00:00:00.268 . Memory (MB): peak = 1516.773 ; gain = 0.000
Phase 4.1.1.1 BUFG Insertion | Checksum: 1caf47d5e

Time (s): cpu = 00:00:17 ; elapsed = 00:00:13 . Memory (MB): peak = 1516.773 ; gain = 5.734
INFO: [Place 30-746] Post Placement Timing Summary WNS=-0.040. For the most accurate timing information please run report_timing.
Phase 4.1.1 Post Placement Optimization | Checksum: 95b15fe7

Time (s): cpu = 00:00:31 ; elapsed = 00:00:27 . Memory (MB): peak = 1516.773 ; gain = 5.734
Phase 4.1 Post Commit Optimization | Checksum: 95b15fe7

Time (s): cpu = 00:00:31 ; elapsed = 00:00:27 . Memory (MB): peak = 1516.773 ; gain = 5.734

Phase 4.2 Post Placement Cleanup
Phase 4.2 Post Placement Cleanup | Checksum: 95b15fe7

Time (s): cpu = 00:00:31 ; elapsed = 00:00:27 . Memory (MB): peak = 1516.773 ; gain = 5.734

Phase 4.3 Placer Reporting
Phase 4.3 Placer Reporting | Checksum: 95b15fe7

Time (s): cpu = 00:00:31 ; elapsed = 00:00:27 . Memory (MB): peak = 1516.773 ; gain = 5.734

Phase 4.4 Final Placement Cleanup
Netlist sorting complete. Time (s): cpu = 00:00:00 ; elapsed = 00:00:00.002 . Memory (MB): peak = 1516.773 ; gain = 0.000
Phase 4.4 Final Placement Cleanup | Checksum: 10f865ab1

Time (s): cpu = 00:00:31 ; elapsed = 00:00:27 . Memory (MB): peak = 1516.773 ; gain = 5.734
Phase 4 Post Placement Optimization and Clean-Up | Checksum: 10f865ab1

Time (s): cpu = 00:00:31 ; elapsed = 00:00:27 . Memory (MB): peak = 1516.773 ; gain = 5.734
Ending Placer Task | Checksum: b5b32e06

Time (s): cpu = 00:00:31 ; elapsed = 00:00:27 . Memory (MB): peak = 1516.773 ; gain = 5.734
INFO: [Common 17-83] Releasing license: Implementation
85 Infos, 26 Warnings, 23 Critical Warnings and 0 Errors encountered.
place_design completed successfully
place_design: Time (s): cpu = 00:00:34 ; elapsed = 00:00:28 . Memory (MB): peak = 1516.773 ; gain = 5.734
INFO: [Timing 38-480] Writing timing data to binary archive.
Writing placer database...
Writing XDEF routing.
Writing XDEF routing logical nets.
Writing XDEF routing special nets.
Write XDEF Complete: Time (s): cpu = 00:00:02 ; elapsed = 00:00:00.558 . Memory (MB): peak = 1516.773 ; gain = 0.000
INFO: [Common 17-1381] The checkpoint 'D:/Xilinx/RedPitaya/prj/v0.94/Red-Pitaya-Projects/slow_piezo_pid/slow_piezo_pid.runs/impl_1/piezo_top_placed.dcp' has been generated.
INFO: [runtcl-4] Executing : report_io -file piezo_top_io_placed.rpt
report_io: Time (s): cpu = 00:00:00 ; elapsed = 00:00:00.110 . Memory (MB): peak = 1516.773 ; gain = 0.000
INFO: [runtcl-4] Executing : report_utilization -file piezo_top_utilization_placed.rpt -pb piezo_top_utilization_placed.pb
INFO: [runtcl-4] Executing : report_control_sets -verbose -file piezo_top_control_sets_placed.rpt
report_control_sets: Time (s): cpu = 00:00:00 ; elapsed = 00:00:00.031 . Memory (MB): peak = 1516.773 ; gain = 0.000
Command: phys_opt_design
Attempting to get a license for feature 'Implementation' and/or device 'xc7z010'
INFO: [Common 17-349] Got license for feature 'Implementation' and/or device 'xc7z010'
Netlist sorting complete. Time (s): cpu = 00:00:00 ; elapsed = 00:00:00.001 . Memory (MB): peak = 1533.641 ; gain = 0.000

Starting Physical Synthesis Task

Phase 1 Physical Synthesis Initialization
INFO: [Physopt 32-721] Multithreading enabled for phys_opt_design using a maximum of 2 CPUs
INFO: [Physopt 32-619] Estimated Timing Summary | WNS=-0.040 | TNS=-0.040 |
Phase 1 Physical Synthesis Initialization | Checksum: 229f0984e

Time (s): cpu = 00:00:02 ; elapsed = 00:00:00.844 . Memory (MB): peak = 1533.648 ; gain = 0.008
INFO: [Physopt 32-619] Estimated Timing Summary | WNS=-0.040 | TNS=-0.040 |

Phase 2 DSP Register Optimization
INFO: [Physopt 32-456] No candidate cells for DSP register optimization found in the design.
INFO: [Physopt 32-775] End 2 Pass. Optimized 0 net or cell. Created 0 new cell, deleted 0 existing cell and moved 0 existing cell
Phase 2 DSP Register Optimization | Checksum: 229f0984e

Time (s): cpu = 00:00:02 ; elapsed = 00:00:00.887 . Memory (MB): peak = 1533.648 ; gain = 0.008

Phase 3 Critical Path Optimization
INFO: [Physopt 32-619] Estimated Timing Summary | WNS=-0.040 | TNS=-0.040 |
INFO: [Physopt 32-702] Processed net generator_ramp/i_ramp_logic/state_reg[0]_0. Optimizations did not improve timing on the net.
INFO: [Physopt 32-702] Processed net pll/pll_adc_clk. Optimizations did not improve timing on the net.
INFO: [Physopt 32-663] Processed net generator_ramp/i_ramp_logic/state.  Re-placed instance generator_ramp/i_ramp_logic/state[1]_i_2
INFO: [Physopt 32-735] Processed net generator_ramp/i_ramp_logic/state. Optimization improves timing on the net.
INFO: [Physopt 32-619] Estimated Timing Summary | WNS=0.091 | TNS=0.000 |
INFO: [Physopt 32-619] Estimated Timing Summary | WNS=0.091 | TNS=0.000 |
Phase 3 Critical Path Optimization | Checksum: 229f0984e

Time (s): cpu = 00:00:02 ; elapsed = 00:00:00.969 . Memory (MB): peak = 1533.648 ; gain = 0.008

Phase 4 Critical Path Optimization
INFO: [Physopt 32-619] Estimated Timing Summary | WNS=0.091 | TNS=0.000 |
INFO: [Physopt 32-619] Estimated Timing Summary | WNS=0.091 | TNS=0.000 |
Phase 4 Critical Path Optimization | Checksum: 229f0984e

Time (s): cpu = 00:00:02 ; elapsed = 00:00:00.970 . Memory (MB): peak = 1533.648 ; gain = 0.008
Netlist sorting complete. Time (s): cpu = 00:00:00 ; elapsed = 00:00:00.002 . Memory (MB): peak = 1533.648 ; gain = 0.000
INFO: [Physopt 32-603] Post Physical Optimization Timing Summary | WNS=0.091 | TNS=0.000 |

Summary of Physical Synthesis Optimizations
============================================


-------------------------------------------------------------------------------------------------------------------------------------------------------------
|  Optimization   |  WNS Gain (ns)  |  TNS Gain (ns)  |  Added Cells  |  Removed Cells  |  Optimized Cells/Nets  |  Dont Touch  |  Iterations  |  Elapsed   |
-------------------------------------------------------------------------------------------------------------------------------------------------------------
|  DSP Register   |          0.000  |          0.000  |            0  |              0  |                     0  |           0  |           1  |  00:00:00  |
|  Critical Path  |          0.131  |          0.040  |            0  |              0  |                     1  |           0  |           2  |  00:00:00  |
|  Total          |          0.131  |          0.040  |            0  |              0  |                     1  |           0  |           3  |  00:00:00  |
-------------------------------------------------------------------------------------------------------------------------------------------------------------


Netlist sorting complete. Time (s): cpu = 00:00:00 ; elapsed = 00:00:00.002 . Memory (MB): peak = 1533.648 ; gain = 0.000
Ending Physical Synthesis Task | Checksum: 208023acd

Time (s): cpu = 00:00:02 ; elapsed = 00:00:00.986 . Memory (MB): peak = 1533.648 ; gain = 0.008
INFO: [Common 17-83] Releasing license: Implementation
107 Infos, 26 Warnings, 23 Critical Warnings and 0 Errors encountered.
phys_opt_design completed successfully
INFO: [Timing 38-480] Writing timing data to binary archive.
Writing placer database...
Writing XDEF routing.
Writing XDEF routing logical nets.
Writing XDEF routing special nets.
Write XDEF Complete: Time (s): cpu = 00:00:02 ; elapsed = 00:00:00.502 . Memory (MB): peak = 1551.504 ; gain = 17.855
INFO: [Common 17-1381] The checkpoint 'D:/Xilinx/RedPitaya/prj/v0.94/Red-Pitaya-Projects/slow_piezo_pid/slow_piezo_pid.runs/impl_1/piezo_top_physopt.dcp' has been generated.
Command: route_design
Attempting to get a license for feature 'Implementation' and/or device 'xc7z010'
INFO: [Common 17-349] Got license for feature 'Implementation' and/or device 'xc7z010'
Running DRC as a precondition to command route_design
INFO: [DRC 23-27] Running DRC with 2 threads
INFO: [Vivado_Tcl 4-198] DRC finished with 0 Errors
INFO: [Vivado_Tcl 4-199] Please refer to the DRC report (report_drc) for more information.


Starting Routing Task
INFO: [Route 35-254] Multithreading enabled for route_design using a maximum of 2 CPUs
Checksum: PlaceDB: 86e869e2 ConstDB: 0 ShapeSum: ef81931f RouteDB: 0

Phase 1 Build RT Design
Phase 1 Build RT Design | Checksum: 152033965

Time (s): cpu = 00:00:21 ; elapsed = 00:00:13 . Memory (MB): peak = 1605.176 ; gain = 44.598
Post Restoration Checksum: NetGraph: 83142688 NumContArr: ceef12dd Constraints: 0 Timing: 0

Phase 2 Router Initialization

Phase 2.1 Create Timer
Phase 2.1 Create Timer | Checksum: 152033965

Time (s): cpu = 00:00:21 ; elapsed = 00:00:14 . Memory (MB): peak = 1605.191 ; gain = 44.613

Phase 2.2 Fix Topology Constraints
Phase 2.2 Fix Topology Constraints | Checksum: 152033965

Time (s): cpu = 00:00:21 ; elapsed = 00:00:14 . Memory (MB): peak = 1611.180 ; gain = 50.602

Phase 2.3 Pre Route Cleanup
Phase 2.3 Pre Route Cleanup | Checksum: 152033965

Time (s): cpu = 00:00:21 ; elapsed = 00:00:14 . Memory (MB): peak = 1611.180 ; gain = 50.602
 Number of Nodes with overlaps = 0

Phase 2.4 Update Timing
Phase 2.4 Update Timing | Checksum: 13a5b1afd

Time (s): cpu = 00:00:23 ; elapsed = 00:00:15 . Memory (MB): peak = 1618.453 ; gain = 57.875
INFO: [Route 35-416] Intermediate Timing Summary | WNS=0.102  | TNS=0.000  | WHS=-0.252 | THS=-45.286|

Phase 2 Router Initialization | Checksum: 1384a70fd

Time (s): cpu = 00:00:23 ; elapsed = 00:00:16 . Memory (MB): peak = 1622.039 ; gain = 61.461

Router Utilization Summary
  Global Vertical Routing Utilization    = 0.00605293 %
  Global Horizontal Routing Utilization  = 0.00137868 %
  Routable Net Status*
  *Does not include unroutable nets such as driverless and loadless.
  Run report_route_status for detailed report.
  Number of Failed Nets               = 4090
    (Failed Nets is the sum of unrouted and partially routed nets)
  Number of Unrouted Nets             = 4089
  Number of Partially Routed Nets     = 1
  Number of Node Overlaps             = 0


Phase 3 Initial Routing
Phase 3 Initial Routing | Checksum: 143c9382e

Time (s): cpu = 00:00:24 ; elapsed = 00:00:16 . Memory (MB): peak = 1625.164 ; gain = 64.586
INFO: [Route 35-580] Design has 2 pins with tight setup and hold constraints.

The top 5 pins with tight setup and hold constraints:

+--------------------------+--------------------------+----------------------------------------------------------------------------------------------------------+
|       Launch Clock       |      Capture Clock       |                                                 Pin                                                      |
+--------------------------+--------------------------+----------------------------------------------------------------------------------------------------------+
|               clk_fpga_3 |               clk_fpga_3 |ps/system_i/axi_protocol_converter_0/inst/gen_axilite.gen_b2s_conv.axilite_b2s/WR.aw_channel_0/cmd_translator_0/incr_cmd_0/axaddr_incr_reg[10]/D|
|               clk_fpga_3 |               clk_fpga_3 |ps/system_i/axi_protocol_converter_0/inst/gen_axilite.gen_b2s_conv.axilite_b2s/WR.aw_channel_0/cmd_translator_0/incr_cmd_0/axaddr_incr_reg[5]/D|
+--------------------------+--------------------------+----------------------------------------------------------------------------------------------------------+

File with complete list of pins: tight_setup_hold_pins.txt


Phase 4 Rip-up And Reroute

Phase 4.1 Global Iteration 0
 Number of Nodes with overlaps = 543
 Number of Nodes with overlaps = 144
 Number of Nodes with overlaps = 52
 Number of Nodes with overlaps = 23
 Number of Nodes with overlaps = 9
 Number of Nodes with overlaps = 2
 Number of Nodes with overlaps = 2
 Number of Nodes with overlaps = 0
INFO: [Route 35-416] Intermediate Timing Summary | WNS=0.076  | TNS=0.000  | WHS=N/A    | THS=N/A    |

Phase 4.1 Global Iteration 0 | Checksum: 1f38c3dfb

Time (s): cpu = 00:00:29 ; elapsed = 00:00:19 . Memory (MB): peak = 1625.164 ; gain = 64.586

Phase 4.2 Global Iteration 1
 Number of Nodes with overlaps = 1
 Number of Nodes with overlaps = 4
 Number of Nodes with overlaps = 0
INFO: [Route 35-416] Intermediate Timing Summary | WNS=0.077  | TNS=0.000  | WHS=N/A    | THS=N/A    |

Phase 4.2 Global Iteration 1 | Checksum: 21afe1320

Time (s): cpu = 00:00:29 ; elapsed = 00:00:20 . Memory (MB): peak = 1625.164 ; gain = 64.586
Phase 4 Rip-up And Reroute | Checksum: 21afe1320

Time (s): cpu = 00:00:29 ; elapsed = 00:00:20 . Memory (MB): peak = 1625.164 ; gain = 64.586

Phase 5 Delay and Skew Optimization

Phase 5.1 Delay CleanUp

Phase 5.1.1 Update Timing
Phase 5.1.1 Update Timing | Checksum: 178c42600

Time (s): cpu = 00:00:30 ; elapsed = 00:00:20 . Memory (MB): peak = 1625.164 ; gain = 64.586
INFO: [Route 35-416] Intermediate Timing Summary | WNS=0.095  | TNS=0.000  | WHS=N/A    | THS=N/A    |

Phase 5.1 Delay CleanUp | Checksum: 178c42600

Time (s): cpu = 00:00:30 ; elapsed = 00:00:20 . Memory (MB): peak = 1625.164 ; gain = 64.586

Phase 5.2 Clock Skew Optimization
Phase 5.2 Clock Skew Optimization | Checksum: 178c42600

Time (s): cpu = 00:00:30 ; elapsed = 00:00:20 . Memory (MB): peak = 1625.164 ; gain = 64.586
Phase 5 Delay and Skew Optimization | Checksum: 178c42600

Time (s): cpu = 00:00:30 ; elapsed = 00:00:20 . Memory (MB): peak = 1625.164 ; gain = 64.586

Phase 6 Post Hold Fix

Phase 6.1 Hold Fix Iter

Phase 6.1.1 Update Timing
Phase 6.1.1 Update Timing | Checksum: 1d5cf2ac9

Time (s): cpu = 00:00:30 ; elapsed = 00:00:20 . Memory (MB): peak = 1625.164 ; gain = 64.586
INFO: [Route 35-416] Intermediate Timing Summary | WNS=0.095  | TNS=0.000  | WHS=0.011  | THS=0.000  |

Phase 6.1 Hold Fix Iter | Checksum: 20e86c45f

Time (s): cpu = 00:00:30 ; elapsed = 00:00:20 . Memory (MB): peak = 1625.164 ; gain = 64.586
Phase 6 Post Hold Fix | Checksum: 20e86c45f

Time (s): cpu = 00:00:30 ; elapsed = 00:00:20 . Memory (MB): peak = 1625.164 ; gain = 64.586

Phase 7 Route finalize

Router Utilization Summary
  Global Vertical Routing Utilization    = 1.98184 %
  Global Horizontal Routing Utilization  = 2.74242 %
  Routable Net Status*
  *Does not include unroutable nets such as driverless and loadless.
  Run report_route_status for detailed report.
  Number of Failed Nets               = 0
    (Failed Nets is the sum of unrouted and partially routed nets)
  Number of Unrouted Nets             = 0
  Number of Partially Routed Nets     = 0
  Number of Node Overlaps             = 0

Phase 7 Route finalize | Checksum: 18bd80855

Time (s): cpu = 00:00:30 ; elapsed = 00:00:20 . Memory (MB): peak = 1625.164 ; gain = 64.586

Phase 8 Verifying routed nets

 Verification completed successfully
Phase 8 Verifying routed nets | Checksum: 18bd80855

Time (s): cpu = 00:00:30 ; elapsed = 00:00:20 . Memory (MB): peak = 1625.195 ; gain = 64.617

Phase 9 Depositing Routes
Phase 9 Depositing Routes | Checksum: 199a5d645

Time (s): cpu = 00:00:31 ; elapsed = 00:00:21 . Memory (MB): peak = 1625.195 ; gain = 64.617

Phase 10 Post Router Timing
INFO: [Route 35-57] Estimated Timing Summary | WNS=0.095  | TNS=0.000  | WHS=0.011  | THS=0.000  |

INFO: [Route 35-327] The final timing numbers are based on the router estimated timing analysis. For a complete and accurate timing signoff, please run report_timing_summary.
Phase 10 Post Router Timing | Checksum: 199a5d645

Time (s): cpu = 00:00:31 ; elapsed = 00:00:21 . Memory (MB): peak = 1625.195 ; gain = 64.617
INFO: [Route 35-16] Router Completed Successfully

Time (s): cpu = 00:00:31 ; elapsed = 00:00:21 . Memory (MB): peak = 1625.195 ; gain = 64.617

Routing Is Done.
INFO: [Common 17-83] Releasing license: Implementation
124 Infos, 26 Warnings, 23 Critical Warnings and 0 Errors encountered.
route_design completed successfully
route_design: Time (s): cpu = 00:00:33 ; elapsed = 00:00:22 . Memory (MB): peak = 1625.195 ; gain = 73.691
INFO: [Timing 38-480] Writing timing data to binary archive.
Writing placer database...
Writing XDEF routing.
Writing XDEF routing logical nets.
Writing XDEF routing special nets.
Write XDEF Complete: Time (s): cpu = 00:00:02 ; elapsed = 00:00:00.663 . Memory (MB): peak = 1635.035 ; gain = 9.840
INFO: [Common 17-1381] The checkpoint 'D:/Xilinx/RedPitaya/prj/v0.94/Red-Pitaya-Projects/slow_piezo_pid/slow_piezo_pid.runs/impl_1/piezo_top_routed.dcp' has been generated.
INFO: [runtcl-4] Executing : report_drc -file piezo_top_drc_routed.rpt -pb piezo_top_drc_routed.pb -rpx piezo_top_drc_routed.rpx
Command: report_drc -file piezo_top_drc_routed.rpt -pb piezo_top_drc_routed.pb -rpx piezo_top_drc_routed.rpx
INFO: [IP_Flow 19-1839] IP Catalog is up to date.
INFO: [DRC 23-27] Running DRC with 2 threads
INFO: [Coretcl 2-168] The results of DRC are in file D:/Xilinx/RedPitaya/prj/v0.94/Red-Pitaya-Projects/slow_piezo_pid/slow_piezo_pid.runs/impl_1/piezo_top_drc_routed.rpt.
report_drc completed successfully
INFO: [runtcl-4] Executing : report_methodology -file piezo_top_methodology_drc_routed.rpt -pb piezo_top_methodology_drc_routed.pb -rpx piezo_top_methodology_drc_routed.rpx
Command: report_methodology -file piezo_top_methodology_drc_routed.rpt -pb piezo_top_methodology_drc_routed.pb -rpx piezo_top_methodology_drc_routed.rpx
INFO: [Timing 38-35] Done setting XDC timing constraints.
INFO: [DRC 23-133] Running Methodology with 2 threads
INFO: [Coretcl 2-1520] The results of Report Methodology are in file D:/Xilinx/RedPitaya/prj/v0.94/Red-Pitaya-Projects/slow_piezo_pid/slow_piezo_pid.runs/impl_1/piezo_top_methodology_drc_routed.rpt.
report_methodology completed successfully
INFO: [runtcl-4] Executing : report_power -file piezo_top_power_routed.rpt -pb piezo_top_power_summary_routed.pb -rpx piezo_top_power_routed.rpx
Command: report_power -file piezo_top_power_routed.rpt -pb piezo_top_power_summary_routed.pb -rpx piezo_top_power_routed.rpx
INFO: [Power 33-23] Power model is not available for i_DNA
INFO: [Timing 38-35] Done setting XDC timing constraints.
Running Vector-less Activity Propagation...

Finished Running Vector-less Activity Propagation
WARNING: [Power 33-332] Found switching activity that implies high-fanout reset nets being asserted for excessive periods of time which may result in inaccurate power analysis.
Resolution: To review and fix problems, please run Power Constraints Advisor in the GUI from Tools > Power Constraints Advisor or run report_power with the -advisory option to generate a text report.
137 Infos, 27 Warnings, 23 Critical Warnings and 0 Errors encountered.
report_power completed successfully
INFO: [runtcl-4] Executing : report_route_status -file piezo_top_route_status.rpt -pb piezo_top_route_status.pb
INFO: [runtcl-4] Executing : report_timing_summary -max_paths 10 -file piezo_top_timing_summary_routed.rpt -pb piezo_top_timing_summary_routed.pb -rpx piezo_top_timing_summary_routed.rpx -warn_on_violation 
INFO: [Timing 38-91] UpdateTimingParams: Speed grade: -1, Delay Type: min_max.
INFO: [Timing 38-191] Multithreading enabled for timing update using a maximum of 2 CPUs
INFO: [runtcl-4] Executing : report_incremental_reuse -file piezo_top_incremental_reuse_routed.rpt
INFO: [Vivado_Tcl 4-1062] Incremental flow is disabled. No incremental reuse Info to report.
INFO: [runtcl-4] Executing : report_clock_utilization -file piezo_top_clock_utilization_routed.rpt
INFO: [runtcl-4] Executing : report_bus_skew -warn_on_violation -file piezo_top_bus_skew_routed.rpt -pb piezo_top_bus_skew_routed.pb -rpx piezo_top_bus_skew_routed.rpx
INFO: [Timing 38-91] UpdateTimingParams: Speed grade: -1, Delay Type: min_max.
INFO: [Timing 38-191] Multithreading enabled for timing update using a maximum of 2 CPUs
Command: write_bitstream -force piezo_top.bit
Attempting to get a license for feature 'Implementation' and/or device 'xc7z010'
INFO: [Common 17-349] Got license for feature 'Implementation' and/or device 'xc7z010'
Running DRC as a precondition to command write_bitstream
INFO: [IP_Flow 19-1839] IP Catalog is up to date.
INFO: [DRC 23-27] Running DRC with 2 threads
INFO: [Vivado 12-3199] DRC finished with 0 Errors
INFO: [Vivado 12-3200] Please refer to the DRC report (report_drc) for more information.
INFO: [Designutils 20-2272] Running write_bitstream with 2 threads.
Loading data files...
Loading site data...
Loading route data...
Processing options...
Creating bitmap...
Creating bitstream...
Writing bitstream ./piezo_top.bit...
INFO: [Vivado 12-1842] Bitgen Completed Successfully.
INFO: [Project 1-120] WebTalk data collection is mandatory when using a WebPACK part without a full Vivado license. To see the specific WebTalk data collected for your design, open the usage_statistics_webtalk.html or usage_statistics_webtalk.xml file in the implementation directory.
INFO: [Common 17-83] Releasing license: Implementation
156 Infos, 27 Warnings, 23 Critical Warnings and 0 Errors encountered.
write_bitstream completed successfully
write_bitstream: Time (s): cpu = 00:00:16 ; elapsed = 00:00:14 . Memory (MB): peak = 2090.574 ; gain = 422.855
source D:/Xilinx/RedPitaya/prj/v0.94/Red-Pitaya-Projects/slow_piezo_pid/generate_bin.tcl
--- Starting automatic .bit to .bit.bin conversion ---
--- Successfully generated piezo_top.bit.bin ---
INFO: [Common 17-206] Exiting Vivado at Mon Jun 22 12:41:11 2026...
