INFO: [VRFC 10-2263] Analyzing SystemVerilog file "D:/Xilinx/RedPitaya/prj/v0.94/Red-Pitaya-Projects/pid_piezo/pid_piezo.srcs/sources_1/imports/RedPitaya/rtl/interface/axi4_if.sv" into library xil_defaultlib
INFO: [VRFC 10-2263] Analyzing SystemVerilog file "D:/Xilinx/RedPitaya/prj/v0.94/Red-Pitaya-Projects/pid_piezo/pid_piezo.srcs/sources_1/imports/RedPitaya/rtl/interface/axi_sys_if.sv" into library xil_defaultlib
INFO: [VRFC 10-2263] Analyzing SystemVerilog file "D:/Xilinx/RedPitaya/prj/v0.94/Red-Pitaya-Projects/pid_piezo/pid_piezo.srcs/sources_1/imports/RedPitaya/rtl/interface/gpio_if.sv" into library xil_defaultlib
INFO: [VRFC 10-2263] Analyzing SystemVerilog file "D:/Xilinx/RedPitaya/prj/v0.94/Red-Pitaya-Projects/pid_piezo/pid_piezo.srcs/sources_1/new/pid_logic.sv" into library xil_defaultlib
INFO: [VRFC 10-311] analyzing module pid_logic
INFO: [VRFC 10-2263] Analyzing SystemVerilog file "D:/Xilinx/RedPitaya/prj/v0.94/Red-Pitaya-Projects/pid_piezo/pid_piezo.srcs/sources_1/new/ramp_logic.sv" into library xil_defaultlib
INFO: [VRFC 10-311] analyzing module ramp_logic
INFO: [VRFC 10-2263] Analyzing SystemVerilog file "D:/Xilinx/RedPitaya/prj/v0.94/Red-Pitaya-Projects/pid_piezo/pid_piezo.srcs/sources_1/imports/RedPitaya/rtl/interface/sys_bus_if.sv" into library xil_defaultlib
INFO: [VRFC 10-2263] Analyzing SystemVerilog file "D:/Xilinx/RedPitaya/prj/v0.94/Red-Pitaya-Projects/pid_piezo/pid_piezo.srcs/sources_1/new/test_peak_logic.sv" into library xil_defaultlib
INFO: [VRFC 10-311] analyzing module test_peak_logic
INFO: [VRFC 10-2263] Analyzing SystemVerilog file "D:/Xilinx/RedPitaya/prj/v0.94/Red-Pitaya-Projects/pid_piezo/pid_piezo.srcs/sources_1/new/timestamp_filter.sv" into library xil_defaultlib
INFO: [VRFC 10-311] analyzing module timestamp_filter
INFO: [VRFC 10-2263] Analyzing SystemVerilog file "D:/Xilinx/RedPitaya/prj/v0.94/Red-Pitaya-Projects/pid_piezo/pid_piezo.srcs/sources_1/new/timestamp_logic.sv" into library xil_defaultlib
INFO: [VRFC 10-311] analyzing module timestamp_logic
INFO: [VRFC 10-2263] Analyzing SystemVerilog file "D:/Xilinx/RedPitaya/prj/v0.94/Red-Pitaya-Projects/pid_piezo/pid_piezo.srcs/sources_1/imports/RedPitaya/rtl/evn_pkg.sv" into library xil_defaultlib
INFO: [VRFC 10-2263] Analyzing SystemVerilog file "D:/Xilinx/RedPitaya/prj/v0.94/Red-Pitaya-Projects/pid_piezo/pid_piezo.srcs/sources_1/imports/RedPitaya/rtl/interface/spi_if.sv" into library xil_defaultlib
INFO: [VRFC 10-2263] Analyzing SystemVerilog file "D:/Xilinx/RedPitaya/prj/v0.94/Red-Pitaya-Projects/pid_piezo/pid_piezo.srcs/sources_1/imports/RedPitaya/rtl/interface/axi4_stream_if.sv" into library xil_defaultlib
INFO: [VRFC 10-2263] Analyzing SystemVerilog file "D:/Xilinx/RedPitaya/prj/v0.94/Red-Pitaya-Projects/pid_piezo/pid_piezo.srcs/sources_1/imports/RedPitaya/rtl/interface/axi4_lite_if.sv" into library xil_defaultlib
INFO: [VRFC 10-2263] Analyzing SystemVerilog file "D:/Xilinx/RedPitaya/prj/v0.94/Red-Pitaya-Projects/pid_piezo/pid_piezo.srcs/sources_1/new/piezo_soft_output.sv" into library xil_defaultlib
INFO: [VRFC 10-311] analyzing module piezo_soft_output
INFO: [VRFC 10-2263] Analyzing SystemVerilog file "D:/Xilinx/RedPitaya/prj/v0.94/Red-Pitaya-Projects/pid_piezo/pid_piezo.srcs/sim_1/new/test_bench.sv" into library xil_defaultlib
INFO: [VRFC 10-311] analyzing module test_bench
INFO: [VRFC 10-2263] Analyzing SystemVerilog file "D:/Xilinx/RedPitaya/prj/v0.94/Red-Pitaya-Projects/pid_piezo/pid_piezo.srcs/sim_1/new/tb_pid_soft_out.sv" into library xil_defaultlib
INFO: [VRFC 10-311] analyzing module tb_pid_soft_out
