#-----------------------------------------------------------
# Vivado v2020.1 (64-bit)
# SW Build 2902540 on Wed May 27 19:54:49 MDT 2020
# IP Build 2902112 on Wed May 27 22:43:36 MDT 2020
# Start of session at: Tue Jun 23 12:49:42 2026
# Process ID: 18604
# Current directory: C:/Users/Gaming/Documents/fpga_projects/RedPitaya/prj/v0.94/Red Pitaya Projects/slow_piezo_pid
# Command line: vivado.exe -gui_launcher_event rodinguilauncherevent17608 C:\Users\Gaming\Documents\fpga_projects\RedPitaya\prj\v0.94\Red Pitaya Projects\slow_piezo_pid\slow_piezo_pid.xpr
# Log file: C:/Users/Gaming/Documents/fpga_projects/RedPitaya/prj/v0.94/Red Pitaya Projects/slow_piezo_pid/vivado.log
# Journal file: C:/Users/Gaming/Documents/fpga_projects/RedPitaya/prj/v0.94/Red Pitaya Projects/slow_piezo_pid\vivado.jou
#-----------------------------------------------------------
start_gui
open_project {C:/Users/Gaming/Documents/fpga_projects/RedPitaya/prj/v0.94/Red Pitaya Projects/slow_piezo_pid/slow_piezo_pid.xpr}
INFO: [ProjectBase 1-489] The host OS only allows 260 characters in a normal path. The project is stored in a path with more than 80 characters. If you experience issues with IP, Block Designs, or files not being found, please consider moving the project to a location with a shorter path. Alternately consider using the OS subst command to map part of the path to a drive letter.
Current project path is 'C:/Users/Gaming/Documents/fpga_projects/RedPitaya/prj/v0.94/Red Pitaya Projects/slow_piezo_pid'
INFO: [Project 1-313] Project file moved from 'D:/Xilinx/RedPitaya/prj/v0.94/Red-Pitaya-Projects/slow_piezo_pid' since last save.
Scanning sources...
Finished scanning sources
INFO: [IP_Flow 19-234] Refreshing IP repositories
INFO: [IP_Flow 19-1704] No user IP repositories specified
INFO: [IP_Flow 19-2313] Loaded Vivado IP repository 'C:/Xilinx/Vivado/2020.1/data/ip'.
WARNING: [IP_Flow 19-3664] IP 'asg_dat_fifo' generated file not found 'c:/Users/Gaming/Documents/fpga_projects/RedPitaya/prj/v0.94/Red Pitaya Projects/slow_piezo_pid/slow_piezo_pid.srcs/sources_1/ip/asg_dat_fifo/asg_dat_fifo.vho'. Please regenerate to continue.
WARNING: [IP_Flow 19-3664] IP 'asg_dat_fifo' generated file not found 'c:/Users/Gaming/Documents/fpga_projects/RedPitaya/prj/v0.94/Red Pitaya Projects/slow_piezo_pid/slow_piezo_pid.srcs/sources_1/ip/asg_dat_fifo/asg_dat_fifo.veo'. Please regenerate to continue.
WARNING: [IP_Flow 19-3664] IP 'asg_dat_fifo' generated file not found 'c:/Users/Gaming/Documents/fpga_projects/RedPitaya/prj/v0.94/Red Pitaya Projects/slow_piezo_pid/slow_piezo_pid.srcs/sources_1/ip/asg_dat_fifo/simulation/fifo_generator_vlog_beh.v'. Please regenerate to continue.
WARNING: [IP_Flow 19-3664] IP 'asg_dat_fifo' generated file not found 'c:/Users/Gaming/Documents/fpga_projects/RedPitaya/prj/v0.94/Red Pitaya Projects/slow_piezo_pid/slow_piezo_pid.srcs/sources_1/ip/asg_dat_fifo/hdl/fifo_generator_v13_2_rfs.vhd'. Please regenerate to continue.
WARNING: [IP_Flow 19-3664] IP 'asg_dat_fifo' generated file not found 'c:/Users/Gaming/Documents/fpga_projects/RedPitaya/prj/v0.94/Red Pitaya Projects/slow_piezo_pid/slow_piezo_pid.srcs/sources_1/ip/asg_dat_fifo/hdl/fifo_generator_v13_2_rfs.v'. Please regenerate to continue.
WARNING: [IP_Flow 19-3664] IP 'asg_dat_fifo' generated file not found 'c:/Users/Gaming/Documents/fpga_projects/RedPitaya/prj/v0.94/Red Pitaya Projects/slow_piezo_pid/slow_piezo_pid.srcs/sources_1/ip/asg_dat_fifo/sim/asg_dat_fifo.v'. Please regenerate to continue.
WARNING: [IP_Flow 19-3664] IP 'asg_dat_fifo' generated file not found 'c:/Users/Gaming/Documents/fpga_projects/RedPitaya/prj/v0.94/Red Pitaya Projects/slow_piezo_pid/slow_piezo_pid.srcs/sources_1/ip/asg_dat_fifo/doc/fifo_generator_v13_2_changelog.txt'. Please regenerate to continue.
WARNING: [IP_Flow 19-3664] IP 'sync_fifo' generated file not found 'c:/Users/Gaming/Documents/fpga_projects/RedPitaya/prj/v0.94/Red Pitaya Projects/slow_piezo_pid/slow_piezo_pid.srcs/sources_1/ip/sync_fifo/sync_fifo.vho'. Please regenerate to continue.
WARNING: [IP_Flow 19-3664] IP 'sync_fifo' generated file not found 'c:/Users/Gaming/Documents/fpga_projects/RedPitaya/prj/v0.94/Red Pitaya Projects/slow_piezo_pid/slow_piezo_pid.srcs/sources_1/ip/sync_fifo/sync_fifo.veo'. Please regenerate to continue.
WARNING: [IP_Flow 19-3664] IP 'sync_fifo' generated file not found 'c:/Users/Gaming/Documents/fpga_projects/RedPitaya/prj/v0.94/Red Pitaya Projects/slow_piezo_pid/slow_piezo_pid.srcs/sources_1/ip/sync_fifo/simulation/fifo_generator_vlog_beh.v'. Please regenerate to continue.
WARNING: [IP_Flow 19-3664] IP 'sync_fifo' generated file not found 'c:/Users/Gaming/Documents/fpga_projects/RedPitaya/prj/v0.94/Red Pitaya Projects/slow_piezo_pid/slow_piezo_pid.srcs/sources_1/ip/sync_fifo/hdl/fifo_generator_v13_2_rfs.vhd'. Please regenerate to continue.
WARNING: [IP_Flow 19-3664] IP 'sync_fifo' generated file not found 'c:/Users/Gaming/Documents/fpga_projects/RedPitaya/prj/v0.94/Red Pitaya Projects/slow_piezo_pid/slow_piezo_pid.srcs/sources_1/ip/sync_fifo/hdl/fifo_generator_v13_2_rfs.v'. Please regenerate to continue.
WARNING: [IP_Flow 19-3664] IP 'sync_fifo' generated file not found 'c:/Users/Gaming/Documents/fpga_projects/RedPitaya/prj/v0.94/Red Pitaya Projects/slow_piezo_pid/slow_piezo_pid.srcs/sources_1/ip/sync_fifo/sim/sync_fifo.v'. Please regenerate to continue.
WARNING: [IP_Flow 19-3664] IP 'sync_fifo' generated file not found 'c:/Users/Gaming/Documents/fpga_projects/RedPitaya/prj/v0.94/Red Pitaya Projects/slow_piezo_pid/slow_piezo_pid.srcs/sources_1/ip/sync_fifo/doc/fifo_generator_v13_2_changelog.txt'. Please regenerate to continue.
open_project: Time (s): cpu = 00:00:13 ; elapsed = 00:00:06 . Memory (MB): peak = 938.613 ; gain = 0.000
update_compile_order -fileset sources_1
reset_run synth_1
launch_runs impl_1 -to_step write_bitstream -jobs 6
[Tue Jun 23 12:53:40 2026] Launched synth_1...
Run output will be captured here: C:/Users/Gaming/Documents/fpga_projects/RedPitaya/prj/v0.94/Red Pitaya Projects/slow_piezo_pid/slow_piezo_pid.runs/synth_1/runme.log
[Tue Jun 23 12:53:40 2026] Launched impl_1...
Run output will be captured here: C:/Users/Gaming/Documents/fpga_projects/RedPitaya/prj/v0.94/Red Pitaya Projects/slow_piezo_pid/slow_piezo_pid.runs/impl_1/runme.log
open_run impl_1
INFO: [Device 21-403] Loading part xc7z010clg400-1
Netlist sorting complete. Time (s): cpu = 00:00:00 ; elapsed = 00:00:00.079 . Memory (MB): peak = 1257.672 ; gain = 0.000
INFO: [Netlist 29-17] Analyzing 197 Unisim elements for replacement
INFO: [Netlist 29-28] Unisim Transformation completed in 0 CPU seconds
INFO: [Project 1-479] Netlist was created with Vivado 2020.1
INFO: [Project 1-570] Preparing netlist for logic optimization
INFO: [Timing 38-478] Restoring timing data from binary archive.
INFO: [Timing 38-479] Binary timing data restore complete.
INFO: [Project 1-856] Restoring constraints from binary archive.
INFO: [Project 1-853] Binary constraint restore complete.
Reading XDEF placement.
Reading placer database...
Reading XDEF routing.
Read XDEF File: Time (s): cpu = 00:00:00 ; elapsed = 00:00:00.538 . Memory (MB): peak = 1956.453 ; gain = 0.000
Restored from archive | CPU: 0.000000 secs | Memory: 0.000000 MB |
Finished XDEF File Restore: Time (s): cpu = 00:00:00 ; elapsed = 00:00:00.538 . Memory (MB): peak = 1956.453 ; gain = 0.000
Netlist sorting complete. Time (s): cpu = 00:00:00 ; elapsed = 00:00:00.002 . Memory (MB): peak = 1956.453 ; gain = 0.000
INFO: [Project 1-111] Unisim Transformation Summary:
  A total of 2 instances were transformed.
  OBUFDS => OBUFDS_DUAL_BUF (INV, OBUFDS(x2)): 2 instances

open_run: Time (s): cpu = 00:00:21 ; elapsed = 00:00:18 . Memory (MB): peak = 2069.672 ; gain = 962.051
CRITICAL WARNING: [Timing 38-282] The design failed to meet the timing requirements. Please see the timing summary report for details on the timing violations.
reset_run synth_1
launch_runs impl_1 -to_step write_bitstream -jobs 6
[Tue Jun 23 13:14:54 2026] Launched synth_1...
Run output will be captured here: C:/Users/Gaming/Documents/fpga_projects/RedPitaya/prj/v0.94/Red Pitaya Projects/slow_piezo_pid/slow_piezo_pid.runs/synth_1/runme.log
[Tue Jun 23 13:14:54 2026] Launched impl_1...
Run output will be captured here: C:/Users/Gaming/Documents/fpga_projects/RedPitaya/prj/v0.94/Red Pitaya Projects/slow_piezo_pid/slow_piezo_pid.runs/impl_1/runme.log
close_design
open_run impl_1
Netlist sorting complete. Time (s): cpu = 00:00:00 ; elapsed = 00:00:00.083 . Memory (MB): peak = 3377.199 ; gain = 0.000
INFO: [Netlist 29-17] Analyzing 205 Unisim elements for replacement
INFO: [Netlist 29-28] Unisim Transformation completed in 0 CPU seconds
INFO: [Project 1-479] Netlist was created with Vivado 2020.1
INFO: [Project 1-570] Preparing netlist for logic optimization
INFO: [Timing 38-478] Restoring timing data from binary archive.
INFO: [Timing 38-479] Binary timing data restore complete.
INFO: [Project 1-856] Restoring constraints from binary archive.
INFO: [Project 1-853] Binary constraint restore complete.
Reading XDEF placement.
Reading placer database...
Reading XDEF routing.
Read XDEF File: Time (s): cpu = 00:00:01 ; elapsed = 00:00:00.545 . Memory (MB): peak = 3377.199 ; gain = 0.000
Restored from archive | CPU: 1.000000 secs | Memory: 0.000000 MB |
Finished XDEF File Restore: Time (s): cpu = 00:00:01 ; elapsed = 00:00:00.546 . Memory (MB): peak = 3377.199 ; gain = 0.000
Netlist sorting complete. Time (s): cpu = 00:00:00 ; elapsed = 00:00:00.001 . Memory (MB): peak = 3377.199 ; gain = 0.000
INFO: [Project 1-111] Unisim Transformation Summary:
  A total of 2 instances were transformed.
  OBUFDS => OBUFDS_DUAL_BUF (INV, OBUFDS(x2)): 2 instances

update_compile_order -fileset sources_1
launch_simulation
Command: launch_simulation 
INFO: [Vivado 12-5698] Checking validity of IPs in the design for the 'XSim' simulator...
INFO: [Vivado 12-5682] Launching behavioral simulation in 'C:/Users/Gaming/Documents/fpga_projects/RedPitaya/prj/v0.94/Red Pitaya Projects/slow_piezo_pid/slow_piezo_pid.sim/sim_1/behav/xsim'
INFO: [Vivado 12-4795] Using compiled simulation libraries for IPs
INFO: [SIM-utils-51] Simulation object is 'sim_1'
INFO: [USF-XSim-7] Finding pre-compiled libraries...
INFO: [USF-XSim-11] File 'C:/Xilinx/Vivado/2020.1/data/xsim/xsim.ini' copied to run dir:'C:/Users/Gaming/Documents/fpga_projects/RedPitaya/prj/v0.94/Red Pitaya Projects/slow_piezo_pid/slow_piezo_pid.sim/sim_1/behav/xsim'
INFO: [SIM-utils-20] The project contains locked or custom IPs. The pre-compiled version of these IPs will not be referenced and the sources from these IP libraries will be compiled locally.
INFO: [SIM-utils-54] Inspecting design source files for 'test_bench' in fileset 'sim_1'...
INFO: [USF-XSim-97] Finding global include files...
INFO: [USF-XSim-98] Fetching design files from 'sim_1'...
INFO: [USF-XSim-2] XSim::Compile design
INFO: [USF-XSim-61] Executing 'COMPILE and ANALYZE' step in 'C:/Users/Gaming/Documents/fpga_projects/RedPitaya/prj/v0.94/Red Pitaya Projects/slow_piezo_pid/slow_piezo_pid.sim/sim_1/behav/xsim'
"xvlog --incr --relax -L axi_vip_v1_1_7 -L processing_system7_vip_v1_0_9 -L xilinx_vip -prj test_bench_vlog.prj"
INFO: [VRFC 10-2263] Analyzing SystemVerilog file "C:/Users/Gaming/Documents/fpga_projects/RedPitaya/prj/v0.94/Red Pitaya Projects/slow_piezo_pid/slow_piezo_pid.srcs/sources_1/new/ramp_logic.sv" into library xil_defaultlib
INFO: [VRFC 10-311] analyzing module ramp_logic
INFO: [VRFC 10-2263] Analyzing SystemVerilog file "C:/Users/Gaming/Documents/fpga_projects/RedPitaya/prj/v0.94/Red Pitaya Projects/slow_piezo_pid/slow_piezo_pid.srcs/sources_1/new/test_peak_logic.sv" into library xil_defaultlib
INFO: [VRFC 10-311] analyzing module test_peak_logic
INFO: [VRFC 10-2263] Analyzing SystemVerilog file "C:/Users/Gaming/Documents/fpga_projects/RedPitaya/prj/v0.94/Red Pitaya Projects/slow_piezo_pid/slow_piezo_pid.srcs/sources_1/new/timestamp_logic.sv" into library xil_defaultlib
INFO: [VRFC 10-311] analyzing module timestamp_logic
INFO: [VRFC 10-2263] Analyzing SystemVerilog file "C:/Users/Gaming/Documents/fpga_projects/RedPitaya/prj/v0.94/Red Pitaya Projects/slow_piezo_pid/slow_piezo_pid.srcs/sim_1/new/test_bench.sv" into library xil_defaultlib
INFO: [VRFC 10-311] analyzing module test_bench
INFO: [VRFC 10-2263] Analyzing Verilog file "C:/Users/Gaming/Documents/fpga_projects/RedPitaya/prj/v0.94/Red Pitaya Projects/slow_piezo_pid/slow_piezo_pid.sim/sim_1/behav/xsim/glbl.v" into library xil_defaultlib
INFO: [VRFC 10-311] analyzing module glbl
INFO: [USF-XSim-69] 'compile' step finished in '4' seconds
INFO: [USF-XSim-3] XSim::Elaborate design
INFO: [USF-XSim-61] Executing 'ELABORATE' step in 'C:/Users/Gaming/Documents/fpga_projects/RedPitaya/prj/v0.94/Red Pitaya Projects/slow_piezo_pid/slow_piezo_pid.sim/sim_1/behav/xsim'
"xelab -wto ca85e7d1034d4183a416887cfebcffad --incr --debug typical --relax --mt 2 -L xil_defaultlib -L xilinx_vip -L unisims_ver -L unimacro_ver -L secureip -L xpm --snapshot test_bench_behav xil_defaultlib.test_bench xil_defaultlib.glbl -log elaborate.log"
Vivado Simulator 2020.1
Copyright 1986-1999, 2001-2020 Xilinx, Inc. All Rights Reserved.
Running: C:/Xilinx/Vivado/2020.1/bin/unwrapped/win64.o/xelab.exe -wto ca85e7d1034d4183a416887cfebcffad --incr --debug typical --relax --mt 2 -L xil_defaultlib -L xilinx_vip -L unisims_ver -L unimacro_ver -L secureip -L xpm --snapshot test_bench_behav xil_defaultlib.test_bench xil_defaultlib.glbl -log elaborate.log 
Using 2 slave threads.
Starting static elaboration
Pass Through NonSizing Optimizer
Completed static elaboration
Starting simulation data flow analysis
WARNING: [XSIM 43-4099] "C:/Users/Gaming/Documents/fpga_projects/RedPitaya/prj/v0.94/Red Pitaya Projects/slow_piezo_pid/slow_piezo_pid.srcs/sources_1/new/ramp_logic.sv" Line 4. Module ramp_logic doesn't have a timescale but at least one module in design has a timescale.
WARNING: [XSIM 43-4099] "C:/Users/Gaming/Documents/fpga_projects/RedPitaya/prj/v0.94/Red Pitaya Projects/slow_piezo_pid/slow_piezo_pid.srcs/sources_1/new/test_peak_logic.sv" Line 4. Module test_peak_logic doesn't have a timescale but at least one module in design has a timescale.
WARNING: [XSIM 43-4099] "C:/Users/Gaming/Documents/fpga_projects/RedPitaya/prj/v0.94/Red Pitaya Projects/slow_piezo_pid/slow_piezo_pid.srcs/sources_1/new/timestamp_logic.sv" Line 4. Module timestamp_logic doesn't have a timescale but at least one module in design has a timescale.
WARNING: [XSIM 43-4099] "C:/Users/Gaming/Documents/fpga_projects/RedPitaya/prj/v0.94/Red Pitaya Projects/slow_piezo_pid/slow_piezo_pid.srcs/sources_1/new/ramp_logic.sv" Line 4. Module ramp_logic doesn't have a timescale but at least one module in design has a timescale.
WARNING: [XSIM 43-4099] "C:/Users/Gaming/Documents/fpga_projects/RedPitaya/prj/v0.94/Red Pitaya Projects/slow_piezo_pid/slow_piezo_pid.srcs/sources_1/new/test_peak_logic.sv" Line 4. Module test_peak_logic doesn't have a timescale but at least one module in design has a timescale.
WARNING: [XSIM 43-4099] "C:/Users/Gaming/Documents/fpga_projects/RedPitaya/prj/v0.94/Red Pitaya Projects/slow_piezo_pid/slow_piezo_pid.srcs/sources_1/new/timestamp_logic.sv" Line 4. Module timestamp_logic doesn't have a timescale but at least one module in design has a timescale.
Completed simulation data flow analysis
Time Resolution for simulation is 1ps
Compiling module xil_defaultlib.ramp_logic
Compiling module xil_defaultlib.test_peak_logic
Compiling module xil_defaultlib.timestamp_logic
Compiling module xil_defaultlib.test_bench
Compiling module xil_defaultlib.glbl
Built simulation snapshot test_bench_behav

****** Webtalk v2020.1 (64-bit)
  **** SW Build 2902540 on Wed May 27 19:54:49 MDT 2020
  **** IP Build 2902112 on Wed May 27 22:43:36 MDT 2020
    ** Copyright 1986-2020 Xilinx, Inc. All Rights Reserved.

source C:/Users/Gaming/Documents/fpga_projects/RedPitaya/prj/v0.94/Red -notrace
invalid command name "%"
    while executing
"% Total    % Received % Xferd  Average Speed   Time    Time     Time  Current"
    (file "C:/Users/Gaming/Documents/fpga_projects/RedPitaya/prj/v0.94/Red" line 1)
INFO: [Common 17-206] Exiting Webtalk at Tue Jun 23 13:25:20 2026...
run_program: Time (s): cpu = 00:00:00 ; elapsed = 00:00:07 . Memory (MB): peak = 3377.199 ; gain = 0.000
INFO: [USF-XSim-69] 'elaborate' step finished in '6' seconds
INFO: [USF-XSim-4] XSim::Simulate design
INFO: [USF-XSim-61] Executing 'SIMULATE' step in 'C:/Users/Gaming/Documents/fpga_projects/RedPitaya/prj/v0.94/Red Pitaya Projects/slow_piezo_pid/slow_piezo_pid.sim/sim_1/behav/xsim'
INFO: [USF-XSim-98] *** Running xsim
   with args "test_bench_behav -key {Behavioral:sim_1:Functional:test_bench} -tclbatch {test_bench.tcl} -protoinst "protoinst_files/system.protoinst" -view {{C:/Users/Gaming/Documents/fpga_projects/RedPitaya/prj/v0.94/Red Pitaya Projects/slow_piezo_pid/slow_piezo_pid.srcs/sim_1/imports/DAC_ACD_test_project/test_bench_behav.wcfg}} -log {simulate.log}"
INFO: [USF-XSim-8] Loading simulator feature
Vivado Simulator 2020.1
INFO: [Wavedata 42-565] Reading protoinst file protoinst_files/system.protoinst
WARNING: [Wavedata 42-558] Couldn't load one or more protocol instances from protoinst file protoinst_files/system.protoinst for the following reason(s):
There are no instances of module "system" in the design.

Time resolution is 1 ps
open_wave_config {C:/Users/Gaming/Documents/fpga_projects/RedPitaya/prj/v0.94/Red Pitaya Projects/slow_piezo_pid/slow_piezo_pid.srcs/sim_1/imports/DAC_ACD_test_project/test_bench_behav.wcfg}
source test_bench.tcl
# set curr_wave [current_wave_config]
# if { [string length $curr_wave] == 0 } {
#   if { [llength [get_objects]] > 0} {
#     add_wave /
#     set_property needs_save false [current_wave_config]
#   } else {
#      send_msg_id Add_Wave-1 WARNING "No top level signals found. Simulator will start without a wave window. If you want to open a wave window go to 'File->New Waveform Configuration' or type 'create_wave_config' in the TCL console."
#   }
# }
# log_wave -r /
# run 2000ns
[120000] System Reset complete. Applying Arm signal...
[164000] Firing Master Trigger to Ramp Generator...
[172000] EVENT: Cascaded Trigger fired by Ramp Gen.
[348000] EVENT: Threshold Crossed (Rising Edge). Peak 1 detected.
[908000] EVENT: Threshold Crossed (Rising Edge). Peak 2 detected.
[1308000] EVENT: Threshold Crossed (Rising Edge). Peak 3 detected.
[1628000] EVENT: Threshold Crossed (Rising Edge). Peak 4 detected.
[1788000] EVENT: Cascaded Trigger fired by Ramp Gen.
[1788000] --------------------------------------------------
[1788000] Sequence Completed! (Second trigger pulse received)
--------------------------------------------------
Expected Delays: 20, 90, 140, 180
Recorded TS_1  : 21 clock cycles
Recorded TS_2  : 91 clock cycles
Recorded TS_3  : 141 clock cycles
Recorded TS_4  : 181 clock cycles
--------------------------------------------------
$finish called at time : 1888 ns : File "C:/Users/Gaming/Documents/fpga_projects/RedPitaya/prj/v0.94/Red Pitaya Projects/slow_piezo_pid/slow_piezo_pid.srcs/sim_1/new/test_bench.sv" Line 171
xsim: Time (s): cpu = 00:00:08 ; elapsed = 00:00:06 . Memory (MB): peak = 3377.199 ; gain = 0.000
INFO: [USF-XSim-96] XSim completed. Design snapshot 'test_bench_behav' loaded.
INFO: [USF-XSim-97] XSim simulation ran for 2000ns
launch_simulation: Time (s): cpu = 00:00:11 ; elapsed = 00:00:19 . Memory (MB): peak = 3377.199 ; gain = 0.000
run 10 us
[3388000] EVENT: Cascaded Trigger fired by Ramp Gen.
[3564000] EVENT: Threshold Crossed (Rising Edge). Peak 1 detected.
[4124000] EVENT: Threshold Crossed (Rising Edge). Peak 2 detected.
[4524000] EVENT: Threshold Crossed (Rising Edge). Peak 3 detected.
[4844000] EVENT: Threshold Crossed (Rising Edge). Peak 4 detected.
[4988000] EVENT: Cascaded Trigger fired by Ramp Gen.
[6588000] EVENT: Cascaded Trigger fired by Ramp Gen.
[6764000] EVENT: Threshold Crossed (Rising Edge). Peak 1 detected.
[7324000] EVENT: Threshold Crossed (Rising Edge). Peak 2 detected.
[7724000] EVENT: Threshold Crossed (Rising Edge). Peak 3 detected.
[8044000] EVENT: Threshold Crossed (Rising Edge). Peak 4 detected.
[8188000] EVENT: Cascaded Trigger fired by Ramp Gen.
[9788000] EVENT: Cascaded Trigger fired by Ramp Gen.
[9964000] EVENT: Threshold Crossed (Rising Edge). Peak 1 detected.
[10524000] EVENT: Threshold Crossed (Rising Edge). Peak 2 detected.
[10924000] EVENT: Threshold Crossed (Rising Edge). Peak 3 detected.
[11244000] EVENT: Threshold Crossed (Rising Edge). Peak 4 detected.
[11388000] EVENT: Cascaded Trigger fired by Ramp Gen.
run 10 us
[12988000] EVENT: Cascaded Trigger fired by Ramp Gen.
[13164000] EVENT: Threshold Crossed (Rising Edge). Peak 1 detected.
[13724000] EVENT: Threshold Crossed (Rising Edge). Peak 2 detected.
[14124000] EVENT: Threshold Crossed (Rising Edge). Peak 3 detected.
[14444000] EVENT: Threshold Crossed (Rising Edge). Peak 4 detected.
[14588000] EVENT: Cascaded Trigger fired by Ramp Gen.
[16188000] EVENT: Cascaded Trigger fired by Ramp Gen.
[16364000] EVENT: Threshold Crossed (Rising Edge). Peak 1 detected.
[16924000] EVENT: Threshold Crossed (Rising Edge). Peak 2 detected.
[17324000] EVENT: Threshold Crossed (Rising Edge). Peak 3 detected.
[17644000] EVENT: Threshold Crossed (Rising Edge). Peak 4 detected.
[17788000] EVENT: Cascaded Trigger fired by Ramp Gen.
[19388000] EVENT: Cascaded Trigger fired by Ramp Gen.
[19564000] EVENT: Threshold Crossed (Rising Edge). Peak 1 detected.
[20124000] EVENT: Threshold Crossed (Rising Edge). Peak 2 detected.
[20524000] EVENT: Threshold Crossed (Rising Edge). Peak 3 detected.
[20844000] EVENT: Threshold Crossed (Rising Edge). Peak 4 detected.
[20988000] EVENT: Cascaded Trigger fired by Ramp Gen.
run 10 us
[22588000] EVENT: Cascaded Trigger fired by Ramp Gen.
[22764000] EVENT: Threshold Crossed (Rising Edge). Peak 1 detected.
[23324000] EVENT: Threshold Crossed (Rising Edge). Peak 2 detected.
[23724000] EVENT: Threshold Crossed (Rising Edge). Peak 3 detected.
[24044000] EVENT: Threshold Crossed (Rising Edge). Peak 4 detected.
[24188000] EVENT: Cascaded Trigger fired by Ramp Gen.
[25788000] EVENT: Cascaded Trigger fired by Ramp Gen.
[25964000] EVENT: Threshold Crossed (Rising Edge). Peak 1 detected.
[26524000] EVENT: Threshold Crossed (Rising Edge). Peak 2 detected.
[26924000] EVENT: Threshold Crossed (Rising Edge). Peak 3 detected.
[27244000] EVENT: Threshold Crossed (Rising Edge). Peak 4 detected.
[27388000] EVENT: Cascaded Trigger fired by Ramp Gen.
[28988000] EVENT: Cascaded Trigger fired by Ramp Gen.
[29164000] EVENT: Threshold Crossed (Rising Edge). Peak 1 detected.
[29724000] EVENT: Threshold Crossed (Rising Edge). Peak 2 detected.
[30124000] EVENT: Threshold Crossed (Rising Edge). Peak 3 detected.
[30444000] EVENT: Threshold Crossed (Rising Edge). Peak 4 detected.
[30588000] EVENT: Cascaded Trigger fired by Ramp Gen.
run 10 us
[32188000] EVENT: Cascaded Trigger fired by Ramp Gen.
[32364000] EVENT: Threshold Crossed (Rising Edge). Peak 1 detected.
[32924000] EVENT: Threshold Crossed (Rising Edge). Peak 2 detected.
[33324000] EVENT: Threshold Crossed (Rising Edge). Peak 3 detected.
[33644000] EVENT: Threshold Crossed (Rising Edge). Peak 4 detected.
[33788000] EVENT: Cascaded Trigger fired by Ramp Gen.
[35388000] EVENT: Cascaded Trigger fired by Ramp Gen.
[35564000] EVENT: Threshold Crossed (Rising Edge). Peak 1 detected.
[36124000] EVENT: Threshold Crossed (Rising Edge). Peak 2 detected.
[36524000] EVENT: Threshold Crossed (Rising Edge). Peak 3 detected.
[36844000] EVENT: Threshold Crossed (Rising Edge). Peak 4 detected.
[36988000] EVENT: Cascaded Trigger fired by Ramp Gen.
[38588000] EVENT: Cascaded Trigger fired by Ramp Gen.
[38764000] EVENT: Threshold Crossed (Rising Edge). Peak 1 detected.
[39324000] EVENT: Threshold Crossed (Rising Edge). Peak 2 detected.
[39724000] EVENT: Threshold Crossed (Rising Edge). Peak 3 detected.
[40044000] EVENT: Threshold Crossed (Rising Edge). Peak 4 detected.
[40188000] EVENT: Cascaded Trigger fired by Ramp Gen.
[41788000] EVENT: Cascaded Trigger fired by Ramp Gen.
close_sim
INFO: [Simtcl 6-16] Simulation closed
launch_simulation
Command: launch_simulation 
INFO: [Vivado 12-5698] Checking validity of IPs in the design for the 'XSim' simulator...
INFO: [Vivado 12-5682] Launching behavioral simulation in 'C:/Users/Gaming/Documents/fpga_projects/RedPitaya/prj/v0.94/Red Pitaya Projects/slow_piezo_pid/slow_piezo_pid.sim/sim_1/behav/xsim'
INFO: [Vivado 12-4795] Using compiled simulation libraries for IPs
INFO: [SIM-utils-51] Simulation object is 'sim_1'
INFO: [USF-XSim-7] Finding pre-compiled libraries...
INFO: [USF-XSim-11] File 'C:/Xilinx/Vivado/2020.1/data/xsim/xsim.ini' copied to run dir:'C:/Users/Gaming/Documents/fpga_projects/RedPitaya/prj/v0.94/Red Pitaya Projects/slow_piezo_pid/slow_piezo_pid.sim/sim_1/behav/xsim'
INFO: [SIM-utils-20] The project contains locked or custom IPs. The pre-compiled version of these IPs will not be referenced and the sources from these IP libraries will be compiled locally.
INFO: [SIM-utils-54] Inspecting design source files for 'test_bench' in fileset 'sim_1'...
INFO: [USF-XSim-97] Finding global include files...
INFO: [USF-XSim-98] Fetching design files from 'sim_1'...
INFO: [USF-XSim-2] XSim::Compile design
INFO: [USF-XSim-61] Executing 'COMPILE and ANALYZE' step in 'C:/Users/Gaming/Documents/fpga_projects/RedPitaya/prj/v0.94/Red Pitaya Projects/slow_piezo_pid/slow_piezo_pid.sim/sim_1/behav/xsim'
"xvlog --incr --relax -L axi_vip_v1_1_7 -L processing_system7_vip_v1_0_9 -L xilinx_vip -prj test_bench_vlog.prj"
INFO: [VRFC 10-2263] Analyzing SystemVerilog file "C:/Users/Gaming/Documents/fpga_projects/RedPitaya/prj/v0.94/Red Pitaya Projects/slow_piezo_pid/slow_piezo_pid.srcs/sources_1/new/ramp_logic.sv" into library xil_defaultlib
INFO: [VRFC 10-311] analyzing module ramp_logic
INFO: [VRFC 10-2263] Analyzing SystemVerilog file "C:/Users/Gaming/Documents/fpga_projects/RedPitaya/prj/v0.94/Red Pitaya Projects/slow_piezo_pid/slow_piezo_pid.srcs/sources_1/new/test_peak_logic.sv" into library xil_defaultlib
INFO: [VRFC 10-311] analyzing module test_peak_logic
INFO: [VRFC 10-2263] Analyzing SystemVerilog file "C:/Users/Gaming/Documents/fpga_projects/RedPitaya/prj/v0.94/Red Pitaya Projects/slow_piezo_pid/slow_piezo_pid.srcs/sources_1/new/timestamp_logic.sv" into library xil_defaultlib
INFO: [VRFC 10-311] analyzing module timestamp_logic
INFO: [VRFC 10-2263] Analyzing SystemVerilog file "C:/Users/Gaming/Documents/fpga_projects/RedPitaya/prj/v0.94/Red Pitaya Projects/slow_piezo_pid/slow_piezo_pid.srcs/sim_1/new/test_bench.sv" into library xil_defaultlib
INFO: [VRFC 10-311] analyzing module test_bench
INFO: [USF-XSim-69] 'compile' step finished in '1' seconds
INFO: [USF-XSim-3] XSim::Elaborate design
INFO: [USF-XSim-61] Executing 'ELABORATE' step in 'C:/Users/Gaming/Documents/fpga_projects/RedPitaya/prj/v0.94/Red Pitaya Projects/slow_piezo_pid/slow_piezo_pid.sim/sim_1/behav/xsim'
"xelab -wto ca85e7d1034d4183a416887cfebcffad --incr --debug typical --relax --mt 2 -L xil_defaultlib -L xilinx_vip -L unisims_ver -L unimacro_ver -L secureip -L xpm --snapshot test_bench_behav xil_defaultlib.test_bench xil_defaultlib.glbl -log elaborate.log"
Vivado Simulator 2020.1
Copyright 1986-1999, 2001-2020 Xilinx, Inc. All Rights Reserved.
Running: C:/Xilinx/Vivado/2020.1/bin/unwrapped/win64.o/xelab.exe -wto ca85e7d1034d4183a416887cfebcffad --incr --debug typical --relax --mt 2 -L xil_defaultlib -L xilinx_vip -L unisims_ver -L unimacro_ver -L secureip -L xpm --snapshot test_bench_behav xil_defaultlib.test_bench xil_defaultlib.glbl -log elaborate.log 
Using 2 slave threads.
Starting static elaboration
Pass Through NonSizing Optimizer
Completed static elaboration
Starting simulation data flow analysis
WARNING: [XSIM 43-4099] "C:/Users/Gaming/Documents/fpga_projects/RedPitaya/prj/v0.94/Red Pitaya Projects/slow_piezo_pid/slow_piezo_pid.srcs/sources_1/new/ramp_logic.sv" Line 4. Module ramp_logic doesn't have a timescale but at least one module in design has a timescale.
WARNING: [XSIM 43-4099] "C:/Users/Gaming/Documents/fpga_projects/RedPitaya/prj/v0.94/Red Pitaya Projects/slow_piezo_pid/slow_piezo_pid.srcs/sources_1/new/test_peak_logic.sv" Line 4. Module test_peak_logic doesn't have a timescale but at least one module in design has a timescale.
WARNING: [XSIM 43-4099] "C:/Users/Gaming/Documents/fpga_projects/RedPitaya/prj/v0.94/Red Pitaya Projects/slow_piezo_pid/slow_piezo_pid.srcs/sources_1/new/timestamp_logic.sv" Line 4. Module timestamp_logic doesn't have a timescale but at least one module in design has a timescale.
WARNING: [XSIM 43-4099] "C:/Users/Gaming/Documents/fpga_projects/RedPitaya/prj/v0.94/Red Pitaya Projects/slow_piezo_pid/slow_piezo_pid.srcs/sources_1/new/ramp_logic.sv" Line 4. Module ramp_logic doesn't have a timescale but at least one module in design has a timescale.
WARNING: [XSIM 43-4099] "C:/Users/Gaming/Documents/fpga_projects/RedPitaya/prj/v0.94/Red Pitaya Projects/slow_piezo_pid/slow_piezo_pid.srcs/sources_1/new/test_peak_logic.sv" Line 4. Module test_peak_logic doesn't have a timescale but at least one module in design has a timescale.
WARNING: [XSIM 43-4099] "C:/Users/Gaming/Documents/fpga_projects/RedPitaya/prj/v0.94/Red Pitaya Projects/slow_piezo_pid/slow_piezo_pid.srcs/sources_1/new/timestamp_logic.sv" Line 4. Module timestamp_logic doesn't have a timescale but at least one module in design has a timescale.
Completed simulation data flow analysis
Time Resolution for simulation is 1ps
Compiling module xil_defaultlib.ramp_logic
Compiling module xil_defaultlib.test_peak_logic
Compiling module xil_defaultlib.timestamp_logic
Compiling module xil_defaultlib.test_bench
Compiling module xil_defaultlib.glbl
Built simulation snapshot test_bench_behav
INFO: [USF-XSim-69] 'elaborate' step finished in '1' seconds
INFO: [USF-XSim-4] XSim::Simulate design
INFO: [USF-XSim-61] Executing 'SIMULATE' step in 'C:/Users/Gaming/Documents/fpga_projects/RedPitaya/prj/v0.94/Red Pitaya Projects/slow_piezo_pid/slow_piezo_pid.sim/sim_1/behav/xsim'
INFO: [USF-XSim-98] *** Running xsim
   with args "test_bench_behav -key {Behavioral:sim_1:Functional:test_bench} -tclbatch {test_bench.tcl} -protoinst "protoinst_files/system.protoinst" -view {{C:/Users/Gaming/Documents/fpga_projects/RedPitaya/prj/v0.94/Red Pitaya Projects/slow_piezo_pid/slow_piezo_pid.srcs/sim_1/imports/DAC_ACD_test_project/test_bench_behav.wcfg}} -log {simulate.log}"
INFO: [USF-XSim-8] Loading simulator feature
Vivado Simulator 2020.1
INFO: [Wavedata 42-565] Reading protoinst file protoinst_files/system.protoinst
WARNING: [Wavedata 42-558] Couldn't load one or more protocol instances from protoinst file protoinst_files/system.protoinst for the following reason(s):
There are no instances of module "system" in the design.

Time resolution is 1 ps
open_wave_config {C:/Users/Gaming/Documents/fpga_projects/RedPitaya/prj/v0.94/Red Pitaya Projects/slow_piezo_pid/slow_piezo_pid.srcs/sim_1/imports/DAC_ACD_test_project/test_bench_behav.wcfg}
source test_bench.tcl
# set curr_wave [current_wave_config]
# if { [string length $curr_wave] == 0 } {
#   if { [llength [get_objects]] > 0} {
#     add_wave /
#     set_property needs_save false [current_wave_config]
#   } else {
#      send_msg_id Add_Wave-1 WARNING "No top level signals found. Simulator will start without a wave window. If you want to open a wave window go to 'File->New Waveform Configuration' or type 'create_wave_config' in the TCL console."
#   }
# }
# log_wave -r /
# run 2000ns
[120000] System Reset complete. Applying Arm signal...
[164000] Firing Master Trigger to Ramp Generator...
[172000] EVENT: Cascaded Trigger fired by Ramp Gen.
[348000] EVENT: Threshold Crossed (Rising Edge). Peak 1 detected.
[908000] EVENT: Threshold Crossed (Rising Edge). Peak 2 detected.
[1308000] EVENT: Threshold Crossed (Rising Edge). Peak 3 detected.
[1628000] EVENT: Threshold Crossed (Rising Edge). Peak 4 detected.
[1788000] EVENT: Cascaded Trigger fired by Ramp Gen.
[1788000] --------------------------------------------------
[1788000] Sequence Completed! (Second trigger pulse received)
--------------------------------------------------
Expected Delays: 20, 90, 140, 180
Recorded TS_1  : 21 clock cycles
Recorded TS_2  : 91 clock cycles
Recorded TS_3  : 141 clock cycles
Recorded TS_4  : 181 clock cycles
--------------------------------------------------
xsim: Time (s): cpu = 00:00:04 ; elapsed = 00:00:05 . Memory (MB): peak = 3377.199 ; gain = 0.000
INFO: [USF-XSim-96] XSim completed. Design snapshot 'test_bench_behav' loaded.
INFO: [USF-XSim-97] XSim simulation ran for 2000ns
launch_simulation: Time (s): cpu = 00:00:07 ; elapsed = 00:00:09 . Memory (MB): peak = 3377.199 ; gain = 0.000
run 10 us
[3388000] EVENT: Cascaded Trigger fired by Ramp Gen.
[3564000] EVENT: Threshold Crossed (Rising Edge). Peak 1 detected.
[4124000] EVENT: Threshold Crossed (Rising Edge). Peak 2 detected.
[4524000] EVENT: Threshold Crossed (Rising Edge). Peak 3 detected.
[4844000] EVENT: Threshold Crossed (Rising Edge). Peak 4 detected.
[4988000] EVENT: Cascaded Trigger fired by Ramp Gen.
[6588000] EVENT: Cascaded Trigger fired by Ramp Gen.
[6764000] EVENT: Threshold Crossed (Rising Edge). Peak 1 detected.
$finish called at time : 11788 ns : File "C:/Users/Gaming/Documents/fpga_projects/RedPitaya/prj/v0.94/Red Pitaya Projects/slow_piezo_pid/slow_piezo_pid.srcs/sim_1/new/test_bench.sv" Line 174
close_sim
INFO: [Simtcl 6-16] Simulation closed
launch_simulation
Command: launch_simulation 
INFO: [Vivado 12-5698] Checking validity of IPs in the design for the 'XSim' simulator...
INFO: [Vivado 12-5682] Launching behavioral simulation in 'C:/Users/Gaming/Documents/fpga_projects/RedPitaya/prj/v0.94/Red Pitaya Projects/slow_piezo_pid/slow_piezo_pid.sim/sim_1/behav/xsim'
INFO: [Vivado 12-4795] Using compiled simulation libraries for IPs
INFO: [SIM-utils-51] Simulation object is 'sim_1'
INFO: [USF-XSim-7] Finding pre-compiled libraries...
INFO: [USF-XSim-11] File 'C:/Xilinx/Vivado/2020.1/data/xsim/xsim.ini' copied to run dir:'C:/Users/Gaming/Documents/fpga_projects/RedPitaya/prj/v0.94/Red Pitaya Projects/slow_piezo_pid/slow_piezo_pid.sim/sim_1/behav/xsim'
INFO: [SIM-utils-20] The project contains locked or custom IPs. The pre-compiled version of these IPs will not be referenced and the sources from these IP libraries will be compiled locally.
INFO: [SIM-utils-54] Inspecting design source files for 'test_bench' in fileset 'sim_1'...
INFO: [USF-XSim-97] Finding global include files...
INFO: [USF-XSim-98] Fetching design files from 'sim_1'...
INFO: [USF-XSim-2] XSim::Compile design
INFO: [USF-XSim-61] Executing 'COMPILE and ANALYZE' step in 'C:/Users/Gaming/Documents/fpga_projects/RedPitaya/prj/v0.94/Red Pitaya Projects/slow_piezo_pid/slow_piezo_pid.sim/sim_1/behav/xsim'
"xvlog --incr --relax -L axi_vip_v1_1_7 -L processing_system7_vip_v1_0_9 -L xilinx_vip -prj test_bench_vlog.prj"
INFO: [VRFC 10-2263] Analyzing SystemVerilog file "C:/Users/Gaming/Documents/fpga_projects/RedPitaya/prj/v0.94/Red Pitaya Projects/slow_piezo_pid/slow_piezo_pid.srcs/sources_1/new/ramp_logic.sv" into library xil_defaultlib
INFO: [VRFC 10-311] analyzing module ramp_logic
INFO: [VRFC 10-2263] Analyzing SystemVerilog file "C:/Users/Gaming/Documents/fpga_projects/RedPitaya/prj/v0.94/Red Pitaya Projects/slow_piezo_pid/slow_piezo_pid.srcs/sources_1/new/test_peak_logic.sv" into library xil_defaultlib
INFO: [VRFC 10-311] analyzing module test_peak_logic
INFO: [VRFC 10-2263] Analyzing SystemVerilog file "C:/Users/Gaming/Documents/fpga_projects/RedPitaya/prj/v0.94/Red Pitaya Projects/slow_piezo_pid/slow_piezo_pid.srcs/sources_1/new/timestamp_logic.sv" into library xil_defaultlib
INFO: [VRFC 10-311] analyzing module timestamp_logic
INFO: [VRFC 10-2263] Analyzing SystemVerilog file "C:/Users/Gaming/Documents/fpga_projects/RedPitaya/prj/v0.94/Red Pitaya Projects/slow_piezo_pid/slow_piezo_pid.srcs/sim_1/new/test_bench.sv" into library xil_defaultlib
INFO: [VRFC 10-311] analyzing module test_bench
INFO: [USF-XSim-69] 'compile' step finished in '1' seconds
INFO: [USF-XSim-3] XSim::Elaborate design
INFO: [USF-XSim-61] Executing 'ELABORATE' step in 'C:/Users/Gaming/Documents/fpga_projects/RedPitaya/prj/v0.94/Red Pitaya Projects/slow_piezo_pid/slow_piezo_pid.sim/sim_1/behav/xsim'
"xelab -wto ca85e7d1034d4183a416887cfebcffad --incr --debug typical --relax --mt 2 -L xil_defaultlib -L xilinx_vip -L unisims_ver -L unimacro_ver -L secureip -L xpm --snapshot test_bench_behav xil_defaultlib.test_bench xil_defaultlib.glbl -log elaborate.log"
Vivado Simulator 2020.1
Copyright 1986-1999, 2001-2020 Xilinx, Inc. All Rights Reserved.
Running: C:/Xilinx/Vivado/2020.1/bin/unwrapped/win64.o/xelab.exe -wto ca85e7d1034d4183a416887cfebcffad --incr --debug typical --relax --mt 2 -L xil_defaultlib -L xilinx_vip -L unisims_ver -L unimacro_ver -L secureip -L xpm --snapshot test_bench_behav xil_defaultlib.test_bench xil_defaultlib.glbl -log elaborate.log 
Using 2 slave threads.
Starting static elaboration
Pass Through NonSizing Optimizer
Completed static elaboration
Starting simulation data flow analysis
WARNING: [XSIM 43-4099] "C:/Users/Gaming/Documents/fpga_projects/RedPitaya/prj/v0.94/Red Pitaya Projects/slow_piezo_pid/slow_piezo_pid.srcs/sources_1/new/ramp_logic.sv" Line 4. Module ramp_logic doesn't have a timescale but at least one module in design has a timescale.
WARNING: [XSIM 43-4099] "C:/Users/Gaming/Documents/fpga_projects/RedPitaya/prj/v0.94/Red Pitaya Projects/slow_piezo_pid/slow_piezo_pid.srcs/sources_1/new/test_peak_logic.sv" Line 4. Module test_peak_logic doesn't have a timescale but at least one module in design has a timescale.
WARNING: [XSIM 43-4099] "C:/Users/Gaming/Documents/fpga_projects/RedPitaya/prj/v0.94/Red Pitaya Projects/slow_piezo_pid/slow_piezo_pid.srcs/sources_1/new/timestamp_logic.sv" Line 4. Module timestamp_logic doesn't have a timescale but at least one module in design has a timescale.
WARNING: [XSIM 43-4099] "C:/Users/Gaming/Documents/fpga_projects/RedPitaya/prj/v0.94/Red Pitaya Projects/slow_piezo_pid/slow_piezo_pid.srcs/sources_1/new/ramp_logic.sv" Line 4. Module ramp_logic doesn't have a timescale but at least one module in design has a timescale.
WARNING: [XSIM 43-4099] "C:/Users/Gaming/Documents/fpga_projects/RedPitaya/prj/v0.94/Red Pitaya Projects/slow_piezo_pid/slow_piezo_pid.srcs/sources_1/new/test_peak_logic.sv" Line 4. Module test_peak_logic doesn't have a timescale but at least one module in design has a timescale.
WARNING: [XSIM 43-4099] "C:/Users/Gaming/Documents/fpga_projects/RedPitaya/prj/v0.94/Red Pitaya Projects/slow_piezo_pid/slow_piezo_pid.srcs/sources_1/new/timestamp_logic.sv" Line 4. Module timestamp_logic doesn't have a timescale but at least one module in design has a timescale.
Completed simulation data flow analysis
Time Resolution for simulation is 1ps
Compiling module xil_defaultlib.ramp_logic
Compiling module xil_defaultlib.test_peak_logic
Compiling module xil_defaultlib.timestamp_logic
Compiling module xil_defaultlib.test_bench
Compiling module xil_defaultlib.glbl
Built simulation snapshot test_bench_behav
INFO: [USF-XSim-69] 'elaborate' step finished in '2' seconds
INFO: [USF-XSim-4] XSim::Simulate design
INFO: [USF-XSim-61] Executing 'SIMULATE' step in 'C:/Users/Gaming/Documents/fpga_projects/RedPitaya/prj/v0.94/Red Pitaya Projects/slow_piezo_pid/slow_piezo_pid.sim/sim_1/behav/xsim'
INFO: [USF-XSim-98] *** Running xsim
   with args "test_bench_behav -key {Behavioral:sim_1:Functional:test_bench} -tclbatch {test_bench.tcl} -protoinst "protoinst_files/system.protoinst" -view {{C:/Users/Gaming/Documents/fpga_projects/RedPitaya/prj/v0.94/Red Pitaya Projects/slow_piezo_pid/slow_piezo_pid.srcs/sim_1/imports/DAC_ACD_test_project/test_bench_behav.wcfg}} -log {simulate.log}"
INFO: [USF-XSim-8] Loading simulator feature
Vivado Simulator 2020.1
INFO: [Wavedata 42-565] Reading protoinst file protoinst_files/system.protoinst
WARNING: [Wavedata 42-558] Couldn't load one or more protocol instances from protoinst file protoinst_files/system.protoinst for the following reason(s):
There are no instances of module "system" in the design.

Time resolution is 1 ps
open_wave_config {C:/Users/Gaming/Documents/fpga_projects/RedPitaya/prj/v0.94/Red Pitaya Projects/slow_piezo_pid/slow_piezo_pid.srcs/sim_1/imports/DAC_ACD_test_project/test_bench_behav.wcfg}
source test_bench.tcl
# set curr_wave [current_wave_config]
# if { [string length $curr_wave] == 0 } {
#   if { [llength [get_objects]] > 0} {
#     add_wave /
#     set_property needs_save false [current_wave_config]
#   } else {
#      send_msg_id Add_Wave-1 WARNING "No top level signals found. Simulator will start without a wave window. If you want to open a wave window go to 'File->New Waveform Configuration' or type 'create_wave_config' in the TCL console."
#   }
# }
# log_wave -r /
# run 2000ns
[120000] System Reset complete. Applying Arm signal...
[164000] Firing Master Trigger to Ramp Generator...
[172000] EVENT: Cascaded Trigger fired by Ramp Gen.
[348000] EVENT: Threshold Crossed (Rising Edge). Peak 1 detected.
[908000] EVENT: Threshold Crossed (Rising Edge). Peak 2 detected.
[1308000] EVENT: Threshold Crossed (Rising Edge). Peak 3 detected.
[1628000] EVENT: Threshold Crossed (Rising Edge). Peak 4 detected.
[1788000] EVENT: Cascaded Trigger fired by Ramp Gen.
[1788000] --------------------------------------------------
[1788000] Sequence Completed! (Second trigger pulse received)
--------------------------------------------------
Expected Delays: 20, 90, 140, 180
Recorded TS_1  : 21 clock cycles
Recorded TS_2  : 91 clock cycles
Recorded TS_3  : 141 clock cycles
Recorded TS_4  : 181 clock cycles
--------------------------------------------------
INFO: [USF-XSim-96] XSim completed. Design snapshot 'test_bench_behav' loaded.
INFO: [USF-XSim-97] XSim simulation ran for 2000ns
launch_simulation: Time (s): cpu = 00:00:04 ; elapsed = 00:00:08 . Memory (MB): peak = 3377.199 ; gain = 0.000
run 10 us
[3388000] EVENT: Cascaded Trigger fired by Ramp Gen.
[3564000] EVENT: Threshold Crossed (Rising Edge). Peak 1 detected.
[4124000] EVENT: Threshold Crossed (Rising Edge). Peak 2 detected.
[4524000] EVENT: Threshold Crossed (Rising Edge). Peak 3 detected.
[4844000] EVENT: Threshold Crossed (Rising Edge). Peak 4 detected.
[4988000] EVENT: Cascaded Trigger fired by Ramp Gen.
[6588000] EVENT: Cascaded Trigger fired by Ramp Gen.
[6764000] EVENT: Threshold Crossed (Rising Edge). Peak 1 detected.
[7324000] EVENT: Threshold Crossed (Rising Edge). Peak 2 detected.
[7724000] EVENT: Threshold Crossed (Rising Edge). Peak 3 detected.
[8044000] EVENT: Threshold Crossed (Rising Edge). Peak 4 detected.
[8188000] EVENT: Cascaded Trigger fired by Ramp Gen.
close_sim
INFO: [Simtcl 6-16] Simulation closed
launch_simulation
Command: launch_simulation 
INFO: [Vivado 12-5698] Checking validity of IPs in the design for the 'XSim' simulator...
INFO: [Vivado 12-5682] Launching behavioral simulation in 'C:/Users/Gaming/Documents/fpga_projects/RedPitaya/prj/v0.94/Red Pitaya Projects/slow_piezo_pid/slow_piezo_pid.sim/sim_1/behav/xsim'
INFO: [Vivado 12-4795] Using compiled simulation libraries for IPs
INFO: [SIM-utils-51] Simulation object is 'sim_1'
INFO: [USF-XSim-7] Finding pre-compiled libraries...
INFO: [USF-XSim-11] File 'C:/Xilinx/Vivado/2020.1/data/xsim/xsim.ini' copied to run dir:'C:/Users/Gaming/Documents/fpga_projects/RedPitaya/prj/v0.94/Red Pitaya Projects/slow_piezo_pid/slow_piezo_pid.sim/sim_1/behav/xsim'
INFO: [SIM-utils-20] The project contains locked or custom IPs. The pre-compiled version of these IPs will not be referenced and the sources from these IP libraries will be compiled locally.
INFO: [SIM-utils-54] Inspecting design source files for 'test_bench' in fileset 'sim_1'...
INFO: [USF-XSim-97] Finding global include files...
INFO: [USF-XSim-98] Fetching design files from 'sim_1'...
INFO: [USF-XSim-2] XSim::Compile design
INFO: [USF-XSim-61] Executing 'COMPILE and ANALYZE' step in 'C:/Users/Gaming/Documents/fpga_projects/RedPitaya/prj/v0.94/Red Pitaya Projects/slow_piezo_pid/slow_piezo_pid.sim/sim_1/behav/xsim'
"xvlog --incr --relax -L axi_vip_v1_1_7 -L processing_system7_vip_v1_0_9 -L xilinx_vip -prj test_bench_vlog.prj"
INFO: [VRFC 10-2263] Analyzing SystemVerilog file "C:/Users/Gaming/Documents/fpga_projects/RedPitaya/prj/v0.94/Red Pitaya Projects/slow_piezo_pid/slow_piezo_pid.srcs/sources_1/new/ramp_logic.sv" into library xil_defaultlib
INFO: [VRFC 10-311] analyzing module ramp_logic
INFO: [VRFC 10-2263] Analyzing SystemVerilog file "C:/Users/Gaming/Documents/fpga_projects/RedPitaya/prj/v0.94/Red Pitaya Projects/slow_piezo_pid/slow_piezo_pid.srcs/sources_1/new/test_peak_logic.sv" into library xil_defaultlib
INFO: [VRFC 10-311] analyzing module test_peak_logic
INFO: [VRFC 10-2263] Analyzing SystemVerilog file "C:/Users/Gaming/Documents/fpga_projects/RedPitaya/prj/v0.94/Red Pitaya Projects/slow_piezo_pid/slow_piezo_pid.srcs/sources_1/new/timestamp_logic.sv" into library xil_defaultlib
INFO: [VRFC 10-311] analyzing module timestamp_logic
INFO: [VRFC 10-2263] Analyzing SystemVerilog file "C:/Users/Gaming/Documents/fpga_projects/RedPitaya/prj/v0.94/Red Pitaya Projects/slow_piezo_pid/slow_piezo_pid.srcs/sim_1/new/test_bench.sv" into library xil_defaultlib
INFO: [VRFC 10-311] analyzing module test_bench
INFO: [USF-XSim-69] 'compile' step finished in '2' seconds
INFO: [USF-XSim-3] XSim::Elaborate design
INFO: [USF-XSim-61] Executing 'ELABORATE' step in 'C:/Users/Gaming/Documents/fpga_projects/RedPitaya/prj/v0.94/Red Pitaya Projects/slow_piezo_pid/slow_piezo_pid.sim/sim_1/behav/xsim'
"xelab -wto ca85e7d1034d4183a416887cfebcffad --incr --debug typical --relax --mt 2 -L xil_defaultlib -L xilinx_vip -L unisims_ver -L unimacro_ver -L secureip -L xpm --snapshot test_bench_behav xil_defaultlib.test_bench xil_defaultlib.glbl -log elaborate.log"
Vivado Simulator 2020.1
Copyright 1986-1999, 2001-2020 Xilinx, Inc. All Rights Reserved.
Running: C:/Xilinx/Vivado/2020.1/bin/unwrapped/win64.o/xelab.exe -wto ca85e7d1034d4183a416887cfebcffad --incr --debug typical --relax --mt 2 -L xil_defaultlib -L xilinx_vip -L unisims_ver -L unimacro_ver -L secureip -L xpm --snapshot test_bench_behav xil_defaultlib.test_bench xil_defaultlib.glbl -log elaborate.log 
Using 2 slave threads.
Starting static elaboration
Pass Through NonSizing Optimizer
Completed static elaboration
Starting simulation data flow analysis
WARNING: [XSIM 43-4099] "C:/Users/Gaming/Documents/fpga_projects/RedPitaya/prj/v0.94/Red Pitaya Projects/slow_piezo_pid/slow_piezo_pid.srcs/sources_1/new/ramp_logic.sv" Line 4. Module ramp_logic doesn't have a timescale but at least one module in design has a timescale.
WARNING: [XSIM 43-4099] "C:/Users/Gaming/Documents/fpga_projects/RedPitaya/prj/v0.94/Red Pitaya Projects/slow_piezo_pid/slow_piezo_pid.srcs/sources_1/new/test_peak_logic.sv" Line 4. Module test_peak_logic doesn't have a timescale but at least one module in design has a timescale.
WARNING: [XSIM 43-4099] "C:/Users/Gaming/Documents/fpga_projects/RedPitaya/prj/v0.94/Red Pitaya Projects/slow_piezo_pid/slow_piezo_pid.srcs/sources_1/new/timestamp_logic.sv" Line 4. Module timestamp_logic doesn't have a timescale but at least one module in design has a timescale.
WARNING: [XSIM 43-4099] "C:/Users/Gaming/Documents/fpga_projects/RedPitaya/prj/v0.94/Red Pitaya Projects/slow_piezo_pid/slow_piezo_pid.srcs/sources_1/new/ramp_logic.sv" Line 4. Module ramp_logic doesn't have a timescale but at least one module in design has a timescale.
WARNING: [XSIM 43-4099] "C:/Users/Gaming/Documents/fpga_projects/RedPitaya/prj/v0.94/Red Pitaya Projects/slow_piezo_pid/slow_piezo_pid.srcs/sources_1/new/test_peak_logic.sv" Line 4. Module test_peak_logic doesn't have a timescale but at least one module in design has a timescale.
WARNING: [XSIM 43-4099] "C:/Users/Gaming/Documents/fpga_projects/RedPitaya/prj/v0.94/Red Pitaya Projects/slow_piezo_pid/slow_piezo_pid.srcs/sources_1/new/timestamp_logic.sv" Line 4. Module timestamp_logic doesn't have a timescale but at least one module in design has a timescale.
Completed simulation data flow analysis
Time Resolution for simulation is 1ps
Compiling module xil_defaultlib.ramp_logic
Compiling module xil_defaultlib.test_peak_logic
Compiling module xil_defaultlib.timestamp_logic
Compiling module xil_defaultlib.test_bench
Compiling module xil_defaultlib.glbl
Built simulation snapshot test_bench_behav
INFO: [USF-XSim-69] 'elaborate' step finished in '1' seconds
INFO: [USF-XSim-4] XSim::Simulate design
INFO: [USF-XSim-61] Executing 'SIMULATE' step in 'C:/Users/Gaming/Documents/fpga_projects/RedPitaya/prj/v0.94/Red Pitaya Projects/slow_piezo_pid/slow_piezo_pid.sim/sim_1/behav/xsim'
INFO: [USF-XSim-98] *** Running xsim
   with args "test_bench_behav -key {Behavioral:sim_1:Functional:test_bench} -tclbatch {test_bench.tcl} -protoinst "protoinst_files/system.protoinst" -view {{C:/Users/Gaming/Documents/fpga_projects/RedPitaya/prj/v0.94/Red Pitaya Projects/slow_piezo_pid/slow_piezo_pid.srcs/sim_1/imports/DAC_ACD_test_project/test_bench_behav.wcfg}} -log {simulate.log}"
INFO: [USF-XSim-8] Loading simulator feature
Vivado Simulator 2020.1
INFO: [Wavedata 42-565] Reading protoinst file protoinst_files/system.protoinst
WARNING: [Wavedata 42-558] Couldn't load one or more protocol instances from protoinst file protoinst_files/system.protoinst for the following reason(s):
There are no instances of module "system" in the design.

Time resolution is 1 ps
open_wave_config {C:/Users/Gaming/Documents/fpga_projects/RedPitaya/prj/v0.94/Red Pitaya Projects/slow_piezo_pid/slow_piezo_pid.srcs/sim_1/imports/DAC_ACD_test_project/test_bench_behav.wcfg}
source test_bench.tcl
# set curr_wave [current_wave_config]
# if { [string length $curr_wave] == 0 } {
#   if { [llength [get_objects]] > 0} {
#     add_wave /
#     set_property needs_save false [current_wave_config]
#   } else {
#      send_msg_id Add_Wave-1 WARNING "No top level signals found. Simulator will start without a wave window. If you want to open a wave window go to 'File->New Waveform Configuration' or type 'create_wave_config' in the TCL console."
#   }
# }
# log_wave -r /
# run 2000ns
[120000] System Reset complete. Applying Arm signal...
[164000] Firing Master Trigger to Ramp Generator...
INFO: [USF-XSim-96] XSim completed. Design snapshot 'test_bench_behav' loaded.
INFO: [USF-XSim-97] XSim simulation ran for 2000ns
launch_simulation: Time (s): cpu = 00:00:04 ; elapsed = 00:00:08 . Memory (MB): peak = 3377.199 ; gain = 0.000
run 10 us
close_sim
INFO: [Simtcl 6-16] Simulation closed
launch_simulation
Command: launch_simulation 
INFO: [Vivado 12-5698] Checking validity of IPs in the design for the 'XSim' simulator...
INFO: [Vivado 12-5682] Launching behavioral simulation in 'C:/Users/Gaming/Documents/fpga_projects/RedPitaya/prj/v0.94/Red Pitaya Projects/slow_piezo_pid/slow_piezo_pid.sim/sim_1/behav/xsim'
INFO: [Vivado 12-4795] Using compiled simulation libraries for IPs
INFO: [SIM-utils-51] Simulation object is 'sim_1'
INFO: [USF-XSim-7] Finding pre-compiled libraries...
INFO: [USF-XSim-11] File 'C:/Xilinx/Vivado/2020.1/data/xsim/xsim.ini' copied to run dir:'C:/Users/Gaming/Documents/fpga_projects/RedPitaya/prj/v0.94/Red Pitaya Projects/slow_piezo_pid/slow_piezo_pid.sim/sim_1/behav/xsim'
INFO: [SIM-utils-20] The project contains locked or custom IPs. The pre-compiled version of these IPs will not be referenced and the sources from these IP libraries will be compiled locally.
INFO: [SIM-utils-54] Inspecting design source files for 'test_bench' in fileset 'sim_1'...
INFO: [USF-XSim-97] Finding global include files...
INFO: [USF-XSim-98] Fetching design files from 'sim_1'...
INFO: [USF-XSim-2] XSim::Compile design
INFO: [USF-XSim-61] Executing 'COMPILE and ANALYZE' step in 'C:/Users/Gaming/Documents/fpga_projects/RedPitaya/prj/v0.94/Red Pitaya Projects/slow_piezo_pid/slow_piezo_pid.sim/sim_1/behav/xsim'
"xvlog --incr --relax -L axi_vip_v1_1_7 -L processing_system7_vip_v1_0_9 -L xilinx_vip -prj test_bench_vlog.prj"
INFO: [VRFC 10-2263] Analyzing SystemVerilog file "C:/Users/Gaming/Documents/fpga_projects/RedPitaya/prj/v0.94/Red Pitaya Projects/slow_piezo_pid/slow_piezo_pid.srcs/sources_1/new/ramp_logic.sv" into library xil_defaultlib
INFO: [VRFC 10-311] analyzing module ramp_logic
INFO: [VRFC 10-2263] Analyzing SystemVerilog file "C:/Users/Gaming/Documents/fpga_projects/RedPitaya/prj/v0.94/Red Pitaya Projects/slow_piezo_pid/slow_piezo_pid.srcs/sources_1/new/test_peak_logic.sv" into library xil_defaultlib
INFO: [VRFC 10-311] analyzing module test_peak_logic
INFO: [VRFC 10-2263] Analyzing SystemVerilog file "C:/Users/Gaming/Documents/fpga_projects/RedPitaya/prj/v0.94/Red Pitaya Projects/slow_piezo_pid/slow_piezo_pid.srcs/sources_1/new/timestamp_logic.sv" into library xil_defaultlib
INFO: [VRFC 10-311] analyzing module timestamp_logic
INFO: [VRFC 10-2263] Analyzing SystemVerilog file "C:/Users/Gaming/Documents/fpga_projects/RedPitaya/prj/v0.94/Red Pitaya Projects/slow_piezo_pid/slow_piezo_pid.srcs/sim_1/new/test_bench.sv" into library xil_defaultlib
INFO: [VRFC 10-311] analyzing module test_bench
INFO: [USF-XSim-69] 'compile' step finished in '1' seconds
INFO: [USF-XSim-3] XSim::Elaborate design
INFO: [USF-XSim-61] Executing 'ELABORATE' step in 'C:/Users/Gaming/Documents/fpga_projects/RedPitaya/prj/v0.94/Red Pitaya Projects/slow_piezo_pid/slow_piezo_pid.sim/sim_1/behav/xsim'
"xelab -wto ca85e7d1034d4183a416887cfebcffad --incr --debug typical --relax --mt 2 -L xil_defaultlib -L xilinx_vip -L unisims_ver -L unimacro_ver -L secureip -L xpm --snapshot test_bench_behav xil_defaultlib.test_bench xil_defaultlib.glbl -log elaborate.log"
Vivado Simulator 2020.1
Copyright 1986-1999, 2001-2020 Xilinx, Inc. All Rights Reserved.
Running: C:/Xilinx/Vivado/2020.1/bin/unwrapped/win64.o/xelab.exe -wto ca85e7d1034d4183a416887cfebcffad --incr --debug typical --relax --mt 2 -L xil_defaultlib -L xilinx_vip -L unisims_ver -L unimacro_ver -L secureip -L xpm --snapshot test_bench_behav xil_defaultlib.test_bench xil_defaultlib.glbl -log elaborate.log 
Using 2 slave threads.
Starting static elaboration
Pass Through NonSizing Optimizer
Completed static elaboration
Starting simulation data flow analysis
WARNING: [XSIM 43-4099] "C:/Users/Gaming/Documents/fpga_projects/RedPitaya/prj/v0.94/Red Pitaya Projects/slow_piezo_pid/slow_piezo_pid.srcs/sources_1/new/ramp_logic.sv" Line 4. Module ramp_logic doesn't have a timescale but at least one module in design has a timescale.
WARNING: [XSIM 43-4099] "C:/Users/Gaming/Documents/fpga_projects/RedPitaya/prj/v0.94/Red Pitaya Projects/slow_piezo_pid/slow_piezo_pid.srcs/sources_1/new/test_peak_logic.sv" Line 4. Module test_peak_logic doesn't have a timescale but at least one module in design has a timescale.
WARNING: [XSIM 43-4099] "C:/Users/Gaming/Documents/fpga_projects/RedPitaya/prj/v0.94/Red Pitaya Projects/slow_piezo_pid/slow_piezo_pid.srcs/sources_1/new/timestamp_logic.sv" Line 4. Module timestamp_logic doesn't have a timescale but at least one module in design has a timescale.
WARNING: [XSIM 43-4099] "C:/Users/Gaming/Documents/fpga_projects/RedPitaya/prj/v0.94/Red Pitaya Projects/slow_piezo_pid/slow_piezo_pid.srcs/sources_1/new/ramp_logic.sv" Line 4. Module ramp_logic doesn't have a timescale but at least one module in design has a timescale.
WARNING: [XSIM 43-4099] "C:/Users/Gaming/Documents/fpga_projects/RedPitaya/prj/v0.94/Red Pitaya Projects/slow_piezo_pid/slow_piezo_pid.srcs/sources_1/new/test_peak_logic.sv" Line 4. Module test_peak_logic doesn't have a timescale but at least one module in design has a timescale.
WARNING: [XSIM 43-4099] "C:/Users/Gaming/Documents/fpga_projects/RedPitaya/prj/v0.94/Red Pitaya Projects/slow_piezo_pid/slow_piezo_pid.srcs/sources_1/new/timestamp_logic.sv" Line 4. Module timestamp_logic doesn't have a timescale but at least one module in design has a timescale.
Completed simulation data flow analysis
Time Resolution for simulation is 1ps
Compiling module xil_defaultlib.ramp_logic
Compiling module xil_defaultlib.test_peak_logic
Compiling module xil_defaultlib.timestamp_logic
Compiling module xil_defaultlib.test_bench
Compiling module xil_defaultlib.glbl
Built simulation snapshot test_bench_behav
INFO: [USF-XSim-69] 'elaborate' step finished in '1' seconds
INFO: [USF-XSim-4] XSim::Simulate design
INFO: [USF-XSim-61] Executing 'SIMULATE' step in 'C:/Users/Gaming/Documents/fpga_projects/RedPitaya/prj/v0.94/Red Pitaya Projects/slow_piezo_pid/slow_piezo_pid.sim/sim_1/behav/xsim'
INFO: [USF-XSim-98] *** Running xsim
   with args "test_bench_behav -key {Behavioral:sim_1:Functional:test_bench} -tclbatch {test_bench.tcl} -protoinst "protoinst_files/system.protoinst" -view {{C:/Users/Gaming/Documents/fpga_projects/RedPitaya/prj/v0.94/Red Pitaya Projects/slow_piezo_pid/slow_piezo_pid.srcs/sim_1/imports/DAC_ACD_test_project/test_bench_behav.wcfg}} -log {simulate.log}"
INFO: [USF-XSim-8] Loading simulator feature
Vivado Simulator 2020.1
INFO: [Wavedata 42-565] Reading protoinst file protoinst_files/system.protoinst
WARNING: [Wavedata 42-558] Couldn't load one or more protocol instances from protoinst file protoinst_files/system.protoinst for the following reason(s):
There are no instances of module "system" in the design.

Time resolution is 1 ps
open_wave_config {C:/Users/Gaming/Documents/fpga_projects/RedPitaya/prj/v0.94/Red Pitaya Projects/slow_piezo_pid/slow_piezo_pid.srcs/sim_1/imports/DAC_ACD_test_project/test_bench_behav.wcfg}
source test_bench.tcl
# set curr_wave [current_wave_config]
# if { [string length $curr_wave] == 0 } {
#   if { [llength [get_objects]] > 0} {
#     add_wave /
#     set_property needs_save false [current_wave_config]
#   } else {
#      send_msg_id Add_Wave-1 WARNING "No top level signals found. Simulator will start without a wave window. If you want to open a wave window go to 'File->New Waveform Configuration' or type 'create_wave_config' in the TCL console."
#   }
# }
# log_wave -r /
# run 2000ns
[120000] System Reset complete. Applying Arm signal...
[164000] Firing Master Trigger to Ramp Generator...
[172000] EVENT: Cascaded Trigger fired by Ramp Gen.
[348000] EVENT: Threshold Crossed (Rising Edge). Peak 1 detected.
[908000] EVENT: Threshold Crossed (Rising Edge). Peak 2 detected.
[1308000] EVENT: Threshold Crossed (Rising Edge). Peak 3 detected.
[1628000] EVENT: Threshold Crossed (Rising Edge). Peak 4 detected.
[1788000] EVENT: Cascaded Trigger fired by Ramp Gen.
[1964000] EVENT: Threshold Crossed (Rising Edge). Peak 5 detected.
xsim: Time (s): cpu = 00:00:05 ; elapsed = 00:00:05 . Memory (MB): peak = 3377.199 ; gain = 0.000
INFO: [USF-XSim-96] XSim completed. Design snapshot 'test_bench_behav' loaded.
INFO: [USF-XSim-97] XSim simulation ran for 2000ns
launch_simulation: Time (s): cpu = 00:00:07 ; elapsed = 00:00:09 . Memory (MB): peak = 3377.199 ; gain = 0.000
run 10 us
[2524000] EVENT: Threshold Crossed (Rising Edge). Peak 6 detected.
[2924000] EVENT: Threshold Crossed (Rising Edge). Peak 7 detected.
[3244000] EVENT: Threshold Crossed (Rising Edge). Peak 8 detected.
[3388000] EVENT: Cascaded Trigger fired by Ramp Gen.
[3388000] --------------------------------------------------
[3388000] Sequence Completed! (Third trigger pulse received, data latched)
--------------------------------------------------
Expected Delays: 20, 90, 140, 180
Recorded TS_1  : 21 clock cycles
Recorded TS_2  : 91 clock cycles
Recorded TS_3  : 141 clock cycles
Recorded TS_4  : 181 clock cycles
Recorded TS_5  : 222 clock cycles
Recorded TS_6  : 292 clock cycles
Recorded TS_7  : 342 clock cycles
Recorded TS_8  : 382 clock cycles
--------------------------------------------------
[3564000] EVENT: Threshold Crossed (Rising Edge). Peak 1 detected.
[4124000] EVENT: Threshold Crossed (Rising Edge). Peak 2 detected.
[4524000] EVENT: Threshold Crossed (Rising Edge). Peak 3 detected.
[4844000] EVENT: Threshold Crossed (Rising Edge). Peak 4 detected.
[4988000] EVENT: Cascaded Trigger fired by Ramp Gen.
[5164000] EVENT: Threshold Crossed (Rising Edge). Peak 5 detected.
[5724000] EVENT: Threshold Crossed (Rising Edge). Peak 6 detected.
[6124000] EVENT: Threshold Crossed (Rising Edge). Peak 7 detected.
[6444000] EVENT: Threshold Crossed (Rising Edge). Peak 8 detected.
[6588000] EVENT: Cascaded Trigger fired by Ramp Gen.
[6764000] EVENT: Threshold Crossed (Rising Edge). Peak 1 detected.
[7324000] EVENT: Threshold Crossed (Rising Edge). Peak 2 detected.
[7724000] EVENT: Threshold Crossed (Rising Edge). Peak 3 detected.
[8044000] EVENT: Threshold Crossed (Rising Edge). Peak 4 detected.
[8188000] EVENT: Cascaded Trigger fired by Ramp Gen.
[8364000] EVENT: Threshold Crossed (Rising Edge). Peak 5 detected.
current_wave_config {test_bench_behav.wcfg}
test_bench_behav.wcfg
add_wave {{/test_bench/ts_1}} {{/test_bench/ts_2}} {{/test_bench/ts_3}} {{/test_bench/ts_4}} {{/test_bench/ts_5}} {{/test_bench/ts_6}} {{/test_bench/ts_7}} {{/test_bench/ts_8}} 
current_wave_config {test_bench_behav.wcfg}
test_bench_behav.wcfg
add_wave {{/test_bench/dut_ramp/trigger_out}} 
save_wave_config {C:/Users/Gaming/Documents/fpga_projects/RedPitaya/prj/v0.94/Red Pitaya Projects/slow_piezo_pid/slow_piezo_pid.srcs/sim_1/imports/DAC_ACD_test_project/test_bench_behav.wcfg}
close_sim
INFO: [Simtcl 6-16] Simulation closed
launch_simulation
Command: launch_simulation 
INFO: [Vivado 12-5698] Checking validity of IPs in the design for the 'XSim' simulator...
INFO: [Vivado 12-5682] Launching behavioral simulation in 'C:/Users/Gaming/Documents/fpga_projects/RedPitaya/prj/v0.94/Red Pitaya Projects/slow_piezo_pid/slow_piezo_pid.sim/sim_1/behav/xsim'
INFO: [Vivado 12-4795] Using compiled simulation libraries for IPs
INFO: [SIM-utils-51] Simulation object is 'sim_1'
INFO: [USF-XSim-7] Finding pre-compiled libraries...
INFO: [USF-XSim-11] File 'C:/Xilinx/Vivado/2020.1/data/xsim/xsim.ini' copied to run dir:'C:/Users/Gaming/Documents/fpga_projects/RedPitaya/prj/v0.94/Red Pitaya Projects/slow_piezo_pid/slow_piezo_pid.sim/sim_1/behav/xsim'
INFO: [SIM-utils-20] The project contains locked or custom IPs. The pre-compiled version of these IPs will not be referenced and the sources from these IP libraries will be compiled locally.
INFO: [SIM-utils-54] Inspecting design source files for 'test_bench' in fileset 'sim_1'...
INFO: [USF-XSim-97] Finding global include files...
INFO: [USF-XSim-98] Fetching design files from 'sim_1'...
INFO: [USF-XSim-2] XSim::Compile design
INFO: [USF-XSim-61] Executing 'COMPILE and ANALYZE' step in 'C:/Users/Gaming/Documents/fpga_projects/RedPitaya/prj/v0.94/Red Pitaya Projects/slow_piezo_pid/slow_piezo_pid.sim/sim_1/behav/xsim'
"xvlog --incr --relax -L axi_vip_v1_1_7 -L processing_system7_vip_v1_0_9 -L xilinx_vip -prj test_bench_vlog.prj"
INFO: [VRFC 10-2263] Analyzing SystemVerilog file "C:/Users/Gaming/Documents/fpga_projects/RedPitaya/prj/v0.94/Red Pitaya Projects/slow_piezo_pid/slow_piezo_pid.srcs/sources_1/new/ramp_logic.sv" into library xil_defaultlib
INFO: [VRFC 10-311] analyzing module ramp_logic
INFO: [VRFC 10-2263] Analyzing SystemVerilog file "C:/Users/Gaming/Documents/fpga_projects/RedPitaya/prj/v0.94/Red Pitaya Projects/slow_piezo_pid/slow_piezo_pid.srcs/sources_1/new/test_peak_logic.sv" into library xil_defaultlib
INFO: [VRFC 10-311] analyzing module test_peak_logic
INFO: [VRFC 10-2263] Analyzing SystemVerilog file "C:/Users/Gaming/Documents/fpga_projects/RedPitaya/prj/v0.94/Red Pitaya Projects/slow_piezo_pid/slow_piezo_pid.srcs/sources_1/new/timestamp_logic.sv" into library xil_defaultlib
INFO: [VRFC 10-311] analyzing module timestamp_logic
INFO: [VRFC 10-2263] Analyzing SystemVerilog file "C:/Users/Gaming/Documents/fpga_projects/RedPitaya/prj/v0.94/Red Pitaya Projects/slow_piezo_pid/slow_piezo_pid.srcs/sim_1/new/test_bench.sv" into library xil_defaultlib
INFO: [VRFC 10-311] analyzing module test_bench
INFO: [USF-XSim-69] 'compile' step finished in '1' seconds
INFO: [USF-XSim-3] XSim::Elaborate design
INFO: [USF-XSim-61] Executing 'ELABORATE' step in 'C:/Users/Gaming/Documents/fpga_projects/RedPitaya/prj/v0.94/Red Pitaya Projects/slow_piezo_pid/slow_piezo_pid.sim/sim_1/behav/xsim'
"xelab -wto ca85e7d1034d4183a416887cfebcffad --incr --debug typical --relax --mt 2 -L xil_defaultlib -L xilinx_vip -L unisims_ver -L unimacro_ver -L secureip -L xpm --snapshot test_bench_behav xil_defaultlib.test_bench xil_defaultlib.glbl -log elaborate.log"
Vivado Simulator 2020.1
Copyright 1986-1999, 2001-2020 Xilinx, Inc. All Rights Reserved.
Running: C:/Xilinx/Vivado/2020.1/bin/unwrapped/win64.o/xelab.exe -wto ca85e7d1034d4183a416887cfebcffad --incr --debug typical --relax --mt 2 -L xil_defaultlib -L xilinx_vip -L unisims_ver -L unimacro_ver -L secureip -L xpm --snapshot test_bench_behav xil_defaultlib.test_bench xil_defaultlib.glbl -log elaborate.log 
Using 2 slave threads.
Starting static elaboration
Pass Through NonSizing Optimizer
Completed static elaboration
Starting simulation data flow analysis
WARNING: [XSIM 43-4099] "C:/Users/Gaming/Documents/fpga_projects/RedPitaya/prj/v0.94/Red Pitaya Projects/slow_piezo_pid/slow_piezo_pid.srcs/sources_1/new/ramp_logic.sv" Line 4. Module ramp_logic doesn't have a timescale but at least one module in design has a timescale.
WARNING: [XSIM 43-4099] "C:/Users/Gaming/Documents/fpga_projects/RedPitaya/prj/v0.94/Red Pitaya Projects/slow_piezo_pid/slow_piezo_pid.srcs/sources_1/new/test_peak_logic.sv" Line 4. Module test_peak_logic doesn't have a timescale but at least one module in design has a timescale.
WARNING: [XSIM 43-4099] "C:/Users/Gaming/Documents/fpga_projects/RedPitaya/prj/v0.94/Red Pitaya Projects/slow_piezo_pid/slow_piezo_pid.srcs/sources_1/new/timestamp_logic.sv" Line 4. Module timestamp_logic doesn't have a timescale but at least one module in design has a timescale.
WARNING: [XSIM 43-4099] "C:/Users/Gaming/Documents/fpga_projects/RedPitaya/prj/v0.94/Red Pitaya Projects/slow_piezo_pid/slow_piezo_pid.srcs/sources_1/new/ramp_logic.sv" Line 4. Module ramp_logic doesn't have a timescale but at least one module in design has a timescale.
WARNING: [XSIM 43-4099] "C:/Users/Gaming/Documents/fpga_projects/RedPitaya/prj/v0.94/Red Pitaya Projects/slow_piezo_pid/slow_piezo_pid.srcs/sources_1/new/test_peak_logic.sv" Line 4. Module test_peak_logic doesn't have a timescale but at least one module in design has a timescale.
WARNING: [XSIM 43-4099] "C:/Users/Gaming/Documents/fpga_projects/RedPitaya/prj/v0.94/Red Pitaya Projects/slow_piezo_pid/slow_piezo_pid.srcs/sources_1/new/timestamp_logic.sv" Line 4. Module timestamp_logic doesn't have a timescale but at least one module in design has a timescale.
Completed simulation data flow analysis
Time Resolution for simulation is 1ps
Compiling module xil_defaultlib.ramp_logic
Compiling module xil_defaultlib.test_peak_logic
Compiling module xil_defaultlib.timestamp_logic
Compiling module xil_defaultlib.test_bench
Compiling module xil_defaultlib.glbl
Built simulation snapshot test_bench_behav
INFO: [USF-XSim-69] 'elaborate' step finished in '2' seconds
INFO: [USF-XSim-4] XSim::Simulate design
INFO: [USF-XSim-61] Executing 'SIMULATE' step in 'C:/Users/Gaming/Documents/fpga_projects/RedPitaya/prj/v0.94/Red Pitaya Projects/slow_piezo_pid/slow_piezo_pid.sim/sim_1/behav/xsim'
INFO: [USF-XSim-98] *** Running xsim
   with args "test_bench_behav -key {Behavioral:sim_1:Functional:test_bench} -tclbatch {test_bench.tcl} -protoinst "protoinst_files/system.protoinst" -view {{C:/Users/Gaming/Documents/fpga_projects/RedPitaya/prj/v0.94/Red Pitaya Projects/slow_piezo_pid/slow_piezo_pid.srcs/sim_1/imports/DAC_ACD_test_project/test_bench_behav.wcfg}} -log {simulate.log}"
INFO: [USF-XSim-8] Loading simulator feature
Vivado Simulator 2020.1
INFO: [Wavedata 42-565] Reading protoinst file protoinst_files/system.protoinst
WARNING: [Wavedata 42-558] Couldn't load one or more protocol instances from protoinst file protoinst_files/system.protoinst for the following reason(s):
There are no instances of module "system" in the design.

Time resolution is 1 ps
open_wave_config {C:/Users/Gaming/Documents/fpga_projects/RedPitaya/prj/v0.94/Red Pitaya Projects/slow_piezo_pid/slow_piezo_pid.srcs/sim_1/imports/DAC_ACD_test_project/test_bench_behav.wcfg}
source test_bench.tcl
# set curr_wave [current_wave_config]
# if { [string length $curr_wave] == 0 } {
#   if { [llength [get_objects]] > 0} {
#     add_wave /
#     set_property needs_save false [current_wave_config]
#   } else {
#      send_msg_id Add_Wave-1 WARNING "No top level signals found. Simulator will start without a wave window. If you want to open a wave window go to 'File->New Waveform Configuration' or type 'create_wave_config' in the TCL console."
#   }
# }
# log_wave -r /
# run 2000ns
[120000] System Reset complete. Applying Arm signal...
[164000] Firing Master Trigger to Ramp Generator...
INFO: [USF-XSim-96] XSim completed. Design snapshot 'test_bench_behav' loaded.
INFO: [USF-XSim-97] XSim simulation ran for 2000ns
launch_simulation: Time (s): cpu = 00:00:04 ; elapsed = 00:00:08 . Memory (MB): peak = 3377.199 ; gain = 0.000
close_sim
INFO: [Simtcl 6-16] Simulation closed
launch_simulation
Command: launch_simulation 
INFO: [Vivado 12-5698] Checking validity of IPs in the design for the 'XSim' simulator...
INFO: [Vivado 12-5682] Launching behavioral simulation in 'C:/Users/Gaming/Documents/fpga_projects/RedPitaya/prj/v0.94/Red Pitaya Projects/slow_piezo_pid/slow_piezo_pid.sim/sim_1/behav/xsim'
INFO: [Vivado 12-4795] Using compiled simulation libraries for IPs
INFO: [SIM-utils-51] Simulation object is 'sim_1'
INFO: [USF-XSim-7] Finding pre-compiled libraries...
INFO: [USF-XSim-11] File 'C:/Xilinx/Vivado/2020.1/data/xsim/xsim.ini' copied to run dir:'C:/Users/Gaming/Documents/fpga_projects/RedPitaya/prj/v0.94/Red Pitaya Projects/slow_piezo_pid/slow_piezo_pid.sim/sim_1/behav/xsim'
INFO: [SIM-utils-20] The project contains locked or custom IPs. The pre-compiled version of these IPs will not be referenced and the sources from these IP libraries will be compiled locally.
INFO: [SIM-utils-54] Inspecting design source files for 'test_bench' in fileset 'sim_1'...
INFO: [USF-XSim-97] Finding global include files...
INFO: [USF-XSim-98] Fetching design files from 'sim_1'...
INFO: [USF-XSim-2] XSim::Compile design
INFO: [USF-XSim-61] Executing 'COMPILE and ANALYZE' step in 'C:/Users/Gaming/Documents/fpga_projects/RedPitaya/prj/v0.94/Red Pitaya Projects/slow_piezo_pid/slow_piezo_pid.sim/sim_1/behav/xsim'
"xvlog --incr --relax -L axi_vip_v1_1_7 -L processing_system7_vip_v1_0_9 -L xilinx_vip -prj test_bench_vlog.prj"
INFO: [VRFC 10-2263] Analyzing SystemVerilog file "C:/Users/Gaming/Documents/fpga_projects/RedPitaya/prj/v0.94/Red Pitaya Projects/slow_piezo_pid/slow_piezo_pid.srcs/sources_1/new/ramp_logic.sv" into library xil_defaultlib
INFO: [VRFC 10-311] analyzing module ramp_logic
INFO: [VRFC 10-2263] Analyzing SystemVerilog file "C:/Users/Gaming/Documents/fpga_projects/RedPitaya/prj/v0.94/Red Pitaya Projects/slow_piezo_pid/slow_piezo_pid.srcs/sources_1/new/test_peak_logic.sv" into library xil_defaultlib
INFO: [VRFC 10-311] analyzing module test_peak_logic
INFO: [VRFC 10-2263] Analyzing SystemVerilog file "C:/Users/Gaming/Documents/fpga_projects/RedPitaya/prj/v0.94/Red Pitaya Projects/slow_piezo_pid/slow_piezo_pid.srcs/sources_1/new/timestamp_logic.sv" into library xil_defaultlib
INFO: [VRFC 10-311] analyzing module timestamp_logic
INFO: [VRFC 10-2263] Analyzing SystemVerilog file "C:/Users/Gaming/Documents/fpga_projects/RedPitaya/prj/v0.94/Red Pitaya Projects/slow_piezo_pid/slow_piezo_pid.srcs/sim_1/new/test_bench.sv" into library xil_defaultlib
INFO: [VRFC 10-311] analyzing module test_bench
INFO: [USF-XSim-69] 'compile' step finished in '1' seconds
INFO: [USF-XSim-3] XSim::Elaborate design
INFO: [USF-XSim-61] Executing 'ELABORATE' step in 'C:/Users/Gaming/Documents/fpga_projects/RedPitaya/prj/v0.94/Red Pitaya Projects/slow_piezo_pid/slow_piezo_pid.sim/sim_1/behav/xsim'
"xelab -wto ca85e7d1034d4183a416887cfebcffad --incr --debug typical --relax --mt 2 -L xil_defaultlib -L xilinx_vip -L unisims_ver -L unimacro_ver -L secureip -L xpm --snapshot test_bench_behav xil_defaultlib.test_bench xil_defaultlib.glbl -log elaborate.log"
Vivado Simulator 2020.1
Copyright 1986-1999, 2001-2020 Xilinx, Inc. All Rights Reserved.
Running: C:/Xilinx/Vivado/2020.1/bin/unwrapped/win64.o/xelab.exe -wto ca85e7d1034d4183a416887cfebcffad --incr --debug typical --relax --mt 2 -L xil_defaultlib -L xilinx_vip -L unisims_ver -L unimacro_ver -L secureip -L xpm --snapshot test_bench_behav xil_defaultlib.test_bench xil_defaultlib.glbl -log elaborate.log 
Using 2 slave threads.
Starting static elaboration
Pass Through NonSizing Optimizer
Completed static elaboration
Starting simulation data flow analysis
WARNING: [XSIM 43-4099] "C:/Users/Gaming/Documents/fpga_projects/RedPitaya/prj/v0.94/Red Pitaya Projects/slow_piezo_pid/slow_piezo_pid.srcs/sources_1/new/ramp_logic.sv" Line 4. Module ramp_logic doesn't have a timescale but at least one module in design has a timescale.
WARNING: [XSIM 43-4099] "C:/Users/Gaming/Documents/fpga_projects/RedPitaya/prj/v0.94/Red Pitaya Projects/slow_piezo_pid/slow_piezo_pid.srcs/sources_1/new/test_peak_logic.sv" Line 4. Module test_peak_logic doesn't have a timescale but at least one module in design has a timescale.
WARNING: [XSIM 43-4099] "C:/Users/Gaming/Documents/fpga_projects/RedPitaya/prj/v0.94/Red Pitaya Projects/slow_piezo_pid/slow_piezo_pid.srcs/sources_1/new/timestamp_logic.sv" Line 4. Module timestamp_logic doesn't have a timescale but at least one module in design has a timescale.
WARNING: [XSIM 43-4099] "C:/Users/Gaming/Documents/fpga_projects/RedPitaya/prj/v0.94/Red Pitaya Projects/slow_piezo_pid/slow_piezo_pid.srcs/sources_1/new/ramp_logic.sv" Line 4. Module ramp_logic doesn't have a timescale but at least one module in design has a timescale.
WARNING: [XSIM 43-4099] "C:/Users/Gaming/Documents/fpga_projects/RedPitaya/prj/v0.94/Red Pitaya Projects/slow_piezo_pid/slow_piezo_pid.srcs/sources_1/new/test_peak_logic.sv" Line 4. Module test_peak_logic doesn't have a timescale but at least one module in design has a timescale.
WARNING: [XSIM 43-4099] "C:/Users/Gaming/Documents/fpga_projects/RedPitaya/prj/v0.94/Red Pitaya Projects/slow_piezo_pid/slow_piezo_pid.srcs/sources_1/new/timestamp_logic.sv" Line 4. Module timestamp_logic doesn't have a timescale but at least one module in design has a timescale.
Completed simulation data flow analysis
Time Resolution for simulation is 1ps
Compiling module xil_defaultlib.ramp_logic
Compiling module xil_defaultlib.test_peak_logic
Compiling module xil_defaultlib.timestamp_logic
Compiling module xil_defaultlib.test_bench
Compiling module xil_defaultlib.glbl
Built simulation snapshot test_bench_behav
INFO: [USF-XSim-69] 'elaborate' step finished in '2' seconds
INFO: [USF-XSim-4] XSim::Simulate design
INFO: [USF-XSim-61] Executing 'SIMULATE' step in 'C:/Users/Gaming/Documents/fpga_projects/RedPitaya/prj/v0.94/Red Pitaya Projects/slow_piezo_pid/slow_piezo_pid.sim/sim_1/behav/xsim'
INFO: [USF-XSim-98] *** Running xsim
   with args "test_bench_behav -key {Behavioral:sim_1:Functional:test_bench} -tclbatch {test_bench.tcl} -protoinst "protoinst_files/system.protoinst" -view {{C:/Users/Gaming/Documents/fpga_projects/RedPitaya/prj/v0.94/Red Pitaya Projects/slow_piezo_pid/slow_piezo_pid.srcs/sim_1/imports/DAC_ACD_test_project/test_bench_behav.wcfg}} -log {simulate.log}"
INFO: [USF-XSim-8] Loading simulator feature
Vivado Simulator 2020.1
ERROR: [Simtcl 6-50] Simulation engine failed to start: Failed to launch child process (child exe not found).
Please see the Tcl Console or the Messages for details.
exit
INFO: [Common 17-206] Exiting Vivado at Tue Jun 23 15:51:03 2026...
