#-----------------------------------------------------------
# Vivado v2020.1 (64-bit)
# SW Build 2902540 on Wed May 27 19:54:49 MDT 2020
# IP Build 2902112 on Wed May 27 22:43:36 MDT 2020
# Start of session at: Sun May 31 16:46:53 2026
# Process ID: 2460
# Current directory: D:/Xilinx/RedPitaya/prj/v0.94/Red-Pitaya-Projects/default_project
# Command line: vivado.exe -gui_launcher_event rodinguilauncherevent2540 D:\Xilinx\RedPitaya\prj\v0.94\Red-Pitaya-Projects\default_project\redpitaya.xpr
# Log file: D:/Xilinx/RedPitaya/prj/v0.94/Red-Pitaya-Projects/default_project/vivado.log
# Journal file: D:/Xilinx/RedPitaya/prj/v0.94/Red-Pitaya-Projects/default_project\vivado.jou
#-----------------------------------------------------------
start_gui
open_project D:/Xilinx/RedPitaya/prj/v0.94/Red-Pitaya-Projects/default_project/redpitaya.xpr
INFO: [Project 1-313] Project file moved from 'D:/Xilinx/RedPitaya/prj/v0.94/project' since last save.
Scanning sources...
Finished scanning sources
INFO: [filemgmt 56-1] Board Part Repository Path: Directory not found as 'D:/Xilinx/RedPitaya/prj/brd'; using path 'D:/Xilinx/RedPitaya/brd' instead.
INFO: [IP_Flow 19-234] Refreshing IP repositories
INFO: [IP_Flow 19-1704] No user IP repositories specified
INFO: [IP_Flow 19-2313] Loaded Vivado IP repository 'D:/Xilinx/Vivado/2020.1/data/ip'.
WARNING: [IP_Flow 19-3664] IP 'asg_dat_fifo' generated file not found 'd:/Xilinx/RedPitaya/prj/v0.94/Red-Pitaya-Projects/default_project/redpitaya.srcs/sources_1/ip/asg_dat_fifo/asg_dat_fifo.vho'. Please regenerate to continue.
WARNING: [IP_Flow 19-3664] IP 'asg_dat_fifo' generated file not found 'd:/Xilinx/RedPitaya/prj/v0.94/Red-Pitaya-Projects/default_project/redpitaya.srcs/sources_1/ip/asg_dat_fifo/asg_dat_fifo.veo'. Please regenerate to continue.
WARNING: [IP_Flow 19-3664] IP 'asg_dat_fifo' generated file not found 'd:/Xilinx/RedPitaya/prj/v0.94/Red-Pitaya-Projects/default_project/redpitaya.srcs/sources_1/ip/asg_dat_fifo/simulation/fifo_generator_vlog_beh.v'. Please regenerate to continue.
WARNING: [IP_Flow 19-3664] IP 'asg_dat_fifo' generated file not found 'd:/Xilinx/RedPitaya/prj/v0.94/Red-Pitaya-Projects/default_project/redpitaya.srcs/sources_1/ip/asg_dat_fifo/hdl/fifo_generator_v13_2_rfs.vhd'. Please regenerate to continue.
WARNING: [IP_Flow 19-3664] IP 'asg_dat_fifo' generated file not found 'd:/Xilinx/RedPitaya/prj/v0.94/Red-Pitaya-Projects/default_project/redpitaya.srcs/sources_1/ip/asg_dat_fifo/hdl/fifo_generator_v13_2_rfs.v'. Please regenerate to continue.
WARNING: [IP_Flow 19-3664] IP 'asg_dat_fifo' generated file not found 'd:/Xilinx/RedPitaya/prj/v0.94/Red-Pitaya-Projects/default_project/redpitaya.srcs/sources_1/ip/asg_dat_fifo/sim/asg_dat_fifo.v'. Please regenerate to continue.
WARNING: [IP_Flow 19-3664] IP 'asg_dat_fifo' generated file not found 'd:/Xilinx/RedPitaya/prj/v0.94/Red-Pitaya-Projects/default_project/redpitaya.srcs/sources_1/ip/asg_dat_fifo/doc/fifo_generator_v13_2_changelog.txt'. Please regenerate to continue.
WARNING: [IP_Flow 19-2162] IP 'asg_dat_fifo' is locked:
* Current project part 'xc7z010clg400-1' and the part 'xc7z020clg400-1' used to customize the IP 'asg_dat_fifo' do not match.
WARNING: [IP_Flow 19-3664] IP 'sync_fifo' generated file not found 'd:/Xilinx/RedPitaya/prj/v0.94/Red-Pitaya-Projects/default_project/redpitaya.srcs/sources_1/ip/sync_fifo/sync_fifo.vho'. Please regenerate to continue.
WARNING: [IP_Flow 19-3664] IP 'sync_fifo' generated file not found 'd:/Xilinx/RedPitaya/prj/v0.94/Red-Pitaya-Projects/default_project/redpitaya.srcs/sources_1/ip/sync_fifo/sync_fifo.veo'. Please regenerate to continue.
WARNING: [IP_Flow 19-3664] IP 'sync_fifo' generated file not found 'd:/Xilinx/RedPitaya/prj/v0.94/Red-Pitaya-Projects/default_project/redpitaya.srcs/sources_1/ip/sync_fifo/simulation/fifo_generator_vlog_beh.v'. Please regenerate to continue.
WARNING: [IP_Flow 19-3664] IP 'sync_fifo' generated file not found 'd:/Xilinx/RedPitaya/prj/v0.94/Red-Pitaya-Projects/default_project/redpitaya.srcs/sources_1/ip/sync_fifo/hdl/fifo_generator_v13_2_rfs.vhd'. Please regenerate to continue.
WARNING: [IP_Flow 19-3664] IP 'sync_fifo' generated file not found 'd:/Xilinx/RedPitaya/prj/v0.94/Red-Pitaya-Projects/default_project/redpitaya.srcs/sources_1/ip/sync_fifo/hdl/fifo_generator_v13_2_rfs.v'. Please regenerate to continue.
WARNING: [IP_Flow 19-3664] IP 'sync_fifo' generated file not found 'd:/Xilinx/RedPitaya/prj/v0.94/Red-Pitaya-Projects/default_project/redpitaya.srcs/sources_1/ip/sync_fifo/sim/sync_fifo.v'. Please regenerate to continue.
WARNING: [IP_Flow 19-3664] IP 'sync_fifo' generated file not found 'd:/Xilinx/RedPitaya/prj/v0.94/Red-Pitaya-Projects/default_project/redpitaya.srcs/sources_1/ip/sync_fifo/doc/fifo_generator_v13_2_changelog.txt'. Please regenerate to continue.
WARNING: [IP_Flow 19-2162] IP 'sync_fifo' is locked:
* Current project part 'xc7z010clg400-1' and the part 'xc7z020clg400-1' used to customize the IP 'sync_fifo' do not match.
open_project: Time (s): cpu = 00:00:23 ; elapsed = 00:00:10 . Memory (MB): peak = 1012.504 ; gain = 0.000
update_compile_order -fileset sources_1
set_property is_enabled false [get_files  {D:/Xilinx/RedPitaya/prj/v0.94/Red-Pitaya-Projects/default_project/redpitaya.srcs/sources_1/imports/RedPitaya/prj/v0.94/rtl/red_pitaya_top_4ADC.sv D:/Xilinx/RedPitaya/prj/v0.94/Red-Pitaya-Projects/default_project/redpitaya.srcs/sources_1/imports/RedPitaya/prj/v0.94/rtl/red_pitaya_top_ll.sv D:/Xilinx/RedPitaya/prj/v0.94/Red-Pitaya-Projects/default_project/redpitaya.srcs/sources_1/imports/RedPitaya/prj/v0.94/rtl/red_pitaya_top_Z20.sv D:/Xilinx/RedPitaya/prj/v0.94/Red-Pitaya-Projects/default_project/redpitaya.srcs/sources_1/imports/RedPitaya/rtl/la.sv D:/Xilinx/RedPitaya/prj/v0.94/Red-Pitaya-Projects/default_project/redpitaya.srcs/sources_1/imports/RedPitaya/rtl/old_la_top.sv D:/Xilinx/RedPitaya/prj/v0.94/Red-Pitaya-Projects/default_project/redpitaya.srcs/sources_1/imports/RedPitaya/rtl/gen.sv D:/Xilinx/RedPitaya/prj/v0.94/Red-Pitaya-Projects/default_project/redpitaya.srcs/sources_1/imports/RedPitaya/rtl/osc.sv D:/Xilinx/RedPitaya/prj/v0.94/Red-Pitaya-Projects/default_project/redpitaya.srcs/sources_1/imports/RedPitaya/rtl/pid.sv D:/Xilinx/RedPitaya/prj/v0.94/Red-Pitaya-Projects/default_project/redpitaya.srcs/sources_1/imports/RedPitaya/rtl/classic/red_pitaya_scope_Z20.v D:/Xilinx/RedPitaya/prj/v0.94/Red-Pitaya-Projects/default_project/redpitaya.srcs/sources_1/imports/RedPitaya/rtl/old_asg_top.sv D:/Xilinx/RedPitaya/prj/v0.94/Red-Pitaya-Projects/default_project/redpitaya.srcs/sources_1/imports/RedPitaya/rtl/axi4_stream_dly.sv D:/Xilinx/RedPitaya/prj/v0.94/Red-Pitaya-Projects/default_project/redpitaya.srcs/sources_1/imports/RedPitaya/rtl/clb.sv D:/Xilinx/RedPitaya/prj/v0.94/Red-Pitaya-Projects/default_project/redpitaya.srcs/sources_1/imports/RedPitaya/rtl/lg.sv D:/Xilinx/RedPitaya/prj/v0.94/Red-Pitaya-Projects/default_project/redpitaya.srcs/sources_1/bd/system/hdl/system_wrapper.v D:/Xilinx/RedPitaya/prj/v0.94/Red-Pitaya-Projects/default_project/redpitaya.srcs/sources_1/imports/RedPitaya/prj/v0.94/rtl/tb_red_pitaya_scope.sv D:/Xilinx/RedPitaya/prj/v0.94/Red-Pitaya-Projects/default_project/redpitaya.srcs/sources_1/imports/RedPitaya/rtl/axi4_lite_slave.v D:/Xilinx/RedPitaya/prj/v0.94/Red-Pitaya-Projects/default_project/redpitaya.srcs/sources_1/imports/RedPitaya/rtl/axi4_stream_demux.sv D:/Xilinx/RedPitaya/prj/v0.94/Red-Pitaya-Projects/default_project/redpitaya.srcs/sources_1/imports/RedPitaya/rtl/classic/axi_rd_fifo.v D:/Xilinx/RedPitaya/prj/v0.94/Red-Pitaya-Projects/default_project/redpitaya.srcs/sources_1/imports/RedPitaya/rtl/classic/axi_rd_single.sv D:/Xilinx/RedPitaya/prj/v0.94/Red-Pitaya-Projects/default_project/redpitaya.srcs/sources_1/imports/RedPitaya/rtl/clkdiv.sv D:/Xilinx/RedPitaya/prj/v0.94/Red-Pitaya-Projects/default_project/redpitaya.srcs/sources_1/imports/RedPitaya/rtl/ctrg.sv D:/Xilinx/RedPitaya/prj/v0.94/Red-Pitaya-Projects/default_project/redpitaya.srcs/sources_1/imports/RedPitaya/rtl/cts.sv D:/Xilinx/RedPitaya/prj/v0.94/Red-Pitaya-Projects/default_project/redpitaya.srcs/sources_1/imports/RedPitaya/rtl/debounce.sv D:/Xilinx/RedPitaya/prj/v0.94/Red-Pitaya-Projects/default_project/redpitaya.srcs/sources_1/imports/RedPitaya/rtl/drp_ctrl.sv D:/Xilinx/RedPitaya/prj/v0.94/Red-Pitaya-Projects/default_project/redpitaya.srcs/sources_1/imports/RedPitaya/rtl/id.sv D:/Xilinx/RedPitaya/prj/v0.94/Red-Pitaya-Projects/default_project/redpitaya.srcs/sources_1/imports/RedPitaya/rtl/mgmt.sv D:/Xilinx/RedPitaya/prj/v0.94/Red-Pitaya-Projects/default_project/redpitaya.srcs/sources_1/imports/RedPitaya/rtl/muxctl.sv D:/Xilinx/RedPitaya/prj/v0.94/Red-Pitaya-Projects/default_project/redpitaya.srcs/sources_1/imports/RedPitaya/rtl/old_id.sv D:/Xilinx/RedPitaya/prj/v0.94/Red-Pitaya-Projects/default_project/redpitaya.srcs/sources_1/imports/RedPitaya/prj/v0.94/rtl/osc_calib.v D:/Xilinx/RedPitaya/prj/v0.94/Red-Pitaya-Projects/default_project/redpitaya.srcs/sources_1/imports/RedPitaya/rtl/pdm.sv D:/Xilinx/RedPitaya/prj/v0.94/Red-Pitaya-Projects/default_project/redpitaya.srcs/sources_1/imports/RedPitaya/rtl/pwm.sv D:/Xilinx/RedPitaya/prj/v0.94/Red-Pitaya-Projects/default_project/redpitaya.srcs/sources_1/imports/RedPitaya/rtl/classic/red_pitaya_id.v D:/Xilinx/RedPitaya/prj/v0.94/Red-Pitaya-Projects/default_project/redpitaya.srcs/sources_1/imports/RedPitaya/rtl/classic/red_pitaya_pwm.sv D:/Xilinx/RedPitaya/prj/v0.94/Red-Pitaya-Projects/default_project/redpitaya.srcs/sources_1/imports/RedPitaya/rtl/scope_filter.sv D:/Xilinx/RedPitaya/prj/v0.94/Red-Pitaya-Projects/default_project/redpitaya.srcs/sources_1/imports/RedPitaya/rtl/str2mm.sv D:/Xilinx/RedPitaya/prj/v0.94/Red-Pitaya-Projects/default_project/redpitaya.srcs/sources_1/imports/RedPitaya/rtl/sync_rw_single.v D:/Xilinx/RedPitaya/prj/v0.94/Red-Pitaya-Projects/default_project/redpitaya.srcs/sources_1/imports/RedPitaya/rtl/sys_bus_sync.sv D:/Xilinx/RedPitaya/prj/v0.94/Red-Pitaya-Projects/default_project/redpitaya.srcs/sources_1/imports/RedPitaya/rtl/sys_reg_array_o.sv}]
set_property is_enabled false [get_files  {D:/Xilinx/RedPitaya/prj/v0.94/Red-Pitaya-Projects/default_project/redpitaya.srcs/sources_1/imports/RedPitaya/rtl/classic/red_pitaya_scope.v D:/Xilinx/RedPitaya/prj/v0.94/Red-Pitaya-Projects/default_project/redpitaya.srcs/sources_1/imports/RedPitaya/rtl/asg.sv D:/Xilinx/RedPitaya/prj/v0.94/Red-Pitaya-Projects/default_project/redpitaya.srcs/sources_1/imports/RedPitaya/rtl/classic/red_pitaya_hk_4adc.v D:/Xilinx/RedPitaya/prj/v0.94/Red-Pitaya-Projects/default_project/redpitaya.srcs/sources_1/imports/RedPitaya/rtl/classic/red_pitaya_hk_ll.v D:/Xilinx/RedPitaya/prj/v0.94/Red-Pitaya-Projects/default_project/redpitaya.srcs/sources_1/imports/RedPitaya/rtl/adc366x_top.sv D:/Xilinx/RedPitaya/prj/v0.94/Red-Pitaya-Projects/default_project/redpitaya.srcs/sources_1/imports/RedPitaya/rtl/la_trg.sv D:/Xilinx/RedPitaya/prj/v0.94/Red-Pitaya-Projects/default_project/redpitaya.srcs/sources_1/imports/RedPitaya/rtl/old_acq.sv D:/Xilinx/RedPitaya/prj/v0.94/Red-Pitaya-Projects/default_project/redpitaya.srcs/sources_1/imports/RedPitaya/rtl/osc_trg.sv D:/Xilinx/RedPitaya/prj/v0.94/Red-Pitaya-Projects/default_project/redpitaya.srcs/sources_1/imports/RedPitaya/rtl/acq.sv D:/Xilinx/RedPitaya/prj/v0.94/Red-Pitaya-Projects/default_project/redpitaya.srcs/sources_1/imports/RedPitaya/rtl/axi4_stream_cnt.sv D:/Xilinx/RedPitaya/prj/v0.94/Red-Pitaya-Projects/default_project/redpitaya.srcs/sources_1/imports/RedPitaya/rtl/axi4_stream_pas.sv D:/Xilinx/RedPitaya/prj/v0.94/Red-Pitaya-Projects/default_project/redpitaya.srcs/sources_1/imports/RedPitaya/rtl/bin_and.sv D:/Xilinx/RedPitaya/prj/v0.94/Red-Pitaya-Projects/default_project/redpitaya.srcs/sources_1/imports/RedPitaya/rtl/lin_add.sv D:/Xilinx/RedPitaya/prj/v0.94/Red-Pitaya-Projects/default_project/redpitaya.srcs/sources_1/imports/RedPitaya/rtl/lin_mul.sv D:/Xilinx/RedPitaya/prj/v0.94/Red-Pitaya-Projects/default_project/redpitaya.srcs/sources_1/imports/RedPitaya/rtl/old_asg.sv D:/Xilinx/RedPitaya/prj/v0.94/Red-Pitaya-Projects/default_project/redpitaya.srcs/sources_1/imports/RedPitaya/rtl/pid_block.sv D:/Xilinx/RedPitaya/prj/v0.94/Red-Pitaya-Projects/default_project/redpitaya.srcs/sources_1/imports/RedPitaya/rtl/red_pitaya_pll_4adc.sv D:/Xilinx/RedPitaya/prj/v0.94/Red-Pitaya-Projects/default_project/redpitaya.srcs/sources_1/imports/RedPitaya/rtl/red_pitaya_pll_ll.sv D:/Xilinx/RedPitaya/prj/v0.94/Red-Pitaya-Projects/default_project/redpitaya.srcs/sources_1/imports/RedPitaya/rtl/rle.sv D:/Xilinx/RedPitaya/prj/v0.94/Red-Pitaya-Projects/default_project/redpitaya.srcs/sources_1/imports/RedPitaya/rtl/scope_dec_avg.sv D:/Xilinx/RedPitaya/prj/v0.94/Red-Pitaya-Projects/default_project/redpitaya.srcs/sources_1/imports/RedPitaya/rtl/str_dec.sv}]
set_property is_enabled false [get_files  {D:/Xilinx/RedPitaya/prj/v0.94/Red-Pitaya-Projects/default_project/redpitaya.srcs/sources_1/imports/RedPitaya/rtl/asg_bst.sv D:/Xilinx/RedPitaya/prj/v0.94/Red-Pitaya-Projects/default_project/redpitaya.srcs/sources_1/imports/RedPitaya/rtl/asg_per.sv D:/Xilinx/RedPitaya/prj/v0.94/Red-Pitaya-Projects/default_project/redpitaya.srcs/sources_1/imports/RedPitaya/rtl/axi4_stream_mux.sv D:/Xilinx/RedPitaya/prj/v0.94/Red-Pitaya-Projects/default_project/redpitaya.srcs/sources_1/imports/RedPitaya/rtl/axi4_stream_reg.sv D:/Xilinx/RedPitaya/prj/v0.94/Red-Pitaya-Projects/default_project/redpitaya.srcs/sources_1/imports/RedPitaya/rtl/red_pitaya_dfilt1.sv D:/Xilinx/RedPitaya/prj/v0.94/Red-Pitaya-Projects/default_project/redpitaya.srcs/sources_1/imports/RedPitaya/rtl/spi_master.v D:/Xilinx/RedPitaya/prj/v0.94/Red-Pitaya-Projects/default_project/redpitaya.srcs/sources_1/imports/RedPitaya/rtl/sync.v}]
launch_runs impl_1 -to_step write_bitstream -jobs 6
WARNING: [Vivado 12-4801] The synthesis checkpoint for IP 'D:/Xilinx/RedPitaya/prj/v0.94/Red-Pitaya-Projects/default_project/redpitaya.srcs/sources_1/ip/asg_dat_fifo/asg_dat_fifo.xci' is available but stale and the IP is locked. An out-of-context (OOC) run will be created and/or launched, but synthesis may not be able to complete or could result in incorrect behavior.
Please select 'Report IP Status' from the 'Tools/Report' menu or run Tcl command 'report_ip_status' for more information.
WARNING: [Vivado 12-4801] The synthesis checkpoint for IP 'D:/Xilinx/RedPitaya/prj/v0.94/Red-Pitaya-Projects/default_project/redpitaya.srcs/sources_1/ip/sync_fifo/sync_fifo.xci' is available but stale and the IP is locked. An out-of-context (OOC) run will be created and/or launched, but synthesis may not be able to complete or could result in incorrect behavior.
Please select 'Report IP Status' from the 'Tools/Report' menu or run Tcl command 'report_ip_status' for more information.
WARNING: [Runs 36-337] The following IPs are either missing output products or output products are not up-to-date for Synthesis target. Since these IPs are locked, no update to the output products can be done. 
Please select 'Report IP Status' from the 'Tools/Report' menu or run Tcl command 'report_ip_status' for more information.
D:/Xilinx/RedPitaya/prj/v0.94/Red-Pitaya-Projects/default_project/redpitaya.srcs/sources_1/ip/asg_dat_fifo/asg_dat_fifo.xci
D:/Xilinx/RedPitaya/prj/v0.94/Red-Pitaya-Projects/default_project/redpitaya.srcs/sources_1/ip/sync_fifo/sync_fifo.xci

[Sun May 31 17:01:29 2026] Launched system_axi_protocol_converter_0_0_synth_1, system_proc_sys_reset_0_synth_1, system_xadc_0_synth_1, system_processing_system7_0_synth_1, system_axi_register_slice_0_0_synth_1, synth_1...
Run output will be captured here:
system_axi_protocol_converter_0_0_synth_1: D:/Xilinx/RedPitaya/prj/v0.94/Red-Pitaya-Projects/default_project/redpitaya.runs/system_axi_protocol_converter_0_0_synth_1/runme.log
system_proc_sys_reset_0_synth_1: D:/Xilinx/RedPitaya/prj/v0.94/Red-Pitaya-Projects/default_project/redpitaya.runs/system_proc_sys_reset_0_synth_1/runme.log
system_xadc_0_synth_1: D:/Xilinx/RedPitaya/prj/v0.94/Red-Pitaya-Projects/default_project/redpitaya.runs/system_xadc_0_synth_1/runme.log
system_processing_system7_0_synth_1: D:/Xilinx/RedPitaya/prj/v0.94/Red-Pitaya-Projects/default_project/redpitaya.runs/system_processing_system7_0_synth_1/runme.log
system_axi_register_slice_0_0_synth_1: D:/Xilinx/RedPitaya/prj/v0.94/Red-Pitaya-Projects/default_project/redpitaya.runs/system_axi_register_slice_0_0_synth_1/runme.log
synth_1: D:/Xilinx/RedPitaya/prj/v0.94/Red-Pitaya-Projects/default_project/redpitaya.runs/synth_1/runme.log
[Sun May 31 17:01:30 2026] Launched impl_1...
Run output will be captured here: D:/Xilinx/RedPitaya/prj/v0.94/Red-Pitaya-Projects/default_project/redpitaya.runs/impl_1/runme.log
launch_runs: Time (s): cpu = 00:00:12 ; elapsed = 00:00:25 . Memory (MB): peak = 1012.504 ; gain = 0.000
open_run impl_1
INFO: [Device 21-403] Loading part xc7z010clg400-1
Netlist sorting complete. Time (s): cpu = 00:00:01 ; elapsed = 00:00:00.574 . Memory (MB): peak = 1116.035 ; gain = 0.000
INFO: [Netlist 29-17] Analyzing 975 Unisim elements for replacement
INFO: [Netlist 29-28] Unisim Transformation completed in 0 CPU seconds
INFO: [Project 1-479] Netlist was created with Vivado 2020.1
INFO: [Project 1-570] Preparing netlist for logic optimization
INFO: [Timing 38-478] Restoring timing data from binary archive.
INFO: [Timing 38-479] Binary timing data restore complete.
INFO: [Project 1-856] Restoring constraints from binary archive.
INFO: [Project 1-853] Binary constraint restore complete.
Reading XDEF placement.
Reading placer database...
Reading XDEF routing.
Read XDEF File: Time (s): cpu = 00:00:02 ; elapsed = 00:00:02 . Memory (MB): peak = 1861.770 ; gain = 4.898
Restored from archive | CPU: 2.000000 secs | Memory: 0.000000 MB |
Finished XDEF File Restore: Time (s): cpu = 00:00:02 ; elapsed = 00:00:02 . Memory (MB): peak = 1861.770 ; gain = 4.898
Netlist sorting complete. Time (s): cpu = 00:00:00 ; elapsed = 00:00:00.008 . Memory (MB): peak = 1861.770 ; gain = 0.000
INFO: [Project 1-111] Unisim Transformation Summary:
  A total of 80 instances were transformed.
  IOBUF => IOBUF (IBUF, OBUFT): 16 instances
  OBUFDS => OBUFDS_DUAL_BUF (INV, OBUFDS(x2)): 2 instances
  RAM32M => RAM32M (RAMD32(x6), RAMS32(x2)): 62 instances

open_run: Time (s): cpu = 00:00:43 ; elapsed = 00:00:40 . Memory (MB): peak = 2019.102 ; gain = 1006.598
open_report: Time (s): cpu = 00:00:14 ; elapsed = 00:00:09 . Memory (MB): peak = 2238.555 ; gain = 115.281
CRITICAL WARNING: [Timing 38-282] The design failed to meet the timing requirements. Please see the timing summary report for details on the timing violations.
WARNING: [Timing 38-436] There are set_bus_skew constraint(s) in this design. Please run report_bus_skew to ensure that bus skew requirements are met.
close_design
close_design: Time (s): cpu = 00:00:08 ; elapsed = 00:00:06 . Memory (MB): peak = 2255.988 ; gain = 1.277
save_project_as DAC_ACD_test_project D:/Xilinx/RedPitaya/prj/v0.94/Red-Pitaya-Projects/DAC_ACD_test_project -force
CRITICAL WARNING: [IP_Flow 19-4299] Failed to copy 'd:/Xilinx/RedPitaya/prj/v0.94/Red-Pitaya-Projects/default_project/redpitaya.srcs/sources_1/ip/asg_dat_fifo/doc/fifo_generator_v13_2_changelog.txt' to 'd:/Xilinx/RedPitaya/prj/v0.94/Red-Pitaya-Projects/DAC_ACD_test_project/DAC_ACD_test_project.srcs/sources_1/ip/asg_dat_fifo/doc/fifo_generator_v13_2_changelog.txt'
CRITICAL WARNING: [IP_Flow 19-4299] Failed to copy 'd:/Xilinx/RedPitaya/prj/v0.94/Red-Pitaya-Projects/default_project/redpitaya.srcs/sources_1/ip/asg_dat_fifo/asg_dat_fifo.vho' to 'd:/Xilinx/RedPitaya/prj/v0.94/Red-Pitaya-Projects/DAC_ACD_test_project/DAC_ACD_test_project.srcs/sources_1/ip/asg_dat_fifo/asg_dat_fifo.vho'
CRITICAL WARNING: [IP_Flow 19-4299] Failed to copy 'd:/Xilinx/RedPitaya/prj/v0.94/Red-Pitaya-Projects/default_project/redpitaya.srcs/sources_1/ip/asg_dat_fifo/asg_dat_fifo.veo' to 'd:/Xilinx/RedPitaya/prj/v0.94/Red-Pitaya-Projects/DAC_ACD_test_project/DAC_ACD_test_project.srcs/sources_1/ip/asg_dat_fifo/asg_dat_fifo.veo'
CRITICAL WARNING: [IP_Flow 19-4299] Failed to copy 'd:/Xilinx/RedPitaya/prj/v0.94/Red-Pitaya-Projects/default_project/redpitaya.srcs/sources_1/ip/asg_dat_fifo/simulation/fifo_generator_vlog_beh.v' to 'd:/Xilinx/RedPitaya/prj/v0.94/Red-Pitaya-Projects/DAC_ACD_test_project/DAC_ACD_test_project.srcs/sources_1/ip/asg_dat_fifo/simulation/fifo_generator_vlog_beh.v'
CRITICAL WARNING: [IP_Flow 19-4299] Failed to copy 'd:/Xilinx/RedPitaya/prj/v0.94/Red-Pitaya-Projects/default_project/redpitaya.srcs/sources_1/ip/asg_dat_fifo/hdl/fifo_generator_v13_2_rfs.vhd' to 'd:/Xilinx/RedPitaya/prj/v0.94/Red-Pitaya-Projects/DAC_ACD_test_project/DAC_ACD_test_project.srcs/sources_1/ip/asg_dat_fifo/hdl/fifo_generator_v13_2_rfs.vhd'
CRITICAL WARNING: [IP_Flow 19-4299] Failed to copy 'd:/Xilinx/RedPitaya/prj/v0.94/Red-Pitaya-Projects/default_project/redpitaya.srcs/sources_1/ip/asg_dat_fifo/hdl/fifo_generator_v13_2_rfs.v' to 'd:/Xilinx/RedPitaya/prj/v0.94/Red-Pitaya-Projects/DAC_ACD_test_project/DAC_ACD_test_project.srcs/sources_1/ip/asg_dat_fifo/hdl/fifo_generator_v13_2_rfs.v'
CRITICAL WARNING: [IP_Flow 19-4299] Failed to copy 'd:/Xilinx/RedPitaya/prj/v0.94/Red-Pitaya-Projects/default_project/redpitaya.srcs/sources_1/ip/asg_dat_fifo/sim/asg_dat_fifo.v' to 'd:/Xilinx/RedPitaya/prj/v0.94/Red-Pitaya-Projects/DAC_ACD_test_project/DAC_ACD_test_project.srcs/sources_1/ip/asg_dat_fifo/sim/asg_dat_fifo.v'
WARNING: [IP_Flow 19-2162] IP 'asg_dat_fifo' is locked:
* Current project part 'xc7z010clg400-1' and the part 'xc7z020clg400-1' used to customize the IP 'asg_dat_fifo' do not match.
CRITICAL WARNING: [IP_Flow 19-4299] Failed to copy 'd:/Xilinx/RedPitaya/prj/v0.94/Red-Pitaya-Projects/default_project/redpitaya.srcs/sources_1/ip/sync_fifo/doc/fifo_generator_v13_2_changelog.txt' to 'd:/Xilinx/RedPitaya/prj/v0.94/Red-Pitaya-Projects/DAC_ACD_test_project/DAC_ACD_test_project.srcs/sources_1/ip/sync_fifo/doc/fifo_generator_v13_2_changelog.txt'
CRITICAL WARNING: [IP_Flow 19-4299] Failed to copy 'd:/Xilinx/RedPitaya/prj/v0.94/Red-Pitaya-Projects/default_project/redpitaya.srcs/sources_1/ip/sync_fifo/sync_fifo.vho' to 'd:/Xilinx/RedPitaya/prj/v0.94/Red-Pitaya-Projects/DAC_ACD_test_project/DAC_ACD_test_project.srcs/sources_1/ip/sync_fifo/sync_fifo.vho'
CRITICAL WARNING: [IP_Flow 19-4299] Failed to copy 'd:/Xilinx/RedPitaya/prj/v0.94/Red-Pitaya-Projects/default_project/redpitaya.srcs/sources_1/ip/sync_fifo/sync_fifo.veo' to 'd:/Xilinx/RedPitaya/prj/v0.94/Red-Pitaya-Projects/DAC_ACD_test_project/DAC_ACD_test_project.srcs/sources_1/ip/sync_fifo/sync_fifo.veo'
CRITICAL WARNING: [IP_Flow 19-4299] Failed to copy 'd:/Xilinx/RedPitaya/prj/v0.94/Red-Pitaya-Projects/default_project/redpitaya.srcs/sources_1/ip/sync_fifo/simulation/fifo_generator_vlog_beh.v' to 'd:/Xilinx/RedPitaya/prj/v0.94/Red-Pitaya-Projects/DAC_ACD_test_project/DAC_ACD_test_project.srcs/sources_1/ip/sync_fifo/simulation/fifo_generator_vlog_beh.v'
CRITICAL WARNING: [IP_Flow 19-4299] Failed to copy 'd:/Xilinx/RedPitaya/prj/v0.94/Red-Pitaya-Projects/default_project/redpitaya.srcs/sources_1/ip/sync_fifo/hdl/fifo_generator_v13_2_rfs.vhd' to 'd:/Xilinx/RedPitaya/prj/v0.94/Red-Pitaya-Projects/DAC_ACD_test_project/DAC_ACD_test_project.srcs/sources_1/ip/sync_fifo/hdl/fifo_generator_v13_2_rfs.vhd'
CRITICAL WARNING: [IP_Flow 19-4299] Failed to copy 'd:/Xilinx/RedPitaya/prj/v0.94/Red-Pitaya-Projects/default_project/redpitaya.srcs/sources_1/ip/sync_fifo/hdl/fifo_generator_v13_2_rfs.v' to 'd:/Xilinx/RedPitaya/prj/v0.94/Red-Pitaya-Projects/DAC_ACD_test_project/DAC_ACD_test_project.srcs/sources_1/ip/sync_fifo/hdl/fifo_generator_v13_2_rfs.v'
CRITICAL WARNING: [IP_Flow 19-4299] Failed to copy 'd:/Xilinx/RedPitaya/prj/v0.94/Red-Pitaya-Projects/default_project/redpitaya.srcs/sources_1/ip/sync_fifo/sim/sync_fifo.v' to 'd:/Xilinx/RedPitaya/prj/v0.94/Red-Pitaya-Projects/DAC_ACD_test_project/DAC_ACD_test_project.srcs/sources_1/ip/sync_fifo/sim/sync_fifo.v'
WARNING: [IP_Flow 19-2162] IP 'sync_fifo' is locked:
* Current project part 'xc7z010clg400-1' and the part 'xc7z020clg400-1' used to customize the IP 'sync_fifo' do not match.
WARNING: [IP_Flow 19-2162] IP 'asg_dat_fifo' is locked:
* Current project part 'xc7z010clg400-1' and the part 'xc7z020clg400-1' used to customize the IP 'asg_dat_fifo' do not match.
WARNING: [IP_Flow 19-2162] IP 'sync_fifo' is locked:
* Current project part 'xc7z010clg400-1' and the part 'xc7z020clg400-1' used to customize the IP 'sync_fifo' do not match.
save_project_as: Time (s): cpu = 00:00:04 ; elapsed = 00:00:06 . Memory (MB): peak = 2255.988 ; gain = 0.000
import_files
INFO: [filemgmt 20-334] All file(s) are already imported in fileset: 'system_axi_protocol_converter_0_0'
INFO: [filemgmt 20-348] Importing the appropriate files for fileset: 'system_axi_protocol_converter_0_0'
INFO: [filemgmt 20-334] All file(s) are already imported in fileset: 'system_axi_register_slice_0_0'
INFO: [filemgmt 20-348] Importing the appropriate files for fileset: 'system_axi_register_slice_0_0'
INFO: [filemgmt 20-334] All file(s) are already imported in fileset: 'system_proc_sys_reset_0'
INFO: [filemgmt 20-348] Importing the appropriate files for fileset: 'system_proc_sys_reset_0'
INFO: [filemgmt 20-334] All file(s) are already imported in fileset: 'system_processing_system7_0'
INFO: [filemgmt 20-348] Importing the appropriate files for fileset: 'system_processing_system7_0'
INFO: [filemgmt 20-334] All file(s) are already imported in fileset: 'system_xadc_0'
INFO: [filemgmt 20-348] Importing the appropriate files for fileset: 'system_xadc_0'
INFO: [filemgmt 20-334] All file(s) are already imported in fileset: 'constrs_1'
INFO: [filemgmt 20-348] Importing the appropriate files for fileset: 'constrs_1'
INFO: [filemgmt 20-334] All file(s) are already imported in fileset: 'sources_1'
INFO: [filemgmt 20-348] Importing the appropriate files for fileset: 'sources_1'
update_compile_order -fileset sources_1
file mkdir D:/Xilinx/RedPitaya/prj/v0.94/Red-Pitaya-Projects/DAC_ACD_test_project/DAC_ACD_test_project.srcs/sources_1/new
close [ open D:/Xilinx/RedPitaya/prj/v0.94/Red-Pitaya-Projects/DAC_ACD_test_project/DAC_ACD_test_project.srcs/sources_1/new/custom_ramp_gen.v w ]
add_files D:/Xilinx/RedPitaya/prj/v0.94/Red-Pitaya-Projects/DAC_ACD_test_project/DAC_ACD_test_project.srcs/sources_1/new/custom_ramp_gen.v
close [ open D:/Xilinx/RedPitaya/prj/v0.94/Red-Pitaya-Projects/DAC_ACD_test_project/DAC_ACD_test_project.srcs/sources_1/new/custom_timestamp_detector.v w ]
add_files D:/Xilinx/RedPitaya/prj/v0.94/Red-Pitaya-Projects/DAC_ACD_test_project/DAC_ACD_test_project.srcs/sources_1/new/custom_timestamp_detector.v
update_compile_order -fileset sources_1
close [ open D:/Xilinx/RedPitaya/prj/v0.94/Red-Pitaya-Projects/DAC_ACD_test_project/DAC_ACD_test_project.srcs/sources_1/new/custom_ramp_gen.sv w ]
add_files D:/Xilinx/RedPitaya/prj/v0.94/Red-Pitaya-Projects/DAC_ACD_test_project/DAC_ACD_test_project.srcs/sources_1/new/custom_ramp_gen.sv
close [ open D:/Xilinx/RedPitaya/prj/v0.94/Red-Pitaya-Projects/DAC_ACD_test_project/DAC_ACD_test_project.srcs/sources_1/new/custom_timestamp_detector.sv w ]
add_files D:/Xilinx/RedPitaya/prj/v0.94/Red-Pitaya-Projects/DAC_ACD_test_project/DAC_ACD_test_project.srcs/sources_1/new/custom_timestamp_detector.sv
update_compile_order -fileset sources_1
update_compile_order -fileset sources_1
export_ip_user_files -of_objects  [get_files D:/Xilinx/RedPitaya/prj/v0.94/Red-Pitaya-Projects/DAC_ACD_test_project/DAC_ACD_test_project.srcs/sources_1/new/custom_ramp_gen.v] -no_script -reset -force -quiet
export_ip_user_files -of_objects  [get_files D:/Xilinx/RedPitaya/prj/v0.94/Red-Pitaya-Projects/DAC_ACD_test_project/DAC_ACD_test_project.srcs/sources_1/new/custom_timestamp_detector.v] -no_script -reset -force -quiet
remove_files  {D:/Xilinx/RedPitaya/prj/v0.94/Red-Pitaya-Projects/DAC_ACD_test_project/DAC_ACD_test_project.srcs/sources_1/new/custom_ramp_gen.v D:/Xilinx/RedPitaya/prj/v0.94/Red-Pitaya-Projects/DAC_ACD_test_project/DAC_ACD_test_project.srcs/sources_1/new/custom_timestamp_detector.v}
file delete -force D:/Xilinx/RedPitaya/prj/v0.94/Red-Pitaya-Projects/DAC_ACD_test_project/DAC_ACD_test_project.srcs/sources_1/new/custom_ramp_gen.v D:/Xilinx/RedPitaya/prj/v0.94/Red-Pitaya-Projects/DAC_ACD_test_project/DAC_ACD_test_project.srcs/sources_1/new/custom_timestamp_detector.v
close [ open D:/Xilinx/RedPitaya/prj/v0.94/Red-Pitaya-Projects/DAC_ACD_test_project/DAC_ACD_test_project.srcs/sources_1/new/system_controller.sv w ]
add_files D:/Xilinx/RedPitaya/prj/v0.94/Red-Pitaya-Projects/DAC_ACD_test_project/DAC_ACD_test_project.srcs/sources_1/new/system_controller.sv
update_compile_order -fileset sources_1
update_compile_order -fileset sources_1
set_property is_enabled false [get_files  {D:/Xilinx/RedPitaya/prj/v0.94/Red-Pitaya-Projects/DAC_ACD_test_project/DAC_ACD_test_project.srcs/sources_1/imports/RedPitaya/rtl/classic/rp_scope_com.v D:/Xilinx/RedPitaya/prj/v0.94/Red-Pitaya-Projects/DAC_ACD_test_project/DAC_ACD_test_project.srcs/sources_1/imports/RedPitaya/rtl/classic/red_pitaya_pid.v D:/Xilinx/RedPitaya/prj/v0.94/Red-Pitaya-Projects/DAC_ACD_test_project/DAC_ACD_test_project.srcs/sources_1/imports/RedPitaya/rtl/classic/red_pitaya_daisy.v D:/Xilinx/RedPitaya/prj/v0.94/Red-Pitaya-Projects/DAC_ACD_test_project/DAC_ACD_test_project.srcs/sources_1/imports/RedPitaya/rtl/classic/red_pitaya_asg.sv D:/Xilinx/RedPitaya/prj/v0.94/Red-Pitaya-Projects/DAC_ACD_test_project/DAC_ACD_test_project.srcs/sources_1/imports/RedPitaya/rtl/classic/red_pitaya_ams.v D:/Xilinx/RedPitaya/prj/v0.94/Red-Pitaya-Projects/DAC_ACD_test_project/DAC_ACD_test_project.srcs/sources_1/imports/RedPitaya/rtl/classic/red_pitaya_pdm.sv}]
set_property is_enabled false [get_files  {D:/Xilinx/RedPitaya/prj/v0.94/Red-Pitaya-Projects/DAC_ACD_test_project/DAC_ACD_test_project.srcs/sources_1/imports/RedPitaya/rtl/classic/red_pitaya_asg_ch.sv D:/Xilinx/RedPitaya/prj/v0.94/Red-Pitaya-Projects/DAC_ACD_test_project/DAC_ACD_test_project.srcs/sources_1/imports/RedPitaya/rtl/classic/rp_axi_sm.v D:/Xilinx/RedPitaya/prj/v0.94/Red-Pitaya-Projects/DAC_ACD_test_project/DAC_ACD_test_project.srcs/sources_1/imports/RedPitaya/rtl/classic/rp_decim.v D:/Xilinx/RedPitaya/prj/v0.94/Red-Pitaya-Projects/DAC_ACD_test_project/DAC_ACD_test_project.srcs/sources_1/imports/RedPitaya/prj/v0.94/rtl/osc_filter.v D:/Xilinx/RedPitaya/prj/v0.94/Red-Pitaya-Projects/DAC_ACD_test_project/DAC_ACD_test_project.srcs/sources_1/imports/RedPitaya/rtl/classic/red_pitaya_daisy_rx.v D:/Xilinx/RedPitaya/prj/v0.94/Red-Pitaya-Projects/DAC_ACD_test_project/DAC_ACD_test_project.srcs/sources_1/imports/RedPitaya/rtl/classic/red_pitaya_daisy_test.v D:/Xilinx/RedPitaya/prj/v0.94/Red-Pitaya-Projects/DAC_ACD_test_project/DAC_ACD_test_project.srcs/sources_1/imports/RedPitaya/rtl/classic/red_pitaya_daisy_tx.v D:/Xilinx/RedPitaya/prj/v0.94/Red-Pitaya-Projects/DAC_ACD_test_project/DAC_ACD_test_project.srcs/sources_1/imports/RedPitaya/rtl/classic/red_pitaya_pid_block.v D:/Xilinx/RedPitaya/prj/v0.94/Red-Pitaya-Projects/DAC_ACD_test_project/DAC_ACD_test_project.srcs/sources_1/imports/RedPitaya/rtl/classic/rp_acq_bram.v D:/Xilinx/RedPitaya/prj/v0.94/Red-Pitaya-Projects/DAC_ACD_test_project/DAC_ACD_test_project.srcs/sources_1/imports/RedPitaya/rtl/classic/rp_adc_trig.v D:/Xilinx/RedPitaya/prj/v0.94/Red-Pitaya-Projects/DAC_ACD_test_project/DAC_ACD_test_project.srcs/sources_1/imports/RedPitaya/rtl/classic/rp_bram_sm.v D:/Xilinx/RedPitaya/prj/v0.94/Red-Pitaya-Projects/DAC_ACD_test_project/DAC_ACD_test_project.srcs/sources_1/imports/RedPitaya/rtl/classic/rp_delay.v D:/Xilinx/RedPitaya/prj/v0.94/Red-Pitaya-Projects/DAC_ACD_test_project/DAC_ACD_test_project.srcs/sources_1/imports/RedPitaya/rtl/classic/rp_ext_trig.v D:/Xilinx/RedPitaya/prj/v0.94/Red-Pitaya-Projects/DAC_ACD_test_project/DAC_ACD_test_project.srcs/sources_1/imports/RedPitaya/rtl/classic/rp_scope_calib.v D:/Xilinx/RedPitaya/prj/v0.94/Red-Pitaya-Projects/DAC_ACD_test_project/DAC_ACD_test_project.srcs/sources_1/imports/RedPitaya/rtl/classic/rp_scope_cfg.v D:/Xilinx/RedPitaya/prj/v0.94/Red-Pitaya-Projects/DAC_ACD_test_project/DAC_ACD_test_project.srcs/sources_1/imports/RedPitaya/rtl/classic/rp_trig_src.v}]
set_property is_enabled false [get_files  {D:/Xilinx/RedPitaya/prj/v0.94/Red-Pitaya-Projects/DAC_ACD_test_project/DAC_ACD_test_project.srcs/sources_1/imports/RedPitaya/rtl/divide.v D:/Xilinx/RedPitaya/prj/v0.94/Red-Pitaya-Projects/DAC_ACD_test_project/DAC_ACD_test_project.srcs/sources_1/imports/RedPitaya/rtl/classic/rp_asg_axi.sv D:/Xilinx/RedPitaya/prj/v0.94/Red-Pitaya-Projects/DAC_ACD_test_project/DAC_ACD_test_project.srcs/sources_1/imports/RedPitaya/rtl/classic/axi_wr_fifo.v D:/Xilinx/RedPitaya/prj/v0.94/Red-Pitaya-Projects/DAC_ACD_test_project/DAC_ACD_test_project.srcs/sources_1/imports/RedPitaya/rtl/rand_lfsr.v}]
set_property is_enabled false [get_files  {D:/Xilinx/RedPitaya/prj/v0.94/Red-Pitaya-Projects/DAC_ACD_test_project/DAC_ACD_test_project.srcs/sources_1/ip/asg_dat_fifo/asg_dat_fifo.xci D:/Xilinx/RedPitaya/prj/v0.94/Red-Pitaya-Projects/DAC_ACD_test_project/DAC_ACD_test_project.srcs/sources_1/imports/RedPitaya/rtl/classic/axi_rd_burst.sv D:/Xilinx/RedPitaya/prj/v0.94/Red-Pitaya-Projects/DAC_ACD_test_project/DAC_ACD_test_project.srcs/sources_1/ip/sync_fifo/sync_fifo.xci}]
update_compile_order -fileset sources_1
set_property is_enabled false [get_files  D:/Xilinx/RedPitaya/prj/v0.94/Red-Pitaya-Projects/DAC_ACD_test_project/DAC_ACD_test_project.srcs/sources_1/imports/RedPitaya/rtl/interface/axi_sys_if.sv]
update_compile_order -fileset sources_1
update_compile_order -fileset sources_1
update_compile_order -fileset sources_1
close [ open D:/Xilinx/RedPitaya/prj/v0.94/Red-Pitaya-Projects/DAC_ACD_test_project/DAC_ACD_test_project.srcs/sources_1/new/custom_test_peak_gen.sv w ]
add_files D:/Xilinx/RedPitaya/prj/v0.94/Red-Pitaya-Projects/DAC_ACD_test_project/DAC_ACD_test_project.srcs/sources_1/new/custom_test_peak_gen.sv
update_compile_order -fileset sources_1
set_property is_enabled true [get_files  D:/Xilinx/RedPitaya/prj/v0.94/Red-Pitaya-Projects/DAC_ACD_test_project/DAC_ACD_test_project.srcs/sources_1/imports/RedPitaya/rtl/interface/axi_sys_if.sv]
update_compile_order -fileset sources_1
reset_run synth_1
launch_runs impl_1 -to_step write_bitstream -jobs 6
[Sun May 31 19:05:05 2026] Launched synth_1...
Run output will be captured here: D:/Xilinx/RedPitaya/prj/v0.94/Red-Pitaya-Projects/DAC_ACD_test_project/DAC_ACD_test_project.runs/synth_1/runme.log
[Sun May 31 19:05:05 2026] Launched impl_1...
Run output will be captured here: D:/Xilinx/RedPitaya/prj/v0.94/Red-Pitaya-Projects/DAC_ACD_test_project/DAC_ACD_test_project.runs/impl_1/runme.log
launch_runs: Time (s): cpu = 00:00:04 ; elapsed = 00:00:19 . Memory (MB): peak = 2255.988 ; gain = 0.000
reset_run synth_1
launch_runs impl_1 -to_step write_bitstream -jobs 6
[Sun May 31 19:12:17 2026] Launched synth_1...
Run output will be captured here: D:/Xilinx/RedPitaya/prj/v0.94/Red-Pitaya-Projects/DAC_ACD_test_project/DAC_ACD_test_project.runs/synth_1/runme.log
[Sun May 31 19:12:17 2026] Launched impl_1...
Run output will be captured here: D:/Xilinx/RedPitaya/prj/v0.94/Red-Pitaya-Projects/DAC_ACD_test_project/DAC_ACD_test_project.runs/impl_1/runme.log
launch_runs: Time (s): cpu = 00:00:02 ; elapsed = 00:00:19 . Memory (MB): peak = 2255.988 ; gain = 0.000
reset_run synth_1
launch_runs impl_1 -to_step write_bitstream -jobs 6
[Sun May 31 19:23:35 2026] Launched synth_1...
Run output will be captured here: D:/Xilinx/RedPitaya/prj/v0.94/Red-Pitaya-Projects/DAC_ACD_test_project/DAC_ACD_test_project.runs/synth_1/runme.log
[Sun May 31 19:23:35 2026] Launched impl_1...
Run output will be captured here: D:/Xilinx/RedPitaya/prj/v0.94/Red-Pitaya-Projects/DAC_ACD_test_project/DAC_ACD_test_project.runs/impl_1/runme.log
launch_runs: Time (s): cpu = 00:00:01 ; elapsed = 00:00:19 . Memory (MB): peak = 2255.988 ; gain = 0.000
reset_run synth_1
launch_runs impl_1 -to_step write_bitstream -jobs 6
[Sun May 31 19:34:40 2026] Launched synth_1...
Run output will be captured here: D:/Xilinx/RedPitaya/prj/v0.94/Red-Pitaya-Projects/DAC_ACD_test_project/DAC_ACD_test_project.runs/synth_1/runme.log
[Sun May 31 19:34:40 2026] Launched impl_1...
Run output will be captured here: D:/Xilinx/RedPitaya/prj/v0.94/Red-Pitaya-Projects/DAC_ACD_test_project/DAC_ACD_test_project.runs/impl_1/runme.log
launch_runs: Time (s): cpu = 00:00:02 ; elapsed = 00:00:19 . Memory (MB): peak = 2255.988 ; gain = 0.000
close [ open D:/Xilinx/RedPitaya/prj/v0.94/Red-Pitaya-Projects/DAC_ACD_test_project/DAC_ACD_test_project.srcs/sources_1/new/DAC_ADC_test_top.sv w ]
add_files D:/Xilinx/RedPitaya/prj/v0.94/Red-Pitaya-Projects/DAC_ACD_test_project/DAC_ACD_test_project.srcs/sources_1/new/DAC_ADC_test_top.sv
update_compile_order -fileset sources_1
update_compile_order -fileset sources_1
set_property is_enabled false [get_files  D:/Xilinx/RedPitaya/prj/v0.94/Red-Pitaya-Projects/DAC_ACD_test_project/DAC_ACD_test_project.srcs/sources_1/imports/RedPitaya/prj/v0.94/rtl/red_pitaya_top.sv]
update_compile_order -fileset sources_1
set_property top DAC_ADC_test_top [current_fileset]
update_compile_order -fileset sources_1
add_files -fileset utils_1 -norecurse D:/Xilinx/RedPitaya/prj/v0.94/Red-Pitaya-Projects/generate_bin.tcl
set_property STEPS.WRITE_BITSTREAM.TCL.POST [ get_files D:/Xilinx/RedPitaya/prj/v0.94/Red-Pitaya-Projects/generate_bin.tcl -of [get_fileset utils_1] ] [get_runs impl_1]
reset_run synth_1
launch_runs impl_1 -to_step write_bitstream -jobs 6
[Mon Jun  1 01:42:52 2026] Launched synth_1...
Run output will be captured here: D:/Xilinx/RedPitaya/prj/v0.94/Red-Pitaya-Projects/DAC_ACD_test_project/DAC_ACD_test_project.runs/synth_1/runme.log
[Mon Jun  1 01:42:52 2026] Launched impl_1...
Run output will be captured here: D:/Xilinx/RedPitaya/prj/v0.94/Red-Pitaya-Projects/DAC_ACD_test_project/DAC_ACD_test_project.runs/impl_1/runme.log
launch_runs: Time (s): cpu = 00:00:02 ; elapsed = 00:00:20 . Memory (MB): peak = 2255.988 ; gain = 0.000
import_files -fileset utils_1 D:/Xilinx/RedPitaya/prj/v0.94/Red-Pitaya-Projects/DAC_ACD_test_project/generate_bin.tcl
set_property STEPS.WRITE_BITSTREAM.TCL.POST [ get_files D:/Xilinx/RedPitaya/prj/v0.94/Red-Pitaya-Projects/DAC_ACD_test_project/DAC_ACD_test_project.srcs/utils_1/imports/DAC_ACD_test_project/generate_bin.tcl -of [get_fileset utils_1] ] [get_runs impl_1]
reset_run impl_1 -prev_step 
launch_runs impl_1 -to_step write_bitstream -jobs 6
[Mon Jun  1 01:53:09 2026] Launched impl_1...
Run output will be captured here: D:/Xilinx/RedPitaya/prj/v0.94/Red-Pitaya-Projects/DAC_ACD_test_project/DAC_ACD_test_project.runs/impl_1/runme.log
launch_runs: Time (s): cpu = 00:00:01 ; elapsed = 00:00:18 . Memory (MB): peak = 2255.988 ; gain = 0.000
