Copyright 1986-2020 Xilinx, Inc. All Rights Reserved.
--------------------------------------------------------------------------------------------------------------------------------------------------------------
| Tool Version : Vivado v.2020.1 (win64) Build 2902540 Wed May 27 19:54:49 MDT 2020
| Date         : Wed Jul  1 14:54:13 2026
| Host         : 20190748 running 64-bit major release  (build 9200)
| Command      : report_methodology -file fpga_top_methodology_drc_routed.rpt -pb fpga_top_methodology_drc_routed.pb -rpx fpga_top_methodology_drc_routed.rpx
| Design       : fpga_top
| Device       : xc7z010clg400-1
| Speed File   : -1
| Design State : Fully Routed
--------------------------------------------------------------------------------------------------------------------------------------------------------------

Report Methodology

Table of Contents
-----------------
1. REPORT SUMMARY
2. REPORT DETAILS

1. REPORT SUMMARY
-----------------
            Netlist: netlist
          Floorplan: design_1
      Design limits: <entire design considered>
             Max violations: <unlimited>
             Violations found: 163
+-----------+------------------+-------------------------------------------------------------------+------------+
| Rule      | Severity         | Description                                                       | Violations |
+-----------+------------------+-------------------------------------------------------------------+------------+
| TIMING-6  | Critical Warning | No common primary clock between related clocks                    | 1          |
| TIMING-7  | Critical Warning | No common node between related clocks                             | 1          |
| TIMING-17 | Critical Warning | Non-clocked sequential cell                                       | 1          |
| DPIR-1    | Warning          | Asynchronous driver check                                         | 83         |
| LUTAR-1   | Warning          | LUT drives async reset alert                                      | 1          |
| SYNTH-13  | Warning          | combinational multiplier                                          | 2          |
| TIMING-9  | Warning          | Unknown CDC Logic                                                 | 1          |
| TIMING-18 | Warning          | Missing input or output delay                                     | 32         |
| TIMING-28 | Warning          | Auto-derived clock referenced by a timing constraint              | 3          |
| TIMING-47 | Warning          | False path or asynchronous clock group between synchronous clocks | 2          |
| XDCC-5    | Warning          | User Non-Timing constraint/property overwritten                   | 4          |
| XDCH-2    | Warning          | Same min and max delay values on IO port                          | 32         |
+-----------+------------------+-------------------------------------------------------------------+------------+

2. REPORT DETAILS
-----------------
TIMING-6#1 Critical Warning
No common primary clock between related clocks  
The clocks pll_adc_clk and clk_fpga_0 are related (timed together) but they have no common primary clock. The design could fail in hardware. To find a timing path between these clocks, run the following command: report_timing -from [get_clocks pll_adc_clk] -to [get_clocks clk_fpga_0]
Related violations: <none>

TIMING-7#1 Critical Warning
No common node between related clocks  
The clocks pll_adc_clk and clk_fpga_0 are related (timed together) but they have no common node. The design could fail in hardware. To find a timing path between these clocks, run the following command: report_timing -from [get_clocks pll_adc_clk] -to [get_clocks clk_fpga_0]
Related violations: <none>

TIMING-17#1 Critical Warning
Non-clocked sequential cell  
The clock pin i_hk/i_DNA/CLK is not reached by a timing clock
Related violations: <none>

DPIR-1#1 Warning
Asynchronous driver check  
DSP pid_top_inst/i_pid_logic/mult_out input pin pid_top_inst/i_pid_logic/mult_out/A[0] is connected to registers with an asynchronous reset. This is preventing the possibility of merging these registers in to the DSP Block since the DSP block registers only possess synchronous reset capability.  It is suggested to recode or change these registers to remove the reset or use a synchronous reset to get the best optimization for performance, power and area.
Related violations: <none>

DPIR-1#2 Warning
Asynchronous driver check  
DSP pid_top_inst/i_pid_logic/mult_out input pin pid_top_inst/i_pid_logic/mult_out/A[10] is connected to registers with an asynchronous reset. This is preventing the possibility of merging these registers in to the DSP Block since the DSP block registers only possess synchronous reset capability.  It is suggested to recode or change these registers to remove the reset or use a synchronous reset to get the best optimization for performance, power and area.
Related violations: <none>

DPIR-1#3 Warning
Asynchronous driver check  
DSP pid_top_inst/i_pid_logic/mult_out input pin pid_top_inst/i_pid_logic/mult_out/A[11] is connected to registers with an asynchronous reset. This is preventing the possibility of merging these registers in to the DSP Block since the DSP block registers only possess synchronous reset capability.  It is suggested to recode or change these registers to remove the reset or use a synchronous reset to get the best optimization for performance, power and area.
Related violations: <none>

DPIR-1#4 Warning
Asynchronous driver check  
DSP pid_top_inst/i_pid_logic/mult_out input pin pid_top_inst/i_pid_logic/mult_out/A[12] is connected to registers with an asynchronous reset. This is preventing the possibility of merging these registers in to the DSP Block since the DSP block registers only possess synchronous reset capability.  It is suggested to recode or change these registers to remove the reset or use a synchronous reset to get the best optimization for performance, power and area.
Related violations: <none>

DPIR-1#5 Warning
Asynchronous driver check  
DSP pid_top_inst/i_pid_logic/mult_out input pin pid_top_inst/i_pid_logic/mult_out/A[13] is connected to registers with an asynchronous reset. This is preventing the possibility of merging these registers in to the DSP Block since the DSP block registers only possess synchronous reset capability.  It is suggested to recode or change these registers to remove the reset or use a synchronous reset to get the best optimization for performance, power and area.
Related violations: <none>

DPIR-1#6 Warning
Asynchronous driver check  
DSP pid_top_inst/i_pid_logic/mult_out input pin pid_top_inst/i_pid_logic/mult_out/A[14] is connected to registers with an asynchronous reset. This is preventing the possibility of merging these registers in to the DSP Block since the DSP block registers only possess synchronous reset capability.  It is suggested to recode or change these registers to remove the reset or use a synchronous reset to get the best optimization for performance, power and area.
Related violations: <none>

DPIR-1#7 Warning
Asynchronous driver check  
DSP pid_top_inst/i_pid_logic/mult_out input pin pid_top_inst/i_pid_logic/mult_out/A[15] is connected to registers with an asynchronous reset. This is preventing the possibility of merging these registers in to the DSP Block since the DSP block registers only possess synchronous reset capability.  It is suggested to recode or change these registers to remove the reset or use a synchronous reset to get the best optimization for performance, power and area.
Related violations: <none>

DPIR-1#8 Warning
Asynchronous driver check  
DSP pid_top_inst/i_pid_logic/mult_out input pin pid_top_inst/i_pid_logic/mult_out/A[16] is connected to registers with an asynchronous reset. This is preventing the possibility of merging these registers in to the DSP Block since the DSP block registers only possess synchronous reset capability.  It is suggested to recode or change these registers to remove the reset or use a synchronous reset to get the best optimization for performance, power and area.
Related violations: <none>

DPIR-1#9 Warning
Asynchronous driver check  
DSP pid_top_inst/i_pid_logic/mult_out input pin pid_top_inst/i_pid_logic/mult_out/A[1] is connected to registers with an asynchronous reset. This is preventing the possibility of merging these registers in to the DSP Block since the DSP block registers only possess synchronous reset capability.  It is suggested to recode or change these registers to remove the reset or use a synchronous reset to get the best optimization for performance, power and area.
Related violations: <none>

DPIR-1#10 Warning
Asynchronous driver check  
DSP pid_top_inst/i_pid_logic/mult_out input pin pid_top_inst/i_pid_logic/mult_out/A[2] is connected to registers with an asynchronous reset. This is preventing the possibility of merging these registers in to the DSP Block since the DSP block registers only possess synchronous reset capability.  It is suggested to recode or change these registers to remove the reset or use a synchronous reset to get the best optimization for performance, power and area.
Related violations: <none>

DPIR-1#11 Warning
Asynchronous driver check  
DSP pid_top_inst/i_pid_logic/mult_out input pin pid_top_inst/i_pid_logic/mult_out/A[3] is connected to registers with an asynchronous reset. This is preventing the possibility of merging these registers in to the DSP Block since the DSP block registers only possess synchronous reset capability.  It is suggested to recode or change these registers to remove the reset or use a synchronous reset to get the best optimization for performance, power and area.
Related violations: <none>

DPIR-1#12 Warning
Asynchronous driver check  
DSP pid_top_inst/i_pid_logic/mult_out input pin pid_top_inst/i_pid_logic/mult_out/A[4] is connected to registers with an asynchronous reset. This is preventing the possibility of merging these registers in to the DSP Block since the DSP block registers only possess synchronous reset capability.  It is suggested to recode or change these registers to remove the reset or use a synchronous reset to get the best optimization for performance, power and area.
Related violations: <none>

DPIR-1#13 Warning
Asynchronous driver check  
DSP pid_top_inst/i_pid_logic/mult_out input pin pid_top_inst/i_pid_logic/mult_out/A[5] is connected to registers with an asynchronous reset. This is preventing the possibility of merging these registers in to the DSP Block since the DSP block registers only possess synchronous reset capability.  It is suggested to recode or change these registers to remove the reset or use a synchronous reset to get the best optimization for performance, power and area.
Related violations: <none>

DPIR-1#14 Warning
Asynchronous driver check  
DSP pid_top_inst/i_pid_logic/mult_out input pin pid_top_inst/i_pid_logic/mult_out/A[6] is connected to registers with an asynchronous reset. This is preventing the possibility of merging these registers in to the DSP Block since the DSP block registers only possess synchronous reset capability.  It is suggested to recode or change these registers to remove the reset or use a synchronous reset to get the best optimization for performance, power and area.
Related violations: <none>

DPIR-1#15 Warning
Asynchronous driver check  
DSP pid_top_inst/i_pid_logic/mult_out input pin pid_top_inst/i_pid_logic/mult_out/A[7] is connected to registers with an asynchronous reset. This is preventing the possibility of merging these registers in to the DSP Block since the DSP block registers only possess synchronous reset capability.  It is suggested to recode or change these registers to remove the reset or use a synchronous reset to get the best optimization for performance, power and area.
Related violations: <none>

DPIR-1#16 Warning
Asynchronous driver check  
DSP pid_top_inst/i_pid_logic/mult_out input pin pid_top_inst/i_pid_logic/mult_out/A[8] is connected to registers with an asynchronous reset. This is preventing the possibility of merging these registers in to the DSP Block since the DSP block registers only possess synchronous reset capability.  It is suggested to recode or change these registers to remove the reset or use a synchronous reset to get the best optimization for performance, power and area.
Related violations: <none>

DPIR-1#17 Warning
Asynchronous driver check  
DSP pid_top_inst/i_pid_logic/mult_out input pin pid_top_inst/i_pid_logic/mult_out/A[9] is connected to registers with an asynchronous reset. This is preventing the possibility of merging these registers in to the DSP Block since the DSP block registers only possess synchronous reset capability.  It is suggested to recode or change these registers to remove the reset or use a synchronous reset to get the best optimization for performance, power and area.
Related violations: <none>

DPIR-1#18 Warning
Asynchronous driver check  
DSP pid_top_inst/i_pid_logic/mult_out input pin pid_top_inst/i_pid_logic/mult_out/B[0] is connected to registers with an asynchronous reset. This is preventing the possibility of merging these registers in to the DSP Block since the DSP block registers only possess synchronous reset capability.  It is suggested to recode or change these registers to remove the reset or use a synchronous reset to get the best optimization for performance, power and area.
Related violations: <none>

DPIR-1#19 Warning
Asynchronous driver check  
DSP pid_top_inst/i_pid_logic/mult_out input pin pid_top_inst/i_pid_logic/mult_out/B[10] is connected to registers with an asynchronous reset. This is preventing the possibility of merging these registers in to the DSP Block since the DSP block registers only possess synchronous reset capability.  It is suggested to recode or change these registers to remove the reset or use a synchronous reset to get the best optimization for performance, power and area.
Related violations: <none>

DPIR-1#20 Warning
Asynchronous driver check  
DSP pid_top_inst/i_pid_logic/mult_out input pin pid_top_inst/i_pid_logic/mult_out/B[11] is connected to registers with an asynchronous reset. This is preventing the possibility of merging these registers in to the DSP Block since the DSP block registers only possess synchronous reset capability.  It is suggested to recode or change these registers to remove the reset or use a synchronous reset to get the best optimization for performance, power and area.
Related violations: <none>

DPIR-1#21 Warning
Asynchronous driver check  
DSP pid_top_inst/i_pid_logic/mult_out input pin pid_top_inst/i_pid_logic/mult_out/B[12] is connected to registers with an asynchronous reset. This is preventing the possibility of merging these registers in to the DSP Block since the DSP block registers only possess synchronous reset capability.  It is suggested to recode or change these registers to remove the reset or use a synchronous reset to get the best optimization for performance, power and area.
Related violations: <none>

DPIR-1#22 Warning
Asynchronous driver check  
DSP pid_top_inst/i_pid_logic/mult_out input pin pid_top_inst/i_pid_logic/mult_out/B[13] is connected to registers with an asynchronous reset. This is preventing the possibility of merging these registers in to the DSP Block since the DSP block registers only possess synchronous reset capability.  It is suggested to recode or change these registers to remove the reset or use a synchronous reset to get the best optimization for performance, power and area.
Related violations: <none>

DPIR-1#23 Warning
Asynchronous driver check  
DSP pid_top_inst/i_pid_logic/mult_out input pin pid_top_inst/i_pid_logic/mult_out/B[14] is connected to registers with an asynchronous reset. This is preventing the possibility of merging these registers in to the DSP Block since the DSP block registers only possess synchronous reset capability.  It is suggested to recode or change these registers to remove the reset or use a synchronous reset to get the best optimization for performance, power and area.
Related violations: <none>

DPIR-1#24 Warning
Asynchronous driver check  
DSP pid_top_inst/i_pid_logic/mult_out input pin pid_top_inst/i_pid_logic/mult_out/B[15] is connected to registers with an asynchronous reset. This is preventing the possibility of merging these registers in to the DSP Block since the DSP block registers only possess synchronous reset capability.  It is suggested to recode or change these registers to remove the reset or use a synchronous reset to get the best optimization for performance, power and area.
Related violations: <none>

DPIR-1#25 Warning
Asynchronous driver check  
DSP pid_top_inst/i_pid_logic/mult_out input pin pid_top_inst/i_pid_logic/mult_out/B[16] is connected to registers with an asynchronous reset. This is preventing the possibility of merging these registers in to the DSP Block since the DSP block registers only possess synchronous reset capability.  It is suggested to recode or change these registers to remove the reset or use a synchronous reset to get the best optimization for performance, power and area.
Related violations: <none>

DPIR-1#26 Warning
Asynchronous driver check  
DSP pid_top_inst/i_pid_logic/mult_out input pin pid_top_inst/i_pid_logic/mult_out/B[17] is connected to registers with an asynchronous reset. This is preventing the possibility of merging these registers in to the DSP Block since the DSP block registers only possess synchronous reset capability.  It is suggested to recode or change these registers to remove the reset or use a synchronous reset to get the best optimization for performance, power and area.
Related violations: <none>

DPIR-1#27 Warning
Asynchronous driver check  
DSP pid_top_inst/i_pid_logic/mult_out input pin pid_top_inst/i_pid_logic/mult_out/B[1] is connected to registers with an asynchronous reset. This is preventing the possibility of merging these registers in to the DSP Block since the DSP block registers only possess synchronous reset capability.  It is suggested to recode or change these registers to remove the reset or use a synchronous reset to get the best optimization for performance, power and area.
Related violations: <none>

DPIR-1#28 Warning
Asynchronous driver check  
DSP pid_top_inst/i_pid_logic/mult_out input pin pid_top_inst/i_pid_logic/mult_out/B[2] is connected to registers with an asynchronous reset. This is preventing the possibility of merging these registers in to the DSP Block since the DSP block registers only possess synchronous reset capability.  It is suggested to recode or change these registers to remove the reset or use a synchronous reset to get the best optimization for performance, power and area.
Related violations: <none>

DPIR-1#29 Warning
Asynchronous driver check  
DSP pid_top_inst/i_pid_logic/mult_out input pin pid_top_inst/i_pid_logic/mult_out/B[3] is connected to registers with an asynchronous reset. This is preventing the possibility of merging these registers in to the DSP Block since the DSP block registers only possess synchronous reset capability.  It is suggested to recode or change these registers to remove the reset or use a synchronous reset to get the best optimization for performance, power and area.
Related violations: <none>

DPIR-1#30 Warning
Asynchronous driver check  
DSP pid_top_inst/i_pid_logic/mult_out input pin pid_top_inst/i_pid_logic/mult_out/B[4] is connected to registers with an asynchronous reset. This is preventing the possibility of merging these registers in to the DSP Block since the DSP block registers only possess synchronous reset capability.  It is suggested to recode or change these registers to remove the reset or use a synchronous reset to get the best optimization for performance, power and area.
Related violations: <none>

DPIR-1#31 Warning
Asynchronous driver check  
DSP pid_top_inst/i_pid_logic/mult_out input pin pid_top_inst/i_pid_logic/mult_out/B[5] is connected to registers with an asynchronous reset. This is preventing the possibility of merging these registers in to the DSP Block since the DSP block registers only possess synchronous reset capability.  It is suggested to recode or change these registers to remove the reset or use a synchronous reset to get the best optimization for performance, power and area.
Related violations: <none>

DPIR-1#32 Warning
Asynchronous driver check  
DSP pid_top_inst/i_pid_logic/mult_out input pin pid_top_inst/i_pid_logic/mult_out/B[6] is connected to registers with an asynchronous reset. This is preventing the possibility of merging these registers in to the DSP Block since the DSP block registers only possess synchronous reset capability.  It is suggested to recode or change these registers to remove the reset or use a synchronous reset to get the best optimization for performance, power and area.
Related violations: <none>

DPIR-1#33 Warning
Asynchronous driver check  
DSP pid_top_inst/i_pid_logic/mult_out input pin pid_top_inst/i_pid_logic/mult_out/B[7] is connected to registers with an asynchronous reset. This is preventing the possibility of merging these registers in to the DSP Block since the DSP block registers only possess synchronous reset capability.  It is suggested to recode or change these registers to remove the reset or use a synchronous reset to get the best optimization for performance, power and area.
Related violations: <none>

DPIR-1#34 Warning
Asynchronous driver check  
DSP pid_top_inst/i_pid_logic/mult_out input pin pid_top_inst/i_pid_logic/mult_out/B[8] is connected to registers with an asynchronous reset. This is preventing the possibility of merging these registers in to the DSP Block since the DSP block registers only possess synchronous reset capability.  It is suggested to recode or change these registers to remove the reset or use a synchronous reset to get the best optimization for performance, power and area.
Related violations: <none>

DPIR-1#35 Warning
Asynchronous driver check  
DSP pid_top_inst/i_pid_logic/mult_out input pin pid_top_inst/i_pid_logic/mult_out/B[9] is connected to registers with an asynchronous reset. This is preventing the possibility of merging these registers in to the DSP Block since the DSP block registers only possess synchronous reset capability.  It is suggested to recode or change these registers to remove the reset or use a synchronous reset to get the best optimization for performance, power and area.
Related violations: <none>

DPIR-1#36 Warning
Asynchronous driver check  
DSP pid_top_inst/i_pid_logic/mult_out__0 input pin pid_top_inst/i_pid_logic/mult_out__0/A[0] is connected to registers with an asynchronous reset. This is preventing the possibility of merging these registers in to the DSP Block since the DSP block registers only possess synchronous reset capability.  It is suggested to recode or change these registers to remove the reset or use a synchronous reset to get the best optimization for performance, power and area.
Related violations: <none>

DPIR-1#37 Warning
Asynchronous driver check  
DSP pid_top_inst/i_pid_logic/mult_out__0 input pin pid_top_inst/i_pid_logic/mult_out__0/A[10] is connected to registers with an asynchronous reset. This is preventing the possibility of merging these registers in to the DSP Block since the DSP block registers only possess synchronous reset capability.  It is suggested to recode or change these registers to remove the reset or use a synchronous reset to get the best optimization for performance, power and area.
Related violations: <none>

DPIR-1#38 Warning
Asynchronous driver check  
DSP pid_top_inst/i_pid_logic/mult_out__0 input pin pid_top_inst/i_pid_logic/mult_out__0/A[11] is connected to registers with an asynchronous reset. This is preventing the possibility of merging these registers in to the DSP Block since the DSP block registers only possess synchronous reset capability.  It is suggested to recode or change these registers to remove the reset or use a synchronous reset to get the best optimization for performance, power and area.
Related violations: <none>

DPIR-1#39 Warning
Asynchronous driver check  
DSP pid_top_inst/i_pid_logic/mult_out__0 input pin pid_top_inst/i_pid_logic/mult_out__0/A[12] is connected to registers with an asynchronous reset. This is preventing the possibility of merging these registers in to the DSP Block since the DSP block registers only possess synchronous reset capability.  It is suggested to recode or change these registers to remove the reset or use a synchronous reset to get the best optimization for performance, power and area.
Related violations: <none>

DPIR-1#40 Warning
Asynchronous driver check  
DSP pid_top_inst/i_pid_logic/mult_out__0 input pin pid_top_inst/i_pid_logic/mult_out__0/A[13] is connected to registers with an asynchronous reset. This is preventing the possibility of merging these registers in to the DSP Block since the DSP block registers only possess synchronous reset capability.  It is suggested to recode or change these registers to remove the reset or use a synchronous reset to get the best optimization for performance, power and area.
Related violations: <none>

DPIR-1#41 Warning
Asynchronous driver check  
DSP pid_top_inst/i_pid_logic/mult_out__0 input pin pid_top_inst/i_pid_logic/mult_out__0/A[14] is connected to registers with an asynchronous reset. This is preventing the possibility of merging these registers in to the DSP Block since the DSP block registers only possess synchronous reset capability.  It is suggested to recode or change these registers to remove the reset or use a synchronous reset to get the best optimization for performance, power and area.
Related violations: <none>

DPIR-1#42 Warning
Asynchronous driver check  
DSP pid_top_inst/i_pid_logic/mult_out__0 input pin pid_top_inst/i_pid_logic/mult_out__0/A[15] is connected to registers with an asynchronous reset. This is preventing the possibility of merging these registers in to the DSP Block since the DSP block registers only possess synchronous reset capability.  It is suggested to recode or change these registers to remove the reset or use a synchronous reset to get the best optimization for performance, power and area.
Related violations: <none>

DPIR-1#43 Warning
Asynchronous driver check  
DSP pid_top_inst/i_pid_logic/mult_out__0 input pin pid_top_inst/i_pid_logic/mult_out__0/A[16] is connected to registers with an asynchronous reset. This is preventing the possibility of merging these registers in to the DSP Block since the DSP block registers only possess synchronous reset capability.  It is suggested to recode or change these registers to remove the reset or use a synchronous reset to get the best optimization for performance, power and area.
Related violations: <none>

DPIR-1#44 Warning
Asynchronous driver check  
DSP pid_top_inst/i_pid_logic/mult_out__0 input pin pid_top_inst/i_pid_logic/mult_out__0/A[17] is connected to registers with an asynchronous reset. This is preventing the possibility of merging these registers in to the DSP Block since the DSP block registers only possess synchronous reset capability.  It is suggested to recode or change these registers to remove the reset or use a synchronous reset to get the best optimization for performance, power and area.
Related violations: <none>

DPIR-1#45 Warning
Asynchronous driver check  
DSP pid_top_inst/i_pid_logic/mult_out__0 input pin pid_top_inst/i_pid_logic/mult_out__0/A[18] is connected to registers with an asynchronous reset. This is preventing the possibility of merging these registers in to the DSP Block since the DSP block registers only possess synchronous reset capability.  It is suggested to recode or change these registers to remove the reset or use a synchronous reset to get the best optimization for performance, power and area.
Related violations: <none>

DPIR-1#46 Warning
Asynchronous driver check  
DSP pid_top_inst/i_pid_logic/mult_out__0 input pin pid_top_inst/i_pid_logic/mult_out__0/A[19] is connected to registers with an asynchronous reset. This is preventing the possibility of merging these registers in to the DSP Block since the DSP block registers only possess synchronous reset capability.  It is suggested to recode or change these registers to remove the reset or use a synchronous reset to get the best optimization for performance, power and area.
Related violations: <none>

DPIR-1#47 Warning
Asynchronous driver check  
DSP pid_top_inst/i_pid_logic/mult_out__0 input pin pid_top_inst/i_pid_logic/mult_out__0/A[1] is connected to registers with an asynchronous reset. This is preventing the possibility of merging these registers in to the DSP Block since the DSP block registers only possess synchronous reset capability.  It is suggested to recode or change these registers to remove the reset or use a synchronous reset to get the best optimization for performance, power and area.
Related violations: <none>

DPIR-1#48 Warning
Asynchronous driver check  
DSP pid_top_inst/i_pid_logic/mult_out__0 input pin pid_top_inst/i_pid_logic/mult_out__0/A[20] is connected to registers with an asynchronous reset. This is preventing the possibility of merging these registers in to the DSP Block since the DSP block registers only possess synchronous reset capability.  It is suggested to recode or change these registers to remove the reset or use a synchronous reset to get the best optimization for performance, power and area.
Related violations: <none>

DPIR-1#49 Warning
Asynchronous driver check  
DSP pid_top_inst/i_pid_logic/mult_out__0 input pin pid_top_inst/i_pid_logic/mult_out__0/A[21] is connected to registers with an asynchronous reset. This is preventing the possibility of merging these registers in to the DSP Block since the DSP block registers only possess synchronous reset capability.  It is suggested to recode or change these registers to remove the reset or use a synchronous reset to get the best optimization for performance, power and area.
Related violations: <none>

DPIR-1#50 Warning
Asynchronous driver check  
DSP pid_top_inst/i_pid_logic/mult_out__0 input pin pid_top_inst/i_pid_logic/mult_out__0/A[22] is connected to registers with an asynchronous reset. This is preventing the possibility of merging these registers in to the DSP Block since the DSP block registers only possess synchronous reset capability.  It is suggested to recode or change these registers to remove the reset or use a synchronous reset to get the best optimization for performance, power and area.
Related violations: <none>

DPIR-1#51 Warning
Asynchronous driver check  
DSP pid_top_inst/i_pid_logic/mult_out__0 input pin pid_top_inst/i_pid_logic/mult_out__0/A[23] is connected to registers with an asynchronous reset. This is preventing the possibility of merging these registers in to the DSP Block since the DSP block registers only possess synchronous reset capability.  It is suggested to recode or change these registers to remove the reset or use a synchronous reset to get the best optimization for performance, power and area.
Related violations: <none>

DPIR-1#52 Warning
Asynchronous driver check  
DSP pid_top_inst/i_pid_logic/mult_out__0 input pin pid_top_inst/i_pid_logic/mult_out__0/A[24] is connected to registers with an asynchronous reset. This is preventing the possibility of merging these registers in to the DSP Block since the DSP block registers only possess synchronous reset capability.  It is suggested to recode or change these registers to remove the reset or use a synchronous reset to get the best optimization for performance, power and area.
Related violations: <none>

DPIR-1#53 Warning
Asynchronous driver check  
DSP pid_top_inst/i_pid_logic/mult_out__0 input pin pid_top_inst/i_pid_logic/mult_out__0/A[25] is connected to registers with an asynchronous reset. This is preventing the possibility of merging these registers in to the DSP Block since the DSP block registers only possess synchronous reset capability.  It is suggested to recode or change these registers to remove the reset or use a synchronous reset to get the best optimization for performance, power and area.
Related violations: <none>

DPIR-1#54 Warning
Asynchronous driver check  
DSP pid_top_inst/i_pid_logic/mult_out__0 input pin pid_top_inst/i_pid_logic/mult_out__0/A[26] is connected to registers with an asynchronous reset. This is preventing the possibility of merging these registers in to the DSP Block since the DSP block registers only possess synchronous reset capability.  It is suggested to recode or change these registers to remove the reset or use a synchronous reset to get the best optimization for performance, power and area.
Related violations: <none>

DPIR-1#55 Warning
Asynchronous driver check  
DSP pid_top_inst/i_pid_logic/mult_out__0 input pin pid_top_inst/i_pid_logic/mult_out__0/A[27] is connected to registers with an asynchronous reset. This is preventing the possibility of merging these registers in to the DSP Block since the DSP block registers only possess synchronous reset capability.  It is suggested to recode or change these registers to remove the reset or use a synchronous reset to get the best optimization for performance, power and area.
Related violations: <none>

DPIR-1#56 Warning
Asynchronous driver check  
DSP pid_top_inst/i_pid_logic/mult_out__0 input pin pid_top_inst/i_pid_logic/mult_out__0/A[28] is connected to registers with an asynchronous reset. This is preventing the possibility of merging these registers in to the DSP Block since the DSP block registers only possess synchronous reset capability.  It is suggested to recode or change these registers to remove the reset or use a synchronous reset to get the best optimization for performance, power and area.
Related violations: <none>

DPIR-1#57 Warning
Asynchronous driver check  
DSP pid_top_inst/i_pid_logic/mult_out__0 input pin pid_top_inst/i_pid_logic/mult_out__0/A[29] is connected to registers with an asynchronous reset. This is preventing the possibility of merging these registers in to the DSP Block since the DSP block registers only possess synchronous reset capability.  It is suggested to recode or change these registers to remove the reset or use a synchronous reset to get the best optimization for performance, power and area.
Related violations: <none>

DPIR-1#58 Warning
Asynchronous driver check  
DSP pid_top_inst/i_pid_logic/mult_out__0 input pin pid_top_inst/i_pid_logic/mult_out__0/A[2] is connected to registers with an asynchronous reset. This is preventing the possibility of merging these registers in to the DSP Block since the DSP block registers only possess synchronous reset capability.  It is suggested to recode or change these registers to remove the reset or use a synchronous reset to get the best optimization for performance, power and area.
Related violations: <none>

DPIR-1#59 Warning
Asynchronous driver check  
DSP pid_top_inst/i_pid_logic/mult_out__0 input pin pid_top_inst/i_pid_logic/mult_out__0/A[3] is connected to registers with an asynchronous reset. This is preventing the possibility of merging these registers in to the DSP Block since the DSP block registers only possess synchronous reset capability.  It is suggested to recode or change these registers to remove the reset or use a synchronous reset to get the best optimization for performance, power and area.
Related violations: <none>

DPIR-1#60 Warning
Asynchronous driver check  
DSP pid_top_inst/i_pid_logic/mult_out__0 input pin pid_top_inst/i_pid_logic/mult_out__0/A[4] is connected to registers with an asynchronous reset. This is preventing the possibility of merging these registers in to the DSP Block since the DSP block registers only possess synchronous reset capability.  It is suggested to recode or change these registers to remove the reset or use a synchronous reset to get the best optimization for performance, power and area.
Related violations: <none>

DPIR-1#61 Warning
Asynchronous driver check  
DSP pid_top_inst/i_pid_logic/mult_out__0 input pin pid_top_inst/i_pid_logic/mult_out__0/A[5] is connected to registers with an asynchronous reset. This is preventing the possibility of merging these registers in to the DSP Block since the DSP block registers only possess synchronous reset capability.  It is suggested to recode or change these registers to remove the reset or use a synchronous reset to get the best optimization for performance, power and area.
Related violations: <none>

DPIR-1#62 Warning
Asynchronous driver check  
DSP pid_top_inst/i_pid_logic/mult_out__0 input pin pid_top_inst/i_pid_logic/mult_out__0/A[6] is connected to registers with an asynchronous reset. This is preventing the possibility of merging these registers in to the DSP Block since the DSP block registers only possess synchronous reset capability.  It is suggested to recode or change these registers to remove the reset or use a synchronous reset to get the best optimization for performance, power and area.
Related violations: <none>

DPIR-1#63 Warning
Asynchronous driver check  
DSP pid_top_inst/i_pid_logic/mult_out__0 input pin pid_top_inst/i_pid_logic/mult_out__0/A[7] is connected to registers with an asynchronous reset. This is preventing the possibility of merging these registers in to the DSP Block since the DSP block registers only possess synchronous reset capability.  It is suggested to recode or change these registers to remove the reset or use a synchronous reset to get the best optimization for performance, power and area.
Related violations: <none>

DPIR-1#64 Warning
Asynchronous driver check  
DSP pid_top_inst/i_pid_logic/mult_out__0 input pin pid_top_inst/i_pid_logic/mult_out__0/A[8] is connected to registers with an asynchronous reset. This is preventing the possibility of merging these registers in to the DSP Block since the DSP block registers only possess synchronous reset capability.  It is suggested to recode or change these registers to remove the reset or use a synchronous reset to get the best optimization for performance, power and area.
Related violations: <none>

DPIR-1#65 Warning
Asynchronous driver check  
DSP pid_top_inst/i_pid_logic/mult_out__0 input pin pid_top_inst/i_pid_logic/mult_out__0/A[9] is connected to registers with an asynchronous reset. This is preventing the possibility of merging these registers in to the DSP Block since the DSP block registers only possess synchronous reset capability.  It is suggested to recode or change these registers to remove the reset or use a synchronous reset to get the best optimization for performance, power and area.
Related violations: <none>

DPIR-1#66 Warning
Asynchronous driver check  
DSP pid_top_inst/i_pid_logic/mult_out__0 input pin pid_top_inst/i_pid_logic/mult_out__0/B[0] is connected to registers with an asynchronous reset. This is preventing the possibility of merging these registers in to the DSP Block since the DSP block registers only possess synchronous reset capability.  It is suggested to recode or change these registers to remove the reset or use a synchronous reset to get the best optimization for performance, power and area.
Related violations: <none>

DPIR-1#67 Warning
Asynchronous driver check  
DSP pid_top_inst/i_pid_logic/mult_out__0 input pin pid_top_inst/i_pid_logic/mult_out__0/B[10] is connected to registers with an asynchronous reset. This is preventing the possibility of merging these registers in to the DSP Block since the DSP block registers only possess synchronous reset capability.  It is suggested to recode or change these registers to remove the reset or use a synchronous reset to get the best optimization for performance, power and area.
Related violations: <none>

DPIR-1#68 Warning
Asynchronous driver check  
DSP pid_top_inst/i_pid_logic/mult_out__0 input pin pid_top_inst/i_pid_logic/mult_out__0/B[11] is connected to registers with an asynchronous reset. This is preventing the possibility of merging these registers in to the DSP Block since the DSP block registers only possess synchronous reset capability.  It is suggested to recode or change these registers to remove the reset or use a synchronous reset to get the best optimization for performance, power and area.
Related violations: <none>

DPIR-1#69 Warning
Asynchronous driver check  
DSP pid_top_inst/i_pid_logic/mult_out__0 input pin pid_top_inst/i_pid_logic/mult_out__0/B[12] is connected to registers with an asynchronous reset. This is preventing the possibility of merging these registers in to the DSP Block since the DSP block registers only possess synchronous reset capability.  It is suggested to recode or change these registers to remove the reset or use a synchronous reset to get the best optimization for performance, power and area.
Related violations: <none>

DPIR-1#70 Warning
Asynchronous driver check  
DSP pid_top_inst/i_pid_logic/mult_out__0 input pin pid_top_inst/i_pid_logic/mult_out__0/B[13] is connected to registers with an asynchronous reset. This is preventing the possibility of merging these registers in to the DSP Block since the DSP block registers only possess synchronous reset capability.  It is suggested to recode or change these registers to remove the reset or use a synchronous reset to get the best optimization for performance, power and area.
Related violations: <none>

DPIR-1#71 Warning
Asynchronous driver check  
DSP pid_top_inst/i_pid_logic/mult_out__0 input pin pid_top_inst/i_pid_logic/mult_out__0/B[14] is connected to registers with an asynchronous reset. This is preventing the possibility of merging these registers in to the DSP Block since the DSP block registers only possess synchronous reset capability.  It is suggested to recode or change these registers to remove the reset or use a synchronous reset to get the best optimization for performance, power and area.
Related violations: <none>

DPIR-1#72 Warning
Asynchronous driver check  
DSP pid_top_inst/i_pid_logic/mult_out__0 input pin pid_top_inst/i_pid_logic/mult_out__0/B[15] is connected to registers with an asynchronous reset. This is preventing the possibility of merging these registers in to the DSP Block since the DSP block registers only possess synchronous reset capability.  It is suggested to recode or change these registers to remove the reset or use a synchronous reset to get the best optimization for performance, power and area.
Related violations: <none>

DPIR-1#73 Warning
Asynchronous driver check  
DSP pid_top_inst/i_pid_logic/mult_out__0 input pin pid_top_inst/i_pid_logic/mult_out__0/B[16] is connected to registers with an asynchronous reset. This is preventing the possibility of merging these registers in to the DSP Block since the DSP block registers only possess synchronous reset capability.  It is suggested to recode or change these registers to remove the reset or use a synchronous reset to get the best optimization for performance, power and area.
Related violations: <none>

DPIR-1#74 Warning
Asynchronous driver check  
DSP pid_top_inst/i_pid_logic/mult_out__0 input pin pid_top_inst/i_pid_logic/mult_out__0/B[17] is connected to registers with an asynchronous reset. This is preventing the possibility of merging these registers in to the DSP Block since the DSP block registers only possess synchronous reset capability.  It is suggested to recode or change these registers to remove the reset or use a synchronous reset to get the best optimization for performance, power and area.
Related violations: <none>

DPIR-1#75 Warning
Asynchronous driver check  
DSP pid_top_inst/i_pid_logic/mult_out__0 input pin pid_top_inst/i_pid_logic/mult_out__0/B[1] is connected to registers with an asynchronous reset. This is preventing the possibility of merging these registers in to the DSP Block since the DSP block registers only possess synchronous reset capability.  It is suggested to recode or change these registers to remove the reset or use a synchronous reset to get the best optimization for performance, power and area.
Related violations: <none>

DPIR-1#76 Warning
Asynchronous driver check  
DSP pid_top_inst/i_pid_logic/mult_out__0 input pin pid_top_inst/i_pid_logic/mult_out__0/B[2] is connected to registers with an asynchronous reset. This is preventing the possibility of merging these registers in to the DSP Block since the DSP block registers only possess synchronous reset capability.  It is suggested to recode or change these registers to remove the reset or use a synchronous reset to get the best optimization for performance, power and area.
Related violations: <none>

DPIR-1#77 Warning
Asynchronous driver check  
DSP pid_top_inst/i_pid_logic/mult_out__0 input pin pid_top_inst/i_pid_logic/mult_out__0/B[3] is connected to registers with an asynchronous reset. This is preventing the possibility of merging these registers in to the DSP Block since the DSP block registers only possess synchronous reset capability.  It is suggested to recode or change these registers to remove the reset or use a synchronous reset to get the best optimization for performance, power and area.
Related violations: <none>

DPIR-1#78 Warning
Asynchronous driver check  
DSP pid_top_inst/i_pid_logic/mult_out__0 input pin pid_top_inst/i_pid_logic/mult_out__0/B[4] is connected to registers with an asynchronous reset. This is preventing the possibility of merging these registers in to the DSP Block since the DSP block registers only possess synchronous reset capability.  It is suggested to recode or change these registers to remove the reset or use a synchronous reset to get the best optimization for performance, power and area.
Related violations: <none>

DPIR-1#79 Warning
Asynchronous driver check  
DSP pid_top_inst/i_pid_logic/mult_out__0 input pin pid_top_inst/i_pid_logic/mult_out__0/B[5] is connected to registers with an asynchronous reset. This is preventing the possibility of merging these registers in to the DSP Block since the DSP block registers only possess synchronous reset capability.  It is suggested to recode or change these registers to remove the reset or use a synchronous reset to get the best optimization for performance, power and area.
Related violations: <none>

DPIR-1#80 Warning
Asynchronous driver check  
DSP pid_top_inst/i_pid_logic/mult_out__0 input pin pid_top_inst/i_pid_logic/mult_out__0/B[6] is connected to registers with an asynchronous reset. This is preventing the possibility of merging these registers in to the DSP Block since the DSP block registers only possess synchronous reset capability.  It is suggested to recode or change these registers to remove the reset or use a synchronous reset to get the best optimization for performance, power and area.
Related violations: <none>

DPIR-1#81 Warning
Asynchronous driver check  
DSP pid_top_inst/i_pid_logic/mult_out__0 input pin pid_top_inst/i_pid_logic/mult_out__0/B[7] is connected to registers with an asynchronous reset. This is preventing the possibility of merging these registers in to the DSP Block since the DSP block registers only possess synchronous reset capability.  It is suggested to recode or change these registers to remove the reset or use a synchronous reset to get the best optimization for performance, power and area.
Related violations: <none>

DPIR-1#82 Warning
Asynchronous driver check  
DSP pid_top_inst/i_pid_logic/mult_out__0 input pin pid_top_inst/i_pid_logic/mult_out__0/B[8] is connected to registers with an asynchronous reset. This is preventing the possibility of merging these registers in to the DSP Block since the DSP block registers only possess synchronous reset capability.  It is suggested to recode or change these registers to remove the reset or use a synchronous reset to get the best optimization for performance, power and area.
Related violations: <none>

DPIR-1#83 Warning
Asynchronous driver check  
DSP pid_top_inst/i_pid_logic/mult_out__0 input pin pid_top_inst/i_pid_logic/mult_out__0/B[9] is connected to registers with an asynchronous reset. This is preventing the possibility of merging these registers in to the DSP Block since the DSP block registers only possess synchronous reset capability.  It is suggested to recode or change these registers to remove the reset or use a synchronous reset to get the best optimization for performance, power and area.
Related violations: <none>

LUTAR-1#1 Warning
LUT drives async reset alert  
LUT cell system_controller_inst/FSM_sequential_state[2]_i_2__1, with 2 or more inputs, drives asynchronous preset/clear pin(s) pid_top_inst/i_pid_logic/FSM_sequential_state_reg[0]/CLR,
pid_top_inst/i_pid_logic/FSM_sequential_state_reg[1]/CLR,
pid_top_inst/i_pid_logic/FSM_sequential_state_reg[2]/CLR,
pid_top_inst/i_pid_logic/dac_out_o_reg[0]/CLR,
pid_top_inst/i_pid_logic/dac_out_o_reg[10]/CLR,
pid_top_inst/i_pid_logic/dac_out_o_reg[11]/CLR,
pid_top_inst/i_pid_logic/dac_out_o_reg[12]/CLR,
pid_top_inst/i_pid_logic/dac_out_o_reg[13]/CLR,
pid_top_inst/i_pid_logic/dac_out_o_reg[1]/CLR,
pid_top_inst/i_pid_logic/dac_out_o_reg[2]/CLR,
pid_top_inst/i_pid_logic/dac_out_o_reg[3]/CLR,
pid_top_inst/i_pid_logic/dac_out_o_reg[4]/CLR,
pid_top_inst/i_pid_logic/dac_out_o_reg[5]/CLR,
pid_top_inst/i_pid_logic/dac_out_o_reg[6]/CLR,
pid_top_inst/i_pid_logic/dac_out_o_reg[7]/CLR (the first 15 of 224 listed). The LUT may glitch and trigger an unexpected reset, even if it is a properly timed path.
Related violations: <none>

SYNTH-13#1 Warning
combinational multiplier  
Detected combinational multiplier in DSP instance pid_top_inst/i_pid_logic/mult_out.
Related violations: <none>

SYNTH-13#2 Warning
combinational multiplier  
Detected combinational multiplier in DSP instance pid_top_inst/i_pid_logic/mult_out__0.
Related violations: <none>

TIMING-9#1 Warning
Unknown CDC Logic  
One or more asynchronous Clock Domain Crossing has been detected between 2 clock domains through a set_false_path or a set_clock_groups or set_max_delay -datapath_only constraint but no double-registers logic synchronizer has been found on the side of the capture clock. It is recommended to run report_cdc for a complete and detailed CDC coverage. Please consider using XPM_CDC to avoid Critical severities
Related violations: <none>

TIMING-18#1 Warning
Missing input or output delay  
An input delay is missing on exp_n_io[0] relative to clock(s) adc_clk
Related violations: <none>

TIMING-18#2 Warning
Missing input or output delay  
An input delay is missing on exp_n_io[1] relative to clock(s) adc_clk
Related violations: <none>

TIMING-18#3 Warning
Missing input or output delay  
An input delay is missing on exp_n_io[2] relative to clock(s) adc_clk
Related violations: <none>

TIMING-18#4 Warning
Missing input or output delay  
An input delay is missing on exp_n_io[3] relative to clock(s) adc_clk
Related violations: <none>

TIMING-18#5 Warning
Missing input or output delay  
An input delay is missing on exp_n_io[4] relative to clock(s) adc_clk
Related violations: <none>

TIMING-18#6 Warning
Missing input or output delay  
An input delay is missing on exp_n_io[5] relative to clock(s) adc_clk
Related violations: <none>

TIMING-18#7 Warning
Missing input or output delay  
An input delay is missing on exp_n_io[6] relative to clock(s) adc_clk
Related violations: <none>

TIMING-18#8 Warning
Missing input or output delay  
An input delay is missing on exp_n_io[7] relative to clock(s) adc_clk
Related violations: <none>

TIMING-18#9 Warning
Missing input or output delay  
An output delay is missing on dac_dat_o[0] relative to clock(s) adc_clk
Related violations: <none>

TIMING-18#10 Warning
Missing input or output delay  
An output delay is missing on dac_dat_o[10] relative to clock(s) adc_clk
Related violations: <none>

TIMING-18#11 Warning
Missing input or output delay  
An output delay is missing on dac_dat_o[11] relative to clock(s) adc_clk
Related violations: <none>

TIMING-18#12 Warning
Missing input or output delay  
An output delay is missing on dac_dat_o[12] relative to clock(s) adc_clk
Related violations: <none>

TIMING-18#13 Warning
Missing input or output delay  
An output delay is missing on dac_dat_o[13] relative to clock(s) adc_clk
Related violations: <none>

TIMING-18#14 Warning
Missing input or output delay  
An output delay is missing on dac_dat_o[1] relative to clock(s) adc_clk
Related violations: <none>

TIMING-18#15 Warning
Missing input or output delay  
An output delay is missing on dac_dat_o[2] relative to clock(s) adc_clk
Related violations: <none>

TIMING-18#16 Warning
Missing input or output delay  
An output delay is missing on dac_dat_o[3] relative to clock(s) adc_clk
Related violations: <none>

TIMING-18#17 Warning
Missing input or output delay  
An output delay is missing on dac_dat_o[4] relative to clock(s) adc_clk
Related violations: <none>

TIMING-18#18 Warning
Missing input or output delay  
An output delay is missing on dac_dat_o[5] relative to clock(s) adc_clk
Related violations: <none>

TIMING-18#19 Warning
Missing input or output delay  
An output delay is missing on dac_dat_o[6] relative to clock(s) adc_clk
Related violations: <none>

TIMING-18#20 Warning
Missing input or output delay  
An output delay is missing on dac_dat_o[7] relative to clock(s) adc_clk
Related violations: <none>

TIMING-18#21 Warning
Missing input or output delay  
An output delay is missing on dac_dat_o[8] relative to clock(s) adc_clk
Related violations: <none>

TIMING-18#22 Warning
Missing input or output delay  
An output delay is missing on dac_dat_o[9] relative to clock(s) adc_clk
Related violations: <none>

TIMING-18#23 Warning
Missing input or output delay  
An output delay is missing on dac_rst_o relative to clock(s) adc_clk
Related violations: <none>

TIMING-18#24 Warning
Missing input or output delay  
An output delay is missing on dac_sel_o relative to clock(s) adc_clk
Related violations: <none>

TIMING-18#25 Warning
Missing input or output delay  
An output delay is missing on led_o[0] relative to clock(s) adc_clk
Related violations: <none>

TIMING-18#26 Warning
Missing input or output delay  
An output delay is missing on led_o[1] relative to clock(s) adc_clk
Related violations: <none>

TIMING-18#27 Warning
Missing input or output delay  
An output delay is missing on led_o[2] relative to clock(s) adc_clk
Related violations: <none>

TIMING-18#28 Warning
Missing input or output delay  
An output delay is missing on led_o[3] relative to clock(s) adc_clk
Related violations: <none>

TIMING-18#29 Warning
Missing input or output delay  
An output delay is missing on led_o[4] relative to clock(s) adc_clk
Related violations: <none>

TIMING-18#30 Warning
Missing input or output delay  
An output delay is missing on led_o[5] relative to clock(s) adc_clk
Related violations: <none>

TIMING-18#31 Warning
Missing input or output delay  
An output delay is missing on led_o[6] relative to clock(s) adc_clk
Related violations: <none>

TIMING-18#32 Warning
Missing input or output delay  
An output delay is missing on led_o[7] relative to clock(s) adc_clk
Related violations: <none>

TIMING-28#1 Warning
Auto-derived clock referenced by a timing constraint  
The auto-derived clock pll_adc_clk is referenced by name inside timing constraint (see constraint position 15 in the Timing Constraint window in Vivado IDE). It is recommended to reference an auto-derived clock by the pin name attached to the clock: get_clocks -of_objects [get_pins pll/pll/CLKOUT0]
Related violations: <none>

TIMING-28#2 Warning
Auto-derived clock referenced by a timing constraint  
The auto-derived clock pll_adc_clk is referenced by name inside timing constraint (see constraint position 16 in the Timing Constraint window in Vivado IDE). It is recommended to reference an auto-derived clock by the pin name attached to the clock: get_clocks -of_objects [get_pins pll/pll/CLKOUT0]
Related violations: <none>

TIMING-28#3 Warning
Auto-derived clock referenced by a timing constraint  
The auto-derived clock pll_dac_clk_2x is referenced by name inside timing constraint (see constraint position 15 in the Timing Constraint window in Vivado IDE). It is recommended to reference an auto-derived clock by the pin name attached to the clock: get_clocks -of_objects [get_pins pll/pll/CLKOUT2]
Related violations: <none>

TIMING-47#1 Warning
False path or asynchronous clock group between synchronous clocks  
A False Path timing constraint is set between synchronous clocks adc_clk and pll_adc_clk (see constraint position 16 in the Timing Constraint window in Vivado IDE). Masking entire synchronous clock domains via set_false_path or set_clock_groups may result in failure in hardware.
Related violations: <none>

TIMING-47#2 Warning
False path or asynchronous clock group between synchronous clocks  
A False Path timing constraint is set between synchronous clocks pll_adc_clk and pll_dac_clk_2x (see constraint position 15 in the Timing Constraint window in Vivado IDE). Masking entire synchronous clock domains via set_false_path or set_clock_groups may result in failure in hardware.
Related violations: <none>

XDCC-5#1 Warning
User Non-Timing constraint/property overwritten  
A new XDC property IOSTANDARD on dac_pwm_o[0] overrides a previous user property.
New Source: D:/Xilinx/RedPitaya/prj/v0.94/Red-Pitaya-Projects/pid_piezo/pid_piezo.srcs/constrs_1/imports/RedPitaya/sdc/red_pitaya.xdc (Line: 111)
Previous Source: D:/Xilinx/RedPitaya/prj/v0.94/Red-Pitaya-Projects/pid_piezo/pid_piezo.srcs/constrs_1/imports/RedPitaya/sdc/red_pitaya.xdc (Line: 100)
Related violations: <none>

XDCC-5#2 Warning
User Non-Timing constraint/property overwritten  
A new XDC property IOSTANDARD on dac_pwm_o[1] overrides a previous user property.
New Source: D:/Xilinx/RedPitaya/prj/v0.94/Red-Pitaya-Projects/pid_piezo/pid_piezo.srcs/constrs_1/imports/RedPitaya/sdc/red_pitaya.xdc (Line: 111)
Previous Source: D:/Xilinx/RedPitaya/prj/v0.94/Red-Pitaya-Projects/pid_piezo/pid_piezo.srcs/constrs_1/imports/RedPitaya/sdc/red_pitaya.xdc (Line: 100)
Related violations: <none>

XDCC-5#3 Warning
User Non-Timing constraint/property overwritten  
A new XDC property IOSTANDARD on dac_pwm_o[2] overrides a previous user property.
New Source: D:/Xilinx/RedPitaya/prj/v0.94/Red-Pitaya-Projects/pid_piezo/pid_piezo.srcs/constrs_1/imports/RedPitaya/sdc/red_pitaya.xdc (Line: 111)
Previous Source: D:/Xilinx/RedPitaya/prj/v0.94/Red-Pitaya-Projects/pid_piezo/pid_piezo.srcs/constrs_1/imports/RedPitaya/sdc/red_pitaya.xdc (Line: 100)
Related violations: <none>

XDCC-5#4 Warning
User Non-Timing constraint/property overwritten  
A new XDC property IOSTANDARD on dac_pwm_o[3] overrides a previous user property.
New Source: D:/Xilinx/RedPitaya/prj/v0.94/Red-Pitaya-Projects/pid_piezo/pid_piezo.srcs/constrs_1/imports/RedPitaya/sdc/red_pitaya.xdc (Line: 111)
Previous Source: D:/Xilinx/RedPitaya/prj/v0.94/Red-Pitaya-Projects/pid_piezo/pid_piezo.srcs/constrs_1/imports/RedPitaya/sdc/red_pitaya.xdc (Line: 100)
Related violations: <none>

XDCH-2#1 Warning
Same min and max delay values on IO port  
The same input delay of 3.400 ns has been defined on port 'adc_dat_i[0][0]' relative to clock adc_clk for both max and min. Make sure this reflects the design intent.
set_input_delay -clock adc_clk 3.400 [get_ports {adc_dat_i[*][*]}]
D:/Xilinx/RedPitaya/prj/v0.94/Red-Pitaya-Projects/pid_piezo/pid_piezo.srcs/constrs_1/imports/RedPitaya/sdc/red_pitaya.xdc (Line: 201)
Related violations: <none>

XDCH-2#2 Warning
Same min and max delay values on IO port  
The same input delay of 3.400 ns has been defined on port 'adc_dat_i[0][10]' relative to clock adc_clk for both max and min. Make sure this reflects the design intent.
set_input_delay -clock adc_clk 3.400 [get_ports {adc_dat_i[*][*]}]
D:/Xilinx/RedPitaya/prj/v0.94/Red-Pitaya-Projects/pid_piezo/pid_piezo.srcs/constrs_1/imports/RedPitaya/sdc/red_pitaya.xdc (Line: 201)
Related violations: <none>

XDCH-2#3 Warning
Same min and max delay values on IO port  
The same input delay of 3.400 ns has been defined on port 'adc_dat_i[0][11]' relative to clock adc_clk for both max and min. Make sure this reflects the design intent.
set_input_delay -clock adc_clk 3.400 [get_ports {adc_dat_i[*][*]}]
D:/Xilinx/RedPitaya/prj/v0.94/Red-Pitaya-Projects/pid_piezo/pid_piezo.srcs/constrs_1/imports/RedPitaya/sdc/red_pitaya.xdc (Line: 201)
Related violations: <none>

XDCH-2#4 Warning
Same min and max delay values on IO port  
The same input delay of 3.400 ns has been defined on port 'adc_dat_i[0][12]' relative to clock adc_clk for both max and min. Make sure this reflects the design intent.
set_input_delay -clock adc_clk 3.400 [get_ports {adc_dat_i[*][*]}]
D:/Xilinx/RedPitaya/prj/v0.94/Red-Pitaya-Projects/pid_piezo/pid_piezo.srcs/constrs_1/imports/RedPitaya/sdc/red_pitaya.xdc (Line: 201)
Related violations: <none>

XDCH-2#5 Warning
Same min and max delay values on IO port  
The same input delay of 3.400 ns has been defined on port 'adc_dat_i[0][13]' relative to clock adc_clk for both max and min. Make sure this reflects the design intent.
set_input_delay -clock adc_clk 3.400 [get_ports {adc_dat_i[*][*]}]
D:/Xilinx/RedPitaya/prj/v0.94/Red-Pitaya-Projects/pid_piezo/pid_piezo.srcs/constrs_1/imports/RedPitaya/sdc/red_pitaya.xdc (Line: 201)
Related violations: <none>

XDCH-2#6 Warning
Same min and max delay values on IO port  
The same input delay of 3.400 ns has been defined on port 'adc_dat_i[0][14]' relative to clock adc_clk for both max and min. Make sure this reflects the design intent.
set_input_delay -clock adc_clk 3.400 [get_ports {adc_dat_i[*][*]}]
D:/Xilinx/RedPitaya/prj/v0.94/Red-Pitaya-Projects/pid_piezo/pid_piezo.srcs/constrs_1/imports/RedPitaya/sdc/red_pitaya.xdc (Line: 201)
Related violations: <none>

XDCH-2#7 Warning
Same min and max delay values on IO port  
The same input delay of 3.400 ns has been defined on port 'adc_dat_i[0][15]' relative to clock adc_clk for both max and min. Make sure this reflects the design intent.
set_input_delay -clock adc_clk 3.400 [get_ports {adc_dat_i[*][*]}]
D:/Xilinx/RedPitaya/prj/v0.94/Red-Pitaya-Projects/pid_piezo/pid_piezo.srcs/constrs_1/imports/RedPitaya/sdc/red_pitaya.xdc (Line: 201)
Related violations: <none>

XDCH-2#8 Warning
Same min and max delay values on IO port  
The same input delay of 3.400 ns has been defined on port 'adc_dat_i[0][1]' relative to clock adc_clk for both max and min. Make sure this reflects the design intent.
set_input_delay -clock adc_clk 3.400 [get_ports {adc_dat_i[*][*]}]
D:/Xilinx/RedPitaya/prj/v0.94/Red-Pitaya-Projects/pid_piezo/pid_piezo.srcs/constrs_1/imports/RedPitaya/sdc/red_pitaya.xdc (Line: 201)
Related violations: <none>

XDCH-2#9 Warning
Same min and max delay values on IO port  
The same input delay of 3.400 ns has been defined on port 'adc_dat_i[0][2]' relative to clock adc_clk for both max and min. Make sure this reflects the design intent.
set_input_delay -clock adc_clk 3.400 [get_ports {adc_dat_i[*][*]}]
D:/Xilinx/RedPitaya/prj/v0.94/Red-Pitaya-Projects/pid_piezo/pid_piezo.srcs/constrs_1/imports/RedPitaya/sdc/red_pitaya.xdc (Line: 201)
Related violations: <none>

XDCH-2#10 Warning
Same min and max delay values on IO port  
The same input delay of 3.400 ns has been defined on port 'adc_dat_i[0][3]' relative to clock adc_clk for both max and min. Make sure this reflects the design intent.
set_input_delay -clock adc_clk 3.400 [get_ports {adc_dat_i[*][*]}]
D:/Xilinx/RedPitaya/prj/v0.94/Red-Pitaya-Projects/pid_piezo/pid_piezo.srcs/constrs_1/imports/RedPitaya/sdc/red_pitaya.xdc (Line: 201)
Related violations: <none>

XDCH-2#11 Warning
Same min and max delay values on IO port  
The same input delay of 3.400 ns has been defined on port 'adc_dat_i[0][4]' relative to clock adc_clk for both max and min. Make sure this reflects the design intent.
set_input_delay -clock adc_clk 3.400 [get_ports {adc_dat_i[*][*]}]
D:/Xilinx/RedPitaya/prj/v0.94/Red-Pitaya-Projects/pid_piezo/pid_piezo.srcs/constrs_1/imports/RedPitaya/sdc/red_pitaya.xdc (Line: 201)
Related violations: <none>

XDCH-2#12 Warning
Same min and max delay values on IO port  
The same input delay of 3.400 ns has been defined on port 'adc_dat_i[0][5]' relative to clock adc_clk for both max and min. Make sure this reflects the design intent.
set_input_delay -clock adc_clk 3.400 [get_ports {adc_dat_i[*][*]}]
D:/Xilinx/RedPitaya/prj/v0.94/Red-Pitaya-Projects/pid_piezo/pid_piezo.srcs/constrs_1/imports/RedPitaya/sdc/red_pitaya.xdc (Line: 201)
Related violations: <none>

XDCH-2#13 Warning
Same min and max delay values on IO port  
The same input delay of 3.400 ns has been defined on port 'adc_dat_i[0][6]' relative to clock adc_clk for both max and min. Make sure this reflects the design intent.
set_input_delay -clock adc_clk 3.400 [get_ports {adc_dat_i[*][*]}]
D:/Xilinx/RedPitaya/prj/v0.94/Red-Pitaya-Projects/pid_piezo/pid_piezo.srcs/constrs_1/imports/RedPitaya/sdc/red_pitaya.xdc (Line: 201)
Related violations: <none>

XDCH-2#14 Warning
Same min and max delay values on IO port  
The same input delay of 3.400 ns has been defined on port 'adc_dat_i[0][7]' relative to clock adc_clk for both max and min. Make sure this reflects the design intent.
set_input_delay -clock adc_clk 3.400 [get_ports {adc_dat_i[*][*]}]
D:/Xilinx/RedPitaya/prj/v0.94/Red-Pitaya-Projects/pid_piezo/pid_piezo.srcs/constrs_1/imports/RedPitaya/sdc/red_pitaya.xdc (Line: 201)
Related violations: <none>

XDCH-2#15 Warning
Same min and max delay values on IO port  
The same input delay of 3.400 ns has been defined on port 'adc_dat_i[0][8]' relative to clock adc_clk for both max and min. Make sure this reflects the design intent.
set_input_delay -clock adc_clk 3.400 [get_ports {adc_dat_i[*][*]}]
D:/Xilinx/RedPitaya/prj/v0.94/Red-Pitaya-Projects/pid_piezo/pid_piezo.srcs/constrs_1/imports/RedPitaya/sdc/red_pitaya.xdc (Line: 201)
Related violations: <none>

XDCH-2#16 Warning
Same min and max delay values on IO port  
The same input delay of 3.400 ns has been defined on port 'adc_dat_i[0][9]' relative to clock adc_clk for both max and min. Make sure this reflects the design intent.
set_input_delay -clock adc_clk 3.400 [get_ports {adc_dat_i[*][*]}]
D:/Xilinx/RedPitaya/prj/v0.94/Red-Pitaya-Projects/pid_piezo/pid_piezo.srcs/constrs_1/imports/RedPitaya/sdc/red_pitaya.xdc (Line: 201)
Related violations: <none>

XDCH-2#17 Warning
Same min and max delay values on IO port  
The same input delay of 3.400 ns has been defined on port 'adc_dat_i[1][0]' relative to clock adc_clk for both max and min. Make sure this reflects the design intent.
set_input_delay -clock adc_clk 3.400 [get_ports {adc_dat_i[*][*]}]
D:/Xilinx/RedPitaya/prj/v0.94/Red-Pitaya-Projects/pid_piezo/pid_piezo.srcs/constrs_1/imports/RedPitaya/sdc/red_pitaya.xdc (Line: 201)
Related violations: <none>

XDCH-2#18 Warning
Same min and max delay values on IO port  
The same input delay of 3.400 ns has been defined on port 'adc_dat_i[1][10]' relative to clock adc_clk for both max and min. Make sure this reflects the design intent.
set_input_delay -clock adc_clk 3.400 [get_ports {adc_dat_i[*][*]}]
D:/Xilinx/RedPitaya/prj/v0.94/Red-Pitaya-Projects/pid_piezo/pid_piezo.srcs/constrs_1/imports/RedPitaya/sdc/red_pitaya.xdc (Line: 201)
Related violations: <none>

XDCH-2#19 Warning
Same min and max delay values on IO port  
The same input delay of 3.400 ns has been defined on port 'adc_dat_i[1][11]' relative to clock adc_clk for both max and min. Make sure this reflects the design intent.
set_input_delay -clock adc_clk 3.400 [get_ports {adc_dat_i[*][*]}]
D:/Xilinx/RedPitaya/prj/v0.94/Red-Pitaya-Projects/pid_piezo/pid_piezo.srcs/constrs_1/imports/RedPitaya/sdc/red_pitaya.xdc (Line: 201)
Related violations: <none>

XDCH-2#20 Warning
Same min and max delay values on IO port  
The same input delay of 3.400 ns has been defined on port 'adc_dat_i[1][12]' relative to clock adc_clk for both max and min. Make sure this reflects the design intent.
set_input_delay -clock adc_clk 3.400 [get_ports {adc_dat_i[*][*]}]
D:/Xilinx/RedPitaya/prj/v0.94/Red-Pitaya-Projects/pid_piezo/pid_piezo.srcs/constrs_1/imports/RedPitaya/sdc/red_pitaya.xdc (Line: 201)
Related violations: <none>

XDCH-2#21 Warning
Same min and max delay values on IO port  
The same input delay of 3.400 ns has been defined on port 'adc_dat_i[1][13]' relative to clock adc_clk for both max and min. Make sure this reflects the design intent.
set_input_delay -clock adc_clk 3.400 [get_ports {adc_dat_i[*][*]}]
D:/Xilinx/RedPitaya/prj/v0.94/Red-Pitaya-Projects/pid_piezo/pid_piezo.srcs/constrs_1/imports/RedPitaya/sdc/red_pitaya.xdc (Line: 201)
Related violations: <none>

XDCH-2#22 Warning
Same min and max delay values on IO port  
The same input delay of 3.400 ns has been defined on port 'adc_dat_i[1][14]' relative to clock adc_clk for both max and min. Make sure this reflects the design intent.
set_input_delay -clock adc_clk 3.400 [get_ports {adc_dat_i[*][*]}]
D:/Xilinx/RedPitaya/prj/v0.94/Red-Pitaya-Projects/pid_piezo/pid_piezo.srcs/constrs_1/imports/RedPitaya/sdc/red_pitaya.xdc (Line: 201)
Related violations: <none>

XDCH-2#23 Warning
Same min and max delay values on IO port  
The same input delay of 3.400 ns has been defined on port 'adc_dat_i[1][15]' relative to clock adc_clk for both max and min. Make sure this reflects the design intent.
set_input_delay -clock adc_clk 3.400 [get_ports {adc_dat_i[*][*]}]
D:/Xilinx/RedPitaya/prj/v0.94/Red-Pitaya-Projects/pid_piezo/pid_piezo.srcs/constrs_1/imports/RedPitaya/sdc/red_pitaya.xdc (Line: 201)
Related violations: <none>

XDCH-2#24 Warning
Same min and max delay values on IO port  
The same input delay of 3.400 ns has been defined on port 'adc_dat_i[1][1]' relative to clock adc_clk for both max and min. Make sure this reflects the design intent.
set_input_delay -clock adc_clk 3.400 [get_ports {adc_dat_i[*][*]}]
D:/Xilinx/RedPitaya/prj/v0.94/Red-Pitaya-Projects/pid_piezo/pid_piezo.srcs/constrs_1/imports/RedPitaya/sdc/red_pitaya.xdc (Line: 201)
Related violations: <none>

XDCH-2#25 Warning
Same min and max delay values on IO port  
The same input delay of 3.400 ns has been defined on port 'adc_dat_i[1][2]' relative to clock adc_clk for both max and min. Make sure this reflects the design intent.
set_input_delay -clock adc_clk 3.400 [get_ports {adc_dat_i[*][*]}]
D:/Xilinx/RedPitaya/prj/v0.94/Red-Pitaya-Projects/pid_piezo/pid_piezo.srcs/constrs_1/imports/RedPitaya/sdc/red_pitaya.xdc (Line: 201)
Related violations: <none>

XDCH-2#26 Warning
Same min and max delay values on IO port  
The same input delay of 3.400 ns has been defined on port 'adc_dat_i[1][3]' relative to clock adc_clk for both max and min. Make sure this reflects the design intent.
set_input_delay -clock adc_clk 3.400 [get_ports {adc_dat_i[*][*]}]
D:/Xilinx/RedPitaya/prj/v0.94/Red-Pitaya-Projects/pid_piezo/pid_piezo.srcs/constrs_1/imports/RedPitaya/sdc/red_pitaya.xdc (Line: 201)
Related violations: <none>

XDCH-2#27 Warning
Same min and max delay values on IO port  
The same input delay of 3.400 ns has been defined on port 'adc_dat_i[1][4]' relative to clock adc_clk for both max and min. Make sure this reflects the design intent.
set_input_delay -clock adc_clk 3.400 [get_ports {adc_dat_i[*][*]}]
D:/Xilinx/RedPitaya/prj/v0.94/Red-Pitaya-Projects/pid_piezo/pid_piezo.srcs/constrs_1/imports/RedPitaya/sdc/red_pitaya.xdc (Line: 201)
Related violations: <none>

XDCH-2#28 Warning
Same min and max delay values on IO port  
The same input delay of 3.400 ns has been defined on port 'adc_dat_i[1][5]' relative to clock adc_clk for both max and min. Make sure this reflects the design intent.
set_input_delay -clock adc_clk 3.400 [get_ports {adc_dat_i[*][*]}]
D:/Xilinx/RedPitaya/prj/v0.94/Red-Pitaya-Projects/pid_piezo/pid_piezo.srcs/constrs_1/imports/RedPitaya/sdc/red_pitaya.xdc (Line: 201)
Related violations: <none>

XDCH-2#29 Warning
Same min and max delay values on IO port  
The same input delay of 3.400 ns has been defined on port 'adc_dat_i[1][6]' relative to clock adc_clk for both max and min. Make sure this reflects the design intent.
set_input_delay -clock adc_clk 3.400 [get_ports {adc_dat_i[*][*]}]
D:/Xilinx/RedPitaya/prj/v0.94/Red-Pitaya-Projects/pid_piezo/pid_piezo.srcs/constrs_1/imports/RedPitaya/sdc/red_pitaya.xdc (Line: 201)
Related violations: <none>

XDCH-2#30 Warning
Same min and max delay values on IO port  
The same input delay of 3.400 ns has been defined on port 'adc_dat_i[1][7]' relative to clock adc_clk for both max and min. Make sure this reflects the design intent.
set_input_delay -clock adc_clk 3.400 [get_ports {adc_dat_i[*][*]}]
D:/Xilinx/RedPitaya/prj/v0.94/Red-Pitaya-Projects/pid_piezo/pid_piezo.srcs/constrs_1/imports/RedPitaya/sdc/red_pitaya.xdc (Line: 201)
Related violations: <none>

XDCH-2#31 Warning
Same min and max delay values on IO port  
The same input delay of 3.400 ns has been defined on port 'adc_dat_i[1][8]' relative to clock adc_clk for both max and min. Make sure this reflects the design intent.
set_input_delay -clock adc_clk 3.400 [get_ports {adc_dat_i[*][*]}]
D:/Xilinx/RedPitaya/prj/v0.94/Red-Pitaya-Projects/pid_piezo/pid_piezo.srcs/constrs_1/imports/RedPitaya/sdc/red_pitaya.xdc (Line: 201)
Related violations: <none>

XDCH-2#32 Warning
Same min and max delay values on IO port  
The same input delay of 3.400 ns has been defined on port 'adc_dat_i[1][9]' relative to clock adc_clk for both max and min. Make sure this reflects the design intent.
set_input_delay -clock adc_clk 3.400 [get_ports {adc_dat_i[*][*]}]
D:/Xilinx/RedPitaya/prj/v0.94/Red-Pitaya-Projects/pid_piezo/pid_piezo.srcs/constrs_1/imports/RedPitaya/sdc/red_pitaya.xdc (Line: 201)
Related violations: <none>


