Copyright 1986-2020 Xilinx, Inc. All Rights Reserved.
----------------------------------------------------------------------------------------------------------------------------------------------
| Tool Version     : Vivado v.2020.1 (win64) Build 2902540 Wed May 27 19:54:49 MDT 2020
| Date             : Tue Jun 30 14:27:04 2026
| Host             : 20190748 running 64-bit major release  (build 9200)
| Command          : report_power -file fpga_top_power_routed.rpt -pb fpga_top_power_summary_routed.pb -rpx fpga_top_power_routed.rpx
| Design           : fpga_top
| Device           : xc7z010clg400-1
| Design State     : routed
| Grade            : commercial
| Process          : typical
| Characterization : Production
----------------------------------------------------------------------------------------------------------------------------------------------

Power Report

Table of Contents
-----------------
1. Summary
1.1 On-Chip Components
1.2 Power Supply Summary
1.3 Confidence Level
2. Settings
2.1 Environment
2.2 Clock Constraints
3. Detailed Reports
3.1 By Hierarchy

1. Summary
----------

+--------------------------+--------------+
| Total On-Chip Power (W)  | 1.661        |
| Design Power Budget (W)  | Unspecified* |
| Power Budget Margin (W)  | NA           |
| Dynamic (W)              | 1.536        |
| Device Static (W)        | 0.126        |
| Effective TJA (C/W)      | 11.5         |
| Max Ambient (C)          | 65.8         |
| Junction Temperature (C) | 44.2         |
| Confidence Level         | Low          |
| Setting File             | ---          |
| Simulation Activity File | ---          |
| Design Nets Matched      | NA           |
+--------------------------+--------------+
* Specify Design Power Budget using, set_operating_conditions -design_power_budget <value in Watts>


1.1 On-Chip Components
----------------------

+-------------------------+-----------+----------+-----------+-----------------+
| On-Chip                 | Power (W) | Used     | Available | Utilization (%) |
+-------------------------+-----------+----------+-----------+-----------------+
| Clocks                  |     0.024 |       14 |       --- |             --- |
| Slice Logic             |     0.007 |     8520 |       --- |             --- |
|   LUT as Logic          |     0.006 |     2919 |     17600 |           16.59 |
|   CARRY4                |    <0.001 |      203 |      4400 |            4.61 |
|   Register              |    <0.001 |     4378 |     35200 |           12.44 |
|   LUT as Shift Register |    <0.001 |       48 |      6000 |            0.80 |
|   F7/F8 Muxes           |    <0.001 |       93 |     17600 |            0.53 |
|   Others                |     0.000 |      256 |       --- |             --- |
| Signals                 |     0.009 |     6720 |       --- |             --- |
| PLL                     |     0.097 |        1 |         2 |           50.00 |
| DSPs                    |    <0.001 |        2 |        80 |            2.50 |
| I/O                     |     0.082 |       61 |       100 |           61.00 |
| XADC                    |     0.002 |        1 |       --- |             --- |
| PS7                     |     1.314 |        1 |       --- |             --- |
| Static Power            |     0.126 |          |           |                 |
| Total                   |     1.661 |          |           |                 |
+-------------------------+-----------+----------+-----------+-----------------+


1.2 Power Supply Summary
------------------------

+-----------+-------------+-----------+-------------+------------+-------------+-------------+------------+
| Source    | Voltage (V) | Total (A) | Dynamic (A) | Static (A) | Powerup (A) | Budget (A)  | Margin (A) |
+-----------+-------------+-----------+-------------+------------+-------------+-------------+------------+
| Vccint    |       1.000 |     0.054 |       0.047 |      0.007 |       NA    | Unspecified | NA         |
| Vccaux    |       1.800 |     0.062 |       0.053 |      0.008 |       NA    | Unspecified | NA         |
| Vcco33    |       3.300 |     0.022 |       0.021 |      0.001 |       NA    | Unspecified | NA         |
| Vcco25    |       2.500 |     0.000 |       0.000 |      0.000 |       NA    | Unspecified | NA         |
| Vcco18    |       1.800 |     0.005 |       0.004 |      0.001 |       NA    | Unspecified | NA         |
| Vcco15    |       1.500 |     0.000 |       0.000 |      0.000 |       NA    | Unspecified | NA         |
| Vcco135   |       1.350 |     0.000 |       0.000 |      0.000 |       NA    | Unspecified | NA         |
| Vcco12    |       1.200 |     0.000 |       0.000 |      0.000 |       NA    | Unspecified | NA         |
| Vccaux_io |       1.800 |     0.000 |       0.000 |      0.000 |       NA    | Unspecified | NA         |
| Vccbram   |       1.000 |     0.000 |       0.000 |      0.000 |       NA    | Unspecified | NA         |
| MGTAVcc   |       1.000 |     0.000 |       0.000 |      0.000 |       NA    | Unspecified | NA         |
| MGTAVtt   |       1.200 |     0.000 |       0.000 |      0.000 |       NA    | Unspecified | NA         |
| MGTVccaux |       1.800 |     0.000 |       0.000 |      0.000 |       NA    | Unspecified | NA         |
| Vccpint   |       1.000 |     0.730 |       0.700 |      0.030 |       NA    | Unspecified | NA         |
| Vccpaux   |       1.800 |     0.038 |       0.027 |      0.010 |       NA    | Unspecified | NA         |
| Vccpll    |       1.800 |     0.017 |       0.014 |      0.003 |       NA    | Unspecified | NA         |
| Vcco_ddr  |       1.500 |     0.356 |       0.354 |      0.002 |       NA    | Unspecified | NA         |
| Vcco_mio0 |       3.300 |     0.002 |       0.001 |      0.001 |       NA    | Unspecified | NA         |
| Vcco_mio1 |       2.500 |     0.003 |       0.002 |      0.001 |       NA    | Unspecified | NA         |
| Vccadc    |       1.800 |     0.021 |       0.001 |      0.020 |       NA    | Unspecified | NA         |
+-----------+-------------+-----------+-------------+------------+-------------+-------------+------------+


1.3 Confidence Level
--------------------

+-----------------------------+------------+--------------------------------------------------------+------------------------------------------------------------------------------------------------------------+
| User Input Data             | Confidence | Details                                                | Action                                                                                                     |
+-----------------------------+------------+--------------------------------------------------------+------------------------------------------------------------------------------------------------------------+
| Design implementation state | High       | Design is routed                                       |                                                                                                            |
| Clock nodes activity        | High       | User specified more than 95% of clocks                 |                                                                                                            |
| I/O nodes activity          | Low        | More than 75% of inputs are missing user specification | Provide missing input activity with simulation results or by editing the "By Resource Type -> I/Os" view   |
| Internal nodes activity     | Medium     | User specified less than 25% of internal nodes         | Provide missing internal nodes activity with simulation results or by editing the "By Resource Type" views |
| Device models               | High       | Device models are Production                           |                                                                                                            |
|                             |            |                                                        |                                                                                                            |
| Overall confidence level    | Low        |                                                        |                                                                                                            |
+-----------------------------+------------+--------------------------------------------------------+------------------------------------------------------------------------------------------------------------+


2. Settings
-----------

2.1 Environment
---------------

+-----------------------+------------------------+
| Ambient Temp (C)      | 25.0                   |
| ThetaJA (C/W)         | 11.5                   |
| Airflow (LFM)         | 250                    |
| Heat Sink             | none                   |
| ThetaSA (C/W)         | 0.0                    |
| Board Selection       | medium (10"x10")       |
| # of Board Layers     | 8to11 (8 to 11 Layers) |
| Board Temperature (C) | 25.0                   |
+-----------------------+------------------------+


2.2 Clock Constraints
---------------------

+----------------+------------------------------------------------------------+-----------------+
| Clock          | Domain                                                     | Constraint (ns) |
+----------------+------------------------------------------------------------+-----------------+
| adc_clk        | adc_clk_i[1]                                               |             8.0 |
| clk_fb         | pll/clk_fb                                                 |             8.0 |
| clk_fpga_0     | ps/system_i/processing_system7/inst/FCLK_CLK_unbuffered[0] |             8.0 |
| clk_fpga_3     | ps/system_i/processing_system7/inst/FCLK_CLK_unbuffered[3] |             8.0 |
| pll_adc_clk    | pll/pll_adc_clk                                            |             8.0 |
| pll_dac_clk_1x | pll/pll_dac_clk_1x                                         |             8.0 |
| pll_dac_clk_2p | pll/pll_dac_clk_2p                                         |             4.0 |
| pll_dac_clk_2x | pll/pll_dac_clk_2x                                         |             4.0 |
+----------------+------------------------------------------------------------+-----------------+


3. Detailed Reports
-------------------

3.1 By Hierarchy
----------------

+--------------------------------+-----------+
| Name                           | Power (W) |
+--------------------------------+-----------+
| fpga_top                       |     1.536 |
|   detector_timestamp           |     0.008 |
|     i_timestamp_filter         |     0.004 |
|     i_timestamp_logic          |     0.003 |
|   generator_ramp               |     0.003 |
|     i_ramp_logic               |     0.003 |
|   i_OBUF_daisy_clk             |     0.004 |
|   i_OBUF_daisy_dat             |     0.004 |
|   i_hk                         |     0.001 |
|   pid_test_instance            |     0.006 |
|     i_pid_logic                |     0.004 |
|   pll                          |     0.097 |
|   ps                           |     1.333 |
|     axi_slave_gp0              |     0.002 |
|     system_i                   |     1.329 |
|       axi_protocol_converter_0 |     0.007 |
|       axi_register_slice_0     |     0.002 |
|       processing_system7       |     1.314 |
|       xadc                     |     0.005 |
|   sys_bus_interconnect         |     0.002 |
+--------------------------------+-----------+


