INFO: [VRFC 10-2263] Analyzing SystemVerilog file "D:/Xilinx/RedPitaya/prj/v0.94/Red-Pitaya-Projects/pid_laser/pid_laser.srcs/sources_1/imports/RedPitaya/rtl/interface/axi4_if.sv" into library xil_defaultlib
INFO: [VRFC 10-2263] Analyzing SystemVerilog file "D:/Xilinx/RedPitaya/prj/v0.94/Red-Pitaya-Projects/pid_laser/pid_laser.srcs/sources_1/imports/RedPitaya/rtl/interface/axi_sys_if.sv" into library xil_defaultlib
INFO: [VRFC 10-2263] Analyzing SystemVerilog file "D:/Xilinx/RedPitaya/prj/v0.94/Red-Pitaya-Projects/pid_laser/pid_laser.srcs/sources_1/imports/RedPitaya/rtl/interface/gpio_if.sv" into library xil_defaultlib
INFO: [VRFC 10-2263] Analyzing SystemVerilog file "D:/Xilinx/RedPitaya/prj/v0.94/Red-Pitaya-Projects/pid_laser/pid_laser.srcs/sources_1/new/pid_logic.sv" into library xil_defaultlib
INFO: [VRFC 10-311] analyzing module pid_logic
INFO: [VRFC 10-2263] Analyzing SystemVerilog file "D:/Xilinx/RedPitaya/prj/v0.94/Red-Pitaya-Projects/pid_laser/pid_laser.srcs/sources_1/new/pid_top.sv" into library xil_defaultlib
INFO: [VRFC 10-311] analyzing module pid_top
INFO: [VRFC 10-2263] Analyzing SystemVerilog file "D:/Xilinx/RedPitaya/prj/v0.94/Red-Pitaya-Projects/pid_laser/pid_laser.srcs/sources_1/new/ramp_logic.sv" into library xil_defaultlib
INFO: [VRFC 10-311] analyzing module ramp_logic
INFO: [VRFC 10-2263] Analyzing SystemVerilog file "D:/Xilinx/RedPitaya/prj/v0.94/Red-Pitaya-Projects/pid_laser/pid_laser.srcs/sources_1/imports/RedPitaya/rtl/interface/sys_bus_if.sv" into library xil_defaultlib
INFO: [VRFC 10-2263] Analyzing SystemVerilog file "D:/Xilinx/RedPitaya/prj/v0.94/Red-Pitaya-Projects/pid_laser/pid_laser.srcs/sources_1/new/system_controller.sv" into library xil_defaultlib
INFO: [VRFC 10-311] analyzing module system_controller
INFO: [VRFC 10-2263] Analyzing SystemVerilog file "D:/Xilinx/RedPitaya/prj/v0.94/Red-Pitaya-Projects/pid_laser/pid_laser.srcs/sources_1/new/test_peak_logic.sv" into library xil_defaultlib
INFO: [VRFC 10-311] analyzing module test_peak_logic
INFO: [VRFC 10-2263] Analyzing SystemVerilog file "D:/Xilinx/RedPitaya/prj/v0.94/Red-Pitaya-Projects/pid_laser/pid_laser.srcs/sources_1/new/timestamp_filter.sv" into library xil_defaultlib
INFO: [VRFC 10-311] analyzing module timestamp_filter
INFO: [VRFC 10-2263] Analyzing SystemVerilog file "D:/Xilinx/RedPitaya/prj/v0.94/Red-Pitaya-Projects/pid_laser/pid_laser.srcs/sources_1/new/timestamp_logic.sv" into library xil_defaultlib
INFO: [VRFC 10-311] analyzing module timestamp_logic
INFO: [VRFC 10-2263] Analyzing SystemVerilog file "D:/Xilinx/RedPitaya/prj/v0.94/Red-Pitaya-Projects/pid_laser/pid_laser.srcs/sources_1/imports/RedPitaya/rtl/evn_pkg.sv" into library xil_defaultlib
INFO: [VRFC 10-2263] Analyzing SystemVerilog file "D:/Xilinx/RedPitaya/prj/v0.94/Red-Pitaya-Projects/pid_laser/pid_laser.srcs/sources_1/imports/RedPitaya/rtl/interface/spi_if.sv" into library xil_defaultlib
INFO: [VRFC 10-2263] Analyzing SystemVerilog file "D:/Xilinx/RedPitaya/prj/v0.94/Red-Pitaya-Projects/pid_laser/pid_laser.srcs/sources_1/imports/RedPitaya/rtl/interface/axi4_stream_if.sv" into library xil_defaultlib
INFO: [VRFC 10-2263] Analyzing SystemVerilog file "D:/Xilinx/RedPitaya/prj/v0.94/Red-Pitaya-Projects/pid_laser/pid_laser.srcs/sources_1/imports/RedPitaya/rtl/interface/axi4_lite_if.sv" into library xil_defaultlib
INFO: [VRFC 10-2263] Analyzing SystemVerilog file "D:/Xilinx/RedPitaya/prj/v0.94/Red-Pitaya-Projects/pid_laser/pid_laser.srcs/sources_1/new/ramp_top.sv" into library xil_defaultlib
INFO: [VRFC 10-311] analyzing module ramp_top
INFO: [VRFC 10-2263] Analyzing SystemVerilog file "D:/Xilinx/RedPitaya/prj/v0.94/Red-Pitaya-Projects/pid_laser/pid_laser.srcs/sources_1/new/timestamp_top.sv" into library xil_defaultlib
INFO: [VRFC 10-311] analyzing module timestamp_top
INFO: [VRFC 10-2263] Analyzing SystemVerilog file "D:/Xilinx/RedPitaya/prj/v0.94/Red-Pitaya-Projects/pid_laser/pid_laser.srcs/sim_1/new/test_bench.sv" into library xil_defaultlib
INFO: [VRFC 10-311] analyzing module test_bench
INFO: [VRFC 10-2263] Analyzing SystemVerilog file "D:/Xilinx/RedPitaya/prj/v0.94/Red-Pitaya-Projects/pid_laser/pid_laser.srcs/sim_1/new/tb_pid_soft_out.sv" into library xil_defaultlib
INFO: [VRFC 10-311] analyzing module tb_pid_soft_out
INFO: [VRFC 10-2263] Analyzing SystemVerilog file "D:/Xilinx/RedPitaya/prj/v0.94/Red-Pitaya-Projects/pid_laser/pid_laser.srcs/sim_1/new/tb_system.sv" into library xil_defaultlib
INFO: [VRFC 10-311] analyzing module tb_system
WARNING: [VRFC 10-3824] variable 'trigger_done' must explicitly be declared as automatic or static [D:/Xilinx/RedPitaya/prj/v0.94/Red-Pitaya-Projects/pid_laser/pid_laser.srcs/sim_1/new/tb_system.sv:259]
