Copyright 1986-2020 Xilinx, Inc. All Rights Reserved.
-------------------------------------------------------------------------------------
| Tool Version : Vivado v.2020.1 (win64) Build 2902540 Wed May 27 19:54:49 MDT 2020
| Date         : Wed Jul  1 17:49:31 2026
| Host         : 20190748 running 64-bit major release  (build 9200)
| Command      : report_control_sets -verbose -file fpga_top_control_sets_placed.rpt
| Design       : fpga_top
| Device       : xc7z010
-------------------------------------------------------------------------------------

Control Set Information

Table of Contents
-----------------
1. Summary
2. Histogram
3. Flip-Flop Distribution
4. Detailed Control Set Information

1. Summary
----------

+----------------------------------------------------------+-------+
|                          Status                          | Count |
+----------------------------------------------------------+-------+
| Total control sets                                       |   146 |
|    Minimum number of control sets                        |   146 |
|    Addition due to synthesis replication                 |     0 |
|    Addition due to physical synthesis replication        |     0 |
| Unused register locations in slices containing registers |   319 |
+----------------------------------------------------------+-------+
* Control sets can be merged at opt_design using control_set_merge or merge_equivalent_drivers
** Run report_qor_suggestions for automated merging and remapping suggestions


2. Histogram
------------

+--------------------+-------+
|       Fanout       | Count |
+--------------------+-------+
| Total control sets |   146 |
| >= 0 to < 4        |     2 |
| >= 4 to < 6        |    26 |
| >= 6 to < 8        |     3 |
| >= 8 to < 10       |     8 |
| >= 10 to < 12      |     3 |
| >= 12 to < 14      |     5 |
| >= 14 to < 16      |    15 |
| >= 16              |    84 |
+--------------------+-------+
* Control sets can be remapped at either synth_design or opt_design


3. Flip-Flop Distribution
-------------------------

+--------------+-----------------------+------------------------+-----------------+--------------+
| Clock Enable | Synchronous Set/Reset | Asynchronous Set/Reset | Total Registers | Total Slices |
+--------------+-----------------------+------------------------+-----------------+--------------+
| No           | No                    | No                     |             201 |           77 |
| No           | No                    | Yes                    |               4 |            1 |
| No           | Yes                   | No                     |             512 |          176 |
| Yes          | No                    | No                     |            1166 |          330 |
| Yes          | No                    | Yes                    |             220 |           67 |
| Yes          | Yes                   | No                     |            2058 |          727 |
+--------------+-----------------------+------------------------+-----------------+--------------+


4. Detailed Control Set Information
-----------------------------------

+------------------------------------------------+----------------------------------------------------------------------------------------------------------------------------------------------------+-------------------------------------------------------------------------------------------------------------------------+------------------+----------------+--------------+
|                  Clock Signal                  |                                                                    Enable Signal                                                                   |                                                     Set/Reset Signal                                                    | Slice Load Count | Bel Load Count | Bels / Slice |
+------------------------------------------------+----------------------------------------------------------------------------------------------------------------------------------------------------+-------------------------------------------------------------------------------------------------------------------------+------------------+----------------+--------------+
|  dac_axi_clk                                   |                                                                                                                                                    |                                                                                                                         |                1 |              1 |         1.00 |
|  ps/system_i/processing_system7/inst/FCLK_CLK3 | ps/system_i/axi_protocol_converter_0/inst/gen_axilite.gen_b2s_conv.axilite_b2s/WR.b_channel_0/bid_fifo_0/bresp_push                                |                                                                                                                         |                1 |              2 |         2.00 |
|  adc_clk                                       | ps/axi_master_1/axi_wpop                                                                                                                           | timestamp_top_inst/i_timestamp_logic/adc_rstn_reg                                                                       |                1 |              4 |         4.00 |
|  dac_axi_clk                                   | ps/axi_master_2/axi_rfill_lvl[3]_i_1__1_n_0                                                                                                        | ps/axi_master_2/dac_axi_rstn_reg                                                                                        |                1 |              4 |         4.00 |
|  dac_axi_clk                                   | ps/axi_master_2/axi_awpop                                                                                                                          | ps/axi_master_2/dac_axi_rstn_reg                                                                                        |                1 |              4 |         4.00 |
|  adc_clk                                       | timestamp_top_inst/i_timestamp_filter/work_count[3]_i_1_n_0                                                                                        |                                                                                                                         |                2 |              4 |         2.00 |
|  ps/system_i/processing_system7/inst/FCLK_CLK3 |                                                                                                                                                    | ps/system_i/axi_protocol_converter_0/inst/gen_axilite.gen_b2s_conv.axilite_b2s/SI_REG/ar.ar_pipe/aresetn_d_reg[1]_inv_0 |                3 |              4 |         1.33 |
|  adc_clk                                       | timestamp_top_inst/i_timestamp_logic/peak_count_internal[3]_i_1_n_0                                                                                | system_controller_inst/mode_o_reg[2]_1[0]                                                                               |                1 |              4 |         4.00 |
|  ps/system_i/processing_system7/inst/FCLK_CLK3 | ps/system_i/xadc/inst/AXI_XADC_CORE_I/D[6]                                                                                                         | ps/system_i/xadc/inst/AXI_LITE_IPIF_I/I_SLAVE_ATTACHMENT/reset2ip_reset                                                 |                1 |              4 |         4.00 |
|  adc_clk                                       | sys_bus_interconnect/for_bus[4].inst_sys_bus_cdc/bus_m\\.addr_reg[4]_0[0]                                                                          | timestamp_top_inst/i_timestamp_logic/adc_rstn_reg                                                                       |                1 |              4 |         4.00 |
|  dac_axi_clk                                   | ps/axi_master_3/axi_wpop                                                                                                                           | ps/axi_master_2/dac_axi_rstn_reg                                                                                        |                1 |              4 |         4.00 |
|  dac_axi_clk                                   | ps/axi_master_3/axi_rfill_lvl[3]_i_1__2_n_0                                                                                                        | ps/axi_master_2/dac_axi_rstn_reg                                                                                        |                1 |              4 |         4.00 |
|  adc_clk                                       |                                                                                                                                                    | system_controller_inst/mode_o_reg[1]_0                                                                                  |                1 |              4 |         4.00 |
|  adc_clk                                       | ps/axi_master_0/axi_awpop                                                                                                                          | timestamp_top_inst/i_timestamp_logic/adc_rstn_reg                                                                       |                1 |              4 |         4.00 |
|  adc_clk                                       | ps/axi_master_0/axi_wpop                                                                                                                           | timestamp_top_inst/i_timestamp_logic/adc_rstn_reg                                                                       |                1 |              4 |         4.00 |
|  adc_clk                                       | ps/axi_master_0/axi_rfill_lvl[3]_i_1_n_0                                                                                                           | timestamp_top_inst/i_timestamp_logic/adc_rstn_reg                                                                       |                2 |              4 |         2.00 |
|  adc_clk                                       | ps/axi_master_1/axi_awpop                                                                                                                          | timestamp_top_inst/i_timestamp_logic/adc_rstn_reg                                                                       |                1 |              4 |         4.00 |
|  adc_clk                                       | ps/axi_master_1/axi_rfill_lvl[3]_i_1__0_n_0                                                                                                        | timestamp_top_inst/i_timestamp_logic/adc_rstn_reg                                                                       |                2 |              4 |         2.00 |
|  dac_axi_clk                                   | ps/axi_master_3/axi_awpop                                                                                                                          | ps/axi_master_2/dac_axi_rstn_reg                                                                                        |                1 |              4 |         4.00 |
|  adc_clk                                       | sys_bus_interconnect/for_bus[1].inst_sys_bus_cdc/reg_write_reg_1[0]                                                                                | timestamp_top_inst/i_timestamp_logic/adc_rstn_reg                                                                       |                1 |              4 |         4.00 |
|  dac_axi_clk                                   | ps/axi_master_2/axi_wpop                                                                                                                           | ps/axi_master_2/dac_axi_rstn_reg                                                                                        |                1 |              4 |         4.00 |
|  ps/system_i/processing_system7/inst/FCLK_CLK3 |                                                                                                                                                    | ps/system_i/axi_protocol_converter_0/inst/gen_axilite.gen_b2s_conv.axilite_b2s/SI_REG/aw.aw_pipe/aresetn_d_reg[0]_0     |                3 |              4 |         1.33 |
|  ps/O[0]                                       | ps/axi_slave_gp0/ack_cnt[5]_i_2_n_0                                                                                                                | ps/axi_slave_gp0/ack_cnt[5]                                                                                             |                1 |              5 |         5.00 |
|  ps/system_i/processing_system7/inst/FCLK_CLK3 | ps/system_i/axi_protocol_converter_0/inst/gen_axilite.gen_b2s_conv.axilite_b2s/RD.r_channel_0/transaction_fifo_0/cnt_read[4]_i_1__0_n_0            | ps/system_i/axi_protocol_converter_0/inst/gen_axilite.gen_b2s_conv.axilite_b2s/areset_d1                                |                2 |              5 |         2.50 |
|  ps/system_i/processing_system7/inst/FCLK_CLK3 | ps/system_i/axi_protocol_converter_0/inst/gen_axilite.gen_b2s_conv.axilite_b2s/RD.r_channel_0/rd_data_fifo_0/cnt_read[4]_i_1_n_0                   | ps/system_i/axi_protocol_converter_0/inst/gen_axilite.gen_b2s_conv.axilite_b2s/areset_d1                                |                2 |              5 |         2.50 |
|  ps/system_i/processing_system7/inst/FCLK_CLK3 |                                                                                                                                                    | ps/system_i/proc_sys_reset/U0/EXT_LPF/lpf_int                                                                           |                4 |              5 |         1.25 |
|  ps/system_i/processing_system7/inst/FCLK_CLK3 |                                                                                                                                                    | ps/system_i/axi_register_slice_0/inst/w.w_pipe/p_0_in                                                                   |                2 |              5 |         2.50 |
|  ps/system_i/processing_system7/inst/FCLK_CLK3 |                                                                                                                                                    | ps/system_i/axi_register_slice_0/inst/aw.aw_pipe/p_1_in                                                                 |                2 |              5 |         2.50 |
|  ps/system_i/processing_system7/inst/FCLK_CLK3 | ps/system_i/proc_sys_reset/U0/SEQ/seq_cnt_en                                                                                                       | ps/system_i/proc_sys_reset/U0/SEQ/SEQ_COUNTER/clear                                                                     |                1 |              6 |         6.00 |
|  adc_clk                                       | pll/E[0]                                                                                                                                           | pll/SR[0]                                                                                                               |                2 |              7 |         3.50 |
|  ps/system_i/processing_system7/inst/FCLK_CLK3 |                                                                                                                                                    | ps/system_i/xadc/inst/AXI_LITE_IPIF_I/I_SLAVE_ATTACHMENT/dpto_cnt0                                                      |                2 |              7 |         3.50 |
|  dac_axi_clk                                   |                                                                                                                                                    | ps/axi_master_2/dac_axi_rstn_reg                                                                                        |                5 |              8 |         1.60 |
|  ps/O[0]                                       | ps/system_i/processing_system7/inst/FCLK_RESET0_N                                                                                                  | ps/axi_slave_gp0/axi\\.RDATA[29]_i_1_n_0                                                                                |                5 |              8 |         1.60 |
|  ps/system_i/processing_system7/inst/FCLK_CLK3 | ps/system_i/axi_protocol_converter_0/inst/gen_axilite.gen_b2s_conv.axilite_b2s/WR.b_channel_0/mhandshake_r                                         | ps/system_i/axi_protocol_converter_0/inst/gen_axilite.gen_b2s_conv.axilite_b2s/WR.b_channel_0/bid_fifo_0/SR[0]          |                3 |              8 |         2.67 |
|  adc_clk                                       | sys_bus_interconnect/for_bus[0].inst_sys_bus_cdc/bus_m\\.addr_reg[3]_0[0]                                                                          | timestamp_top_inst/i_timestamp_logic/adc_rstn_reg                                                                       |                2 |              8 |         4.00 |
|  adc_clk                                       | sys_bus_interconnect/for_bus[0].inst_sys_bus_cdc/reg_write_reg_0[0]                                                                                | timestamp_top_inst/i_timestamp_logic/adc_rstn_reg                                                                       |                1 |              8 |         8.00 |
|  adc_clk                                       | sys_bus_interconnect/for_bus[0].inst_sys_bus_cdc/reg_write_reg_1[0]                                                                                | timestamp_top_inst/i_timestamp_logic/adc_rstn_reg                                                                       |                2 |              8 |         4.00 |
|  adc_clk                                       | sys_bus_interconnect/for_bus[0].inst_sys_bus_cdc/bus_m\\.addr_reg[2]_0[0]                                                                          | timestamp_top_inst/i_timestamp_logic/adc_rstn_reg                                                                       |                3 |              8 |         2.67 |
|  adc_clk                                       | i_hk/sel                                                                                                                                           | timestamp_top_inst/i_timestamp_logic/adc_rstn_reg                                                                       |                3 |              9 |         3.00 |
|  adc_clk                                       | timestamp_top_inst/i_timestamp_filter/idx[3]_i_2_n_0                                                                                               | system_controller_inst/adc_rstn_reg_0                                                                                   |                4 |             10 |         2.50 |
|  ps/system_i/processing_system7/inst/FCLK_CLK3 |                                                                                                                                                    | ps/system_i/axi_protocol_converter_0/inst/gen_axilite.gen_b2s_conv.axilite_b2s/areset_d1                                |                4 |             10 |         2.50 |
|  ps/O[0]                                       |                                                                                                                                                    |                                                                                                                         |                7 |             11 |         1.57 |
|  ps/system_i/processing_system7/inst/FCLK_CLK3 | ps/system_i/axi_protocol_converter_0/inst/gen_axilite.gen_b2s_conv.axilite_b2s/WR.aw_channel_0/aw_cmd_fsm_0/FSM_sequential_state_reg[1]_0[0]       |                                                                                                                         |                8 |             12 |         1.50 |
|  ps/system_i/processing_system7/inst/FCLK_CLK3 | ps/system_i/axi_protocol_converter_0/inst/gen_axilite.gen_b2s_conv.axilite_b2s/WR.aw_channel_0/cmd_translator_0/incr_cmd_0/axaddr_incr[11]_i_1_n_0 |                                                                                                                         |                3 |             12 |         4.00 |
|  ps/system_i/processing_system7/inst/FCLK_CLK3 | ps/system_i/axi_protocol_converter_0/inst/gen_axilite.gen_b2s_conv.axilite_b2s/RD.ar_channel_0/ar_cmd_fsm_0/E[0]                                   |                                                                                                                         |                5 |             12 |         2.40 |
|  ps/system_i/processing_system7/inst/FCLK_CLK3 | ps/system_i/axi_protocol_converter_0/inst/gen_axilite.gen_b2s_conv.axilite_b2s/RD.ar_channel_0/ar_cmd_fsm_0/sel_first_reg[0]                       |                                                                                                                         |                2 |             12 |         6.00 |
|  ps/system_i/processing_system7/inst/FCLK_CLK3 | ps/system_i/axi_protocol_converter_0/inst/gen_axilite.gen_b2s_conv.axilite_b2s/RD.r_channel_0/r_push_r                                             |                                                                                                                         |                4 |             13 |         3.25 |
|  adc_clk                                       | sys_bus_interconnect/for_bus[2].inst_sys_bus_cdc/bus_m\\.addr_reg[2]_1[0]                                                                          | timestamp_top_inst/i_timestamp_logic/adc_rstn_reg                                                                       |                5 |             14 |         2.80 |
|  ps/system_i/processing_system7/inst/FCLK_CLK3 | ps/system_i/axi_register_slice_0/inst/b.b_pipe/m_payload_i[13]_i_1_n_0                                                                             |                                                                                                                         |                6 |             14 |         2.33 |
|  ps/system_i/processing_system7/inst/FCLK_CLK3 | ps/system_i/axi_protocol_converter_0/inst/gen_axilite.gen_b2s_conv.axilite_b2s/SI_REG/b.b_pipe/s_ready_i_reg_0                                     |                                                                                                                         |                3 |             14 |         4.67 |
|  adc_clk                                       | sys_bus_interconnect/for_bus[4].inst_sys_bus_cdc/bus_m\\.addr_reg[2]_1[0]                                                                          | timestamp_top_inst/i_timestamp_logic/adc_rstn_reg                                                                       |                5 |             14 |         2.80 |
|  ps/system_i/processing_system7/inst/FCLK_CLK3 | ps/system_i/axi_protocol_converter_0/inst/gen_axilite.gen_b2s_conv.axilite_b2s/SI_REG/b.b_pipe/p_1_in                                              |                                                                                                                         |                3 |             14 |         4.67 |
|  adc_clk                                       |                                                                                                                                                    | ramp_top_inst/i_ramp_logic/delta_v_reg[13]_i_1_n_0                                                                      |                4 |             14 |         3.50 |
|  adc_clk                                       | sys_bus_interconnect/for_bus[4].inst_sys_bus_cdc/bus_m\\.addr_reg[5]_1[0]                                                                          | timestamp_top_inst/i_timestamp_logic/adc_rstn_reg                                                                       |                6 |             14 |         2.33 |
|  adc_clk                                       | sys_bus_interconnect/for_bus[4].inst_sys_bus_cdc/bus_m\\.addr_reg[5]_0[0]                                                                          | timestamp_top_inst/i_timestamp_logic/adc_rstn_reg                                                                       |                5 |             14 |         2.80 |
|  adc_clk                                       | ramp_top_inst/i_ramp_logic/dac_dat_o[13]_i_1_n_0                                                                                                   | timestamp_top_inst/i_timestamp_logic/adc_rstn_reg                                                                       |               14 |             14 |         1.00 |
|  adc_clk                                       | sys_bus_interconnect/for_bus[2].inst_sys_bus_cdc/reg_write_reg_0[0]                                                                                | timestamp_top_inst/i_timestamp_logic/adc_rstn_reg                                                                       |                4 |             14 |         3.50 |
|  adc_clk                                       | sys_bus_interconnect/for_bus[4].inst_sys_bus_cdc/bus_m\\.addr_reg[3]_0[0]                                                                          | timestamp_top_inst/i_timestamp_logic/adc_rstn_reg                                                                       |                5 |             14 |         2.80 |
|  adc_clk                                       | sys_bus_interconnect/for_bus[3].inst_sys_bus_cdc/bus_m\\.addr_reg[5]_1[0]                                                                          | timestamp_top_inst/i_timestamp_logic/adc_rstn_reg                                                                       |                2 |             14 |         7.00 |
|  adc_clk                                       | sys_bus_interconnect/for_bus[4].inst_sys_bus_cdc/bus_m\\.addr_reg[2]_3[0]                                                                          | timestamp_top_inst/i_timestamp_logic/adc_rstn_reg                                                                       |                6 |             14 |         2.33 |
|  adc_clk                                       | sys_bus_interconnect/for_bus[4].inst_sys_bus_cdc/bus_m\\.addr_reg[2]_0[0]                                                                          | timestamp_top_inst/i_timestamp_logic/adc_rstn_reg                                                                       |                5 |             14 |         2.80 |
|  adc_clk                                       | pid_top_inst/i_pid_logic/dac_out_o[13]_i_1_n_0                                                                                                     | system_controller_inst/mode_o_reg[1]_0                                                                                  |                7 |             14 |         2.00 |
|  ps/system_i/processing_system7/inst/FCLK_CLK3 | ps/system_i/axi_protocol_converter_0/inst/gen_axilite.gen_b2s_conv.axilite_b2s/WR.b_channel_0/bid_fifo_0/sel                                       |                                                                                                                         |                3 |             16 |         5.33 |
|  adc_clk                                       | sys_bus_interconnect/for_bus[0].inst_sys_bus_cdc/E[0]                                                                                              | timestamp_top_inst/i_timestamp_logic/adc_rstn_reg                                                                       |                4 |             16 |         4.00 |
|  ps/system_i/processing_system7/inst/FCLK_CLK3 |                                                                                                                                                    | ps/system_i/xadc/inst/AXI_XADC_CORE_I/do_reg[15]_i_1_n_0                                                                |                6 |             16 |         2.67 |
|  ps/system_i/processing_system7/inst/FCLK_CLK3 | ps/system_i/xadc/inst/AXI_LITE_IPIF_I/I_SLAVE_ATTACHMENT/I_DECODER/E[0]                                                                            | ps/system_i/xadc/inst/AXI_LITE_IPIF_I/I_SLAVE_ATTACHMENT/reset2ip_reset                                                 |                6 |             17 |         2.83 |
|  adc_clk                                       |                                                                                                                                                    | system_controller_inst/mode_o_reg[2]_1[0]                                                                               |                6 |             18 |         3.00 |
|  ps/system_i/processing_system7/inst/FCLK_CLK3 | ps/system_i/xadc/inst/AXI_LITE_IPIF_I/I_SLAVE_ATTACHMENT/s_axi_rresp_i                                                                             | ps/system_i/xadc/inst/AXI_LITE_IPIF_I/I_SLAVE_ATTACHMENT/SR[0]                                                          |                8 |             20 |         2.50 |
|  ps/system_i/processing_system7/inst/FCLK_CLK3 | ps/system_i/axi_protocol_converter_0/inst/gen_axilite.gen_b2s_conv.axilite_b2s/RD.r_channel_0/rd_data_fifo_0/wr_en0                                |                                                                                                                         |                5 |             20 |         4.00 |
|  ps/system_i/processing_system7/inst/FCLK_CLK3 | ps/system_i/axi_register_slice_0/inst/w.w_pipe/p_1_in_0                                                                                            |                                                                                                                         |                4 |             22 |         5.50 |
|  ps/system_i/processing_system7/inst/FCLK_CLK3 | ps/system_i/axi_register_slice_0/inst/w.w_pipe/s_ready_i_reg_0                                                                                     |                                                                                                                         |                6 |             22 |         3.67 |
|  ps/system_i/processing_system7/inst/FCLK_CLK3 | ps/system_i/axi_protocol_converter_0/inst/gen_axilite.gen_b2s_conv.axilite_b2s/WR.aw_channel_0/aw_cmd_fsm_0/E[0]                                   |                                                                                                                         |               12 |             24 |         2.00 |
|  adc_clk                                       | sys_bus_interconnect/for_bus[1].inst_sys_bus_cdc/bus_m\\.addr0                                                                                     |                                                                                                                         |                5 |             24 |         4.80 |
|  ps/system_i/processing_system7/inst/FCLK_CLK3 | ps/system_i/axi_protocol_converter_0/inst/gen_axilite.gen_b2s_conv.axilite_b2s/RD.ar_channel_0/ar_cmd_fsm_0/m_valid_i_reg[0]                       |                                                                                                                         |               10 |             24 |         2.40 |
|  ps/O[0]                                       | ps/system_i/processing_system7/inst/FCLK_RESET0_N                                                                                                  |                                                                                                                         |               12 |             24 |         2.00 |
|  ps/system_i/processing_system7/inst/FCLK_CLK3 | ps/system_i/xadc/inst/AXI_LITE_IPIF_I/I_SLAVE_ATTACHMENT/I_DECODER/start                                                                           | ps/system_i/xadc/inst/AXI_LITE_IPIF_I/I_SLAVE_ATTACHMENT/I_DECODER/cs_ce_clr                                            |                8 |             25 |         3.12 |
|  ps/system_i/processing_system7/inst/FCLK_CLK3 |                                                                                                                                                    | ps/system_i/xadc/inst/AXI_LITE_IPIF_I/I_SLAVE_ATTACHMENT/SR[0]                                                          |                8 |             26 |         3.25 |
|  adc_clk                                       | sys_bus_interconnect/for_bus[0].inst_sys_bus_cdc/bus_m\\.addr0                                                                                     |                                                                                                                         |                6 |             28 |         4.67 |
|  dac_clk_1x                                    |                                                                                                                                                    |                                                                                                                         |               10 |             29 |         2.90 |
|  adc_clk                                       | i_hk/i_freq_meter/mes_freq_ltch0                                                                                                                   | timestamp_top_inst/i_timestamp_logic/adc_rstn_reg                                                                       |                6 |             29 |         4.83 |
|  adc_clk                                       |                                                                                                                                                    | i_hk/i_freq_meter/mes_freq_cnt[0]_i_1_n_0                                                                               |                8 |             29 |         3.62 |
|  adc_clk                                       | sys_bus_interconnect/for_bus[3].inst_sys_bus_cdc/bus_m\\.addr_reg[5]_0[0]                                                                          | timestamp_top_inst/i_timestamp_logic/adc_rstn_reg                                                                       |               12 |             32 |         2.67 |
|  adc_clk                                       | sys_bus_interconnect/for_bus[3].inst_sys_bus_cdc/bus_m\\.addr_reg[2]_0[0]                                                                          | timestamp_top_inst/i_timestamp_logic/adc_rstn_reg                                                                       |                8 |             32 |         4.00 |
|  adc_clk                                       | sys_bus_interconnect/for_bus[3].inst_sys_bus_cdc/bus_m\\.addr_reg[4]_0[0]                                                                          | timestamp_top_inst/i_timestamp_logic/adc_rstn_reg                                                                       |               13 |             32 |         2.46 |
|  adc_clk                                       | timestamp_top_inst/i_timestamp_logic/counter[31]_i_1_n_0                                                                                           | system_controller_inst/mode_o_reg[2]_1[0]                                                                               |                7 |             32 |         4.57 |
|  adc_clk                                       | timestamp_top_inst/i_timestamp_logic/offset_countdown[31]_i_1_n_0                                                                                  | system_controller_inst/mode_o_reg[2]_1[0]                                                                               |               13 |             32 |         2.46 |
|  adc_clk                                       | timestamp_top_inst/i_timestamp_logic/ts_1_int[31]_i_1_n_0                                                                                          | system_controller_inst/mode_o_reg[2]_1[0]                                                                               |                9 |             32 |         3.56 |
|  adc_clk                                       | timestamp_top_inst/i_timestamp_logic/ts_2_int                                                                                                      | system_controller_inst/mode_o_reg[2]_1[0]                                                                               |                6 |             32 |         5.33 |
|  adc_clk                                       | timestamp_top_inst/i_timestamp_logic/ts_4_int                                                                                                      | system_controller_inst/mode_o_reg[2]_1[0]                                                                               |               13 |             32 |         2.46 |
|  adc_clk                                       | timestamp_top_inst/i_timestamp_logic/ts_3_int                                                                                                      | system_controller_inst/mode_o_reg[2]_1[0]                                                                               |                8 |             32 |         4.00 |
|  adc_clk                                       | timestamp_top_inst/i_timestamp_logic/ts_5_int                                                                                                      | system_controller_inst/mode_o_reg[2]_1[0]                                                                               |                9 |             32 |         3.56 |
|  adc_clk                                       | timestamp_top_inst/i_timestamp_logic/ts_6_int                                                                                                      | system_controller_inst/mode_o_reg[2]_1[0]                                                                               |                6 |             32 |         5.33 |
|  adc_clk                                       | timestamp_top_inst/i_timestamp_logic/ts_7_int                                                                                                      | system_controller_inst/mode_o_reg[2]_1[0]                                                                               |                6 |             32 |         5.33 |
|  adc_clk                                       | adc_rstn_reg_n_0                                                                                                                                   |                                                                                                                         |               13 |             32 |         2.46 |
|  adc_clk                                       | timestamp_top_inst/i_timestamp_filter/work_ts[0][31]_i_1_n_0                                                                                       | system_controller_inst/adc_rstn_reg_0                                                                                   |               18 |             32 |         1.78 |
|  adc_clk                                       | sys_bus_interconnect/for_bus[2].inst_sys_bus_cdc/bus_m\\.addr_reg[2]_0[0]                                                                          | timestamp_top_inst/i_timestamp_logic/adc_rstn_reg                                                                       |               13 |             32 |         2.46 |
|  adc_clk                                       | sys_bus_interconnect/for_bus[2].inst_sys_bus_cdc/reg_read_reg_0                                                                                    | timestamp_top_inst/i_timestamp_logic/adc_rstn_reg                                                                       |               12 |             32 |         2.67 |
|  adc_clk                                       | sys_bus_interconnect/for_bus[4].inst_sys_bus_cdc/reg_write_reg_1[0]                                                                                | timestamp_top_inst/i_timestamp_logic/adc_rstn_reg                                                                       |               12 |             32 |         2.67 |
|  adc_clk                                       | sys_bus_interconnect/for_bus[4].inst_sys_bus_cdc/bus_m\\.addr_reg[2]_2[0]                                                                          | timestamp_top_inst/i_timestamp_logic/adc_rstn_reg                                                                       |                8 |             32 |         4.00 |
|  ps/system_i/processing_system7/inst/FCLK_CLK3 | ps/system_i/axi_register_slice_0/inst/ar.ar_pipe/m_payload_i[61]_i_1__0_n_0                                                                        |                                                                                                                         |                8 |             32 |         4.00 |
|  ps/system_i/processing_system7/inst/FCLK_CLK3 | ps/system_i/axi_register_slice_0/inst/aw.aw_pipe/m_payload_i[61]_i_1_n_0                                                                           |                                                                                                                         |                9 |             32 |         3.56 |
|  ps/O[0]                                       |                                                                                                                                                    | i_hk/i_freq_meter/ref_cnt0                                                                                              |                8 |             32 |         4.00 |
|  ps/O[0]                                       | ps/axi_slave_gp0/wr_wdata                                                                                                                          |                                                                                                                         |                9 |             32 |         3.56 |
|  ps/system_i/processing_system7/inst/FCLK_CLK3 | ps/system_i/axi_protocol_converter_0/inst/gen_axilite.gen_b2s_conv.axilite_b2s/SI_REG/ar.ar_pipe/s_ready_i_reg_0                                   |                                                                                                                         |                8 |             32 |         4.00 |
|  ps/system_i/processing_system7/inst/FCLK_CLK3 | ps/system_i/axi_protocol_converter_0/inst/gen_axilite.gen_b2s_conv.axilite_b2s/SI_REG/aw.aw_pipe/s_ready_i_reg_0                                   |                                                                                                                         |                9 |             32 |         3.56 |
|  adc_clk                                       | timestamp_top_inst/i_timestamp_filter/work_ts[1][31]_i_1_n_0                                                                                       | system_controller_inst/adc_rstn_reg_0                                                                                   |               20 |             32 |         1.60 |
|  adc_clk                                       | timestamp_top_inst/i_timestamp_logic/ts_8_int                                                                                                      | system_controller_inst/mode_o_reg[2]_1[0]                                                                               |               10 |             32 |         3.20 |
|  adc_clk                                       | timestamp_top_inst/i_timestamp_filter/work_ts[2][31]_i_1_n_0                                                                                       | system_controller_inst/adc_rstn_reg_0                                                                                   |               16 |             32 |         2.00 |
|  adc_clk                                       | timestamp_top_inst/i_timestamp_filter/work_ts[4][31]_i_1_n_0                                                                                       | system_controller_inst/adc_rstn_reg_0                                                                                   |               17 |             32 |         1.88 |
|  adc_clk                                       | timestamp_top_inst/i_timestamp_filter/work_ts[3][31]_i_1_n_0                                                                                       | system_controller_inst/adc_rstn_reg_0                                                                                   |               17 |             32 |         1.88 |
|  adc_clk                                       | timestamp_top_inst/i_timestamp_filter/work_ts[6][31]_i_1_n_0                                                                                       | system_controller_inst/adc_rstn_reg_0                                                                                   |               15 |             32 |         2.13 |
|  adc_clk                                       | sys_bus_interconnect/for_bus[2].inst_sys_bus_cdc/bus_m\\.addr_reg[2]_2[0]                                                                          | timestamp_top_inst/i_timestamp_logic/adc_rstn_reg                                                                       |               13 |             32 |         2.46 |
|  adc_clk                                       | sys_bus_interconnect/for_bus[4].inst_sys_bus_cdc/reg_read_reg_0                                                                                    | timestamp_top_inst/i_timestamp_logic/adc_rstn_reg                                                                       |               15 |             32 |         2.13 |
|  adc_clk                                       | timestamp_top_inst/i_timestamp_filter/work_ts[5][31]_i_1_n_0                                                                                       | system_controller_inst/adc_rstn_reg_0                                                                                   |               15 |             32 |         2.13 |
|  adc_clk                                       | timestamp_top_inst/i_timestamp_filter/work_ts[7][31]_i_1_n_0                                                                                       | system_controller_inst/adc_rstn_reg_0                                                                                   |               10 |             32 |         3.20 |
|  adc_clk                                       | pid_top_inst/i_pid_logic/term_i                                                                                                                    | system_controller_inst/mode_o_reg[1]_0                                                                                  |                8 |             32 |         4.00 |
|  adc_clk                                       | pid_top_inst/i_pid_logic/term_p                                                                                                                    | system_controller_inst/mode_o_reg[1]_0                                                                                  |                9 |             32 |         3.56 |
|  ps/system_i/processing_system7/inst/FCLK_CLK3 | ps/system_i/axi_protocol_converter_0/inst/gen_axilite.gen_b2s_conv.axilite_b2s/RD.ar_channel_0/ar_cmd_fsm_0/m_valid_i_reg_1[0]                     |                                                                                                                         |                8 |             32 |         4.00 |
|  adc_clk                                       | ramp_top_inst/i_ramp_logic/acc_1                                                                                                                   | timestamp_top_inst/i_timestamp_logic/adc_rstn_reg                                                                       |               10 |             32 |         3.20 |
|  adc_clk                                       | pid_top_inst/i_pid_logic/integrator                                                                                                                | system_controller_inst/mode_o_reg[1]_0                                                                                  |               10 |             32 |         3.20 |
|  adc_clk                                       | sys_bus_interconnect/for_bus[3].inst_sys_bus_cdc/reg_read_reg_0                                                                                    | timestamp_top_inst/i_timestamp_logic/adc_rstn_reg                                                                       |               18 |             32 |         1.78 |
|  adc_clk                                       | sys_bus_interconnect/for_bus[3].inst_sys_bus_cdc/bus_m\\.addr_reg[3]_0[0]                                                                          | timestamp_top_inst/i_timestamp_logic/adc_rstn_reg                                                                       |                8 |             32 |         4.00 |
|  ps/system_i/processing_system7/inst/FCLK_CLK3 | ps/system_i/axi_protocol_converter_0/inst/gen_axilite.gen_b2s_conv.axilite_b2s/WR.b_channel_0/bid_fifo_0/E[0]                                      |                                                                                                                         |                7 |             32 |         4.57 |
|  ps/system_i/processing_system7/inst/FCLK_CLK3 | ps/system_i/axi_protocol_converter_0/inst/gen_axilite.gen_b2s_conv.axilite_b2s/SI_REG/r.r_pipe/p_1_in                                              |                                                                                                                         |                6 |             33 |         5.50 |
|  ps/system_i/processing_system7/inst/FCLK_CLK3 | ps/system_i/axi_register_slice_0/inst/r.r_pipe/p_1_in_0                                                                                            |                                                                                                                         |                8 |             33 |         4.12 |
|  ps/system_i/processing_system7/inst/FCLK_CLK3 | ps/system_i/axi_register_slice_0/inst/r.r_pipe/s_ready_i_reg_0                                                                                     |                                                                                                                         |                8 |             33 |         4.12 |
|  ps/system_i/processing_system7/inst/FCLK_CLK3 | ps/system_i/axi_protocol_converter_0/inst/gen_axilite.gen_b2s_conv.axilite_b2s/SI_REG/r.r_pipe/s_ready_i_reg_0                                     |                                                                                                                         |                6 |             33 |         5.50 |
|  adc_clk                                       | pid_top_inst/i_pid_logic/pid_sum_reg[33]_i_1_n_0                                                                                                   |                                                                                                                         |                9 |             34 |         3.78 |
|  ps/O[0]                                       | ps/axi_slave_gp0/wr_awid                                                                                                                           |                                                                                                                         |               10 |             35 |         3.50 |
|  ps/O[0]                                       | ps/axi_slave_gp0/rd_arid                                                                                                                           |                                                                                                                         |               11 |             35 |         3.18 |
|  adc_clk                                       |                                                                                                                                                    |                                                                                                                         |               14 |             42 |         3.00 |
|  adc_clk                                       | pid_top_inst/i_pid_logic/mult_in_a                                                                                                                 | system_controller_inst/mode_o_reg[1]_0                                                                                  |               17 |             46 |         2.71 |
|  adc_clk                                       | pid_top_inst/i_pid_logic/E[0]                                                                                                                      | timestamp_top_inst/i_timestamp_logic/adc_rstn_reg                                                                       |               11 |             47 |         4.27 |
|  adc_clk                                       | sys_bus_interconnect/for_bus[2].inst_sys_bus_cdc/bus_m\\.addr0                                                                                     |                                                                                                                         |               18 |             52 |         2.89 |
|  adc_clk                                       | sys_bus_interconnect/for_bus[3].inst_sys_bus_cdc/bus_m\\.addr0                                                                                     |                                                                                                                         |               17 |             52 |         3.06 |
|  adc_clk                                       | sys_bus_interconnect/for_bus[4].inst_sys_bus_cdc/bus_m\\.addr0                                                                                     |                                                                                                                         |               15 |             52 |         3.47 |
|  ps/O[0]                                       |                                                                                                                                                    | ps/bbstub_FCLK_RESET0_N[0]                                                                                              |               19 |             52 |         2.74 |
|  adc_clk                                       | i_hk/dna_value0                                                                                                                                    | timestamp_top_inst/i_timestamp_logic/adc_rstn_reg                                                                       |               11 |             57 |         5.18 |
|  adc_clk                                       | timestamp_top_inst/i_timestamp_filter/val_cur                                                                                                      | system_controller_inst/adc_rstn_reg_0                                                                                   |               64 |             64 |         1.00 |
|  adc_clk                                       | pid_top_inst/i_pid_logic/prev_error                                                                                                                | system_controller_inst/mode_o_reg[1]_0                                                                                  |               16 |             64 |         4.00 |
|  ps/system_i/processing_system7/inst/FCLK_CLK3 |                                                                                                                                                    | ps/system_i/xadc/inst/AXI_LITE_IPIF_I/I_SLAVE_ATTACHMENT/reset2ip_reset                                                 |               37 |            115 |         3.11 |
|  ps/system_i/processing_system7/inst/FCLK_CLK3 |                                                                                                                                                    |                                                                                                                         |               46 |            119 |         2.59 |
|  adc_clk                                       |                                                                                                                                                    | timestamp_top_inst/i_timestamp_logic/adc_rstn_reg                                                                       |               55 |            162 |         2.95 |
|  adc_clk                                       | system_controller_inst/adc_rstn_reg[0]                                                                                                             |                                                                                                                         |               64 |            256 |         4.00 |
|  adc_clk                                       | timestamp_top_inst/i_timestamp_logic/done_i_1_n_0                                                                                                  | system_controller_inst/mode_o_reg[2]_1[0]                                                                               |               77 |            261 |         3.39 |
|  adc_clk                                       | timestamp_top_inst/i_timestamp_filter/E[0]                                                                                                         | timestamp_top_inst/i_timestamp_logic/adc_rstn_reg                                                                       |               69 |            263 |         3.81 |
+------------------------------------------------+----------------------------------------------------------------------------------------------------------------------------------------------------+-------------------------------------------------------------------------------------------------------------------------+------------------+----------------+--------------+


